

*******************************************************************************
Sun Dec 29 14:51:07 2019


FIT:    data read from "LL_4000.xvg" u 1:2
	x range restricted to [0.00100000 : 5.00000]
        #datapoints = 16
        residuals are weighted equally (unit weight)

function used for fitting: vai(x,a0,a1,a2)
fitted parameters initialized with current variable values



 Iteration 0
 WSSR        : 15839.2           delta(WSSR)/WSSR   : 0
 delta(WSSR) : 0                 limit for stopping : 1e-05
 lambda	  : 21.0968

initial set of free parameter values

a0              = 1
a1              = 1
a2              = 1

After 7 iterations the fit converged.
final sum of squares of residuals : 1.71273e-06
rel. change during last iteration : -2.64349e-08

degrees of freedom    (FIT_NDF)                        : 13
rms of residuals      (FIT_STDFIT) = sqrt(WSSR/ndf)    : 0.000362972
variance of residuals (reduced chisquare) = WSSR/ndf   : 1.31749e-07

Final set of parameters            Asymptotic Standard Error
=======================            ==========================

a0              = 0.0507609        +/- 0.0005575    (1.098%)
a1              = 0.0177324        +/- 0.004472     (25.22%)
a2              = 1.13909e-05      +/- 2.257e-05    (198.1%)


correlation matrix of the fit parameters:

               a0     a1     a2     
a0              1.000 
a1              0.958  1.000 
a2              0.903  0.984  1.000 


*******************************************************************************
Sun Dec 29 14:51:07 2019


FIT:    data read from "LL_8000.xvg" u 1:2
	x range restricted to [0.00100000 : 5.00000]
        #datapoints = 16
        residuals are weighted equally (unit weight)

function used for fitting: vai(x,a0,a1,a2)
fitted parameters initialized with current variable values



 Iteration 0
 WSSR        : 15839.1           delta(WSSR)/WSSR   : 0
 delta(WSSR) : 0                 limit for stopping : 1e-05
 lambda	  : 21.0968

initial set of free parameter values

a0              = 1
a1              = 1
a2              = 1

After 7 iterations the fit converged.
final sum of squares of residuals : 1.96625e-06
rel. change during last iteration : -2.37289e-08

degrees of freedom    (FIT_NDF)                        : 13
rms of residuals      (FIT_STDFIT) = sqrt(WSSR/ndf)    : 0.000388909
variance of residuals (reduced chisquare) = WSSR/ndf   : 1.5125e-07

Final set of parameters            Asymptotic Standard Error
=======================            ==========================

a0              = 0.0506676        +/- 0.0005973    (1.179%)
a1              = 0.0165446        +/- 0.004814     (29.1%)
a2              = 5.18752e-06      +/- 2.418e-05    (466.1%)


correlation matrix of the fit parameters:

               a0     a1     a2     
a0              1.000 
a1              0.959  1.000 
a2              0.903  0.984  1.000 


*******************************************************************************
Sun Dec 29 14:51:07 2019


FIT:    data read from "LL_12000.xvg" u 1:2
	x range restricted to [0.00100000 : 5.00000]
        #datapoints = 16
        residuals are weighted equally (unit weight)

function used for fitting: vai(x,a0,a1,a2)
fitted parameters initialized with current variable values



 Iteration 0
 WSSR        : 15839.1           delta(WSSR)/WSSR   : 0
 delta(WSSR) : 0                 limit for stopping : 1e-05
 lambda	  : 21.0968

initial set of free parameter values

a0              = 1
a1              = 1
a2              = 1

After 7 iterations the fit converged.
final sum of squares of residuals : 1.96751e-06
rel. change during last iteration : -2.40915e-08

degrees of freedom    (FIT_NDF)                        : 13
rms of residuals      (FIT_STDFIT) = sqrt(WSSR/ndf)    : 0.000389033
variance of residuals (reduced chisquare) = WSSR/ndf   : 1.51347e-07

Final set of parameters            Asymptotic Standard Error
=======================            ==========================

a0              = 0.0506048        +/- 0.0005975    (1.181%)
a1              = 0.0159404        +/- 0.004828     (30.29%)
a2              = 2.98288e-06      +/- 2.419e-05    (810.9%)


correlation matrix of the fit parameters:

               a0     a1     a2     
a0              1.000 
a1              0.959  1.000 
a2              0.903  0.984  1.000 


*******************************************************************************
Sun Dec 29 14:51:07 2019


FIT:    data read from "LL_16000.xvg" u 1:2
	x range restricted to [0.00100000 : 5.00000]
        #datapoints = 16
        residuals are weighted equally (unit weight)

function used for fitting: vai(x,a0,a1,a2)
fitted parameters initialized with current variable values



 Iteration 0
 WSSR        : 15839.1           delta(WSSR)/WSSR   : 0
 delta(WSSR) : 0                 limit for stopping : 1e-05
 lambda	  : 21.0968

initial set of free parameter values

a0              = 1
a1              = 1
a2              = 1

After 7 iterations the fit converged.
final sum of squares of residuals : 1.90277e-06
rel. change during last iteration : -2.52481e-08

degrees of freedom    (FIT_NDF)                        : 13
rms of residuals      (FIT_STDFIT) = sqrt(WSSR/ndf)    : 0.000382579
variance of residuals (reduced chisquare) = WSSR/ndf   : 1.46367e-07

Final set of parameters            Asymptotic Standard Error
=======================            ==========================

a0              = 0.0505046        +/- 0.0005876    (1.163%)
a1              = 0.0155008        +/- 0.004763     (30.73%)
a2              = 1.34218e-06      +/- 2.379e-05    (1772%)


correlation matrix of the fit parameters:

               a0     a1     a2     
a0              1.000 
a1              0.959  1.000 
a2              0.903  0.984  1.000 
