Log file opened on Sun Jul 21 18:57:07 2019
Host: r5i1n14  pid: 2857  rank ID: 0  number of ranks:  16
                        :-) GROMACS - mdrun, 2016.1 (-:

                            GROMACS is written by:
     Emile Apol      Rossen Apostolov  Herman J.C. Berendsen    Par Bjelkmar   
 Aldert van Buuren   Rudi van Drunen     Anton Feenstra    Gerrit Groenhof  
 Christoph Junghans   Anca Hamuraru    Vincent Hindriksen Dimitrios Karkoulis
    Peter Kasson        Jiri Kraus      Carsten Kutzner      Per Larsson    
  Justin A. Lemkul   Magnus Lundborg   Pieter Meulenhoff    Erik Marklund   
   Teemu Murtola       Szilard Pall       Sander Pronk      Roland Schulz   
  Alexey Shvetsov     Michael Shirts     Alfons Sijbers     Peter Tieleman  
  Teemu Virolainen  Christian Wennberg    Maarten Wolf   
                           and the project leaders:
        Mark Abraham, Berk Hess, Erik Lindahl, and David van der Spoel

Copyright (c) 1991-2000, University of Groningen, The Netherlands.
Copyright (c) 2001-2015, The GROMACS development team at
Uppsala University, Stockholm University and
the Royal Institute of Technology, Sweden.
check out http://www.gromacs.org for more information.

GROMACS is free software; you can redistribute it and/or modify it
under the terms of the GNU Lesser General Public License
as published by the Free Software Foundation; either version 2.1
of the License, or (at your option) any later version.

GROMACS:      mdrun, version 2016.1
Executable:   /sw/sdev/Modules/gromacs/gromacs-2016.1/bin/mdrun
Data prefix:  /sw/sdev/Modules/gromacs/gromacs-2016.1
Working dir:  /work/pousaneh/DHS/0.266/V3
Command line:
  mdrun -s NVT.tpr -deffnm NVT -table Table_HS_modif.xvg

GROMACS version:    2016.1
Precision:          single
Memory model:       64 bit
MPI library:        MPI
OpenMP support:     enabled (GMX_OPENMP_MAX_THREADS = 32)
GPU support:        disabled
SIMD instructions:  AVX_256
FFT library:        Intel MKL
RDTSCP usage:       disabled
TNG support:        enabled
Hwloc support:      disabled
Tracing support:    disabled
Built on:           Thu Jan 12 07:55:47 CET 2017
Built by:           vegarde@service0 [CMAKE]
Build OS/arch:      Linux 3.0.101-84-default x86_64
Build CPU vendor:   Unknown
Build CPU brand:    Unknown
Build CPU family:   0   Model: 0   Stepping: 0
Build CPU features: Unknown
C compiler:         /sw/sdev/Modules/intelcomp/17.0/bin/icc Intel 17.0.0.20160721
C compiler flags:    -mavx   -mkl=sequential  -std=gnu99  -O3 -xHost -DNDEBUG -ip -funroll-all-loops -alias-const -ansi-alias  
C++ compiler:       /sw/sdev/Modules/intelcomp/17.0/bin/icpc Intel 17.0.0.20160721
C++ compiler flags:  -mavx    -std=c++0x   -O3 -xHost -DNDEBUG -ip -funroll-all-loops -alias-const -ansi-alias  


Running on 1 node with total 16 cores, 32 logical cores
Hardware detected on host r5i1n14 (the node of MPI rank 0):
  CPU info:
    Vendor: Intel
    Brand:  Intel(R) Xeon(R) CPU E5-2670 0 @ 2.60GHz
    Family: 6   Model: 45   Stepping: 6
    Features: aes apic avx clfsh cmov cx8 cx16 htt lahf mmx msr nonstop_tsc pcid pclmuldq pdcm pdpe1gb popcnt pse rdtscp sse2 sse3 sse4.1 sse4.2 ssse3 tdt x2apic
    SIMD instructions most likely to fit this hardware: AVX_256
    SIMD instructions selected at GROMACS compile time: AVX_256

  Hardware topology: Basic
    Sockets, cores, and logical processors:
      Socket  0: [   0  16] [   1  17] [   2  18] [   3  19] [   4  20] [   5  21] [   6  22] [   7  23]
      Socket  1: [   8  24] [   9  25] [  10  26] [  11  27] [  12  28] [  13  29] [  14  30] [  15  31]


The current CPU can measure timings more accurately than the code in
mdrun was configured to use. This might affect your simulation
speed as accurate timings are needed for load-balancing.
Please consider rebuilding mdrun with the GMX_USE_RDTSCP=ON CMake option.


++++ PLEASE READ AND CITE THE FOLLOWING REFERENCE ++++
M. J. Abraham, T. Murtola, R. Schulz, S. Páll, J. C. Smith, B. Hess, E.
Lindahl
GROMACS: High performance molecular simulations through multi-level
parallelism from laptops to supercomputers
SoftwareX 1 (2015) pp. 19-25
-------- -------- --- Thank You --- -------- --------


++++ PLEASE READ AND CITE THE FOLLOWING REFERENCE ++++
S. Páll, M. J. Abraham, C. Kutzner, B. Hess, E. Lindahl
Tackling Exascale Software Challenges in Molecular Dynamics Simulations with
GROMACS
In S. Markidis & E. Laure (Eds.), Solving Software Challenges for Exascale 8759 (2015) pp. 3-27
-------- -------- --- Thank You --- -------- --------


++++ PLEASE READ AND CITE THE FOLLOWING REFERENCE ++++
S. Pronk, S. Páll, R. Schulz, P. Larsson, P. Bjelkmar, R. Apostolov, M. R.
Shirts, J. C. Smith, P. M. Kasson, D. van der Spoel, B. Hess, and E. Lindahl
GROMACS 4.5: a high-throughput and highly parallel open source molecular
simulation toolkit
Bioinformatics 29 (2013) pp. 845-54
-------- -------- --- Thank You --- -------- --------


++++ PLEASE READ AND CITE THE FOLLOWING REFERENCE ++++
B. Hess and C. Kutzner and D. van der Spoel and E. Lindahl
GROMACS 4: Algorithms for highly efficient, load-balanced, and scalable
molecular simulation
J. Chem. Theory Comput. 4 (2008) pp. 435-447
-------- -------- --- Thank You --- -------- --------


++++ PLEASE READ AND CITE THE FOLLOWING REFERENCE ++++
D. van der Spoel, E. Lindahl, B. Hess, G. Groenhof, A. E. Mark and H. J. C.
Berendsen
GROMACS: Fast, Flexible and Free
J. Comp. Chem. 26 (2005) pp. 1701-1719
-------- -------- --- Thank You --- -------- --------


++++ PLEASE READ AND CITE THE FOLLOWING REFERENCE ++++
E. Lindahl and B. Hess and D. van der Spoel
GROMACS 3.0: A package for molecular simulation and trajectory analysis
J. Mol. Mod. 7 (2001) pp. 306-317
-------- -------- --- Thank You --- -------- --------


++++ PLEASE READ AND CITE THE FOLLOWING REFERENCE ++++
H. J. C. Berendsen, D. van der Spoel and R. van Drunen
GROMACS: A message-passing parallel molecular dynamics implementation
Comp. Phys. Comm. 91 (1995) pp. 43-56
-------- -------- --- Thank You --- -------- --------

Input Parameters:
   integrator                     = md
   tinit                          = 0
   dt                             = 0.002
   nsteps                         = 300000000
   init-step                      = 0
   simulation-part                = 1
   comm-mode                      = Linear
   nstcomm                        = 100
   bd-fric                        = 0
   ld-seed                        = 695146974
   emtol                          = 10
   emstep                         = 0.01
   niter                          = 20
   fcstep                         = 0
   nstcgsteep                     = 1000
   nbfgscorr                      = 10
   rtpi                           = 0.05
   nstxout                        = 10000000
   nstvout                        = 10000000
   nstfout                        = 0
   nstlog                         = 10000000
   nstcalcenergy                  = 100
   nstenergy                      = 1000000
   nstxout-compressed             = 10000000
   compressed-x-precision         = 1000
   cutoff-scheme                  = Group
   nstlist                        = 10
   ns-type                        = Grid
   pbc                            = xyz
   periodic-molecules             = false
   verlet-buffer-tolerance        = 0.005
   rlist                          = 0.9
   coulombtype                    = PME
   coulomb-modifier               = None
   rcoulomb-switch                = 0
   rcoulomb                       = 0.9
   epsilon-r                      = 1
   epsilon-rf                     = inf
   vdw-type                       = User
   vdw-modifier                   = None
   rvdw-switch                    = 0
   rvdw                           = 0.3479
   DispCorr                       = No
   table-extension                = 1
   fourierspacing                 = 0.16
   fourier-nx                     = 28
   fourier-ny                     = 28
   fourier-nz                     = 28
   pme-order                      = 4
   ewald-rtol                     = 1e-05
   ewald-rtol-lj                  = 0.001
   lj-pme-comb-rule               = Geometric
   ewald-geometry                 = 0
   epsilon-surface                = 0
   implicit-solvent               = No
   gb-algorithm                   = Still
   nstgbradii                     = 1
   rgbradii                       = 1
   gb-epsilon-solvent             = 80
   gb-saltconc                    = 0
   gb-obc-alpha                   = 1
   gb-obc-beta                    = 0.8
   gb-obc-gamma                   = 4.85
   gb-dielectric-offset           = 0.009
   sa-algorithm                   = Ace-approximation
   sa-surface-tension             = 2.05016
   tcoupl                         = V-rescale
   nsttcouple                     = 10
   nh-chain-length                = 0
   print-nose-hoover-chain-variables = false
   pcoupl                         = No
   pcoupltype                     = Isotropic
   nstpcouple                     = -1
   tau-p                          = 1
   compressibility (3x3):
      compressibility[    0]={ 0.00000e+00,  0.00000e+00,  0.00000e+00}
      compressibility[    1]={ 0.00000e+00,  0.00000e+00,  0.00000e+00}
      compressibility[    2]={ 0.00000e+00,  0.00000e+00,  0.00000e+00}
   ref-p (3x3):
      ref-p[    0]={ 0.00000e+00,  0.00000e+00,  0.00000e+00}
      ref-p[    1]={ 0.00000e+00,  0.00000e+00,  0.00000e+00}
      ref-p[    2]={ 0.00000e+00,  0.00000e+00,  0.00000e+00}
   refcoord-scaling               = No
   posres-com (3):
      posres-com[0]= 0.00000e+00
      posres-com[1]= 0.00000e+00
      posres-com[2]= 0.00000e+00
   posres-comB (3):
      posres-comB[0]= 0.00000e+00
      posres-comB[1]= 0.00000e+00
      posres-comB[2]= 0.00000e+00
   QMMM                           = false
   QMconstraints                  = 0
   QMMMscheme                     = 0
   MMChargeScaleFactor            = 1
qm-opts:
   ngQM                           = 0
   constraint-algorithm           = Lincs
   continuation                   = true
   Shake-SOR                      = false
   shake-tol                      = 0.0001
   lincs-order                    = 4
   lincs-iter                     = 1
   lincs-warnangle                = 30
   nwall                          = 0
   wall-type                      = 9-3
   wall-r-linpot                  = -1
   wall-atomtype[0]               = -1
   wall-atomtype[1]               = -1
   wall-density[0]                = 0
   wall-density[1]                = 0
   wall-ewald-zfac                = 3
   pull                           = false
   rotation                       = false
   interactiveMD                  = false
   disre                          = No
   disre-weighting                = Conservative
   disre-mixed                    = false
   dr-fc                          = 1000
   dr-tau                         = 0
   nstdisreout                    = 100
   orire-fc                       = 0
   orire-tau                      = 0
   nstorireout                    = 100
   free-energy                    = no
   cos-acceleration               = 0
   deform (3x3):
      deform[    0]={ 0.00000e+00,  0.00000e+00,  0.00000e+00}
      deform[    1]={ 0.00000e+00,  0.00000e+00,  0.00000e+00}
      deform[    2]={ 0.00000e+00,  0.00000e+00,  0.00000e+00}
   simulated-tempering            = false
   E-x:
      n = 0
   E-xt:
      n = 0
   E-y:
      n = 0
   E-yt:
      n = 0
   E-z:
      n = 0
   E-zt:
      n = 0
   swapcoords                     = no
   userint1                       = 0
   userint2                       = 0
   userint3                       = 0
   userint4                       = 0
   userreal1                      = 0
   userreal2                      = 0
   userreal3                      = 0
   userreal4                      = 0
grpopts:
   nrdf:        4997
   ref-t:       179.8
   tau-t:         0.1
annealing:          No
annealing-npoints:           0
   acc:	           0           0           0
   nfreeze:           N           N           N
   energygrp-flags[  0]: 0


Initializing Domain Decomposition on 16 ranks
Dynamic load balancing: auto
Using 0 separate PME ranks, as there are too few total
 ranks for efficient splitting
Scaling the initial minimum size with 1/0.8 (option -dds) = 1.25
Optimizing the DD grid for 16 cells with a minimum initial size of 0.000 nm
Domain decomposition grid 4 x 4 x 1, separate PME ranks 0
PME domain decomposition: 4 x 4 x 1
Domain decomposition rank 0, coordinates 0 0 0

The initial number of communication pulses is: X 1 Y 1
The initial domain decomposition cell size is: X 1.10 nm Y 1.10 nm

When dynamic load balancing gets turned on, these settings will change to:
The maximum number of communication pulses is: X 2 Y 2
The minimum size for domain decomposition cells is 0.450 nm
The requested allowed shrink of DD cells (option -dds) is: 0.80
The allowed shrink of domain decomposition cells is: X 0.41 Y 0.41
Using 16 MPI processes


NOTE: This file uses the deprecated 'group' cutoff_scheme. This will be
removed in a future release when 'verlet' supports all interaction forms.

Table routines are used for coulomb: false
Table routines are used for vdw:     true
Will do PME sum in reciprocal space for electrostatic interactions.

++++ PLEASE READ AND CITE THE FOLLOWING REFERENCE ++++
U. Essmann, L. Perera, M. L. Berkowitz, T. Darden, H. Lee and L. G. Pedersen 
A smooth particle mesh Ewald method
J. Chem. Phys. 103 (1995) pp. 8577-8592
-------- -------- --- Thank You --- -------- --------

Will do ordinary reciprocal space Ewald sum.
Using a Gaussian width (1/beta) of 0.288146 nm for Ewald
Cut-off's:   NS: 0.9   Coulomb: 0.9   LJ: 0.3479
System total charge: 0.000
Read user tables from Table_HS_modif.xvg with 1501 data points.
Tabscale = 500 points/nm
Generated table with 950 data points for Ewald.
Tabscale = 500 points/nm
Potential shift: LJ r^-12: 0.000e+00 r^-6: 0.000e+00, Ewald -0.000e+00
Initialized non-bonded Ewald correction tables, spacing: 8.85e-04 size: 2148


Non-default thread affinity set probably by the OpenMP library,
disabling internal thread affinity

Initializing LINear Constraint Solver

++++ PLEASE READ AND CITE THE FOLLOWING REFERENCE ++++
B. Hess and H. Bekker and H. J. C. Berendsen and J. G. E. M. Fraaije
LINCS: A Linear Constraint Solver for molecular simulations
J. Comp. Chem. 18 (1997) pp. 1463-1472
-------- -------- --- Thank You --- -------- --------

The number of constraints is 1000

Linking all bonded interactions to atoms

Intra-simulation communication will occur every 10 steps.
Center of mass motion removal mode is Linear
We have the following groups for center of mass motion removal:
  0:  rest

++++ PLEASE READ AND CITE THE FOLLOWING REFERENCE ++++
G. Bussi, D. Donadio and M. Parrinello
Canonical sampling through velocity rescaling
J. Chem. Phys. 126 (2007) pp. 014101
-------- -------- --- Thank You --- -------- --------

There are: 2000 Atoms
There are: 3000 VSites
Atom distribution over 16 domains: av 312 stddev 23 min 285 max 340
Grid: 4 x 4 x 5 cells
Initial temperature: 179.723 K

Started mdrun on rank 0 Sun Jul 21 18:57:07 2019
           Step           Time
              0        0.00000


   Energies (kJ/mol)
        LJ (SR)   Coulomb (SR)   Coul. recip.      Potential    Kinetic En.
    7.91990e+01   -8.88446e+04   -3.80121e+04   -1.26777e+05    3.73147e+03
   Total Energy  Conserved En.    Temperature Pressure (bar)   Constr. rmsd
   -1.23046e+05   -1.23046e+05    1.79625e+02    8.11568e+02    1.84184e-06

DD  step 9 load imb.: force 12.7%


step 3000 Turning on dynamic load balancing, because the performance loss due to load imbalance is 2.0 %.


step 6600 Turning off dynamic load balancing, because it is degrading performance.

Atom distribution over 16 domains: av 312 stddev 25 min 275 max 350

step 775000 Turning on dynamic load balancing, because the performance loss due to load imbalance is 2.0 %.


step 775400 Turning off dynamic load balancing, because it is degrading performance.

Atom distribution over 16 domains: av 312 stddev 21 min 280 max 330

step 860000 Turning on dynamic load balancing, because the performance loss due to load imbalance is 2.0 %.


step 860400 Turning off dynamic load balancing, because it is degrading performance.

Atom distribution over 16 domains: av 312 stddev 28 min 275 max 355

step 897000 Turning on dynamic load balancing, because the performance loss due to load imbalance is 2.0 %.


step 901000 Turning off dynamic load balancing, because it is degrading performance.

Atom distribution over 16 domains: av 312 stddev 29 min 260 max 355

step 1859000 Turning on dynamic load balancing, because the performance loss due to load imbalance is 2.0 %.


step 1862400 Turning off dynamic load balancing, because it is degrading performance.

Atom distribution over 16 domains: av 312 stddev 26 min 280 max 350

step 2632000 Turning on dynamic load balancing, because the performance loss due to load imbalance is 2.0 %.

Writing checkpoint, step 3153350 at Sun Jul 21 19:12:07 2019



step 3153400 Turning off dynamic load balancing, because it is degrading performance.

Atom distribution over 16 domains: av 312 stddev 24 min 290 max 350
Writing checkpoint, step 6300150 at Sun Jul 21 19:27:07 2019


Writing checkpoint, step 9454280 at Sun Jul 21 19:42:07 2019


DD  step 9999999 load imb.: force 10.7%

           Step           Time
       10000000    20000.00000

   Energies (kJ/mol)
        LJ (SR)   Coulomb (SR)   Coul. recip.      Potential    Kinetic En.
    6.17319e+01   -8.88211e+04   -3.80054e+04   -1.26765e+05    3.63931e+03
   Total Energy  Conserved En.    Temperature Pressure (bar)   Constr. rmsd
   -1.23125e+05   -1.23086e+05    1.75189e+02    6.76901e+02    1.79678e-06

Writing checkpoint, step 12602380 at Sun Jul 21 19:57:07 2019


Writing checkpoint, step 15751290 at Sun Jul 21 20:12:07 2019


Writing checkpoint, step 18903010 at Sun Jul 21 20:27:07 2019


DD  step 19999999 load imb.: force  7.8%

           Step           Time
       20000000    40000.00000

   Energies (kJ/mol)
        LJ (SR)   Coulomb (SR)   Coul. recip.      Potential    Kinetic En.
    7.20831e+01   -8.88186e+04   -3.79874e+04   -1.26734e+05    3.80382e+03
   Total Energy  Conserved En.    Temperature Pressure (bar)   Constr. rmsd
   -1.22930e+05   -1.23112e+05    1.83107e+02    7.71310e+02    1.85433e-06

Writing checkpoint, step 22052010 at Sun Jul 21 20:42:07 2019


Writing checkpoint, step 25200760 at Sun Jul 21 20:57:07 2019


Writing checkpoint, step 28350440 at Sun Jul 21 21:12:07 2019


DD  step 29999999 load imb.: force  7.4%

           Step           Time
       30000000    60000.00000

   Energies (kJ/mol)
        LJ (SR)   Coulomb (SR)   Coul. recip.      Potential    Kinetic En.
    6.44070e+01   -8.88013e+04   -3.79941e+04   -1.26731e+05    3.74773e+03
   Total Energy  Conserved En.    Temperature Pressure (bar)   Constr. rmsd
   -1.22983e+05   -1.23136e+05    1.80408e+02    6.87007e+02    1.88506e-06

Writing checkpoint, step 31503230 at Sun Jul 21 21:27:07 2019


Writing checkpoint, step 34653250 at Sun Jul 21 21:42:07 2019


Writing checkpoint, step 37805580 at Sun Jul 21 21:57:07 2019


DD  step 39999999 load imb.: force 11.4%

           Step           Time
       40000000    80000.00000

   Energies (kJ/mol)
        LJ (SR)   Coulomb (SR)   Coul. recip.      Potential    Kinetic En.
    7.34985e+01   -8.88643e+04   -3.80147e+04   -1.26806e+05    3.68161e+03
   Total Energy  Conserved En.    Temperature Pressure (bar)   Constr. rmsd
   -1.23124e+05   -1.23171e+05    1.77225e+02    7.92128e+02    1.77423e-06

Writing checkpoint, step 40956660 at Sun Jul 21 22:12:07 2019


Writing checkpoint, step 44110950 at Sun Jul 21 22:27:07 2019


Writing checkpoint, step 47264040 at Sun Jul 21 22:42:07 2019


DD  step 49999999 load imb.: force 20.1%

           Step           Time
       50000000   100000.00000

   Energies (kJ/mol)
        LJ (SR)   Coulomb (SR)   Coul. recip.      Potential    Kinetic En.
    7.93569e+01   -8.88469e+04   -3.80084e+04   -1.26776e+05    3.79339e+03
   Total Energy  Conserved En.    Temperature Pressure (bar)   Constr. rmsd
   -1.22983e+05   -1.23207e+05    1.82605e+02    8.11075e+02    1.72770e-06

Writing checkpoint, step 50419340 at Sun Jul 21 22:57:07 2019


Writing checkpoint, step 53568310 at Sun Jul 21 23:12:07 2019


Writing checkpoint, step 56720910 at Sun Jul 21 23:27:07 2019


Writing checkpoint, step 59873320 at Sun Jul 21 23:42:07 2019


DD  step 59999999 load imb.: force  9.9%

           Step           Time
       60000000   120000.00000

   Energies (kJ/mol)
        LJ (SR)   Coulomb (SR)   Coul. recip.      Potential    Kinetic En.
    7.38508e+01   -8.88401e+04   -3.80053e+04   -1.26772e+05    3.73912e+03
   Total Energy  Conserved En.    Temperature Pressure (bar)   Constr. rmsd
   -1.23032e+05   -1.23236e+05    1.79993e+02    7.90367e+02    1.88429e-06

Writing checkpoint, step 63026050 at Sun Jul 21 23:57:07 2019


Writing checkpoint, step 66172920 at Mon Jul 22 00:12:07 2019


Writing checkpoint, step 69325340 at Mon Jul 22 00:27:07 2019


DD  step 69999999 load imb.: force  9.3%

           Step           Time
       70000000   140000.00000

   Energies (kJ/mol)
        LJ (SR)   Coulomb (SR)   Coul. recip.      Potential    Kinetic En.
    6.45720e+01   -8.88329e+04   -3.79989e+04   -1.26767e+05    3.68728e+03
   Total Energy  Conserved En.    Temperature Pressure (bar)   Constr. rmsd
   -1.23080e+05   -1.23249e+05    1.77498e+02    6.92589e+02    1.79839e-06

Writing checkpoint, step 72478490 at Mon Jul 22 00:42:07 2019


Writing checkpoint, step 75630800 at Mon Jul 22 00:57:07 2019


Writing checkpoint, step 78779580 at Mon Jul 22 01:12:07 2019


DD  step 79999999 load imb.: force 14.3%

           Step           Time
       80000000   160000.00000

   Energies (kJ/mol)
        LJ (SR)   Coulomb (SR)   Coul. recip.      Potential    Kinetic En.
    6.85347e+01   -8.88288e+04   -3.79971e+04   -1.26757e+05    3.77793e+03
   Total Energy  Conserved En.    Temperature Pressure (bar)   Constr. rmsd
   -1.22979e+05   -1.23271e+05    1.81861e+02    7.27083e+02    1.87076e-06

Writing checkpoint, step 81932130 at Mon Jul 22 01:27:07 2019


Writing checkpoint, step 85083900 at Mon Jul 22 01:42:07 2019


Writing checkpoint, step 88238990 at Mon Jul 22 01:57:07 2019


DD  step 89999999 load imb.: force 14.9%

           Step           Time
       90000000   180000.00000

   Energies (kJ/mol)
        LJ (SR)   Coulomb (SR)   Coul. recip.      Potential    Kinetic En.
    6.16005e+01   -8.88081e+04   -3.80090e+04   -1.26756e+05    3.73082e+03
   Total Energy  Conserved En.    Temperature Pressure (bar)   Constr. rmsd
   -1.23025e+05   -1.23303e+05    1.79593e+02    6.97184e+02    1.85651e-06

Writing checkpoint, step 91389630 at Mon Jul 22 02:12:07 2019


Writing checkpoint, step 94542350 at Mon Jul 22 02:27:07 2019


Writing checkpoint, step 97694850 at Mon Jul 22 02:42:07 2019


DD  step 99999999 load imb.: force 19.1%

           Step           Time
      100000000   200000.00000

   Energies (kJ/mol)
        LJ (SR)   Coulomb (SR)   Coul. recip.      Potential    Kinetic En.
    8.12858e+01   -8.88301e+04   -3.80000e+04   -1.26749e+05    3.68161e+03
   Total Energy  Conserved En.    Temperature Pressure (bar)   Constr. rmsd
   -1.23067e+05   -1.23333e+05    1.77225e+02    8.48731e+02    1.77258e-06

Writing checkpoint, step 100849920 at Mon Jul 22 02:57:07 2019


Writing checkpoint, step 104000160 at Mon Jul 22 03:12:07 2019


Writing checkpoint, step 107153080 at Mon Jul 22 03:27:07 2019


DD  step 109999999 load imb.: force 13.8%

           Step           Time
      110000000   220000.00000

   Energies (kJ/mol)
        LJ (SR)   Coulomb (SR)   Coul. recip.      Potential    Kinetic En.
    8.04760e+01   -8.88321e+04   -3.80130e+04   -1.26765e+05    3.62108e+03
   Total Energy  Conserved En.    Temperature Pressure (bar)   Constr. rmsd
   -1.23144e+05   -1.23349e+05    1.74311e+02    7.83569e+02    1.78674e-06

Writing checkpoint, step 110304720 at Mon Jul 22 03:42:07 2019


Writing checkpoint, step 113457360 at Mon Jul 22 03:57:07 2019


Writing checkpoint, step 116607810 at Mon Jul 22 04:12:07 2019


Writing checkpoint, step 119760720 at Mon Jul 22 04:27:07 2019


DD  step 119999999 load imb.: force  8.1%

           Step           Time
      120000000   240000.00000

   Energies (kJ/mol)
        LJ (SR)   Coulomb (SR)   Coul. recip.      Potential    Kinetic En.
    8.00378e+01   -8.88455e+04   -3.79863e+04   -1.26752e+05    3.74163e+03
   Total Energy  Conserved En.    Temperature Pressure (bar)   Constr. rmsd
   -1.23010e+05   -1.23381e+05    1.80114e+02    8.18103e+02    1.85437e-06


step 121137000 Turning on dynamic load balancing, because the performance loss due to load imbalance is 2.0 %.


step 121137200 Turning off dynamic load balancing, because it is degrading performance.

Atom distribution over 16 domains: av 312 stddev 24 min 275 max 350

step 121183000 Turning on dynamic load balancing, because the performance loss due to load imbalance is 2.0 %.


step 121186000 Turning off dynamic load balancing, because it is degrading performance.

Atom distribution over 16 domains: av 312 stddev 24 min 280 max 345

step 121806000 Turning on dynamic load balancing, because the performance loss due to load imbalance is 2.0 %.

Writing checkpoint, step 122930940 at Mon Jul 22 04:42:07 2019



step 122931000 Turning off dynamic load balancing, because it is degrading performance.

Atom distribution over 16 domains: av 312 stddev 27 min 265 max 350
Writing checkpoint, step 126083030 at Mon Jul 22 04:57:07 2019


Writing checkpoint, step 129232770 at Mon Jul 22 05:12:07 2019


DD  step 129999999 load imb.: force 19.6%

           Step           Time
      130000000   260000.00000

   Energies (kJ/mol)
        LJ (SR)   Coulomb (SR)   Coul. recip.      Potential    Kinetic En.
    8.59795e+01   -8.88529e+04   -3.80026e+04   -1.26769e+05    3.69812e+03
   Total Energy  Conserved En.    Temperature Pressure (bar)   Constr. rmsd
   -1.23071e+05   -1.23399e+05    1.78020e+02    8.70052e+02    1.75726e-06

Writing checkpoint, step 132385920 at Mon Jul 22 05:27:07 2019


Writing checkpoint, step 135538950 at Mon Jul 22 05:42:07 2019


Writing checkpoint, step 138691760 at Mon Jul 22 05:57:07 2019


DD  step 139999999 load imb.: force  6.8%

           Step           Time
      140000000   280000.00000

   Energies (kJ/mol)
        LJ (SR)   Coulomb (SR)   Coul. recip.      Potential    Kinetic En.
    9.42998e+01   -8.88179e+04   -3.79977e+04   -1.26721e+05    3.75880e+03
   Total Energy  Conserved En.    Temperature Pressure (bar)   Constr. rmsd
   -1.22962e+05   -1.23434e+05    1.80941e+02    9.31252e+02    1.82009e-06

Writing checkpoint, step 141842060 at Mon Jul 22 06:12:07 2019


Writing checkpoint, step 144995660 at Mon Jul 22 06:27:07 2019


Writing checkpoint, step 148149320 at Mon Jul 22 06:42:07 2019


DD  step 149999999 load imb.: force 11.0%

           Step           Time
      150000000   300000.00000

   Energies (kJ/mol)
        LJ (SR)   Coulomb (SR)   Coul. recip.      Potential    Kinetic En.
    6.92724e+01   -8.88617e+04   -3.80233e+04   -1.26816e+05    3.75610e+03
   Total Energy  Conserved En.    Temperature Pressure (bar)   Constr. rmsd
   -1.23060e+05   -1.23458e+05    1.80811e+02    7.65342e+02    1.87743e-06

Writing checkpoint, step 151301650 at Mon Jul 22 06:57:07 2019


Writing checkpoint, step 154450230 at Mon Jul 22 07:12:07 2019


Writing checkpoint, step 157602870 at Mon Jul 22 07:27:07 2019


DD  step 159999999 load imb.: force 10.0%

           Step           Time
      160000000   320000.00000

   Energies (kJ/mol)
        LJ (SR)   Coulomb (SR)   Coul. recip.      Potential    Kinetic En.
    7.61138e+01   -8.88291e+04   -3.80098e+04   -1.26763e+05    3.70837e+03
   Total Energy  Conserved En.    Temperature Pressure (bar)   Constr. rmsd
   -1.23054e+05   -1.23492e+05    1.78513e+02    7.89057e+02    1.76787e-06

Writing checkpoint, step 160757400 at Mon Jul 22 07:42:07 2019


Writing checkpoint, step 163909130 at Mon Jul 22 07:57:07 2019


Writing checkpoint, step 167056740 at Mon Jul 22 08:12:07 2019


DD  step 169999999 load imb.: force 10.1%

           Step           Time
      170000000   340000.00000

   Energies (kJ/mol)
        LJ (SR)   Coulomb (SR)   Coul. recip.      Potential    Kinetic En.
    6.97567e+01   -8.88413e+04   -3.80330e+04   -1.26804e+05    3.75779e+03
   Total Energy  Conserved En.    Temperature Pressure (bar)   Constr. rmsd
   -1.23047e+05   -1.23511e+05    1.80892e+02    7.36873e+02    1.82340e-06

Writing checkpoint, step 170207200 at Mon Jul 22 08:27:07 2019


Writing checkpoint, step 173360320 at Mon Jul 22 08:42:07 2019


Writing checkpoint, step 176513560 at Mon Jul 22 08:57:07 2019


Writing checkpoint, step 179662870 at Mon Jul 22 09:12:07 2019


DD  step 179999999 load imb.: force 13.1%

           Step           Time
      180000000   360000.00000

   Energies (kJ/mol)
        LJ (SR)   Coulomb (SR)   Coul. recip.      Potential    Kinetic En.
    6.28182e+01   -8.88330e+04   -3.79968e+04   -1.26767e+05    3.83042e+03
   Total Energy  Conserved En.    Temperature Pressure (bar)   Constr. rmsd
   -1.22937e+05   -1.23513e+05    1.84388e+02    6.94408e+02    1.81087e-06

Writing checkpoint, step 182812920 at Mon Jul 22 09:27:07 2019


Writing checkpoint, step 185963530 at Mon Jul 22 09:42:07 2019


Writing checkpoint, step 189111580 at Mon Jul 22 09:57:07 2019


DD  step 189999999 load imb.: force 10.9%

           Step           Time
      190000000   380000.00000

   Energies (kJ/mol)
        LJ (SR)   Coulomb (SR)   Coul. recip.      Potential    Kinetic En.
    7.42267e+01   -8.88288e+04   -3.79764e+04   -1.26731e+05    3.76786e+03
   Total Energy  Conserved En.    Temperature Pressure (bar)   Constr. rmsd
   -1.22963e+05   -1.23530e+05    1.81377e+02    7.83488e+02    1.78571e-06

Writing checkpoint, step 192257960 at Mon Jul 22 10:12:07 2019


Writing checkpoint, step 195408040 at Mon Jul 22 10:27:07 2019


Writing checkpoint, step 198558600 at Mon Jul 22 10:42:07 2019


DD  step 199999999 load imb.: force 11.5%

           Step           Time
      200000000   400000.00000

   Energies (kJ/mol)
        LJ (SR)   Coulomb (SR)   Coul. recip.      Potential    Kinetic En.
    8.55071e+01   -8.88743e+04   -3.79926e+04   -1.26781e+05    3.63600e+03
   Total Energy  Conserved En.    Temperature Pressure (bar)   Constr. rmsd
   -1.23145e+05   -1.23570e+05    1.75029e+02    8.37848e+02    1.76137e-06

Writing checkpoint, step 201708840 at Mon Jul 22 10:57:07 2019


Writing checkpoint, step 204858890 at Mon Jul 22 11:12:07 2019


Writing checkpoint, step 208008770 at Mon Jul 22 11:27:07 2019


DD  step 209999999 load imb.: force 15.9%

           Step           Time
      210000000   420000.00000

   Energies (kJ/mol)
        LJ (SR)   Coulomb (SR)   Coul. recip.      Potential    Kinetic En.
    8.35179e+01   -8.87999e+04   -3.79826e+04   -1.26699e+05    3.68942e+03
   Total Energy  Conserved En.    Temperature Pressure (bar)   Constr. rmsd
   -1.23010e+05   -1.23588e+05    1.77601e+02    8.41866e+02    1.74320e-06

Writing checkpoint, step 211157640 at Mon Jul 22 11:42:07 2019


Writing checkpoint, step 214309020 at Mon Jul 22 11:57:07 2019


Writing checkpoint, step 217458390 at Mon Jul 22 12:12:07 2019


DD  step 219999999 load imb.: force 15.3%

           Step           Time
      220000000   440000.00000

   Energies (kJ/mol)
        LJ (SR)   Coulomb (SR)   Coul. recip.      Potential    Kinetic En.
    5.14215e+01   -8.88133e+04   -3.79984e+04   -1.26760e+05    3.79004e+03
   Total Energy  Conserved En.    Temperature Pressure (bar)   Constr. rmsd
   -1.22970e+05   -1.23603e+05    1.82444e+02    5.97366e+02    1.83779e-06

Writing checkpoint, step 220609070 at Mon Jul 22 12:27:07 2019


Writing checkpoint, step 223759490 at Mon Jul 22 12:42:07 2019


Writing checkpoint, step 226910750 at Mon Jul 22 12:57:07 2019


DD  step 229999999 load imb.: force 14.9%

           Step           Time
      230000000   460000.00000

   Energies (kJ/mol)
        LJ (SR)   Coulomb (SR)   Coul. recip.      Potential    Kinetic En.
    8.09177e+01   -8.88402e+04   -3.80079e+04   -1.26767e+05    3.92254e+03
   Total Energy  Conserved En.    Temperature Pressure (bar)   Constr. rmsd
   -1.22845e+05   -1.23622e+05    1.88822e+02    8.48120e+02    1.72571e-06

Writing checkpoint, step 230060210 at Mon Jul 22 13:12:07 2019


Writing checkpoint, step 233212460 at Mon Jul 22 13:27:07 2019


Writing checkpoint, step 236364740 at Mon Jul 22 13:42:07 2019


Writing checkpoint, step 239515090 at Mon Jul 22 13:57:07 2019


DD  step 239999999 load imb.: force 14.4%

           Step           Time
      240000000   480000.00000

   Energies (kJ/mol)
        LJ (SR)   Coulomb (SR)   Coul. recip.      Potential    Kinetic En.
    6.44077e+01   -8.88039e+04   -3.79859e+04   -1.26725e+05    3.68788e+03
   Total Energy  Conserved En.    Temperature Pressure (bar)   Constr. rmsd
   -1.23037e+05   -1.23637e+05    1.77527e+02    7.35742e+02    1.88188e-06

Writing checkpoint, step 242663240 at Mon Jul 22 14:12:07 2019


Writing checkpoint, step 245815440 at Mon Jul 22 14:27:07 2019


Writing checkpoint, step 248965780 at Mon Jul 22 14:42:07 2019


DD  step 249999999 load imb.: force 16.8%

           Step           Time
      250000000   500000.00000

   Energies (kJ/mol)
        LJ (SR)   Coulomb (SR)   Coul. recip.      Potential    Kinetic En.
    6.89928e+01   -8.88250e+04   -3.79975e+04   -1.26753e+05    3.69290e+03
   Total Energy  Conserved En.    Temperature Pressure (bar)   Constr. rmsd
   -1.23061e+05   -1.23654e+05    1.77768e+02    7.55861e+02    1.88741e-06

Writing checkpoint, step 252117160 at Mon Jul 22 14:57:07 2019


Writing checkpoint, step 255264550 at Mon Jul 22 15:12:07 2019


Writing checkpoint, step 258416170 at Mon Jul 22 15:27:07 2019


DD  step 259999999 load imb.: force  5.5%

           Step           Time
      260000000   520000.00000

   Energies (kJ/mol)
        LJ (SR)   Coulomb (SR)   Coul. recip.      Potential    Kinetic En.
    6.94822e+01   -8.88394e+04   -3.80098e+04   -1.26780e+05    3.71897e+03
   Total Energy  Conserved En.    Temperature Pressure (bar)   Constr. rmsd
   -1.23061e+05   -1.23680e+05    1.79023e+02    7.42865e+02    1.78729e-06

Writing checkpoint, step 261567790 at Mon Jul 22 15:42:07 2019


Writing checkpoint, step 264717170 at Mon Jul 22 15:57:07 2019


Writing checkpoint, step 267866230 at Mon Jul 22 16:12:07 2019


DD  step 269999999 load imb.: force 10.4%

           Step           Time
      270000000   540000.00000

   Energies (kJ/mol)
        LJ (SR)   Coulomb (SR)   Coul. recip.      Potential    Kinetic En.
    6.59886e+01   -8.88473e+04   -3.80087e+04   -1.26790e+05    3.70992e+03
   Total Energy  Conserved En.    Temperature Pressure (bar)   Constr. rmsd
   -1.23080e+05   -1.23695e+05    1.78587e+02    7.26015e+02    1.81246e-06

Writing checkpoint, step 271014960 at Mon Jul 22 16:27:07 2019


Writing checkpoint, step 274162940 at Mon Jul 22 16:42:07 2019


Writing checkpoint, step 277311800 at Mon Jul 22 16:57:07 2019


DD  step 279999999 load imb.: force 16.5%

           Step           Time
      280000000   560000.00000

   Energies (kJ/mol)
        LJ (SR)   Coulomb (SR)   Coul. recip.      Potential    Kinetic En.
    6.70722e+01   -8.88430e+04   -3.80055e+04   -1.26781e+05    3.74808e+03
   Total Energy  Conserved En.    Temperature Pressure (bar)   Constr. rmsd
   -1.23033e+05   -1.23711e+05    1.80424e+02    7.06752e+02    1.71120e-06

Writing checkpoint, step 280460450 at Mon Jul 22 17:12:07 2019


Writing checkpoint, step 283609480 at Mon Jul 22 17:27:07 2019


Writing checkpoint, step 286760170 at Mon Jul 22 17:42:07 2019


Writing checkpoint, step 289910230 at Mon Jul 22 17:57:07 2019


DD  step 289999999 load imb.: force 14.7%

           Step           Time
      290000000   580000.00000

   Energies (kJ/mol)
        LJ (SR)   Coulomb (SR)   Coul. recip.      Potential    Kinetic En.
    8.96790e+01   -8.88574e+04   -3.80206e+04   -1.26788e+05    3.79226e+03
   Total Energy  Conserved En.    Temperature Pressure (bar)   Constr. rmsd
   -1.22996e+05   -1.23728e+05    1.82551e+02    8.83284e+02    1.78512e-06

Writing checkpoint, step 293059320 at Mon Jul 22 18:12:07 2019


Writing checkpoint, step 296208600 at Mon Jul 22 18:27:07 2019


Writing checkpoint, step 299358010 at Mon Jul 22 18:42:07 2019


DD  step 299999999 load imb.: force 11.4%

           Step           Time
      300000000   600000.00000

Writing checkpoint, step 300000000 at Mon Jul 22 18:45:11 2019




-----------------------------------------------------------
Restarting from checkpoint, appending to previous log file.

Log file opened on Wed Aug 21 01:52:37 2019
Host: r10i4n9  pid: 17674  rank ID: 0  number of ranks:  16
                        :-) GROMACS - mdrun, 2016.1 (-:

Executable:   /sw/sdev/Modules/gromacs/gromacs-2016.1/bin/mdrun
Data prefix:  /sw/sdev/Modules/gromacs/gromacs-2016.1
Working dir:  /work/pousaneh/DHS/0.266/V3
Command line:
  mdrun -s NVT.tpr -deffnm NVT -append -cpi NVT.cpt -table Table_HS_modif.xvg

GROMACS version:    2016.1
Precision:          single
Memory model:       64 bit
MPI library:        MPI
OpenMP support:     enabled (GMX_OPENMP_MAX_THREADS = 32)
GPU support:        disabled
SIMD instructions:  AVX_256
FFT library:        Intel MKL
RDTSCP usage:       disabled
TNG support:        enabled
Hwloc support:      disabled
Tracing support:    disabled
Built on:           Thu Jan 12 07:55:47 CET 2017
Built by:           vegarde@service0 [CMAKE]
Build OS/arch:      Linux 3.0.101-84-default x86_64
Build CPU vendor:   Unknown
Build CPU brand:    Unknown
Build CPU family:   0   Model: 0   Stepping: 0
Build CPU features: Unknown
C compiler:         /sw/sdev/Modules/intelcomp/17.0/bin/icc Intel 17.0.0.20160721
C compiler flags:    -mavx   -mkl=sequential  -std=gnu99  -O3 -xHost -DNDEBUG -ip -funroll-all-loops -alias-const -ansi-alias  
C++ compiler:       /sw/sdev/Modules/intelcomp/17.0/bin/icpc Intel 17.0.0.20160721
C++ compiler flags:  -mavx    -std=c++0x   -O3 -xHost -DNDEBUG -ip -funroll-all-loops -alias-const -ansi-alias  


Initializing Domain Decomposition on 16 ranks
Dynamic load balancing: auto
Domain decomposition grid 4 x 4 x 1, separate PME ranks 0
PME domain decomposition: 4 x 4 x 1
Domain decomposition rank 0, coordinates 0 0 0

The initial number of communication pulses is: X 1 Y 1
The initial domain decomposition cell size is: X 1.10 nm Y 1.10 nm

When dynamic load balancing gets turned on, these settings will change to:
The maximum number of communication pulses is: X 2 Y 2
The minimum size for domain decomposition cells is 0.450 nm
The requested allowed shrink of DD cells (option -dds) is: 0.80
The allowed shrink of domain decomposition cells is: X 0.41 Y 0.41
Using 16 MPI processes


NOTE: This file uses the deprecated 'group' cutoff_scheme. This will be
removed in a future release when 'verlet' supports all interaction forms.

Table routines are used for coulomb: false
Table routines are used for vdw:     true
Will do PME sum in reciprocal space for electrostatic interactions.

++++ PLEASE READ AND CITE THE FOLLOWING REFERENCE ++++
U. Essmann, L. Perera, M. L. Berkowitz, T. Darden, H. Lee and L. G. Pedersen 
A smooth particle mesh Ewald method
J. Chem. Phys. 103 (1995) pp. 8577-8592
-------- -------- --- Thank You --- -------- --------

Will do ordinary reciprocal space Ewald sum.
Using a Gaussian width (1/beta) of 0.288146 nm for Ewald
Cut-off's:   NS: 0.9   Coulomb: 0.9   LJ: 0.3479
System total charge: 0.000
Read user tables from Table_HS_modif.xvg with 1501 data points.
Tabscale = 500 points/nm
Generated table with 950 data points for Ewald.
Tabscale = 500 points/nm
Potential shift: LJ r^-12: 0.000e+00 r^-6: 0.000e+00, Ewald -0.000e+00
Initialized non-bonded Ewald correction tables, spacing: 8.85e-04 size: 2148


Non-default thread affinity set probably by the OpenMP library,
disabling internal thread affinity

Initializing LINear Constraint Solver

++++ PLEASE READ AND CITE THE FOLLOWING REFERENCE ++++
B. Hess and H. Bekker and H. J. C. Berendsen and J. G. E. M. Fraaije
LINCS: A Linear Constraint Solver for molecular simulations
J. Comp. Chem. 18 (1997) pp. 1463-1472
-------- -------- --- Thank You --- -------- --------

The number of constraints is 1000

Linking all bonded interactions to atoms

Intra-simulation communication will occur every 10 steps.
Center of mass motion removal mode is Linear
We have the following groups for center of mass motion removal:
  0:  rest
There are: 2000 Atoms
There are: 3000 VSites
Atom distribution over 16 domains: av 312 stddev 24 min 275 max 340
Grid: 4 x 4 x 5 cells
Initial temperature: 181.305 K

Started mdrun on rank 0 Wed Aug 21 01:52:38 2019
           Step           Time
      300000000   600000.00000


   Energies (kJ/mol)
        LJ (SR)   Coulomb (SR)   Coul. recip.      Potential    Kinetic En.
    7.11246e+01   -8.88495e+04   -3.80071e+04   -1.26785e+05    3.76710e+03
   Total Energy  Conserved En.    Temperature Pressure (bar)   Constr. rmsd
   -1.23018e+05   -1.23766e+05    1.81340e+02    7.57497e+02    1.86168e-06

DD  step 300000009 load imb.: force 10.2%


step 300020000 Turning on dynamic load balancing, because the performance loss due to load imbalance is 2.0 %.


step 300025000 Turning off dynamic load balancing, because it is degrading performance.

Atom distribution over 16 domains: av 312 stddev 23 min 285 max 340

step 301143000 Turning on dynamic load balancing, because the performance loss due to load imbalance is 2.0 %.


step 301147800 Turning off dynamic load balancing, because it is degrading performance.

Atom distribution over 16 domains: av 312 stddev 31 min 265 max 375

step 302206000 Turning on dynamic load balancing, because the performance loss due to load imbalance is 2.0 %.


step 302206200 Turning off dynamic load balancing, because it is degrading performance.

Atom distribution over 16 domains: av 312 stddev 27 min 275 max 360

step 302252000 Turning on dynamic load balancing, because the performance loss due to load imbalance is 2.0 %.


step 302257800 Turning off dynamic load balancing, because it is degrading performance.

Atom distribution over 16 domains: av 312 stddev 27 min 285 max 355
Writing checkpoint, step 303131620 at Wed Aug 21 02:07:38 2019


         23h48:03
                 (ns/day)    (hour/ns)
Performance:      605.018        0.040
Finished mdrun on rank 0 Mon Jul 22 18:45:11 2019

step 303519000 Turning on dynamic load balancing, because the performance loss due to load imbalance is 2.0 %.

Writing checkpoint, step 306293780 at Wed Aug 21 02:22:38 2019



step 306293800 Turning off dynamic load balancing, because it is degrading performance.

Atom distribution over 16 domains: av 312 stddev 25 min 290 max 365
Writing checkpoint, step 309425100 at Wed Aug 21 02:37:38 2019


DD  step 309999999 load imb.: force 17.7%

           Step           Time
      310000000   620000.00000

   Energies (kJ/mol)
        LJ (SR)   Coulomb (SR)   Coul. recip.      Potential    Kinetic En.
    6.54028e+01   -8.88294e+04   -3.80183e+04   -1.26782e+05    3.73165e+03
   Total Energy  Conserved En.    Temperature Pressure (bar)   Constr. rmsd
   -1.23051e+05   -1.23800e+05    1.79634e+02    7.05496e+02    1.80421e-06

Writing checkpoint, step 312553770 at Wed Aug 21 02:52:38 2019


Writing checkpoint, step 315684480 at Wed Aug 21 03:07:38 2019


Writing checkpoint, step 318808830 at Wed Aug 21 03:22:38 2019


DD  step 319999999 load imb.: force  8.3%

           Step           Time
      320000000   640000.00000

   Energies (kJ/mol)
        LJ (SR)   Coulomb (SR)   Coul. recip.      Potential    Kinetic En.
    6.47479e+01   -8.88225e+04   -3.79893e+04   -1.26747e+05    3.60467e+03
   Total Energy  Conserved En.    Temperature Pressure (bar)   Constr. rmsd
   -1.23142e+05   -1.23816e+05    1.73521e+02    7.05172e+02    1.72940e-06

Writing checkpoint, step 321940570 at Wed Aug 21 03:37:38 2019


Writing checkpoint, step 325071140 at Wed Aug 21 03:52:38 2019


Writing checkpoint, step 328201800 at Wed Aug 21 04:07:38 2019


DD  step 329999999 load imb.: force 14.5%

           Step           Time
      330000000   660000.00000

   Energies (kJ/mol)
        LJ (SR)   Coulomb (SR)   Coul. recip.      Potential    Kinetic En.
    7.83621e+01   -8.88051e+04   -3.80069e+04   -1.26734e+05    3.63471e+03
   Total Energy  Conserved En.    Temperature Pressure (bar)   Constr. rmsd
   -1.23099e+05   -1.23850e+05    1.74967e+02    8.18573e+02    1.81482e-06

Writing checkpoint, step 331326030 at Wed Aug 21 04:22:38 2019


Writing checkpoint, step 334456330 at Wed Aug 21 04:37:38 2019


Writing checkpoint, step 337586590 at Wed Aug 21 04:52:38 2019


DD  step 339999999 load imb.: force 17.9%

           Step           Time
      340000000   680000.00000

   Energies (kJ/mol)
        LJ (SR)   Coulomb (SR)   Coul. recip.      Potential    Kinetic En.
    7.16175e+01   -8.88309e+04   -3.80014e+04   -1.26761e+05    3.90640e+03
   Total Energy  Conserved En.    Temperature Pressure (bar)   Constr. rmsd
   -1.22854e+05   -1.23876e+05    1.88045e+02    7.85242e+02    1.79343e-06

Writing checkpoint, step 340715880 at Wed Aug 21 05:07:38 2019


Writing checkpoint, step 343839350 at Wed Aug 21 05:22:38 2019


Writing checkpoint, step 346969620 at Wed Aug 21 05:37:38 2019


DD  step 349999999 load imb.: force 11.4%

           Step           Time
      350000000   700000.00000

   Energies (kJ/mol)
        LJ (SR)   Coulomb (SR)   Coul. recip.      Potential    Kinetic En.
    8.09544e+01   -8.88387e+04   -3.80086e+04   -1.26766e+05    3.79838e+03
   Total Energy  Conserved En.    Temperature Pressure (bar)   Constr. rmsd
   -1.22968e+05   -1.23907e+05    1.82846e+02    8.22016e+02    1.79480e-06

Writing checkpoint, step 350099010 at Wed Aug 21 05:52:38 2019


Writing checkpoint, step 353227940 at Wed Aug 21 06:07:38 2019


Writing checkpoint, step 356350990 at Wed Aug 21 06:22:38 2019


Writing checkpoint, step 359480840 at Wed Aug 21 06:37:38 2019


DD  step 359999999 load imb.: force 13.2%

           Step           Time
      360000000   720000.00000

   Energies (kJ/mol)
        LJ (SR)   Coulomb (SR)   Coul. recip.      Potential    Kinetic En.
    6.95072e+01   -8.88005e+04   -3.79994e+04   -1.26730e+05    3.76030e+03
   Total Energy  Conserved En.    Temperature Pressure (bar)   Constr. rmsd
   -1.22970e+05   -1.23919e+05    1.81013e+02    7.43568e+02    1.82936e-06

Writing checkpoint, step 362610780 at Wed Aug 21 06:52:38 2019


Writing checkpoint, step 365740030 at Wed Aug 21 07:07:38 2019


Writing checkpoint, step 368864030 at Wed Aug 21 07:22:38 2019


DD  step 369999999 load imb.: force 15.0%

           Step           Time
      370000000   740000.00000

   Energies (kJ/mol)
        LJ (SR)   Coulomb (SR)   Coul. recip.      Potential    Kinetic En.
    6.86134e+01   -8.88450e+04   -3.80207e+04   -1.26797e+05    3.75409e+03
   Total Energy  Conserved En.    Temperature Pressure (bar)   Constr. rmsd
   -1.23043e+05   -1.23940e+05    1.80714e+02    7.41688e+02    1.80208e-06

Writing checkpoint, step 371993810 at Wed Aug 21 07:37:38 2019


Writing checkpoint, step 375123570 at Wed Aug 21 07:52:38 2019


Writing checkpoint, step 378253810 at Wed Aug 21 08:07:38 2019


DD  step 379999999 load imb.: force 17.2%

           Step           Time
      380000000   760000.00000

   Energies (kJ/mol)
        LJ (SR)   Coulomb (SR)   Coul. recip.      Potential    Kinetic En.
    7.96852e+01   -8.88353e+04   -3.79871e+04   -1.26743e+05    3.66840e+03
   Total Energy  Conserved En.    Temperature Pressure (bar)   Constr. rmsd
   -1.23074e+05   -1.23964e+05    1.76589e+02    7.80571e+02    1.82463e-06

Writing checkpoint, step 381376990 at Wed Aug 21 08:22:38 2019


Writing checkpoint, step 384506710 at Wed Aug 21 08:37:38 2019


Writing checkpoint, step 387634320 at Wed Aug 21 08:52:38 2019


DD  step 389999999 load imb.: force 13.1%

           Step           Time
      390000000   780000.00000

   Energies (kJ/mol)
        LJ (SR)   Coulomb (SR)   Coul. recip.      Potential    Kinetic En.
    6.16731e+01   -8.88432e+04   -3.79869e+04   -1.26768e+05    3.79275e+03
   Total Energy  Conserved En.    Temperature Pressure (bar)   Constr. rmsd
   -1.22976e+05   -1.23987e+05    1.82575e+02    6.85780e+02    1.85261e-06

Writing checkpoint, step 390762780 at Wed Aug 21 09:07:38 2019


Writing checkpoint, step 393883560 at Wed Aug 21 09:22:38 2019


Writing checkpoint, step 397013160 at Wed Aug 21 09:37:38 2019


DD  step 399999999 load imb.: force 18.6%

           Step           Time
      400000000   800000.00000

   Energies (kJ/mol)
        LJ (SR)   Coulomb (SR)   Coul. recip.      Potential    Kinetic En.
    8.79063e+01   -8.88126e+04   -3.80114e+04   -1.26736e+05    3.71898e+03
   Total Energy  Conserved En.    Temperature Pressure (bar)   Constr. rmsd
   -1.23017e+05   -1.24019e+05    1.79024e+02    8.54123e+02    1.83476e-06

Writing checkpoint, step 400142160 at Wed Aug 21 09:52:38 2019


Writing checkpoint, step 403273750 at Wed Aug 21 10:07:38 2019


Writing checkpoint, step 406399170 at Wed Aug 21 10:22:38 2019


Writing checkpoint, step 409530730 at Wed Aug 21 10:37:38 2019


DD  step 409999999 load imb.: force 14.1%

           Step           Time
      410000000   820000.00000

   Energies (kJ/mol)
        LJ (SR)   Coulomb (SR)   Coul. recip.      Potential    Kinetic En.
    8.59741e+01   -8.88631e+04   -3.80152e+04   -1.26792e+05    3.73312e+03
   Total Energy  Conserved En.    Temperature Pressure (bar)   Constr. rmsd
   -1.23059e+05   -1.24045e+05    1.79704e+02    8.51824e+02    1.76348e-06

Writing checkpoint, step 412661540 at Wed Aug 21 10:52:38 2019


Writing checkpoint, step 415793260 at Wed Aug 21 11:07:38 2019


Writing checkpoint, step 418916980 at Wed Aug 21 11:22:38 2019


DD  step 419999999 load imb.: force  9.6%

           Step           Time
      420000000   840000.00000

   Energies (kJ/mol)
        LJ (SR)   Coulomb (SR)   Coul. recip.      Potential    Kinetic En.
    5.75240e+01   -8.88315e+04   -3.79967e+04   -1.26771e+05    3.86227e+03
   Total Energy  Conserved En.    Temperature Pressure (bar)   Constr. rmsd
   -1.22908e+05   -1.24069e+05    1.85921e+02    6.75111e+02    1.71516e-06

Writing checkpoint, step 422047050 at Wed Aug 21 11:37:38 2019


Writing checkpoint, step 425177970 at Wed Aug 21 11:52:38 2019


Writing checkpoint, step 428308810 at Wed Aug 21 12:07:38 2019


DD  step 429999999 load imb.: force 17.3%

           Step           Time
      430000000   860000.00000

   Energies (kJ/mol)
        LJ (SR)   Coulomb (SR)   Coul. recip.      Potential    Kinetic En.
    7.84442e+01   -8.88327e+04   -3.80074e+04   -1.26762e+05    3.75038e+03
   Total Energy  Conserved En.    Temperature Pressure (bar)   Constr. rmsd
   -1.23011e+05   -1.24094e+05    1.80535e+02    8.11406e+02    1.83509e-06

Writing checkpoint, step 431433680 at Wed Aug 21 12:22:38 2019


Writing checkpoint, step 434565700 at Wed Aug 21 12:37:38 2019


Writing checkpoint, step 437696810 at Wed Aug 21 12:52:38 2019


DD  step 439999999 load imb.: force 16.0%

           Step           Time
      440000000   880000.00000

   Energies (kJ/mol)
        LJ (SR)   Coulomb (SR)   Coul. recip.      Potential    Kinetic En.
    7.94175e+01   -8.88288e+04   -3.79974e+04   -1.26747e+05    3.62317e+03
   Total Energy  Conserved En.    Temperature Pressure (bar)   Constr. rmsd
   -1.23124e+05   -1.24113e+05    1.74411e+02    8.01811e+02    1.77629e-06

Writing checkpoint, step 440828590 at Wed Aug 21 13:07:38 2019


Writing checkpoint, step 443951800 at Wed Aug 21 13:22:38 2019


Writing checkpoint, step 447081040 at Wed Aug 21 13:37:38 2019


DD  step 449999999 load imb.: force 10.5%

           Step           Time
      450000000   900000.00000

   Energies (kJ/mol)
        LJ (SR)   Coulomb (SR)   Coul. recip.      Potential    Kinetic En.
    7.95277e+01   -8.88105e+04   -3.79996e+04   -1.26731e+05    3.69061e+03
   Total Energy  Conserved En.    Temperature Pressure (bar)   Constr. rmsd
   -1.23040e+05   -1.24146e+05    1.77658e+02    8.10338e+02    1.85180e-06

Writing checkpoint, step 450210720 at Wed Aug 21 13:52:38 2019


Writing checkpoint, step 453341950 at Wed Aug 21 14:07:38 2019


Writing checkpoint, step 456466430 at Wed Aug 21 14:22:38 2019


Writing checkpoint, step 459598590 at Wed Aug 21 14:37:38 2019


DD  step 459999999 load imb.: force 22.9%

           Step           Time
      460000000   920000.00000

   Energies (kJ/mol)
        LJ (SR)   Coulomb (SR)   Coul. recip.      Potential    Kinetic En.
    6.71048e+01   -8.88381e+04   -3.79953e+04   -1.26766e+05    3.73891e+03
   Total Energy  Conserved En.    Temperature Pressure (bar)   Constr. rmsd
   -1.23027e+05   -1.24161e+05    1.79983e+02    7.39504e+02    1.85103e-06

Writing checkpoint, step 462729130 at Wed Aug 21 14:52:38 2019


Writing checkpoint, step 465860020 at Wed Aug 21 15:07:38 2019


Writing checkpoint, step 468982570 at Wed Aug 21 15:22:38 2019


DD  step 469999999 load imb.: force 15.7%

           Step           Time
      470000000   940000.00000

   Energies (kJ/mol)
        LJ (SR)   Coulomb (SR)   Coul. recip.      Potential    Kinetic En.
    1.01832e+02   -8.87995e+04   -3.79866e+04   -1.26684e+05    3.59446e+03
   Total Energy  Conserved En.    Temperature Pressure (bar)   Constr. rmsd
   -1.23090e+05   -1.24191e+05    1.73030e+02    9.51016e+02    1.78441e-06

Writing checkpoint, step 472111210 at Wed Aug 21 15:37:38 2019


Writing checkpoint, step 475239840 at Wed Aug 21 15:52:38 2019


Writing checkpoint, step 478369580 at Wed Aug 21 16:07:38 2019


DD  step 479999999 load imb.: force 12.8%

           Step           Time
      480000000   960000.00000

   Energies (kJ/mol)
        LJ (SR)   Coulomb (SR)   Coul. recip.      Potential    Kinetic En.
    5.67799e+01   -8.87960e+04   -3.80069e+04   -1.26746e+05    3.83312e+03
   Total Energy  Conserved En.    Temperature Pressure (bar)   Constr. rmsd
   -1.22913e+05   -1.24219e+05    1.84518e+02    6.75676e+02    1.79276e-06

Writing checkpoint, step 481491840 at Wed Aug 21 16:22:38 2019


Writing checkpoint, step 484621230 at Wed Aug 21 16:37:38 2019


Writing checkpoint, step 487749120 at Wed Aug 21 16:52:38 2019


DD  step 489999999 load imb.: force  7.8%

           Step           Time
      490000000   980000.00000

   Energies (kJ/mol)
        LJ (SR)   Coulomb (SR)   Coul. recip.      Potential    Kinetic En.
    8.13082e+01   -8.88349e+04   -3.80084e+04   -1.26762e+05    3.66876e+03
   Total Energy  Conserved En.    Temperature Pressure (bar)   Constr. rmsd
   -1.23093e+05   -1.24244e+05    1.76606e+02    8.16516e+02    1.83738e-06

Writing checkpoint, step 490877630 at Wed Aug 21 17:07:38 2019


Writing checkpoint, step 493999310 at Wed Aug 21 17:22:38 2019


Writing checkpoint, step 497126760 at Wed Aug 21 17:37:38 2019


DD  step 499999999 load imb.: force 14.4%

           Step           Time
      500000000   1000000.00000

Writing checkpoint, step 500000000 at Wed Aug 21 17:51:25 2019




-----------------------------------------------------------
Restarting from checkpoint, appending to previous log file.

Log file opened on Mon Sep 16 12:23:54 2019
Host: r6i4n8  pid: 21180  rank ID: 0  number of ranks:  16
                        :-) GROMACS - mdrun, 2016.1 (-:

Executable:   /sw/sdev/Modules/gromacs/gromacs-2016.1/bin/mdrun
Data prefix:  /sw/sdev/Modules/gromacs/gromacs-2016.1
Working dir:  /work/pousaneh/DHS/0.266/V3
Command line:
  mdrun -s NVT.tpr -deffnm NVT -append -cpi NVT.cpt -table Table_HS_modif.xvg

GROMACS version:    2016.1
Precision:          single
Memory model:       64 bit
MPI library:        MPI
OpenMP support:     enabled (GMX_OPENMP_MAX_THREADS = 32)
GPU support:        disabled
SIMD instructions:  AVX_256
FFT library:        Intel MKL
RDTSCP usage:       disabled
TNG support:        enabled
Hwloc support:      disabled
Tracing support:    disabled
Built on:           Thu Jan 12 07:55:47 CET 2017
Built by:           vegarde@service0 [CMAKE]
Build OS/arch:      Linux 3.0.101-84-default x86_64
Build CPU vendor:   Unknown
Build CPU brand:    Unknown
Build CPU family:   0   Model: 0   Stepping: 0
Build CPU features: Unknown
C compiler:         /sw/sdev/Modules/intelcomp/17.0/bin/icc Intel 17.0.0.20160721
C compiler flags:    -mavx   -mkl=sequential  -std=gnu99  -O3 -xHost -DNDEBUG -ip -funroll-all-loops -alias-const -ansi-alias  
C++ compiler:       /sw/sdev/Modules/intelcomp/17.0/bin/icpc Intel 17.0.0.20160721
C++ compiler flags:  -mavx    -std=c++0x   -O3 -xHost -DNDEBUG -ip -funroll-all-loops -alias-const -ansi-alias  


Initializing Domain Decomposition on 16 ranks
Dynamic load balancing: auto
Domain decomposition grid 4 x 4 x 1, separate PME ranks 0
PME domain decomposition: 4 x 4 x 1
Domain decomposition rank 0, coordinates 0 0 0

The initial number of communication pulses is: X 1 Y 1
The initial domain decomposition cell size is: X 1.10 nm Y 1.10 nm

When dynamic load balancing gets turned on, these settings will change to:
The maximum number of communication pulses is: X 2 Y 2
The minimum size for domain decomposition cells is 0.450 nm
The requested allowed shrink of DD cells (option -dds) is: 0.80
The allowed shrink of domain decomposition cells is: X 0.41 Y 0.41
Using 16 MPI processes


NOTE: This file uses the deprecated 'group' cutoff_scheme. This will be
removed in a future release when 'verlet' supports all interaction forms.

Table routines are used for coulomb: false
Table routines are used for vdw:     true
Will do PME sum in reciprocal space for electrostatic interactions.

++++ PLEASE READ AND CITE THE FOLLOWING REFERENCE ++++
U. Essmann, L. Perera, M. L. Berkowitz, T. Darden, H. Lee and L. G. Pedersen 
A smooth particle mesh Ewald method
J. Chem. Phys. 103 (1995) pp. 8577-8592
-------- -------- --- Thank You --- -------- --------

Will do ordinary reciprocal space Ewald sum.
Using a Gaussian width (1/beta) of 0.288146 nm for Ewald
Cut-off's:   NS: 0.9   Coulomb: 0.9   LJ: 0.3479
System total charge: 0.000
Read user tables from Table_HS_modif.xvg with 1501 data points.
Tabscale = 500 points/nm
Generated table with 950 data points for Ewald.
Tabscale = 500 points/nm
Potential shift: LJ r^-12: 0.000e+00 r^-6: 0.000e+00, Ewald -0.000e+00
Initialized non-bonded Ewald correction tables, spacing: 8.85e-04 size: 2148


Non-default thread affinity set probably by the OpenMP library,
disabling internal thread affinity

Initializing LINear Constraint Solver

++++ PLEASE READ AND CITE THE FOLLOWING REFERENCE ++++
B. Hess and H. Bekker and H. J. C. Berendsen and J. G. E. M. Fraaije
LINCS: A Linear Constraint Solver for molecular simulations
J. Comp. Chem. 18 (1997) pp. 1463-1472
-------- -------- --- Thank You --- -------- --------

The number of constraints is 1000

Linking all bonded interactions to atoms

Intra-simulation communication will occur every 10 steps.
Center of mass motion removal mode is Linear
We have the following groups for center of mass motion removal:
  0:  rest
There are: 2000 Atoms
There are: 3000 VSites
Atom distribution over 16 domains: av 312 stddev 24 min 280 max 340
Grid: 4 x 4 x 5 cells
Initial temperature: 183.147 K

Started mdrun on rank 0 Mon Sep 16 12:23:55 2019
           Step           Time
      500000000   1000000.00000


   Energies (kJ/mol)
        LJ (SR)   Coulomb (SR)   Coul. recip.      Potential    Kinetic En.
    5.34632e+01   -8.88219e+04   -3.80085e+04   -1.26777e+05    3.80615e+03
   Total Energy  Conserved En.    Temperature Pressure (bar)   Constr. rmsd
   -1.22971e+05   -1.24286e+05    1.83220e+02    6.32426e+02    1.82672e-06

	<======  ###############  ==>
	<====  A V E R A G E S  ====>
	<==  ###############  ======>

	Statistics over 500000001 steps using 5000001 frames

   Energies (kJ/mol)
        LJ (SR)   Coulomb (SR)   Coul. recip.      Potential    Kinetic En.
    7.30834e+01   -8.88294e+04   -3.80017e+04   -1.26758e+05    3.73511e+03
   Total Energy  Conserved En.    Temperature Pressure (bar)   Constr. rmsd
   -1.23023e+05   -1.23670e+05    1.79800e+02    7.65719e+02    0.00000e+00

   Total Virial (kJ/mol)
   -7.19130e+02   -8.63583e-02   -6.78937e-02
   -8.63559e-02   -7.18971e+02    6.85336e-02
   -6.78901e-02    6.85324e-02   -7.18884e+02

   Pressure (bar)
    7.65778e+02    2.49494e-02    1.72629e-02
    2.49484e-02    7.65727e+02   -2.34970e-02
    1.72615e-02   -2.34966e-02    7.65651e+02


	M E G A - F L O P S   A C C O U N T I N G

 NB=Group-cutoff nonbonded kernels    NxN=N-by-N cluster Verlet kernels
 RF=Reaction-Field  VdW=Van der Waals  QSTab=quadratic-spline table
 W3=SPC/TIP3p  W4=TIP4p (single or pairs)
 V&F=Potential and force  V=Potential only  F=Force only

 Computing:                               M-Number         M-Flops  % Flops
-----------------------------------------------------------------------------
 NB VdW [V&F]                             1.378414           1.378     7.4
 NB Elec. [V&F]                           7.072048           7.072    37.7
 Calc Weights                             0.015000           0.540     2.9
 Spread Q Bspline                         0.320000           0.640     3.4
 Gather F Bspline                         0.320000           1.920    10.2
 3D-FFT                                   0.633186           5.065    27.0
 Solve PME                                0.003136           0.201     1.1
 NS-Pairs                                 0.059193           1.243     6.6
 CG-CoM                                   0.005000           0.015     0.1
 Virial                                   0.005720           0.103     0.5
 Stop-CM                                  0.005000           0.050     0.3
 Calc-Ekin                                0.010000           0.270     1.4
 Lincs                                    0.001000           0.060     0.3
 Constraint-V                             0.002000           0.016     0.1
 Constraint-Vir                           0.001000           0.024     0.1
 Virtual Site 2                           0.006000           0.138     0.7
-----------------------------------------------------------------------------
 Total                                                      18.736   100.0
-----------------------------------------------------------------------------


    D O M A I N   D E C O M P O S I T I O N   S T A T I S T I C S

 av. #atoms communicated per step for force:  2 x 10815.0


     R E A L   C Y C L E   A N D   T I M E   A C C O U N T I N G

On 16 MPI ranks

 Computing:          Num   Num      Call    Wall time         Giga-Cycles
                     Ranks Threads  Count      (s)         total sum    %
-----------------------------------------------------------------------------
 Vsite constr.         16    1          1       0.000          0.001   0.1
 Neighbor search       16    1          1       0.000          0.015   1.3
 Comm. coord.          16    1          1       0.000          0.003   0.3
 Force                 16    1          1       0.000          0.012   1.0
 Wait + Comm. F        16    1          1       0.000          0.001   0.0
 PME mesh              16    1          1       0.008          0.351  31.5
 Vsite spread          16    1          2       0.000          0.004   0.3
 Write traj.           16    1          1       0.001          0.045   4.0
 Update                16    1          1       0.000          0.005   0.4
 Constraints           16    1          1       0.000          0.007   0.6
 Comm. energies        16    1          1       0.015          0.643  57.8
 Rest                                           0.001          0.028   2.5
-----------------------------------------------------------------------------
 Total                                          0.027          1.113 100.0
-----------------------------------------------------------------------------
 Breakdown of PME mesh computation
-----------------------------------------------------------------------------
 PME redist. X/F       16    1          2       0.000          0.004   0.3
 PME spread/gather     16    1          2       0.000          0.010   0.9
 PME 3D-FFT            16    1          2       0.008          0.323  29.0
 PME 3D-FFT Comm.      16    1          4       0.000          0.009   0.8
 PME solve Elec        16    1          1       0.000          0.004   0.4
-----------------------------------------------------------------------------

NOTE: 58 % of the run time was spent communicating energies,
      you might want to use the -gcom option of mdrun


               Core t (s)   Wall t (s)        (%)
       Time:        0.425        0.027     1600.0
                 (ns/day)    (hour/ns)
Performance:        6.500        3.692
Finished mdrun on rank 0 Mon Sep 16 12:23:55 2019

