Log file opened on Mon Sep 16 12:23:57 2019
Host: r6i4n8  pid: 21244  rank ID: 0  number of ranks:  16
                        :-) GROMACS - mdrun, 2016.1 (-:

                            GROMACS is written by:
     Emile Apol      Rossen Apostolov  Herman J.C. Berendsen    Par Bjelkmar   
 Aldert van Buuren   Rudi van Drunen     Anton Feenstra    Gerrit Groenhof  
 Christoph Junghans   Anca Hamuraru    Vincent Hindriksen Dimitrios Karkoulis
    Peter Kasson        Jiri Kraus      Carsten Kutzner      Per Larsson    
  Justin A. Lemkul   Magnus Lundborg   Pieter Meulenhoff    Erik Marklund   
   Teemu Murtola       Szilard Pall       Sander Pronk      Roland Schulz   
  Alexey Shvetsov     Michael Shirts     Alfons Sijbers     Peter Tieleman  
  Teemu Virolainen  Christian Wennberg    Maarten Wolf   
                           and the project leaders:
        Mark Abraham, Berk Hess, Erik Lindahl, and David van der Spoel

Copyright (c) 1991-2000, University of Groningen, The Netherlands.
Copyright (c) 2001-2015, The GROMACS development team at
Uppsala University, Stockholm University and
the Royal Institute of Technology, Sweden.
check out http://www.gromacs.org for more information.

GROMACS is free software; you can redistribute it and/or modify it
under the terms of the GNU Lesser General Public License
as published by the Free Software Foundation; either version 2.1
of the License, or (at your option) any later version.

GROMACS:      mdrun, version 2016.1
Executable:   /sw/sdev/Modules/gromacs/gromacs-2016.1/bin/mdrun
Data prefix:  /sw/sdev/Modules/gromacs/gromacs-2016.1
Working dir:  /work/pousaneh/DHS/0.266/V3
Command line:
  mdrun -s NVT_vis.tpr -deffnm NVT_vis -table Table_HS_modif.xvg

GROMACS version:    2016.1
Precision:          single
Memory model:       64 bit
MPI library:        MPI
OpenMP support:     enabled (GMX_OPENMP_MAX_THREADS = 32)
GPU support:        disabled
SIMD instructions:  AVX_256
FFT library:        Intel MKL
RDTSCP usage:       disabled
TNG support:        enabled
Hwloc support:      disabled
Tracing support:    disabled
Built on:           Thu Jan 12 07:55:47 CET 2017
Built by:           vegarde@service0 [CMAKE]
Build OS/arch:      Linux 3.0.101-84-default x86_64
Build CPU vendor:   Unknown
Build CPU brand:    Unknown
Build CPU family:   0   Model: 0   Stepping: 0
Build CPU features: Unknown
C compiler:         /sw/sdev/Modules/intelcomp/17.0/bin/icc Intel 17.0.0.20160721
C compiler flags:    -mavx   -mkl=sequential  -std=gnu99  -O3 -xHost -DNDEBUG -ip -funroll-all-loops -alias-const -ansi-alias  
C++ compiler:       /sw/sdev/Modules/intelcomp/17.0/bin/icpc Intel 17.0.0.20160721
C++ compiler flags:  -mavx    -std=c++0x   -O3 -xHost -DNDEBUG -ip -funroll-all-loops -alias-const -ansi-alias  


Running on 1 node with total 16 cores, 32 logical cores
Hardware detected on host r6i4n8 (the node of MPI rank 0):
  CPU info:
    Vendor: Intel
    Brand:  Intel(R) Xeon(R) CPU E5-2670 0 @ 2.60GHz
    Family: 6   Model: 45   Stepping: 6
    Features: aes apic avx clfsh cmov cx8 cx16 htt lahf mmx msr nonstop_tsc pcid pclmuldq pdcm pdpe1gb popcnt pse rdtscp sse2 sse3 sse4.1 sse4.2 ssse3 tdt x2apic
    SIMD instructions most likely to fit this hardware: AVX_256
    SIMD instructions selected at GROMACS compile time: AVX_256

  Hardware topology: Basic
    Sockets, cores, and logical processors:
      Socket  0: [   0  16] [   1  17] [   2  18] [   3  19] [   4  20] [   5  21] [   6  22] [   7  23]
      Socket  1: [   8  24] [   9  25] [  10  26] [  11  27] [  12  28] [  13  29] [  14  30] [  15  31]


The current CPU can measure timings more accurately than the code in
mdrun was configured to use. This might affect your simulation
speed as accurate timings are needed for load-balancing.
Please consider rebuilding mdrun with the GMX_USE_RDTSCP=ON CMake option.


++++ PLEASE READ AND CITE THE FOLLOWING REFERENCE ++++
M. J. Abraham, T. Murtola, R. Schulz, S. Páll, J. C. Smith, B. Hess, E.
Lindahl
GROMACS: High performance molecular simulations through multi-level
parallelism from laptops to supercomputers
SoftwareX 1 (2015) pp. 19-25
-------- -------- --- Thank You --- -------- --------


++++ PLEASE READ AND CITE THE FOLLOWING REFERENCE ++++
S. Páll, M. J. Abraham, C. Kutzner, B. Hess, E. Lindahl
Tackling Exascale Software Challenges in Molecular Dynamics Simulations with
GROMACS
In S. Markidis & E. Laure (Eds.), Solving Software Challenges for Exascale 8759 (2015) pp. 3-27
-------- -------- --- Thank You --- -------- --------


++++ PLEASE READ AND CITE THE FOLLOWING REFERENCE ++++
S. Pronk, S. Páll, R. Schulz, P. Larsson, P. Bjelkmar, R. Apostolov, M. R.
Shirts, J. C. Smith, P. M. Kasson, D. van der Spoel, B. Hess, and E. Lindahl
GROMACS 4.5: a high-throughput and highly parallel open source molecular
simulation toolkit
Bioinformatics 29 (2013) pp. 845-54
-------- -------- --- Thank You --- -------- --------


++++ PLEASE READ AND CITE THE FOLLOWING REFERENCE ++++
B. Hess and C. Kutzner and D. van der Spoel and E. Lindahl
GROMACS 4: Algorithms for highly efficient, load-balanced, and scalable
molecular simulation
J. Chem. Theory Comput. 4 (2008) pp. 435-447
-------- -------- --- Thank You --- -------- --------


++++ PLEASE READ AND CITE THE FOLLOWING REFERENCE ++++
D. van der Spoel, E. Lindahl, B. Hess, G. Groenhof, A. E. Mark and H. J. C.
Berendsen
GROMACS: Fast, Flexible and Free
J. Comp. Chem. 26 (2005) pp. 1701-1719
-------- -------- --- Thank You --- -------- --------


++++ PLEASE READ AND CITE THE FOLLOWING REFERENCE ++++
E. Lindahl and B. Hess and D. van der Spoel
GROMACS 3.0: A package for molecular simulation and trajectory analysis
J. Mol. Mod. 7 (2001) pp. 306-317
-------- -------- --- Thank You --- -------- --------


++++ PLEASE READ AND CITE THE FOLLOWING REFERENCE ++++
H. J. C. Berendsen, D. van der Spoel and R. van Drunen
GROMACS: A message-passing parallel molecular dynamics implementation
Comp. Phys. Comm. 91 (1995) pp. 43-56
-------- -------- --- Thank You --- -------- --------

Input Parameters:
   integrator                     = md
   tinit                          = 0
   dt                             = 0.002
   nsteps                         = 80000000
   init-step                      = 0
   simulation-part                = 1
   comm-mode                      = Linear
   nstcomm                        = 100
   bd-fric                        = 0
   ld-seed                        = 1165722493
   emtol                          = 10
   emstep                         = 0.01
   niter                          = 20
   fcstep                         = 0
   nstcgsteep                     = 1000
   nbfgscorr                      = 10
   rtpi                           = 0.05
   nstxout                        = 70
   nstvout                        = 70
   nstfout                        = 0
   nstlog                         = 1000000
   nstcalcenergy                  = 100
   nstenergy                      = 100000
   nstxout-compressed             = 1000000
   compressed-x-precision         = 1000
   cutoff-scheme                  = Group
   nstlist                        = 5
   ns-type                        = Grid
   pbc                            = xyz
   periodic-molecules             = false
   verlet-buffer-tolerance        = 0.005
   rlist                          = 0.9
   coulombtype                    = PME
   coulomb-modifier               = None
   rcoulomb-switch                = 0
   rcoulomb                       = 0.9
   epsilon-r                      = 1
   epsilon-rf                     = inf
   vdw-type                       = User
   vdw-modifier                   = None
   rvdw-switch                    = 0
   rvdw                           = 0.3479
   DispCorr                       = No
   table-extension                = 1
   fourierspacing                 = 0.16
   fourier-nx                     = 28
   fourier-ny                     = 28
   fourier-nz                     = 28
   pme-order                      = 4
   ewald-rtol                     = 1e-05
   ewald-rtol-lj                  = 0.001
   lj-pme-comb-rule               = Geometric
   ewald-geometry                 = 0
   epsilon-surface                = 0
   implicit-solvent               = No
   gb-algorithm                   = Still
   nstgbradii                     = 1
   rgbradii                       = 1
   gb-epsilon-solvent             = 80
   gb-saltconc                    = 0
   gb-obc-alpha                   = 1
   gb-obc-beta                    = 0.8
   gb-obc-gamma                   = 4.85
   gb-dielectric-offset           = 0.009
   sa-algorithm                   = Ace-approximation
   sa-surface-tension             = 2.05016
   tcoupl                         = Berendsen
   nsttcouple                     = 5
   nh-chain-length                = 0
   print-nose-hoover-chain-variables = false
   pcoupl                         = No
   pcoupltype                     = Isotropic
   nstpcouple                     = -1
   tau-p                          = 1
   compressibility (3x3):
      compressibility[    0]={ 0.00000e+00,  0.00000e+00,  0.00000e+00}
      compressibility[    1]={ 0.00000e+00,  0.00000e+00,  0.00000e+00}
      compressibility[    2]={ 0.00000e+00,  0.00000e+00,  0.00000e+00}
   ref-p (3x3):
      ref-p[    0]={ 0.00000e+00,  0.00000e+00,  0.00000e+00}
      ref-p[    1]={ 0.00000e+00,  0.00000e+00,  0.00000e+00}
      ref-p[    2]={ 0.00000e+00,  0.00000e+00,  0.00000e+00}
   refcoord-scaling               = No
   posres-com (3):
      posres-com[0]= 0.00000e+00
      posres-com[1]= 0.00000e+00
      posres-com[2]= 0.00000e+00
   posres-comB (3):
      posres-comB[0]= 0.00000e+00
      posres-comB[1]= 0.00000e+00
      posres-comB[2]= 0.00000e+00
   QMMM                           = false
   QMconstraints                  = 0
   QMMMscheme                     = 0
   MMChargeScaleFactor            = 1
qm-opts:
   ngQM                           = 0
   constraint-algorithm           = Lincs
   continuation                   = true
   Shake-SOR                      = false
   shake-tol                      = 0.0001
   lincs-order                    = 4
   lincs-iter                     = 1
   lincs-warnangle                = 30
   nwall                          = 0
   wall-type                      = 9-3
   wall-r-linpot                  = -1
   wall-atomtype[0]               = -1
   wall-atomtype[1]               = -1
   wall-density[0]                = 0
   wall-density[1]                = 0
   wall-ewald-zfac                = 3
   pull                           = false
   rotation                       = false
   interactiveMD                  = false
   disre                          = No
   disre-weighting                = Conservative
   disre-mixed                    = false
   dr-fc                          = 1000
   dr-tau                         = 0
   nstdisreout                    = 100
   orire-fc                       = 0
   orire-tau                      = 0
   nstorireout                    = 100
   free-energy                    = no
   cos-acceleration               = 0
   deform (3x3):
      deform[    0]={ 0.00000e+00,  0.00000e+00,  0.00000e+00}
      deform[    1]={ 0.00000e+00,  0.00000e+00,  0.00000e+00}
      deform[    2]={ 0.00000e+00,  0.00000e+00,  0.00000e+00}
   simulated-tempering            = false
   E-x:
      n = 0
   E-xt:
      n = 0
   E-y:
      n = 0
   E-yt:
      n = 0
   E-z:
      n = 0
   E-zt:
      n = 0
   swapcoords                     = no
   userint1                       = 0
   userint2                       = 0
   userint3                       = 0
   userint4                       = 0
   userreal1                      = 0
   userreal2                      = 0
   userreal3                      = 0
   userreal4                      = 0
grpopts:
   nrdf:        4997
   ref-t:       179.8
   tau-t:          20
annealing:          No
annealing-npoints:           0
   acc:	           0           0           0
   nfreeze:           N           N           N
   energygrp-flags[  0]: 0


Initializing Domain Decomposition on 16 ranks
Dynamic load balancing: auto
Using 0 separate PME ranks, as there are too few total
 ranks for efficient splitting
Scaling the initial minimum size with 1/0.8 (option -dds) = 1.25
Optimizing the DD grid for 16 cells with a minimum initial size of 0.000 nm
Domain decomposition grid 4 x 4 x 1, separate PME ranks 0
PME domain decomposition: 4 x 4 x 1
Domain decomposition rank 0, coordinates 0 0 0

The initial number of communication pulses is: X 1 Y 1
The initial domain decomposition cell size is: X 1.10 nm Y 1.10 nm

When dynamic load balancing gets turned on, these settings will change to:
The maximum number of communication pulses is: X 2 Y 2
The minimum size for domain decomposition cells is 0.450 nm
The requested allowed shrink of DD cells (option -dds) is: 0.80
The allowed shrink of domain decomposition cells is: X 0.41 Y 0.41
Using 16 MPI processes


NOTE: This file uses the deprecated 'group' cutoff_scheme. This will be
removed in a future release when 'verlet' supports all interaction forms.

Table routines are used for coulomb: false
Table routines are used for vdw:     true
Will do PME sum in reciprocal space for electrostatic interactions.

++++ PLEASE READ AND CITE THE FOLLOWING REFERENCE ++++
U. Essmann, L. Perera, M. L. Berkowitz, T. Darden, H. Lee and L. G. Pedersen 
A smooth particle mesh Ewald method
J. Chem. Phys. 103 (1995) pp. 8577-8592
-------- -------- --- Thank You --- -------- --------

Will do ordinary reciprocal space Ewald sum.
Using a Gaussian width (1/beta) of 0.288146 nm for Ewald
Cut-off's:   NS: 0.9   Coulomb: 0.9   LJ: 0.3479
System total charge: 0.000
Read user tables from Table_HS_modif.xvg with 1501 data points.
Tabscale = 500 points/nm
Generated table with 950 data points for Ewald.
Tabscale = 500 points/nm
Potential shift: LJ r^-12: 0.000e+00 r^-6: 0.000e+00, Ewald -0.000e+00
Initialized non-bonded Ewald correction tables, spacing: 8.85e-04 size: 2148


Non-default thread affinity set probably by the OpenMP library,
disabling internal thread affinity

Initializing LINear Constraint Solver

++++ PLEASE READ AND CITE THE FOLLOWING REFERENCE ++++
B. Hess and H. Bekker and H. J. C. Berendsen and J. G. E. M. Fraaije
LINCS: A Linear Constraint Solver for molecular simulations
J. Comp. Chem. 18 (1997) pp. 1463-1472
-------- -------- --- Thank You --- -------- --------

The number of constraints is 1000

Linking all bonded interactions to atoms

Intra-simulation communication will occur every 5 steps.
Center of mass motion removal mode is Linear
We have the following groups for center of mass motion removal:
  0:  rest

++++ PLEASE READ AND CITE THE FOLLOWING REFERENCE ++++
H. J. C. Berendsen, J. P. M. Postma, A. DiNola and J. R. Haak
Molecular dynamics with coupling to an external bath
J. Chem. Phys. 81 (1984) pp. 3684-3690
-------- -------- --- Thank You --- -------- --------

There are: 2000 Atoms
There are: 3000 VSites
Atom distribution over 16 domains: av 312 stddev 24 min 280 max 340
Grid: 4 x 4 x 5 cells
Initial temperature: 183.147 K

Started mdrun on rank 0 Mon Sep 16 12:23:57 2019
           Step           Time
              0        0.00000


   Energies (kJ/mol)
        LJ (SR)   Coulomb (SR)   Coul. recip.      Potential    Kinetic En.
    5.34632e+01   -8.88219e+04   -3.80085e+04   -1.26777e+05    3.80615e+03
   Total Energy    Temperature Pressure (bar)   Constr. rmsd
   -1.22971e+05    1.83220e+02    6.32426e+02    1.82672e-06

DD  step 4 load imb.: force 14.4%


step 40000 Turning on dynamic load balancing, because the performance loss due to load imbalance is 2.0 %.


step 40200 Turning off dynamic load balancing, because it is degrading performance.

Atom distribution over 16 domains: av 312 stddev 25 min 280 max 340

step 614000 Turning on dynamic load balancing, because the performance loss due to load imbalance is 2.0 %.


step 733900 Turning off dynamic load balancing, because it is degrading performance.

Atom distribution over 16 domains: av 312 stddev 24 min 290 max 350
DD  step 999999 load imb.: force 11.0%

           Step           Time
        1000000     2000.00000

   Energies (kJ/mol)
        LJ (SR)   Coulomb (SR)   Coul. recip.      Potential    Kinetic En.
    7.47073e+01   -8.88026e+04   -3.79790e+04   -1.26707e+05    3.68639e+03
   Total Energy    Temperature Pressure (bar)   Constr. rmsd
   -1.23020e+05    1.77455e+02    8.11285e+02    1.82148e-06

DD  step 1999999 load imb.: force 13.4%

           Step           Time
        2000000     4000.00000

   Energies (kJ/mol)
        LJ (SR)   Coulomb (SR)   Coul. recip.      Potential    Kinetic En.
    6.50072e+01   -8.88563e+04   -3.80064e+04   -1.26798e+05    3.77873e+03
   Total Energy    Temperature Pressure (bar)   Constr. rmsd
   -1.23019e+05    1.81900e+02    7.23286e+02    1.76394e-06

Writing checkpoint, step 2650005 at Mon Sep 16 12:38:57 2019


DD  step 2999999 load imb.: force  9.5%

           Step           Time
        3000000     6000.00000

   Energies (kJ/mol)
        LJ (SR)   Coulomb (SR)   Coul. recip.      Potential    Kinetic En.
    7.30768e+01   -8.88257e+04   -3.80028e+04   -1.26755e+05    3.73735e+03
   Total Energy    Temperature Pressure (bar)   Constr. rmsd
   -1.23018e+05    1.79908e+02    7.76768e+02    1.79648e-06

DD  step 3999999 load imb.: force 14.0%

           Step           Time
        4000000     8000.00000

   Energies (kJ/mol)
        LJ (SR)   Coulomb (SR)   Coul. recip.      Potential    Kinetic En.
    7.22855e+01   -8.88547e+04   -3.80235e+04   -1.26806e+05    3.78534e+03
   Total Energy    Temperature Pressure (bar)   Constr. rmsd
   -1.23021e+05    1.82218e+02    7.65241e+02    1.73544e-06

DD  step 4999999 load imb.: force 11.3%

           Step           Time
        5000000    10000.00000

   Energies (kJ/mol)
        LJ (SR)   Coulomb (SR)   Coul. recip.      Potential    Kinetic En.
    6.15079e+01   -8.88081e+04   -3.80107e+04   -1.26757e+05    3.73437e+03
   Total Energy    Temperature Pressure (bar)   Constr. rmsd
   -1.23023e+05    1.79765e+02    6.91920e+02    1.81136e-06

Writing checkpoint, step 5303375 at Mon Sep 16 12:53:57 2019


DD  step 5999999 load imb.: force 19.1%

           Step           Time
        6000000    12000.00000

   Energies (kJ/mol)
        LJ (SR)   Coulomb (SR)   Coul. recip.      Potential    Kinetic En.
    7.27206e+01   -8.88245e+04   -3.80148e+04   -1.26767e+05    3.75175e+03
   Total Energy    Temperature Pressure (bar)   Constr. rmsd
   -1.23015e+05    1.80601e+02    7.48972e+02    1.80481e-06

DD  step 6999999 load imb.: force 10.0%

           Step           Time
        7000000    14000.00000

   Energies (kJ/mol)
        LJ (SR)   Coulomb (SR)   Coul. recip.      Potential    Kinetic En.
    8.25062e+01   -8.88229e+04   -3.79838e+04   -1.26724e+05    3.70207e+03
   Total Energy    Temperature Pressure (bar)   Constr. rmsd
   -1.23022e+05    1.78210e+02    8.51641e+02    1.75082e-06

Writing checkpoint, step 7959230 at Mon Sep 16 13:08:57 2019


DD  step 7999999 load imb.: force 10.8%

           Step           Time
        8000000    16000.00000

   Energies (kJ/mol)
        LJ (SR)   Coulomb (SR)   Coul. recip.      Potential    Kinetic En.
    6.13083e+01   -8.88155e+04   -3.80133e+04   -1.26767e+05    3.74534e+03
   Total Energy    Temperature Pressure (bar)   Constr. rmsd
   -1.23022e+05    1.80293e+02    6.83704e+02    1.81970e-06

DD  step 8999999 load imb.: force 24.5%

           Step           Time
        9000000    18000.00000

   Energies (kJ/mol)
        LJ (SR)   Coulomb (SR)   Coul. recip.      Potential    Kinetic En.
    6.26424e+01   -8.88027e+04   -3.79873e+04   -1.26727e+05    3.70660e+03
   Total Energy    Temperature Pressure (bar)   Constr. rmsd
   -1.23021e+05    1.78428e+02    7.07316e+02    1.83785e-06

DD  step 9999999 load imb.: force 13.5%

           Step           Time
       10000000    20000.00000

   Energies (kJ/mol)
        LJ (SR)   Coulomb (SR)   Coul. recip.      Potential    Kinetic En.
    5.70474e+01   -8.88221e+04   -3.79939e+04   -1.26759e+05    3.73138e+03
   Total Energy    Temperature Pressure (bar)   Constr. rmsd
   -1.23028e+05    1.79620e+02    6.45013e+02    1.77851e-06

Writing checkpoint, step 10603400 at Mon Sep 16 13:23:57 2019


DD  step 10999999 load imb.: force 20.1%

           Step           Time
       11000000    22000.00000

   Energies (kJ/mol)
        LJ (SR)   Coulomb (SR)   Coul. recip.      Potential    Kinetic En.
    5.91560e+01   -8.88446e+04   -3.79916e+04   -1.26777e+05    3.75386e+03
   Total Energy    Temperature Pressure (bar)   Constr. rmsd
   -1.23023e+05    1.80703e+02    6.71360e+02    1.72475e-06

DD  step 11999999 load imb.: force 13.0%

           Step           Time
       12000000    24000.00000

   Energies (kJ/mol)
        LJ (SR)   Coulomb (SR)   Coul. recip.      Potential    Kinetic En.
    5.29138e+01   -8.88309e+04   -3.79858e+04   -1.26764e+05    3.74324e+03
   Total Energy    Temperature Pressure (bar)   Constr. rmsd
   -1.23020e+05    1.80191e+02    6.27220e+02    1.80350e-06

DD  step 12999999 load imb.: force 13.6%

           Step           Time
       13000000    26000.00000

   Energies (kJ/mol)
        LJ (SR)   Coulomb (SR)   Coul. recip.      Potential    Kinetic En.
    7.09908e+01   -8.88518e+04   -3.80149e+04   -1.26796e+05    3.76844e+03
   Total Energy    Temperature Pressure (bar)   Constr. rmsd
   -1.23027e+05    1.81405e+02    7.30104e+02    1.76114e-06

Writing checkpoint, step 13254470 at Mon Sep 16 13:38:57 2019


DD  step 13999999 load imb.: force 11.5%

           Step           Time
       14000000    28000.00000

   Energies (kJ/mol)
        LJ (SR)   Coulomb (SR)   Coul. recip.      Potential    Kinetic En.
    5.95021e+01   -8.88257e+04   -3.79873e+04   -1.26754e+05    3.73372e+03
   Total Energy    Temperature Pressure (bar)   Constr. rmsd
   -1.23020e+05    1.79733e+02    6.60432e+02    1.77503e-06

DD  step 14999999 load imb.: force 10.6%

           Step           Time
       15000000    30000.00000

   Energies (kJ/mol)
        LJ (SR)   Coulomb (SR)   Coul. recip.      Potential    Kinetic En.
    6.88714e+01   -8.88211e+04   -3.79979e+04   -1.26750e+05    3.73055e+03
   Total Energy    Temperature Pressure (bar)   Constr. rmsd
   -1.23020e+05    1.79581e+02    7.33236e+02    1.78566e-06

Writing checkpoint, step 15904320 at Mon Sep 16 13:53:57 2019


DD  step 15999999 load imb.: force 26.2%

           Step           Time
       16000000    32000.00000

   Energies (kJ/mol)
        LJ (SR)   Coulomb (SR)   Coul. recip.      Potential    Kinetic En.
    7.69251e+01   -8.88138e+04   -3.80070e+04   -1.26744e+05    3.72446e+03
   Total Energy    Temperature Pressure (bar)   Constr. rmsd
   -1.23019e+05    1.79287e+02    7.66773e+02    1.78735e-06

DD  step 16999999 load imb.: force 14.0%

           Step           Time
       17000000    34000.00000

   Energies (kJ/mol)
        LJ (SR)   Coulomb (SR)   Coul. recip.      Potential    Kinetic En.
    9.63408e+01   -8.88644e+04   -3.80104e+04   -1.26778e+05    3.75367e+03
   Total Energy    Temperature Pressure (bar)   Constr. rmsd
   -1.23025e+05    1.80694e+02    9.01361e+02    1.84410e-06

DD  step 17999999 load imb.: force  9.2%

           Step           Time
       18000000    36000.00000

   Energies (kJ/mol)
        LJ (SR)   Coulomb (SR)   Coul. recip.      Potential    Kinetic En.
    1.05099e+02   -8.88063e+04   -3.79914e+04   -1.26693e+05    3.66865e+03
   Total Energy    Temperature Pressure (bar)   Constr. rmsd
   -1.23024e+05    1.76601e+02    1.00247e+03    1.77031e-06

Writing checkpoint, step 18558240 at Mon Sep 16 14:08:57 2019


DD  step 18999999 load imb.: force 18.1%

           Step           Time
       19000000    38000.00000

   Energies (kJ/mol)
        LJ (SR)   Coulomb (SR)   Coul. recip.      Potential    Kinetic En.
    5.92540e+01   -8.88304e+04   -3.79961e+04   -1.26767e+05    3.74007e+03
   Total Energy    Temperature Pressure (bar)   Constr. rmsd
   -1.23027e+05    1.80039e+02    6.51210e+02    1.84225e-06

DD  step 19999999 load imb.: force 12.3%

           Step           Time
       20000000    40000.00000

   Energies (kJ/mol)
        LJ (SR)   Coulomb (SR)   Coul. recip.      Potential    Kinetic En.
    7.40564e+01   -8.88338e+04   -3.80024e+04   -1.26762e+05    3.73402e+03
   Total Energy    Temperature Pressure (bar)   Constr. rmsd
   -1.23028e+05    1.79748e+02    7.84558e+02    1.76338e-06

DD  step 20999999 load imb.: force  9.2%

           Step           Time
       21000000    42000.00000

   Energies (kJ/mol)
        LJ (SR)   Coulomb (SR)   Coul. recip.      Potential    Kinetic En.
    6.79641e+01   -8.88367e+04   -3.80119e+04   -1.26781e+05    3.75122e+03
   Total Energy    Temperature Pressure (bar)   Constr. rmsd
   -1.23029e+05    1.80576e+02    6.92073e+02    1.87729e-06

Writing checkpoint, step 21209150 at Mon Sep 16 14:23:57 2019


DD  step 21999999 load imb.: force 14.5%

           Step           Time
       22000000    44000.00000

   Energies (kJ/mol)
        LJ (SR)   Coulomb (SR)   Coul. recip.      Potential    Kinetic En.
    9.64303e+01   -8.88146e+04   -3.80035e+04   -1.26722e+05    3.69498e+03
   Total Energy    Temperature Pressure (bar)   Constr. rmsd
   -1.23027e+05    1.77868e+02    9.07651e+02    1.90178e-06

DD  step 22999999 load imb.: force 12.8%

           Step           Time
       23000000    46000.00000

   Energies (kJ/mol)
        LJ (SR)   Coulomb (SR)   Coul. recip.      Potential    Kinetic En.
    8.14848e+01   -8.88295e+04   -3.79949e+04   -1.26743e+05    3.72055e+03
   Total Energy    Temperature Pressure (bar)   Constr. rmsd
   -1.23022e+05    1.79099e+02    8.09071e+02    1.74830e-06

Writing checkpoint, step 23852225 at Mon Sep 16 14:38:57 2019


DD  step 23999999 load imb.: force 14.8%

           Step           Time
       24000000    48000.00000

   Energies (kJ/mol)
        LJ (SR)   Coulomb (SR)   Coul. recip.      Potential    Kinetic En.
    7.04022e+01   -8.88189e+04   -3.79972e+04   -1.26746e+05    3.72826e+03
   Total Energy    Temperature Pressure (bar)   Constr. rmsd
   -1.23017e+05    1.79470e+02    7.59632e+02    1.77139e-06

DD  step 24999999 load imb.: force 13.0%

           Step           Time
       25000000    50000.00000

   Energies (kJ/mol)
        LJ (SR)   Coulomb (SR)   Coul. recip.      Potential    Kinetic En.
    6.98083e+01   -8.88415e+04   -3.79958e+04   -1.26768e+05    3.74015e+03
   Total Energy    Temperature Pressure (bar)   Constr. rmsd
   -1.23027e+05    1.80042e+02    7.19400e+02    1.83712e-06

DD  step 25999999 load imb.: force 12.7%

           Step           Time
       26000000    52000.00000

   Energies (kJ/mol)
        LJ (SR)   Coulomb (SR)   Coul. recip.      Potential    Kinetic En.
    7.18509e+01   -8.88260e+04   -3.80127e+04   -1.26767e+05    3.74168e+03
   Total Energy    Temperature Pressure (bar)   Constr. rmsd
   -1.23025e+05    1.80116e+02    7.63027e+02    1.84281e-06

Writing checkpoint, step 26500100 at Mon Sep 16 14:53:57 2019


DD  step 26999999 load imb.: force 12.4%

           Step           Time
       27000000    54000.00000

   Energies (kJ/mol)
        LJ (SR)   Coulomb (SR)   Coul. recip.      Potential    Kinetic En.
    6.90475e+01   -8.88141e+04   -3.80160e+04   -1.26761e+05    3.73950e+03
   Total Energy    Temperature Pressure (bar)   Constr. rmsd
   -1.23022e+05    1.80011e+02    7.73033e+02    1.91533e-06

DD  step 27999999 load imb.: force 11.3%

           Step           Time
       28000000    56000.00000

   Energies (kJ/mol)
        LJ (SR)   Coulomb (SR)   Coul. recip.      Potential    Kinetic En.
    6.74739e+01   -8.88547e+04   -3.79790e+04   -1.26766e+05    3.74026e+03
   Total Energy    Temperature Pressure (bar)   Constr. rmsd
   -1.23026e+05    1.80048e+02    7.14027e+02    1.82943e-06

DD  step 28999999 load imb.: force 12.4%

           Step           Time
       29000000    58000.00000

   Energies (kJ/mol)
        LJ (SR)   Coulomb (SR)   Coul. recip.      Potential    Kinetic En.
    1.02359e+02   -8.88137e+04   -3.80081e+04   -1.26720e+05    3.69480e+03
   Total Energy    Temperature Pressure (bar)   Constr. rmsd
   -1.23025e+05    1.77860e+02    9.90591e+02    1.80870e-06

Writing checkpoint, step 29149425 at Mon Sep 16 15:08:57 2019


DD  step 29999999 load imb.: force 14.0%

           Step           Time
       30000000    60000.00000

   Energies (kJ/mol)
        LJ (SR)   Coulomb (SR)   Coul. recip.      Potential    Kinetic En.
    7.74863e+01   -8.88371e+04   -3.80044e+04   -1.26764e+05    3.73884e+03
   Total Energy    Temperature Pressure (bar)   Constr. rmsd
   -1.23025e+05    1.79980e+02    8.07730e+02    1.81519e-06

DD  step 30999999 load imb.: force 15.9%

           Step           Time
       31000000    62000.00000

   Energies (kJ/mol)
        LJ (SR)   Coulomb (SR)   Coul. recip.      Potential    Kinetic En.
    7.71200e+01   -8.88428e+04   -3.79926e+04   -1.26758e+05    3.72988e+03
   Total Energy    Temperature Pressure (bar)   Constr. rmsd
   -1.23028e+05    1.79548e+02    7.84615e+02    1.80883e-06

Writing checkpoint, step 31797985 at Mon Sep 16 15:23:57 2019


DD  step 31999999 load imb.: force 24.3%

           Step           Time
       32000000    64000.00000

   Energies (kJ/mol)
        LJ (SR)   Coulomb (SR)   Coul. recip.      Potential    Kinetic En.
    7.04205e+01   -8.88174e+04   -3.80136e+04   -1.26761e+05    3.73620e+03
   Total Energy    Temperature Pressure (bar)   Constr. rmsd
   -1.23024e+05    1.79853e+02    7.56683e+02    1.81676e-06

DD  step 32999999 load imb.: force 17.3%

           Step           Time
       33000000    66000.00000

   Energies (kJ/mol)
        LJ (SR)   Coulomb (SR)   Coul. recip.      Potential    Kinetic En.
    7.12848e+01   -8.88412e+04   -3.80112e+04   -1.26781e+05    3.75658e+03
   Total Energy    Temperature Pressure (bar)   Constr. rmsd
   -1.23024e+05    1.80834e+02    7.52681e+02    1.78721e-06

DD  step 33999999 load imb.: force 12.9%

           Step           Time
       34000000    68000.00000

   Energies (kJ/mol)
        LJ (SR)   Coulomb (SR)   Coul. recip.      Potential    Kinetic En.
    7.88615e+01   -8.88626e+04   -3.80166e+04   -1.26800e+05    3.77857e+03
   Total Energy    Temperature Pressure (bar)   Constr. rmsd
   -1.23022e+05    1.81892e+02    8.18728e+02    1.83023e-06

Writing checkpoint, step 34447490 at Mon Sep 16 15:38:57 2019


DD  step 34999999 load imb.: force 10.6%

           Step           Time
       35000000    70000.00000

   Energies (kJ/mol)
        LJ (SR)   Coulomb (SR)   Coul. recip.      Potential    Kinetic En.
    7.02894e+01   -8.88165e+04   -3.79904e+04   -1.26737e+05    3.72371e+03
   Total Energy    Temperature Pressure (bar)   Constr. rmsd
   -1.23013e+05    1.79251e+02    7.25284e+02    1.83880e-06

DD  step 35999999 load imb.: force 15.5%

           Step           Time
       36000000    72000.00000

   Energies (kJ/mol)
        LJ (SR)   Coulomb (SR)   Coul. recip.      Potential    Kinetic En.
    8.10448e+01   -8.88063e+04   -3.79812e+04   -1.26706e+05    3.68186e+03
   Total Energy    Temperature Pressure (bar)   Constr. rmsd
   -1.23025e+05    1.77237e+02    8.56441e+02    1.79996e-06

DD  step 36999999 load imb.: force 10.5%

           Step           Time
       37000000    74000.00000

   Energies (kJ/mol)
        LJ (SR)   Coulomb (SR)   Coul. recip.      Potential    Kinetic En.
    8.79517e+01   -8.88184e+04   -3.80034e+04   -1.26734e+05    3.71809e+03
   Total Energy    Temperature Pressure (bar)   Constr. rmsd
   -1.23016e+05    1.78981e+02    8.80409e+02    1.88598e-06

Writing checkpoint, step 37100025 at Mon Sep 16 15:53:57 2019


DD  step 37999999 load imb.: force 12.1%

           Step           Time
       38000000    76000.00000

   Energies (kJ/mol)
        LJ (SR)   Coulomb (SR)   Coul. recip.      Potential    Kinetic En.
    7.06950e+01   -8.88157e+04   -3.80168e+04   -1.26762e+05    3.74194e+03
   Total Energy    Temperature Pressure (bar)   Constr. rmsd
   -1.23020e+05    1.80129e+02    7.47424e+02    1.77131e-06

DD  step 38999999 load imb.: force 11.5%

           Step           Time
       39000000    78000.00000

   Energies (kJ/mol)
        LJ (SR)   Coulomb (SR)   Coul. recip.      Potential    Kinetic En.
    7.10159e+01   -8.87787e+04   -3.79819e+04   -1.26690e+05    3.66573e+03
   Total Energy    Temperature Pressure (bar)   Constr. rmsd
   -1.23024e+05    1.76460e+02    7.92463e+02    1.81192e-06

Writing checkpoint, step 39751935 at Mon Sep 16 16:08:57 2019


DD  step 39999999 load imb.: force 16.9%

           Step           Time
       40000000    80000.00000

   Energies (kJ/mol)
        LJ (SR)   Coulomb (SR)   Coul. recip.      Potential    Kinetic En.
    8.27784e+01   -8.88010e+04   -3.79997e+04   -1.26718e+05    3.69735e+03
   Total Energy    Temperature Pressure (bar)   Constr. rmsd
   -1.23021e+05    1.77982e+02    8.33699e+02    1.77073e-06

DD  step 40999999 load imb.: force 18.7%

           Step           Time
       41000000    82000.00000

   Energies (kJ/mol)
        LJ (SR)   Coulomb (SR)   Coul. recip.      Potential    Kinetic En.
    5.98555e+01   -8.88198e+04   -3.80047e+04   -1.26765e+05    3.74522e+03
   Total Energy    Temperature Pressure (bar)   Constr. rmsd
   -1.23019e+05    1.80287e+02    6.62995e+02    1.78585e-06

DD  step 41999999 load imb.: force 18.8%

           Step           Time
       42000000    84000.00000

   Energies (kJ/mol)
        LJ (SR)   Coulomb (SR)   Coul. recip.      Potential    Kinetic En.
    6.49229e+01   -8.88440e+04   -3.80065e+04   -1.26786e+05    3.77066e+03
   Total Energy    Temperature Pressure (bar)   Constr. rmsd
   -1.23015e+05    1.81511e+02    6.93240e+02    1.76054e-06

Writing checkpoint, step 42322465 at Mon Sep 16 16:23:57 2019


DD  step 42999999 load imb.: force 14.3%

           Step           Time
       43000000    86000.00000

   Energies (kJ/mol)
        LJ (SR)   Coulomb (SR)   Coul. recip.      Potential    Kinetic En.
    6.17054e+01   -8.88620e+04   -3.80270e+04   -1.26827e+05    3.80330e+03
   Total Energy    Temperature Pressure (bar)   Constr. rmsd
   -1.23024e+05    1.83083e+02    7.04435e+02    1.76318e-06

DD  step 43999999 load imb.: force  8.9%

           Step           Time
       44000000    88000.00000

   Energies (kJ/mol)
        LJ (SR)   Coulomb (SR)   Coul. recip.      Potential    Kinetic En.
    7.69062e+01   -8.88684e+04   -3.80098e+04   -1.26801e+05    3.77477e+03
   Total Energy    Temperature Pressure (bar)   Constr. rmsd
   -1.23027e+05    1.81709e+02    7.94791e+02    1.88992e-06

Writing checkpoint, step 44973740 at Mon Sep 16 16:38:57 2019


DD  step 44999999 load imb.: force 16.0%

           Step           Time
       45000000    90000.00000

   Energies (kJ/mol)
        LJ (SR)   Coulomb (SR)   Coul. recip.      Potential    Kinetic En.
    7.03511e+01   -8.88164e+04   -3.80041e+04   -1.26750e+05    3.71991e+03
   Total Energy    Temperature Pressure (bar)   Constr. rmsd
   -1.23030e+05    1.79068e+02    7.53123e+02    1.82361e-06

DD  step 45999999 load imb.: force 17.4%

           Step           Time
       46000000    92000.00000

   Energies (kJ/mol)
        LJ (SR)   Coulomb (SR)   Coul. recip.      Potential    Kinetic En.
    6.06980e+01   -8.88479e+04   -3.80178e+04   -1.26805e+05    3.77799e+03
   Total Energy    Temperature Pressure (bar)   Constr. rmsd
   -1.23027e+05    1.81864e+02    6.98038e+02    1.84440e-06

DD  step 46999999 load imb.: force 19.7%

           Step           Time
       47000000    94000.00000

   Energies (kJ/mol)
        LJ (SR)   Coulomb (SR)   Coul. recip.      Potential    Kinetic En.
    7.75352e+01   -8.88381e+04   -3.80172e+04   -1.26778e+05    3.74623e+03
   Total Energy    Temperature Pressure (bar)   Constr. rmsd
   -1.23031e+05    1.80336e+02    8.18163e+02    1.77778e-06

Writing checkpoint, step 47624995 at Mon Sep 16 16:53:57 2019


DD  step 47999999 load imb.: force 18.8%

           Step           Time
       48000000    96000.00000

   Energies (kJ/mol)
        LJ (SR)   Coulomb (SR)   Coul. recip.      Potential    Kinetic En.
    6.33819e+01   -8.88243e+04   -3.79962e+04   -1.26757e+05    3.73307e+03
   Total Energy    Temperature Pressure (bar)   Constr. rmsd
   -1.23024e+05    1.79702e+02    7.10337e+02    1.70645e-06

DD  step 48999999 load imb.: force 14.9%

           Step           Time
       49000000    98000.00000

   Energies (kJ/mol)
        LJ (SR)   Coulomb (SR)   Coul. recip.      Potential    Kinetic En.
    4.80096e+01   -8.88182e+04   -3.79810e+04   -1.26751e+05    3.72609e+03
   Total Energy    Temperature Pressure (bar)   Constr. rmsd
   -1.23025e+05    1.79366e+02    5.96264e+02    1.81126e-06

DD  step 49999999 load imb.: force 10.2%

           Step           Time
       50000000   100000.00000

   Energies (kJ/mol)
        LJ (SR)   Coulomb (SR)   Coul. recip.      Potential    Kinetic En.
    6.85882e+01   -8.88188e+04   -3.80007e+04   -1.26751e+05    3.72380e+03
   Total Energy    Temperature Pressure (bar)   Constr. rmsd
   -1.23027e+05    1.79256e+02    7.25306e+02    1.81780e-06

Writing checkpoint, step 50276055 at Mon Sep 16 17:08:57 2019


DD  step 50999999 load imb.: force 10.1%

           Step           Time
       51000000   102000.00000

   Energies (kJ/mol)
        LJ (SR)   Coulomb (SR)   Coul. recip.      Potential    Kinetic En.
    6.62348e+01   -8.88312e+04   -3.80102e+04   -1.26775e+05    3.75585e+03
   Total Energy    Temperature Pressure (bar)   Constr. rmsd
   -1.23019e+05    1.80798e+02    7.15985e+02    1.74642e-06

DD  step 51999999 load imb.: force 10.1%

           Step           Time
       52000000   104000.00000

   Energies (kJ/mol)
        LJ (SR)   Coulomb (SR)   Coul. recip.      Potential    Kinetic En.
    8.76274e+01   -8.88198e+04   -3.79985e+04   -1.26731e+05    3.71438e+03
   Total Energy    Temperature Pressure (bar)   Constr. rmsd
   -1.23016e+05    1.78802e+02    9.07948e+02    1.77219e-06

Writing checkpoint, step 52926540 at Mon Sep 16 17:23:57 2019


DD  step 52999999 load imb.: force 17.0%

           Step           Time
       53000000   106000.00000

   Energies (kJ/mol)
        LJ (SR)   Coulomb (SR)   Coul. recip.      Potential    Kinetic En.
    6.21824e+01   -8.88451e+04   -3.80117e+04   -1.26795e+05    3.77471e+03
   Total Energy    Temperature Pressure (bar)   Constr. rmsd
   -1.23020e+05    1.81706e+02    7.06116e+02    1.79338e-06

DD  step 53999999 load imb.: force 10.0%

           Step           Time
       54000000   108000.00000

   Energies (kJ/mol)
        LJ (SR)   Coulomb (SR)   Coul. recip.      Potential    Kinetic En.
    8.06681e+01   -8.87806e+04   -3.80000e+04   -1.26700e+05    3.67522e+03
   Total Energy    Temperature Pressure (bar)   Constr. rmsd
   -1.23025e+05    1.76917e+02    7.93363e+02    1.79954e-06

DD  step 54999999 load imb.: force 12.0%

           Step           Time
       55000000   110000.00000

   Energies (kJ/mol)
        LJ (SR)   Coulomb (SR)   Coul. recip.      Potential    Kinetic En.
    5.89454e+01   -8.88139e+04   -3.79880e+04   -1.26743e+05    3.72927e+03
   Total Energy    Temperature Pressure (bar)   Constr. rmsd
   -1.23014e+05    1.79519e+02    6.33566e+02    1.80798e-06

Writing checkpoint, step 55574290 at Mon Sep 16 17:38:57 2019


DD  step 55999999 load imb.: force 14.4%

           Step           Time
       56000000   112000.00000

   Energies (kJ/mol)
        LJ (SR)   Coulomb (SR)   Coul. recip.      Potential    Kinetic En.
    6.62975e+01   -8.88404e+04   -3.80094e+04   -1.26783e+05    3.75678e+03
   Total Energy    Temperature Pressure (bar)   Constr. rmsd
   -1.23027e+05    1.80843e+02    7.20271e+02    1.84255e-06

DD  step 56999999 load imb.: force 14.7%

           Step           Time
       57000000   114000.00000

   Energies (kJ/mol)
        LJ (SR)   Coulomb (SR)   Coul. recip.      Potential    Kinetic En.
    4.71672e+01   -8.88283e+04   -3.80090e+04   -1.26790e+05    3.76527e+03
   Total Energy    Temperature Pressure (bar)   Constr. rmsd
   -1.23025e+05    1.81252e+02    5.78739e+02    1.79313e-06

DD  step 57999999 load imb.: force  9.7%

           Step           Time
       58000000   116000.00000

   Energies (kJ/mol)
        LJ (SR)   Coulomb (SR)   Coul. recip.      Potential    Kinetic En.
    6.95865e+01   -8.88240e+04   -3.80138e+04   -1.26768e+05    3.74283e+03
   Total Energy    Temperature Pressure (bar)   Constr. rmsd
   -1.23025e+05    1.80172e+02    7.56373e+02    1.82676e-06

Writing checkpoint, step 58224185 at Mon Sep 16 17:53:57 2019


DD  step 58999999 load imb.: force 20.6%

           Step           Time
       59000000   118000.00000

   Energies (kJ/mol)
        LJ (SR)   Coulomb (SR)   Coul. recip.      Potential    Kinetic En.
    4.98742e+01   -8.88404e+04   -3.80252e+04   -1.26816e+05    3.79430e+03
   Total Energy    Temperature Pressure (bar)   Constr. rmsd
   -1.23021e+05    1.82649e+02    5.67232e+02    1.88695e-06

DD  step 59999999 load imb.: force 12.3%

           Step           Time
       60000000   120000.00000

   Energies (kJ/mol)
        LJ (SR)   Coulomb (SR)   Coul. recip.      Potential    Kinetic En.
    5.62431e+01   -8.88189e+04   -3.80171e+04   -1.26780e+05    3.76345e+03
   Total Energy    Temperature Pressure (bar)   Constr. rmsd
   -1.23016e+05    1.81164e+02    6.73763e+02    1.81276e-06

Writing checkpoint, step 60877465 at Mon Sep 16 18:08:57 2019


DD  step 60999999 load imb.: force 18.2%

           Step           Time
       61000000   122000.00000

   Energies (kJ/mol)
        LJ (SR)   Coulomb (SR)   Coul. recip.      Potential    Kinetic En.
    7.28555e+01   -8.88011e+04   -3.79938e+04   -1.26722e+05    3.70151e+03
   Total Energy    Temperature Pressure (bar)   Constr. rmsd
   -1.23021e+05    1.78182e+02    7.90280e+02    1.86968e-06

DD  step 61999999 load imb.: force 21.7%

           Step           Time
       62000000   124000.00000

   Energies (kJ/mol)
        LJ (SR)   Coulomb (SR)   Coul. recip.      Potential    Kinetic En.
    7.88295e+01   -8.88696e+04   -3.80142e+04   -1.26805e+05    3.77726e+03
   Total Energy    Temperature Pressure (bar)   Constr. rmsd
   -1.23028e+05    1.81829e+02    7.96895e+02    1.81842e-06

DD  step 62999999 load imb.: force 14.1%

           Step           Time
       63000000   126000.00000

   Energies (kJ/mol)
        LJ (SR)   Coulomb (SR)   Coul. recip.      Potential    Kinetic En.
    6.52955e+01   -8.88695e+04   -3.80128e+04   -1.26817e+05    3.78588e+03
   Total Energy    Temperature Pressure (bar)   Constr. rmsd
   -1.23031e+05    1.82244e+02    7.04633e+02    1.81296e-06

Writing checkpoint, step 63527305 at Mon Sep 16 18:23:57 2019


DD  step 63999999 load imb.: force 10.1%

           Step           Time
       64000000   128000.00000

   Energies (kJ/mol)
        LJ (SR)   Coulomb (SR)   Coul. recip.      Potential    Kinetic En.
    8.01851e+01   -8.88386e+04   -3.80171e+04   -1.26775e+05    3.75325e+03
   Total Energy    Temperature Pressure (bar)   Constr. rmsd
   -1.23022e+05    1.80673e+02    8.09680e+02    1.88499e-06

DD  step 64999999 load imb.: force  9.0%

           Step           Time
       65000000   130000.00000

   Energies (kJ/mol)
        LJ (SR)   Coulomb (SR)   Coul. recip.      Potential    Kinetic En.
    7.99197e+01   -8.88336e+04   -3.79978e+04   -1.26752e+05    3.72881e+03
   Total Energy    Temperature Pressure (bar)   Constr. rmsd
   -1.23023e+05    1.79497e+02    8.27780e+02    1.78547e-06

DD  step 65999999 load imb.: force 16.5%

           Step           Time
       66000000   132000.00000

   Energies (kJ/mol)
        LJ (SR)   Coulomb (SR)   Coul. recip.      Potential    Kinetic En.
    5.95581e+01   -8.87952e+04   -3.79946e+04   -1.26730e+05    3.71190e+03
   Total Energy    Temperature Pressure (bar)   Constr. rmsd
   -1.23018e+05    1.78683e+02    6.68680e+02    1.70446e-06

Writing checkpoint, step 66178760 at Mon Sep 16 18:38:57 2019


DD  step 66999999 load imb.: force 18.1%

           Step           Time
       67000000   134000.00000

   Energies (kJ/mol)
        LJ (SR)   Coulomb (SR)   Coul. recip.      Potential    Kinetic En.
    1.00689e+02   -8.88444e+04   -3.79939e+04   -1.26738e+05    3.71146e+03
   Total Energy    Temperature Pressure (bar)   Constr. rmsd
   -1.23026e+05    1.78662e+02    9.52836e+02    1.81995e-06

DD  step 67999999 load imb.: force 12.4%

           Step           Time
       68000000   136000.00000

   Energies (kJ/mol)
        LJ (SR)   Coulomb (SR)   Coul. recip.      Potential    Kinetic En.
    9.02544e+01   -8.88632e+04   -3.80123e+04   -1.26785e+05    3.75711e+03
   Total Energy    Temperature Pressure (bar)   Constr. rmsd
   -1.23028e+05    1.80859e+02    8.94110e+02    1.86319e-06

Writing checkpoint, step 68826610 at Mon Sep 16 18:53:57 2019


DD  step 68999999 load imb.: force 23.0%

           Step           Time
       69000000   138000.00000

   Energies (kJ/mol)
        LJ (SR)   Coulomb (SR)   Coul. recip.      Potential    Kinetic En.
    7.29144e+01   -8.88393e+04   -3.80116e+04   -1.26778e+05    3.75572e+03
   Total Energy    Temperature Pressure (bar)   Constr. rmsd
   -1.23022e+05    1.80792e+02    7.69615e+02    1.75898e-06

DD  step 69999999 load imb.: force 14.9%

           Step           Time
       70000000   140000.00000

   Energies (kJ/mol)
        LJ (SR)   Coulomb (SR)   Coul. recip.      Potential    Kinetic En.
    7.59339e+01   -8.88275e+04   -3.80040e+04   -1.26756e+05    3.73380e+03
   Total Energy    Temperature Pressure (bar)   Constr. rmsd
   -1.23022e+05    1.79737e+02    7.88056e+02    1.77137e-06

DD  step 70999999 load imb.: force 10.8%

           Step           Time
       71000000   142000.00000

   Energies (kJ/mol)
        LJ (SR)   Coulomb (SR)   Coul. recip.      Potential    Kinetic En.
    8.72799e+01   -8.87924e+04   -3.79741e+04   -1.26679e+05    3.65861e+03
   Total Energy    Temperature Pressure (bar)   Constr. rmsd
   -1.23021e+05    1.76117e+02    8.82964e+02    1.82038e-06

Writing checkpoint, step 71478030 at Mon Sep 16 19:08:57 2019


DD  step 71999999 load imb.: force 15.1%

           Step           Time
       72000000   144000.00000

   Energies (kJ/mol)
        LJ (SR)   Coulomb (SR)   Coul. recip.      Potential    Kinetic En.
    9.16319e+01   -8.88426e+04   -3.80333e+04   -1.26784e+05    3.76067e+03
   Total Energy    Temperature Pressure (bar)   Constr. rmsd
   -1.23024e+05    1.81030e+02    8.99060e+02    1.74033e-06

DD  step 72999999 load imb.: force  9.4%

           Step           Time
       73000000   146000.00000

   Energies (kJ/mol)
        LJ (SR)   Coulomb (SR)   Coul. recip.      Potential    Kinetic En.
    7.37862e+01   -8.88398e+04   -3.80096e+04   -1.26776e+05    3.75536e+03
   Total Energy    Temperature Pressure (bar)   Constr. rmsd
   -1.23020e+05    1.80775e+02    7.93586e+02    1.74541e-06

DD  step 73999999 load imb.: force  9.5%

           Step           Time
       74000000   148000.00000

   Energies (kJ/mol)
        LJ (SR)   Coulomb (SR)   Coul. recip.      Potential    Kinetic En.
    7.98625e+01   -8.88503e+04   -3.80202e+04   -1.26791e+05    3.75888e+03
   Total Energy    Temperature Pressure (bar)   Constr. rmsd
   -1.23032e+05    1.80944e+02    8.24891e+02    1.82057e-06

Writing checkpoint, step 74129490 at Mon Sep 16 19:23:57 2019


DD  step 74999999 load imb.: force  8.9%

           Step           Time
       75000000   150000.00000

   Energies (kJ/mol)
        LJ (SR)   Coulomb (SR)   Coul. recip.      Potential    Kinetic En.
    9.19877e+01   -8.88013e+04   -3.80104e+04   -1.26720e+05    3.69448e+03
   Total Energy    Temperature Pressure (bar)   Constr. rmsd
   -1.23025e+05    1.77844e+02    8.61058e+02    1.71468e-06

DD  step 75999999 load imb.: force 14.9%

           Step           Time
       76000000   152000.00000

   Energies (kJ/mol)
        LJ (SR)   Coulomb (SR)   Coul. recip.      Potential    Kinetic En.
    8.68546e+01   -8.88750e+04   -3.80217e+04   -1.26810e+05    3.79151e+03
   Total Energy    Temperature Pressure (bar)   Constr. rmsd
   -1.23018e+05    1.82515e+02    8.57018e+02    1.80566e-06

Writing checkpoint, step 76779405 at Mon Sep 16 19:38:57 2019


DD  step 76999999 load imb.: force 16.6%

           Step           Time
       77000000   154000.00000

   Energies (kJ/mol)
        LJ (SR)   Coulomb (SR)   Coul. recip.      Potential    Kinetic En.
    6.72655e+01   -8.88188e+04   -3.79954e+04   -1.26747e+05    3.72235e+03
   Total Energy    Temperature Pressure (bar)   Constr. rmsd
   -1.23025e+05    1.79186e+02    7.11775e+02    1.79123e-06

DD  step 77999999 load imb.: force 16.6%

           Step           Time
       78000000   156000.00000

   Energies (kJ/mol)
        LJ (SR)   Coulomb (SR)   Coul. recip.      Potential    Kinetic En.
    8.11271e+01   -8.87988e+04   -3.80067e+04   -1.26724e+05    3.70532e+03
   Total Energy    Temperature Pressure (bar)   Constr. rmsd
   -1.23019e+05    1.78366e+02    8.05612e+02    1.82997e-06

DD  step 78999999 load imb.: force 12.8%

           Step           Time
       79000000   158000.00000

   Energies (kJ/mol)
        LJ (SR)   Coulomb (SR)   Coul. recip.      Potential    Kinetic En.
    6.09119e+01   -8.88556e+04   -3.80309e+04   -1.26826e+05    3.80585e+03
   Total Energy    Temperature Pressure (bar)   Constr. rmsd
   -1.23020e+05    1.83206e+02    6.76052e+02    1.81004e-06

Writing checkpoint, step 79429140 at Mon Sep 16 19:53:57 2019


DD  step 79999999 load imb.: force 12.4%

           Step           Time
       80000000   160000.00000

Writing checkpoint, step 80000000 at Mon Sep 16 19:57:11 2019


   Energies (kJ/mol)
        LJ (SR)   Coulomb (SR)   Coul. recip.      Potential    Kinetic En.
    8.32673e+01   -8.88245e+04   -3.80060e+04   -1.26747e+05    3.72774e+03
   Total Energy    Temperature Pressure (bar)   Constr. rmsd
   -1.23019e+05    1.79445e+02    8.44307e+02    1.77983e-06

	<======  ###############  ==>
	<====  A V E R A G E S  ====>
	<==  ###############  ======>

	Statistics over 80000001 steps using 800001 frames

   Energies (kJ/mol)
        LJ (SR)   Coulomb (SR)   Coul. recip.      Potential    Kinetic En.
    7.30693e+01   -8.88293e+04   -3.80017e+04   -1.26758e+05    3.73508e+03
   Total Energy    Temperature Pressure (bar)   Constr. rmsd
   -1.23023e+05    1.79799e+02    7.65618e+02    0.00000e+00

   Total Virial (kJ/mol)
   -7.18802e+02   -9.42253e-02    4.56086e-02
   -9.42252e-02   -7.18714e+02   -2.57767e-01
    4.56097e-02   -2.57759e-01   -7.18721e+02

   Pressure (bar)
    7.65672e+02    5.75084e-02   -2.29891e-02
    5.75083e-02    7.65586e+02    9.60723e-02
   -2.29895e-02    9.60693e-02    7.65595e+02


	M E G A - F L O P S   A C C O U N T I N G

 NB=Group-cutoff nonbonded kernels    NxN=N-by-N cluster Verlet kernels
 RF=Reaction-Field  VdW=Van der Waals  QSTab=quadratic-spline table
 W3=SPC/TIP3p  W4=TIP4p (single or pairs)
 V&F=Potential and force  V=Potential only  F=Force only

 Computing:                               M-Number         M-Flops  % Flops
-----------------------------------------------------------------------------
 NB VdW [V&F]                       1110347.903453     1110347.903     0.1
 NB VdW [F]                        94494265.832158    94494265.832     8.0
 NB Elec. [V&F]                     5660817.801744     5660817.802     0.5
 NB Elec. [F]                     376230019.428008   376230019.428    31.8
 Calc Weights                       1200000.015000    43200000.540     3.7
 Spread Q Bspline                  25600000.320000    51200000.640     4.3
 Gather F Bspline                  25600000.320000   153600001.920    13.0
 3D-FFT                            50654880.633186   405239045.065    34.3
 Solve PME                           250880.003136    16056320.201     1.4
 NS-Pairs                            945346.229304    19852270.815     1.7
 Reset In Box                         15999.998000       47999.994     0.0
 CG-CoM                               80000.005000      240000.015     0.0
 Virial                                4576.005720       82368.103     0.0
 Stop-CM                               4000.005000       40000.050     0.0
 Calc-Ekin                           160000.010000     4320000.270     0.4
 Lincs                                80000.001000     4800000.060     0.4
 Constraint-V                        160000.002000     1280000.016     0.1
 Constraint-Vir                         800.001000       19200.024     0.0
 Virtual Site 2                      242400.006000     5575200.138     0.5
-----------------------------------------------------------------------------
 Total                                              1183047858.817   100.0
-----------------------------------------------------------------------------


    D O M A I N   D E C O M P O S I T I O N   S T A T I S T I C S

 av. #atoms communicated per step for force:  2 x 10810.4

 Average load imbalance: 12.1 %
 Part of the total run time spent waiting due to load imbalance: 1.8 %


     R E A L   C Y C L E   A N D   T I M E   A C C O U N T I N G

On 16 MPI ranks

 Computing:          Num   Num      Call    Wall time         Giga-Cycles
                     Ranks Threads  Count      (s)         total sum    %
-----------------------------------------------------------------------------
 Domain decomp.        16    1   16000000    1607.845      66886.544   5.9
 DD comm. load         16    1     183783       0.317         13.169   0.0
 DD comm. bounds       16    1      24020       0.217          9.045   0.0
 Vsite constr.         16    1   80000001     220.263       9162.967   0.8
 Neighbor search       16    1   16000001    3200.086     133123.973  11.8
 Comm. coord.          16    1   80000001     681.777      28362.031   2.5
 Force                 16    1   80000001    5020.359     208847.602  18.5
 Wait + Comm. F        16    1   80000001     617.888      25704.206   2.3
 PME mesh              16    1   80000001   12652.749     526356.001  46.5
 Vsite spread          16    1   80800002     242.987      10108.303   0.9
 Write traj.           16    1    1142954      92.964       3867.329   0.3
 Update                16    1   80000001     392.811      16340.980   1.4
 Constraints           16    1   80000001     455.247      18938.321   1.7
 Comm. energies        16    1   16000001    1536.857      63933.465   5.7
 Rest                                         471.662      19621.211   1.7
-----------------------------------------------------------------------------
 Total                                      27194.029    1131275.146 100.0
-----------------------------------------------------------------------------
 Breakdown of PME mesh computation
-----------------------------------------------------------------------------
 PME redist. X/F       16    1  160000002    2821.111     117358.584  10.4
 PME spread/gather     16    1  160000002    3603.689     149913.935  13.3
 PME 3D-FFT            16    1  160000002    2745.690     114221.061  10.1
 PME 3D-FFT Comm.      16    1  320000004    2843.689     118297.850  10.5
 PME solve Elec        16    1   80000001     503.237      20934.733   1.9
-----------------------------------------------------------------------------

NOTE: 6 % of the run time was spent communicating energies,
      you might want to use the -gcom option of mdrun


               Core t (s)   Wall t (s)        (%)
       Time:   435104.471    27194.029     1600.0
                         7h33:14
                 (ns/day)    (hour/ns)
Performance:      508.347        0.047
Finished mdrun on rank 0 Mon Sep 16 19:57:11 2019
