Log file opened on Sat Feb  1 20:29:16 2020
Host: r4i6n5  pid: 26740  rank ID: 0  number of ranks:  64
                        :-) GROMACS - mdrun, 2016.1 (-:

                            GROMACS is written by:
     Emile Apol      Rossen Apostolov  Herman J.C. Berendsen    Par Bjelkmar   
 Aldert van Buuren   Rudi van Drunen     Anton Feenstra    Gerrit Groenhof  
 Christoph Junghans   Anca Hamuraru    Vincent Hindriksen Dimitrios Karkoulis
    Peter Kasson        Jiri Kraus      Carsten Kutzner      Per Larsson    
  Justin A. Lemkul   Magnus Lundborg   Pieter Meulenhoff    Erik Marklund   
   Teemu Murtola       Szilard Pall       Sander Pronk      Roland Schulz   
  Alexey Shvetsov     Michael Shirts     Alfons Sijbers     Peter Tieleman  
  Teemu Virolainen  Christian Wennberg    Maarten Wolf   
                           and the project leaders:
        Mark Abraham, Berk Hess, Erik Lindahl, and David van der Spoel

Copyright (c) 1991-2000, University of Groningen, The Netherlands.
Copyright (c) 2001-2015, The GROMACS development team at
Uppsala University, Stockholm University and
the Royal Institute of Technology, Sweden.
check out http://www.gromacs.org for more information.

GROMACS is free software; you can redistribute it and/or modify it
under the terms of the GNU Lesser General Public License
as published by the Free Software Foundation; either version 2.1
of the License, or (at your option) any later version.

GROMACS:      mdrun, version 2016.1
Executable:   /sw/sdev/Modules/gromacs/gromacs-2016.1/bin/mdrun
Data prefix:  /sw/sdev/Modules/gromacs/gromacs-2016.1
Working dir:  /work/pousaneh/Field-Big/0.266/a1/V9
Command line:
  mdrun -s NVT_F.tpr -deffnm NVT_F -table Table_HS_modif.xvg

GROMACS version:    2016.1
Precision:          single
Memory model:       64 bit
MPI library:        MPI
OpenMP support:     enabled (GMX_OPENMP_MAX_THREADS = 32)
GPU support:        disabled
SIMD instructions:  AVX_256
FFT library:        Intel MKL
RDTSCP usage:       disabled
TNG support:        enabled
Hwloc support:      disabled
Tracing support:    disabled
Built on:           Thu Jan 12 07:55:47 CET 2017
Built by:           vegarde@service0 [CMAKE]
Build OS/arch:      Linux 3.0.101-84-default x86_64
Build CPU vendor:   Unknown
Build CPU brand:    Unknown
Build CPU family:   0   Model: 0   Stepping: 0
Build CPU features: Unknown
C compiler:         /sw/sdev/Modules/intelcomp/17.0/bin/icc Intel 17.0.0.20160721
C compiler flags:    -mavx   -mkl=sequential  -std=gnu99  -O3 -xHost -DNDEBUG -ip -funroll-all-loops -alias-const -ansi-alias  
C++ compiler:       /sw/sdev/Modules/intelcomp/17.0/bin/icpc Intel 17.0.0.20160721
C++ compiler flags:  -mavx    -std=c++0x   -O3 -xHost -DNDEBUG -ip -funroll-all-loops -alias-const -ansi-alias  


Running on 4 nodes with total 64 cores, 128 logical cores
  Cores per node:           16
  Logical cores per node:   32
Hardware detected on host r4i6n5 (the node of MPI rank 0):
  CPU info:
    Vendor: Intel
    Brand:  Intel(R) Xeon(R) CPU E5-2670 0 @ 2.60GHz
    Family: 6   Model: 45   Stepping: 6
    Features: aes apic avx clfsh cmov cx8 cx16 htt lahf mmx msr nonstop_tsc pcid pclmuldq pdcm pdpe1gb popcnt pse rdtscp sse2 sse3 sse4.1 sse4.2 ssse3 tdt x2apic
    SIMD instructions most likely to fit this hardware: AVX_256
    SIMD instructions selected at GROMACS compile time: AVX_256

  Hardware topology: Basic
    Sockets, cores, and logical processors:
      Socket  0: [   0  16] [   1  17] [   2  18] [   3  19] [   4  20] [   5  21] [   6  22] [   7  23]
      Socket  1: [   8  24] [   9  25] [  10  26] [  11  27] [  12  28] [  13  29] [  14  30] [  15  31]


The current CPU can measure timings more accurately than the code in
mdrun was configured to use. This might affect your simulation
speed as accurate timings are needed for load-balancing.
Please consider rebuilding mdrun with the GMX_USE_RDTSCP=ON CMake option.


++++ PLEASE READ AND CITE THE FOLLOWING REFERENCE ++++
M. J. Abraham, T. Murtola, R. Schulz, S. Páll, J. C. Smith, B. Hess, E.
Lindahl
GROMACS: High performance molecular simulations through multi-level
parallelism from laptops to supercomputers
SoftwareX 1 (2015) pp. 19-25
-------- -------- --- Thank You --- -------- --------


++++ PLEASE READ AND CITE THE FOLLOWING REFERENCE ++++
S. Páll, M. J. Abraham, C. Kutzner, B. Hess, E. Lindahl
Tackling Exascale Software Challenges in Molecular Dynamics Simulations with
GROMACS
In S. Markidis & E. Laure (Eds.), Solving Software Challenges for Exascale 8759 (2015) pp. 3-27
-------- -------- --- Thank You --- -------- --------


++++ PLEASE READ AND CITE THE FOLLOWING REFERENCE ++++
S. Pronk, S. Páll, R. Schulz, P. Larsson, P. Bjelkmar, R. Apostolov, M. R.
Shirts, J. C. Smith, P. M. Kasson, D. van der Spoel, B. Hess, and E. Lindahl
GROMACS 4.5: a high-throughput and highly parallel open source molecular
simulation toolkit
Bioinformatics 29 (2013) pp. 845-54
-------- -------- --- Thank You --- -------- --------


++++ PLEASE READ AND CITE THE FOLLOWING REFERENCE ++++
B. Hess and C. Kutzner and D. van der Spoel and E. Lindahl
GROMACS 4: Algorithms for highly efficient, load-balanced, and scalable
molecular simulation
J. Chem. Theory Comput. 4 (2008) pp. 435-447
-------- -------- --- Thank You --- -------- --------


++++ PLEASE READ AND CITE THE FOLLOWING REFERENCE ++++
D. van der Spoel, E. Lindahl, B. Hess, G. Groenhof, A. E. Mark and H. J. C.
Berendsen
GROMACS: Fast, Flexible and Free
J. Comp. Chem. 26 (2005) pp. 1701-1719
-------- -------- --- Thank You --- -------- --------


++++ PLEASE READ AND CITE THE FOLLOWING REFERENCE ++++
E. Lindahl and B. Hess and D. van der Spoel
GROMACS 3.0: A package for molecular simulation and trajectory analysis
J. Mol. Mod. 7 (2001) pp. 306-317
-------- -------- --- Thank You --- -------- --------


++++ PLEASE READ AND CITE THE FOLLOWING REFERENCE ++++
H. J. C. Berendsen, D. van der Spoel and R. van Drunen
GROMACS: A message-passing parallel molecular dynamics implementation
Comp. Phys. Comm. 91 (1995) pp. 43-56
-------- -------- --- Thank You --- -------- --------

Input Parameters:
   integrator                     = md
   tinit                          = 0
   dt                             = 0.002
   nsteps                         = 100000000
   init-step                      = 0
   simulation-part                = 1
   comm-mode                      = Linear
   nstcomm                        = 100
   bd-fric                        = 0
   ld-seed                        = -2046944534
   emtol                          = 10
   emstep                         = 0.01
   niter                          = 20
   fcstep                         = 0
   nstcgsteep                     = 1000
   nbfgscorr                      = 10
   rtpi                           = 0.05
   nstxout                        = 10000000
   nstvout                        = 10000000
   nstfout                        = 0
   nstlog                         = 10000000
   nstcalcenergy                  = 100
   nstenergy                      = 1000000
   nstxout-compressed             = 10000000
   compressed-x-precision         = 1000
   cutoff-scheme                  = Group
   nstlist                        = 10
   ns-type                        = Grid
   pbc                            = xyz
   periodic-molecules             = false
   verlet-buffer-tolerance        = 0.005
   rlist                          = 0.9
   coulombtype                    = PME
   coulomb-modifier               = None
   rcoulomb-switch                = 0
   rcoulomb                       = 0.9
   epsilon-r                      = 1
   epsilon-rf                     = inf
   vdw-type                       = User
   vdw-modifier                   = None
   rvdw-switch                    = 0
   rvdw                           = 0.3479
   DispCorr                       = No
   table-extension                = 1
   fourierspacing                 = 0.16
   fourier-nx                     = 80
   fourier-ny                     = 80
   fourier-nz                     = 80
   pme-order                      = 4
   ewald-rtol                     = 1e-05
   ewald-rtol-lj                  = 0.001
   lj-pme-comb-rule               = Geometric
   ewald-geometry                 = 0
   epsilon-surface                = 0
   implicit-solvent               = No
   gb-algorithm                   = Still
   nstgbradii                     = 1
   rgbradii                       = 1
   gb-epsilon-solvent             = 80
   gb-saltconc                    = 0
   gb-obc-alpha                   = 1
   gb-obc-beta                    = 0.8
   gb-obc-gamma                   = 4.85
   gb-dielectric-offset           = 0.009
   sa-algorithm                   = Ace-approximation
   sa-surface-tension             = 2.05016
   tcoupl                         = V-rescale
   nsttcouple                     = 10
   nh-chain-length                = 0
   print-nose-hoover-chain-variables = false
   pcoupl                         = No
   pcoupltype                     = Isotropic
   nstpcouple                     = -1
   tau-p                          = 1
   compressibility (3x3):
      compressibility[    0]={ 0.00000e+00,  0.00000e+00,  0.00000e+00}
      compressibility[    1]={ 0.00000e+00,  0.00000e+00,  0.00000e+00}
      compressibility[    2]={ 0.00000e+00,  0.00000e+00,  0.00000e+00}
   ref-p (3x3):
      ref-p[    0]={ 0.00000e+00,  0.00000e+00,  0.00000e+00}
      ref-p[    1]={ 0.00000e+00,  0.00000e+00,  0.00000e+00}
      ref-p[    2]={ 0.00000e+00,  0.00000e+00,  0.00000e+00}
   refcoord-scaling               = No
   posres-com (3):
      posres-com[0]= 0.00000e+00
      posres-com[1]= 0.00000e+00
      posres-com[2]= 0.00000e+00
   posres-comB (3):
      posres-comB[0]= 0.00000e+00
      posres-comB[1]= 0.00000e+00
      posres-comB[2]= 0.00000e+00
   QMMM                           = false
   QMconstraints                  = 0
   QMMMscheme                     = 0
   MMChargeScaleFactor            = 1
qm-opts:
   ngQM                           = 0
   constraint-algorithm           = Lincs
   continuation                   = true
   Shake-SOR                      = false
   shake-tol                      = 0.0001
   lincs-order                    = 4
   lincs-iter                     = 1
   lincs-warnangle                = 30
   nwall                          = 0
   wall-type                      = 9-3
   wall-r-linpot                  = -1
   wall-atomtype[0]               = -1
   wall-atomtype[1]               = -1
   wall-density[0]                = 0
   wall-density[1]                = 0
   wall-ewald-zfac                = 3
   pull                           = false
   rotation                       = false
   interactiveMD                  = false
   disre                          = No
   disre-weighting                = Conservative
   disre-mixed                    = false
   dr-fc                          = 1000
   dr-tau                         = 0
   nstdisreout                    = 100
   orire-fc                       = 0
   orire-tau                      = 0
   nstorireout                    = 100
   free-energy                    = no
   cos-acceleration               = 0
   deform (3x3):
      deform[    0]={ 0.00000e+00,  0.00000e+00,  0.00000e+00}
      deform[    1]={ 0.00000e+00,  0.00000e+00,  0.00000e+00}
      deform[    2]={ 0.00000e+00,  0.00000e+00,  0.00000e+00}
   simulated-tempering            = false
   E-x:
      n = 1
        a = 7.500000e-01
        phi = 0.000000e+00
   E-xt:
      n = 0
   E-y:
      n = 0
   E-yt:
      n = 0
   E-z:
      n = 0
   E-zt:
      n = 0
   swapcoords                     = no
   userint1                       = 0
   userint2                       = 0
   userint3                       = 0
   userint4                       = 0
   userreal1                      = 0
   userreal2                      = 0
   userreal3                      = 0
   userreal4                      = 0
grpopts:
   nrdf:       29997
   ref-t:       179.8
   tau-t:         0.1
annealing:          No
annealing-npoints:           0
   acc:	           0           0           0
   nfreeze:           N           N           N
   energygrp-flags[  0]: 0


Initializing Domain Decomposition on 64 ranks
Dynamic load balancing: auto
Guess for relative PME load: 0.84
Using 0 separate PME ranks, as guessed by mdrun
Scaling the initial minimum size with 1/0.8 (option -dds) = 1.25
Optimizing the DD grid for 64 cells with a minimum initial size of 0.000 nm
Domain decomposition grid 8 x 8 x 1, separate PME ranks 0
PME domain decomposition: 8 x 8 x 1
Domain decomposition rank 0, coordinates 0 0 0

The initial number of communication pulses is: X 1 Y 1
The initial domain decomposition cell size is: X 1.44 nm Y 1.44 nm

When dynamic load balancing gets turned on, these settings will change to:
The maximum number of communication pulses is: X 1 Y 1
The minimum size for domain decomposition cells is 0.900 nm
The requested allowed shrink of DD cells (option -dds) is: 0.80
The allowed shrink of domain decomposition cells is: X 0.62 Y 0.62
Using two step summing over 4 groups of on average 16.0 ranks

Using 64 MPI processes


NOTE: This file uses the deprecated 'group' cutoff_scheme. This will be
removed in a future release when 'verlet' supports all interaction forms.

Table routines are used for coulomb: false
Table routines are used for vdw:     true
Will do PME sum in reciprocal space for electrostatic interactions.

++++ PLEASE READ AND CITE THE FOLLOWING REFERENCE ++++
U. Essmann, L. Perera, M. L. Berkowitz, T. Darden, H. Lee and L. G. Pedersen 
A smooth particle mesh Ewald method
J. Chem. Phys. 103 (1995) pp. 8577-8592
-------- -------- --- Thank You --- -------- --------

Will do ordinary reciprocal space Ewald sum.
Using a Gaussian width (1/beta) of 0.288146 nm for Ewald
Cut-off's:   NS: 0.9   Coulomb: 0.9   LJ: 0.3479
System total charge: 0.000
Read user tables from Table_HS_modif.xvg with 1501 data points.
Tabscale = 500 points/nm
Generated table with 950 data points for Ewald.
Tabscale = 500 points/nm
Potential shift: LJ r^-12: 0.000e+00 r^-6: 0.000e+00, Ewald -0.000e+00
Initialized non-bonded Ewald correction tables, spacing: 8.85e-04 size: 2148


Non-default thread affinity set probably by the OpenMP library,
disabling internal thread affinity

Initializing LINear Constraint Solver

++++ PLEASE READ AND CITE THE FOLLOWING REFERENCE ++++
B. Hess and H. Bekker and H. J. C. Berendsen and J. G. E. M. Fraaije
LINCS: A Linear Constraint Solver for molecular simulations
J. Comp. Chem. 18 (1997) pp. 1463-1472
-------- -------- --- Thank You --- -------- --------

The number of constraints is 6000

Linking all bonded interactions to atoms

Intra-simulation communication will occur every 10 steps.
Center of mass motion removal mode is Linear
We have the following groups for center of mass motion removal:
  0:  rest

++++ PLEASE READ AND CITE THE FOLLOWING REFERENCE ++++
G. Bussi, D. Donadio and M. Parrinello
Canonical sampling through velocity rescaling
J. Chem. Phys. 126 (2007) pp. 014101
-------- -------- --- Thank You --- -------- --------

There are: 12000 Atoms
There are: 18000 VSites
Atom distribution over 64 domains: av 468 stddev 45 min 375 max 550
Grid: 4 x 4 x 13 cells
Initial temperature: 179.545 K

Started mdrun on rank 0 Sat Feb  1 20:29:17 2020
           Step           Time
              0        0.00000


   Energies (kJ/mol)
        LJ (SR)   Coulomb (SR)   Coul. recip.      Potential    Kinetic En.
    8.02679e+01   -5.30746e+05   -2.26548e+05   -7.57214e+05    2.23899e+04
   Total Energy  Conserved En.    Temperature Pressure (bar)   Constr. rmsd
   -7.34824e+05   -7.34824e+05    1.79544e+02    1.16108e+02    4.88166e-06

DD  step 9 load imb.: force 24.1%

Writing checkpoint, step 1002910 at Sat Feb  1 20:44:17 2020


Writing checkpoint, step 2007070 at Sat Feb  1 20:59:17 2020


Writing checkpoint, step 3013150 at Sat Feb  1 21:14:17 2020


Writing checkpoint, step 4022010 at Sat Feb  1 21:29:17 2020


Writing checkpoint, step 5031200 at Sat Feb  1 21:44:17 2020


Writing checkpoint, step 6038130 at Sat Feb  1 21:59:17 2020


Writing checkpoint, step 7048160 at Sat Feb  1 22:14:17 2020


Writing checkpoint, step 8060400 at Sat Feb  1 22:29:17 2020


Writing checkpoint, step 9072300 at Sat Feb  1 22:44:17 2020


DD  step 9999999 load imb.: force 21.7%

           Step           Time
       10000000    20000.00000

   Energies (kJ/mol)
        LJ (SR)   Coulomb (SR)   Coul. recip.      Potential    Kinetic En.
    1.05450e+02   -5.30935e+05   -2.26646e+05   -7.57475e+05    2.23000e+04
   Total Energy  Conserved En.    Temperature Pressure (bar)   Constr. rmsd
   -7.35175e+05   -7.29686e+05    1.78823e+02    1.11589e+02    4.99657e-06

Writing checkpoint, step 10082730 at Sat Feb  1 22:59:17 2020


Writing checkpoint, step 11092620 at Sat Feb  1 23:14:17 2020


Writing checkpoint, step 12104680 at Sat Feb  1 23:29:17 2020


Writing checkpoint, step 13116620 at Sat Feb  1 23:44:17 2020


Writing checkpoint, step 14127750 at Sat Feb  1 23:59:17 2020


Writing checkpoint, step 15138540 at Sun Feb  2 00:14:17 2020


Writing checkpoint, step 16149320 at Sun Feb  2 00:29:17 2020


Writing checkpoint, step 17161680 at Sun Feb  2 00:44:17 2020


Writing checkpoint, step 18173590 at Sun Feb  2 00:59:17 2020


Writing checkpoint, step 19184210 at Sun Feb  2 01:14:17 2020


DD  step 19999999 load imb.: force 21.2%

           Step           Time
       20000000    40000.00000

   Energies (kJ/mol)
        LJ (SR)   Coulomb (SR)   Coul. recip.      Potential    Kinetic En.
    1.00576e+02   -5.30987e+05   -2.26658e+05   -7.57545e+05    2.22766e+04
   Total Energy  Conserved En.    Temperature Pressure (bar)   Constr. rmsd
   -7.35268e+05   -7.28016e+05    1.78635e+02    1.08364e+02    4.99770e-06

Writing checkpoint, step 20195180 at Sun Feb  2 01:29:17 2020


Writing checkpoint, step 21207430 at Sun Feb  2 01:44:17 2020


Writing checkpoint, step 22219400 at Sun Feb  2 01:59:17 2020


Writing checkpoint, step 23232500 at Sun Feb  2 02:14:17 2020


Writing checkpoint, step 24245210 at Sun Feb  2 02:29:17 2020


Writing checkpoint, step 25257230 at Sun Feb  2 02:44:17 2020


Writing checkpoint, step 26269870 at Sun Feb  2 02:59:17 2020


Writing checkpoint, step 27283700 at Sun Feb  2 03:14:17 2020


Writing checkpoint, step 28297320 at Sun Feb  2 03:29:17 2020


Writing checkpoint, step 29310180 at Sun Feb  2 03:44:17 2020


DD  step 29999999 load imb.: force 18.9%

           Step           Time
       30000000    60000.00000

   Energies (kJ/mol)
        LJ (SR)   Coulomb (SR)   Coul. recip.      Potential    Kinetic En.
    6.88592e+01   -5.30859e+05   -2.26672e+05   -7.57462e+05    2.25591e+04
   Total Energy  Conserved En.    Temperature Pressure (bar)   Constr. rmsd
   -7.34903e+05   -7.26266e+05    1.80901e+02    1.01229e+02    4.95571e-06

Writing checkpoint, step 30323170 at Sun Feb  2 03:59:17 2020


Writing checkpoint, step 31336420 at Sun Feb  2 04:14:17 2020


Writing checkpoint, step 32351610 at Sun Feb  2 04:29:17 2020


Writing checkpoint, step 33366110 at Sun Feb  2 04:44:17 2020


Writing checkpoint, step 34378730 at Sun Feb  2 04:59:17 2020


Writing checkpoint, step 35390450 at Sun Feb  2 05:14:17 2020


Writing checkpoint, step 36404780 at Sun Feb  2 05:29:17 2020


Writing checkpoint, step 37419420 at Sun Feb  2 05:44:17 2020


Writing checkpoint, step 38432460 at Sun Feb  2 05:59:17 2020


Writing checkpoint, step 39443900 at Sun Feb  2 06:14:17 2020


DD  step 39999999 load imb.: force 18.3%

           Step           Time
       40000000    80000.00000

   Energies (kJ/mol)
        LJ (SR)   Coulomb (SR)   Coul. recip.      Potential    Kinetic En.
    8.11863e+01   -5.30980e+05   -2.26675e+05   -7.57574e+05    2.25734e+04
   Total Energy  Conserved En.    Temperature Pressure (bar)   Constr. rmsd
   -7.35000e+05   -7.24348e+05    1.81015e+02    1.03819e+02    4.94357e-06

Writing checkpoint, step 40456710 at Sun Feb  2 06:29:17 2020


Writing checkpoint, step 41470320 at Sun Feb  2 06:44:17 2020


Writing checkpoint, step 42483380 at Sun Feb  2 06:59:17 2020


Writing checkpoint, step 43491750 at Sun Feb  2 07:14:17 2020


Writing checkpoint, step 44499530 at Sun Feb  2 07:29:17 2020


Writing checkpoint, step 45508070 at Sun Feb  2 07:44:17 2020


Writing checkpoint, step 46516120 at Sun Feb  2 07:59:17 2020


Writing checkpoint, step 47523740 at Sun Feb  2 08:14:17 2020


Writing checkpoint, step 48531200 at Sun Feb  2 08:29:17 2020


Writing checkpoint, step 49538330 at Sun Feb  2 08:44:17 2020


DD  step 49999999 load imb.: force 21.7%

           Step           Time
       50000000   100000.00000

   Energies (kJ/mol)
        LJ (SR)   Coulomb (SR)   Coul. recip.      Potential    Kinetic En.
    1.08406e+02   -5.30998e+05   -2.26675e+05   -7.57565e+05    2.22113e+04
   Total Energy  Conserved En.    Temperature Pressure (bar)   Constr. rmsd
   -7.35354e+05   -7.22544e+05    1.78111e+02    1.13303e+02    4.99117e-06

Writing checkpoint, step 50545280 at Sun Feb  2 08:59:17 2020


Writing checkpoint, step 51553890 at Sun Feb  2 09:14:17 2020


Writing checkpoint, step 52565090 at Sun Feb  2 09:29:17 2020


Writing checkpoint, step 53574950 at Sun Feb  2 09:44:17 2020


Writing checkpoint, step 54585970 at Sun Feb  2 09:59:17 2020


Writing checkpoint, step 55596240 at Sun Feb  2 10:14:17 2020


Writing checkpoint, step 56605190 at Sun Feb  2 10:29:17 2020


Writing checkpoint, step 57614830 at Sun Feb  2 10:44:17 2020


Writing checkpoint, step 58626200 at Sun Feb  2 10:59:17 2020


Writing checkpoint, step 59636800 at Sun Feb  2 11:14:17 2020


DD  step 59999999 load imb.: force 26.9%

           Step           Time
       60000000   120000.00000

   Energies (kJ/mol)
        LJ (SR)   Coulomb (SR)   Coul. recip.      Potential    Kinetic En.
    9.75536e+01   -5.30982e+05   -2.26722e+05   -7.57607e+05    2.24093e+04
   Total Energy  Conserved En.    Temperature Pressure (bar)   Constr. rmsd
   -7.35198e+05   -7.20847e+05    1.79699e+02    1.09889e+02    4.94299e-06

Writing checkpoint, step 60648840 at Sun Feb  2 11:29:17 2020


Writing checkpoint, step 61661170 at Sun Feb  2 11:44:17 2020


Writing checkpoint, step 62671480 at Sun Feb  2 11:59:17 2020


Writing checkpoint, step 63683990 at Sun Feb  2 12:14:17 2020


Writing checkpoint, step 64697630 at Sun Feb  2 12:29:17 2020


Writing checkpoint, step 65710940 at Sun Feb  2 12:44:17 2020


Writing checkpoint, step 66725140 at Sun Feb  2 12:59:17 2020


Writing checkpoint, step 67734400 at Sun Feb  2 13:14:17 2020


Writing checkpoint, step 68745840 at Sun Feb  2 13:29:17 2020


Writing checkpoint, step 69755900 at Sun Feb  2 13:44:17 2020


DD  step 69999999 load imb.: force 23.8%

           Step           Time
       70000000   140000.00000

   Energies (kJ/mol)
        LJ (SR)   Coulomb (SR)   Coul. recip.      Potential    Kinetic En.
    9.60821e+01   -5.30954e+05   -2.26688e+05   -7.57545e+05    2.23829e+04
   Total Energy  Conserved En.    Temperature Pressure (bar)   Constr. rmsd
   -7.35162e+05   -7.19068e+05    1.79488e+02    1.09572e+02    4.90003e-06

Writing checkpoint, step 70767070 at Sun Feb  2 13:59:17 2020


Writing checkpoint, step 71778310 at Sun Feb  2 14:14:17 2020


Writing checkpoint, step 72791260 at Sun Feb  2 14:29:17 2020


Writing checkpoint, step 73803300 at Sun Feb  2 14:44:17 2020


Writing checkpoint, step 74817090 at Sun Feb  2 14:59:17 2020


Writing checkpoint, step 75830350 at Sun Feb  2 15:14:17 2020


Writing checkpoint, step 76843140 at Sun Feb  2 15:29:17 2020


Writing checkpoint, step 77855450 at Sun Feb  2 15:44:17 2020


Writing checkpoint, step 78866580 at Sun Feb  2 15:59:17 2020


Writing checkpoint, step 79877370 at Sun Feb  2 16:14:17 2020


DD  step 79999999 load imb.: force 18.3%

           Step           Time
       80000000   160000.00000

   Energies (kJ/mol)
        LJ (SR)   Coulomb (SR)   Coul. recip.      Potential    Kinetic En.
    1.03323e+02   -5.31048e+05   -2.26754e+05   -7.57698e+05    2.26011e+04
   Total Energy  Conserved En.    Temperature Pressure (bar)   Constr. rmsd
   -7.35097e+05   -7.17236e+05    1.81237e+02    1.10671e+02    4.98656e-06

Writing checkpoint, step 80887440 at Sun Feb  2 16:29:17 2020


Writing checkpoint, step 81896560 at Sun Feb  2 16:44:17 2020


Writing checkpoint, step 82905750 at Sun Feb  2 16:59:17 2020


Writing checkpoint, step 83915570 at Sun Feb  2 17:14:17 2020


Writing checkpoint, step 84926460 at Sun Feb  2 17:29:17 2020


Writing checkpoint, step 85938200 at Sun Feb  2 17:44:17 2020


Writing checkpoint, step 86950280 at Sun Feb  2 17:59:17 2020


Writing checkpoint, step 87960390 at Sun Feb  2 18:14:17 2020


Writing checkpoint, step 88971270 at Sun Feb  2 18:29:17 2020


Writing checkpoint, step 89982420 at Sun Feb  2 18:44:17 2020


DD  step 89999999 load imb.: force 36.9%

           Step           Time
       90000000   180000.00000

   Energies (kJ/mol)
        LJ (SR)   Coulomb (SR)   Coul. recip.      Potential    Kinetic En.
    1.04445e+02   -5.30999e+05   -2.26675e+05   -7.57570e+05    2.25001e+04
   Total Energy  Conserved En.    Temperature Pressure (bar)   Constr. rmsd
   -7.35070e+05   -7.15438e+05    1.80427e+02    1.12562e+02    5.03453e-06

Writing checkpoint, step 90995010 at Sun Feb  2 18:59:17 2020


Writing checkpoint, step 92005980 at Sun Feb  2 19:14:17 2020


Writing checkpoint, step 93017960 at Sun Feb  2 19:29:17 2020


Writing checkpoint, step 94029400 at Sun Feb  2 19:44:17 2020


Writing checkpoint, step 95040680 at Sun Feb  2 19:59:17 2020


Writing checkpoint, step 96052440 at Sun Feb  2 20:14:17 2020


Writing checkpoint, step 97065700 at Sun Feb  2 20:29:17 2020


Writing checkpoint, step 98080310 at Sun Feb  2 20:44:17 2020


Writing checkpoint, step 99095540 at Sun Feb  2 20:59:17 2020


DD  step 99999999 load imb.: force 21.7%

           Step           Time
      100000000   200000.00000

Writing checkpoint, step 100000000 at Sun Feb  2 21:12:40 2020




-----------------------------------------------------------
Restarting from checkpoint, appending to previous log file.

Log file opened on Mon Apr 13 15:22:05 2020
Host: r1i3n8  pid: 5521  rank ID: 0  number of ranks:  64
                        :-) GROMACS - mdrun, 2016.1 (-:

Executable:   /sw/sdev/Modules/gromacs/gromacs-2016.1/bin/mdrun
Data prefix:  /sw/sdev/Modules/gromacs/gromacs-2016.1
Working dir:  /work/pousaneh/Field-Big/0.266/a1/V9
Command line:
  mdrun -s NVT_F.tpr -deffnm NVT_F -append -cpi NVT_F.cpt -table Table_HS_modif.xvg

GROMACS version:    2016.1
Precision:          single
Memory model:       64 bit
MPI library:        MPI
OpenMP support:     enabled (GMX_OPENMP_MAX_THREADS = 32)
GPU support:        disabled
SIMD instructions:  AVX_256
FFT library:        Intel MKL
RDTSCP usage:       disabled
TNG support:        enabled
Hwloc support:      disabled
Tracing support:    disabled
Built on:           Thu Jan 12 07:55:47 CET 2017
Built by:           vegarde@service0 [CMAKE]
Build OS/arch:      Linux 3.0.101-84-default x86_64
Build CPU vendor:   Unknown
Build CPU brand:    Unknown
Build CPU family:   0   Model: 0   Stepping: 0
Build CPU features: Unknown
C compiler:         /sw/sdev/Modules/intelcomp/17.0/bin/icc Intel 17.0.0.20160721
C compiler flags:    -mavx   -mkl=sequential  -std=gnu99  -O3 -xHost -DNDEBUG -ip -funroll-all-loops -alias-const -ansi-alias  
C++ compiler:       /sw/sdev/Modules/intelcomp/17.0/bin/icpc Intel 17.0.0.20160721
C++ compiler flags:  -mavx    -std=c++0x   -O3 -xHost -DNDEBUG -ip -funroll-all-loops -alias-const -ansi-alias  


Initializing Domain Decomposition on 64 ranks
Dynamic load balancing: auto
Domain decomposition grid 8 x 8 x 1, separate PME ranks 0
PME domain decomposition: 8 x 8 x 1
Domain decomposition rank 0, coordinates 0 0 0

The initial number of communication pulses is: X 1 Y 1
The initial domain decomposition cell size is: X 1.44 nm Y 1.44 nm

When dynamic load balancing gets turned on, these settings will change to:
The maximum number of communication pulses is: X 1 Y 1
The minimum size for domain decomposition cells is 0.900 nm
The requested allowed shrink of DD cells (option -dds) is: 0.80
The allowed shrink of domain decomposition cells is: X 0.62 Y 0.62
Using two step summing over 4 groups of on average 16.0 ranks

Using 64 MPI processes


NOTE: This file uses the deprecated 'group' cutoff_scheme. This will be
removed in a future release when 'verlet' supports all interaction forms.

Table routines are used for coulomb: false
Table routines are used for vdw:     true
Will do PME sum in reciprocal space for electrostatic interactions.

++++ PLEASE READ AND CITE THE FOLLOWING REFERENCE ++++
U. Essmann, L. Perera, M. L. Berkowitz, T. Darden, H. Lee and L. G. Pedersen 
A smooth particle mesh Ewald method
J. Chem. Phys. 103 (1995) pp. 8577-8592
-------- -------- --- Thank You --- -------- --------

Will do ordinary reciprocal space Ewald sum.
Using a Gaussian width (1/beta) of 0.288146 nm for Ewald
Cut-off's:   NS: 0.9   Coulomb: 0.9   LJ: 0.3479
System total charge: 0.000
Read user tables from Table_HS_modif.xvg with 1501 data points.
Tabscale = 500 points/nm
Generated table with 950 data points for Ewald.
Tabscale = 500 points/nm
Potential shift: LJ r^-12: 0.000e+00 r^-6: 0.000e+00, Ewald -0.000e+00
Initialized non-bonded Ewald correction tables, spacing: 8.85e-04 size: 2148


Non-default thread affinity set probably by the OpenMP library,
disabling internal thread affinity

Initializing LINear Constraint Solver

++++ PLEASE READ AND CITE THE FOLLOWING REFERENCE ++++
B. Hess and H. Bekker and H. J. C. Berendsen and J. G. E. M. Fraaije
LINCS: A Linear Constraint Solver for molecular simulations
J. Comp. Chem. 18 (1997) pp. 1463-1472
-------- -------- --- Thank You --- -------- --------

The number of constraints is 6000

Linking all bonded interactions to atoms

Intra-simulation communication will occur every 10 steps.
Center of mass motion removal mode is Linear
We have the following groups for center of mass motion removal:
  0:  rest
There are: 12000 Atoms
There are: 18000 VSites
Atom distribution over 64 domains: av 468 stddev 51 min 375 max 560
Grid: 4 x 4 x 13 cells
Initial temperature: 178.873 K

Started mdrun on rank 0 Mon Apr 13 15:22:05 2020
           Step           Time
      100000000   200000.00000


   Energies (kJ/mol)
        LJ (SR)   Coulomb (SR)   Coul. recip.      Potential    Kinetic En.
    1.21890e+02   -5.30938e+05   -2.26643e+05   -7.57460e+05    2.23060e+04
   Total Energy  Conserved En.    Temperature Pressure (bar)   Constr. rmsd
   -7.35154e+05   -7.13701e+05    1.78871e+02    1.19289e+02    4.91639e-06

	<======  ###############  ==>
	<====  A V E R A G E S  ====>
	<==  ###############  ======>

	Statistics over 100000001 steps using 1000001 frames

   Energies (kJ/mol)
        LJ (SR)   Coulomb (SR)   Coul. recip.      Potential    Kinetic En.
    1.00303e+02   -5.30967e+05   -2.26674e+05   -7.57540e+05    2.24217e+04
   Total Energy  Conserved En.    Temperature Pressure (bar)   Constr. rmsd
   -7.35118e+05   -7.22598e+05    1.79799e+02    1.10402e+02    0.00000e+00

   Total Virial (kJ/mol)
    3.21929e+03   -1.85068e-02   -3.92395e-02
   -1.84678e-02    1.94608e+03   -5.99922e-01
   -3.92904e-02   -5.99887e-01    1.94600e+03

   Pressure (bar)
    8.64517e+01   -2.78456e-04    4.03111e-03
   -2.79302e-04    1.22372e+02    1.93061e-02
    4.03222e-03    1.93053e-02    1.22383e+02


	M E G A - F L O P S   A C C O U N T I N G

 NB=Group-cutoff nonbonded kernels    NxN=N-by-N cluster Verlet kernels
 RF=Reaction-Field  VdW=Van der Waals  QSTab=quadratic-spline table
 W3=SPC/TIP3p  W4=TIP4p (single or pairs)
 V&F=Potential and force  V=Potential only  F=Force only

 Computing:                               M-Number         M-Flops  % Flops
-----------------------------------------------------------------------------
 NB VdW [V&F]                             3.658296           3.658     1.8
 NB Elec. [V&F]                          16.977512          16.978     8.3
 Calc Weights                             0.090000           3.240     1.6
 Spread Q Bspline                         1.920000           3.840     1.9
 Gather F Bspline                         1.920000          11.520     5.6
 3D-FFT                                  19.420962         155.368    75.8
 Solve PME                                0.051200           3.277     1.6
 NS-Pairs                                 0.146618           3.079     1.5
 CG-CoM                                   0.030000           0.090     0.0
 Virial                                   0.032880           0.592     0.3
 Stop-CM                                  0.030000           0.300     0.1
 Calc-Ekin                                0.060000           1.620     0.8
 Lincs                                    0.006000           0.360     0.2
 Constraint-V                             0.012000           0.096     0.0
 Constraint-Vir                           0.006000           0.144     0.1
 Virtual Site 2                           0.036000           0.828     0.4
-----------------------------------------------------------------------------
 Total                                                     204.989   100.0
-----------------------------------------------------------------------------


    D O M A I N   D E C O M P O S I T I O N   S T A T I S T I C S

 av. #atoms communicated per step for force:  2 x 46440.0


     R E A L   C Y C L E   A N D   T I M E   A C C O U N T I N G

On 64 MPI ranks

 Computing:          Num   Num      Call    Wall time         Giga-Cycles
                     Ranks Threads  Count      (s)         total sum    %
-----------------------------------------------------------------------------
 Vsite constr.         64    1          1       0.000          0.007   0.0
 Neighbor search       64    1          1       0.000          0.060   0.4
 Comm. coord.          64    1          1       0.000          0.010   0.1
 Force                 64    1          1       0.000          0.038   0.3
 Wait + Comm. F        64    1          1       0.000          0.006   0.0
 PME mesh              64    1          1       0.010          1.593  10.7
 Vsite spread          64    1          2       0.000          0.014   0.1
 Write traj.           64    1          1       0.002          0.337   2.3
 Update                64    1          1       0.000          0.020   0.1
 Constraints           64    1          1       0.000          0.031   0.2
 Comm. energies        64    1          1       0.076         12.727  85.2
 Rest                                           0.001          0.097   0.7
-----------------------------------------------------------------------------
 Total                                          0.090         14.941 100.0
-----------------------------------------------------------------------------
 Breakdown of PME mesh computation
-----------------------------------------------------------------------------
 PME redist. X/F       64    1          2       0.000          0.049   0.3
 PME spread/gather     64    1          2       0.000          0.060   0.4
 PME 3D-FFT            64    1          2       0.007          1.247   8.3
 PME 3D-FFT Comm.      64    1          4       0.001          0.215   1.4
 PME solve Elec        64    1          1       0.000          0.015   0.1
-----------------------------------------------------------------------------

NOTE: 85 % of the run time was spent communicating energies,
      you might want to use the -gcom option of mdrun


               Core t (s)   Wall t (s)        (%)
       Time:        5.741        0.090     6400.0
                 (ns/day)    (hour/ns)
Performance:        1.927       12.458
Finished mdrun on rank 0 Mon Apr 13 15:22:05 2020

