

*******************************************************************************
Mon Nov 16 11:23:11 2020


FIT:    data read from "LL_4000.xvg" u 1:2
	x range restricted to [0.00100000 : 5.00000]
        #datapoints = 16
        residuals are weighted equally (unit weight)

function used for fitting: vai(x,a0,a1,a2)
fitted parameters initialized with current variable values



 Iteration 0
 WSSR        : 48.5094           delta(WSSR)/WSSR   : 0
 delta(WSSR) : 0                 limit for stopping : 1e-05
 lambda	  : 1.54417

initial set of free parameter values

a0              = 1
a1              = 1
a2              = 1

After 7 iterations the fit converged.
final sum of squares of residuals : 1.40241e-06
rel. change during last iteration : -4.07688e-15

degrees of freedom    (FIT_NDF)                        : 13
rms of residuals      (FIT_STDFIT) = sqrt(WSSR/ndf)    : 0.000328448
variance of residuals (reduced chisquare) = WSSR/ndf   : 1.07878e-07

Final set of parameters            Asymptotic Standard Error
=======================            ==========================

a0              = 0.0392921        +/- 0.0005044    (1.284%)
a1              = 0.103417         +/- 0.02051      (19.83%)
a2              = 0.000785023      +/- 0.0003267    (41.62%)


correlation matrix of the fit parameters:

               a0     a1     a2     
a0              1.000 
a1              0.957  1.000 
a2              0.903  0.985  1.000 


*******************************************************************************
Mon Nov 16 11:23:12 2020


FIT:    data read from "LL_8000.xvg" u 1:2
	x range restricted to [0.00100000 : 5.00000]
        #datapoints = 16
        residuals are weighted equally (unit weight)

function used for fitting: vai(x,a0,a1,a2)
fitted parameters initialized with current variable values



 Iteration 0
 WSSR        : 48.5092           delta(WSSR)/WSSR   : 0
 delta(WSSR) : 0                 limit for stopping : 1e-05
 lambda	  : 1.54417

initial set of free parameter values

a0              = 1
a1              = 1
a2              = 1

After 7 iterations the fit converged.
final sum of squares of residuals : 1.6989e-06
rel. change during last iteration : -2.61754e-15

degrees of freedom    (FIT_NDF)                        : 13
rms of residuals      (FIT_STDFIT) = sqrt(WSSR/ndf)    : 0.000361503
variance of residuals (reduced chisquare) = WSSR/ndf   : 1.30684e-07

Final set of parameters            Asymptotic Standard Error
=======================            ==========================

a0              = 0.0393135        +/- 0.0005552    (1.412%)
a1              = 0.103674         +/- 0.02256      (21.76%)
a2              = 0.000785587      +/- 0.0003596    (45.77%)


correlation matrix of the fit parameters:

               a0     a1     a2     
a0              1.000 
a1              0.957  1.000 
a2              0.903  0.985  1.000 


*******************************************************************************
Mon Nov 16 11:23:12 2020


FIT:    data read from "LL_12000.xvg" u 1:2
	x range restricted to [0.00100000 : 5.00000]
        #datapoints = 16
        residuals are weighted equally (unit weight)

function used for fitting: vai(x,a0,a1,a2)
fitted parameters initialized with current variable values



 Iteration 0
 WSSR        : 48.5104           delta(WSSR)/WSSR   : 0
 delta(WSSR) : 0                 limit for stopping : 1e-05
 lambda	  : 1.54417

initial set of free parameter values

a0              = 1
a1              = 1
a2              = 1

After 7 iterations the fit converged.
final sum of squares of residuals : 1.74337e-06
rel. change during last iteration : -1.70051e-15

degrees of freedom    (FIT_NDF)                        : 13
rms of residuals      (FIT_STDFIT) = sqrt(WSSR/ndf)    : 0.000366204
variance of residuals (reduced chisquare) = WSSR/ndf   : 1.34105e-07

Final set of parameters            Asymptotic Standard Error
=======================            ==========================

a0              = 0.0392552        +/- 0.0005624    (1.433%)
a1              = 0.0991344        +/- 0.02295      (23.15%)
a2              = 0.000688472      +/- 0.0003642    (52.91%)


correlation matrix of the fit parameters:

               a0     a1     a2     
a0              1.000 
a1              0.957  1.000 
a2              0.903  0.984  1.000 


*******************************************************************************
Mon Nov 16 11:23:12 2020


FIT:    data read from "LL_16000.xvg" u 1:2
	x range restricted to [0.00100000 : 5.00000]
        #datapoints = 16
        residuals are weighted equally (unit weight)

function used for fitting: vai(x,a0,a1,a2)
fitted parameters initialized with current variable values



 Iteration 0
 WSSR        : 48.5133           delta(WSSR)/WSSR   : 0
 delta(WSSR) : 0                 limit for stopping : 1e-05
 lambda	  : 1.54417

initial set of free parameter values

a0              = 1
a1              = 1
a2              = 1

After 7 iterations the fit converged.
final sum of squares of residuals : 1.7333e-06
rel. change during last iteration : -2.44341e-16

degrees of freedom    (FIT_NDF)                        : 13
rms of residuals      (FIT_STDFIT) = sqrt(WSSR/ndf)    : 0.000365145
variance of residuals (reduced chisquare) = WSSR/ndf   : 1.33331e-07

Final set of parameters            Asymptotic Standard Error
=======================            ==========================

a0              = 0.0390168        +/- 0.0005608    (1.437%)
a1              = 0.0909316        +/- 0.02313      (25.44%)
a2              = 0.000554459      +/- 0.0003632    (65.5%)


correlation matrix of the fit parameters:

               a0     a1     a2     
a0              1.000 
a1              0.957  1.000 
a2              0.903  0.984  1.000 
