Log file opened on Wed Nov 18 09:42:05 2020
Host: r3i4n0  pid: 8417  rank ID: 0  number of ranks:  32
                        :-) GROMACS - mdrun, 2016.1 (-:

                            GROMACS is written by:
     Emile Apol      Rossen Apostolov  Herman J.C. Berendsen    Par Bjelkmar   
 Aldert van Buuren   Rudi van Drunen     Anton Feenstra    Gerrit Groenhof  
 Christoph Junghans   Anca Hamuraru    Vincent Hindriksen Dimitrios Karkoulis
    Peter Kasson        Jiri Kraus      Carsten Kutzner      Per Larsson    
  Justin A. Lemkul   Magnus Lundborg   Pieter Meulenhoff    Erik Marklund   
   Teemu Murtola       Szilard Pall       Sander Pronk      Roland Schulz   
  Alexey Shvetsov     Michael Shirts     Alfons Sijbers     Peter Tieleman  
  Teemu Virolainen  Christian Wennberg    Maarten Wolf   
                           and the project leaders:
        Mark Abraham, Berk Hess, Erik Lindahl, and David van der Spoel

Copyright (c) 1991-2000, University of Groningen, The Netherlands.
Copyright (c) 2001-2015, The GROMACS development team at
Uppsala University, Stockholm University and
the Royal Institute of Technology, Sweden.
check out http://www.gromacs.org for more information.

GROMACS is free software; you can redistribute it and/or modify it
under the terms of the GNU Lesser General Public License
as published by the Free Software Foundation; either version 2.1
of the License, or (at your option) any later version.

GROMACS:      mdrun, version 2016.1
Executable:   /sw/sdev/Modules/gromacs/gromacs-2016.1/bin/mdrun
Data prefix:  /sw/sdev/Modules/gromacs/gromacs-2016.1
Working dir:  /work/pousaneh/Field-Big/0.266/a1/V8
Command line:
  mdrun -s NVT_vis.tpr -deffnm NVT_vis -table Table_HS_modif.xvg

GROMACS version:    2016.1
Precision:          single
Memory model:       64 bit
MPI library:        MPI
OpenMP support:     enabled (GMX_OPENMP_MAX_THREADS = 32)
GPU support:        disabled
SIMD instructions:  AVX_256
FFT library:        Intel MKL
RDTSCP usage:       disabled
TNG support:        enabled
Hwloc support:      disabled
Tracing support:    disabled
Built on:           Thu Jan 12 07:55:47 CET 2017
Built by:           vegarde@service0 [CMAKE]
Build OS/arch:      Linux 3.0.101-84-default x86_64
Build CPU vendor:   Unknown
Build CPU brand:    Unknown
Build CPU family:   0   Model: 0   Stepping: 0
Build CPU features: Unknown
C compiler:         /sw/sdev/Modules/intelcomp/17.0/bin/icc Intel 17.0.0.20160721
C compiler flags:    -mavx   -mkl=sequential  -std=gnu99  -O3 -xHost -DNDEBUG -ip -funroll-all-loops -alias-const -ansi-alias  
C++ compiler:       /sw/sdev/Modules/intelcomp/17.0/bin/icpc Intel 17.0.0.20160721
C++ compiler flags:  -mavx    -std=c++0x   -O3 -xHost -DNDEBUG -ip -funroll-all-loops -alias-const -ansi-alias  


Running on 2 nodes with total 32 cores, 64 logical cores
  Cores per node:           16
  Logical cores per node:   32
Hardware detected on host r3i4n0 (the node of MPI rank 0):
  CPU info:
    Vendor: Intel
    Brand:  Intel(R) Xeon(R) CPU E5-2670 0 @ 2.60GHz
    Family: 6   Model: 45   Stepping: 6
    Features: aes apic avx clfsh cmov cx8 cx16 htt lahf mmx msr nonstop_tsc pcid pclmuldq pdcm pdpe1gb popcnt pse rdtscp sse2 sse3 sse4.1 sse4.2 ssse3 tdt x2apic
    SIMD instructions most likely to fit this hardware: AVX_256
    SIMD instructions selected at GROMACS compile time: AVX_256

  Hardware topology: Basic
    Sockets, cores, and logical processors:
      Socket  0: [   0  16] [   1  17] [   2  18] [   3  19] [   4  20] [   5  21] [   6  22] [   7  23]
      Socket  1: [   8  24] [   9  25] [  10  26] [  11  27] [  12  28] [  13  29] [  14  30] [  15  31]


The current CPU can measure timings more accurately than the code in
mdrun was configured to use. This might affect your simulation
speed as accurate timings are needed for load-balancing.
Please consider rebuilding mdrun with the GMX_USE_RDTSCP=ON CMake option.


++++ PLEASE READ AND CITE THE FOLLOWING REFERENCE ++++
M. J. Abraham, T. Murtola, R. Schulz, S. Páll, J. C. Smith, B. Hess, E.
Lindahl
GROMACS: High performance molecular simulations through multi-level
parallelism from laptops to supercomputers
SoftwareX 1 (2015) pp. 19-25
-------- -------- --- Thank You --- -------- --------


++++ PLEASE READ AND CITE THE FOLLOWING REFERENCE ++++
S. Páll, M. J. Abraham, C. Kutzner, B. Hess, E. Lindahl
Tackling Exascale Software Challenges in Molecular Dynamics Simulations with
GROMACS
In S. Markidis & E. Laure (Eds.), Solving Software Challenges for Exascale 8759 (2015) pp. 3-27
-------- -------- --- Thank You --- -------- --------


++++ PLEASE READ AND CITE THE FOLLOWING REFERENCE ++++
S. Pronk, S. Páll, R. Schulz, P. Larsson, P. Bjelkmar, R. Apostolov, M. R.
Shirts, J. C. Smith, P. M. Kasson, D. van der Spoel, B. Hess, and E. Lindahl
GROMACS 4.5: a high-throughput and highly parallel open source molecular
simulation toolkit
Bioinformatics 29 (2013) pp. 845-54
-------- -------- --- Thank You --- -------- --------


++++ PLEASE READ AND CITE THE FOLLOWING REFERENCE ++++
B. Hess and C. Kutzner and D. van der Spoel and E. Lindahl
GROMACS 4: Algorithms for highly efficient, load-balanced, and scalable
molecular simulation
J. Chem. Theory Comput. 4 (2008) pp. 435-447
-------- -------- --- Thank You --- -------- --------


++++ PLEASE READ AND CITE THE FOLLOWING REFERENCE ++++
D. van der Spoel, E. Lindahl, B. Hess, G. Groenhof, A. E. Mark and H. J. C.
Berendsen
GROMACS: Fast, Flexible and Free
J. Comp. Chem. 26 (2005) pp. 1701-1719
-------- -------- --- Thank You --- -------- --------


++++ PLEASE READ AND CITE THE FOLLOWING REFERENCE ++++
E. Lindahl and B. Hess and D. van der Spoel
GROMACS 3.0: A package for molecular simulation and trajectory analysis
J. Mol. Mod. 7 (2001) pp. 306-317
-------- -------- --- Thank You --- -------- --------


++++ PLEASE READ AND CITE THE FOLLOWING REFERENCE ++++
H. J. C. Berendsen, D. van der Spoel and R. van Drunen
GROMACS: A message-passing parallel molecular dynamics implementation
Comp. Phys. Comm. 91 (1995) pp. 43-56
-------- -------- --- Thank You --- -------- --------

Input Parameters:
   integrator                     = md
   tinit                          = 0
   dt                             = 0.002
   nsteps                         = 30000000
   init-step                      = 0
   simulation-part                = 1
   comm-mode                      = Linear
   nstcomm                        = 100
   bd-fric                        = 0
   ld-seed                        = -311513889
   emtol                          = 10
   emstep                         = 0.01
   niter                          = 20
   fcstep                         = 0
   nstcgsteep                     = 1000
   nbfgscorr                      = 10
   rtpi                           = 0.05
   nstxout                        = 40
   nstvout                        = 40
   nstfout                        = 0
   nstlog                         = 1000000
   nstcalcenergy                  = 100
   nstenergy                      = 100000
   nstxout-compressed             = 1000000
   compressed-x-precision         = 1000
   cutoff-scheme                  = Group
   nstlist                        = 5
   ns-type                        = Grid
   pbc                            = xyz
   periodic-molecules             = false
   verlet-buffer-tolerance        = 0.005
   rlist                          = 0.9
   coulombtype                    = PME
   coulomb-modifier               = None
   rcoulomb-switch                = 0
   rcoulomb                       = 0.9
   epsilon-r                      = 1
   epsilon-rf                     = inf
   vdw-type                       = User
   vdw-modifier                   = None
   rvdw-switch                    = 0
   rvdw                           = 0.3479
   DispCorr                       = No
   table-extension                = 1
   fourierspacing                 = 0.16
   fourier-nx                     = 56
   fourier-ny                     = 56
   fourier-nz                     = 56
   pme-order                      = 4
   ewald-rtol                     = 1e-05
   ewald-rtol-lj                  = 0.001
   lj-pme-comb-rule               = Geometric
   ewald-geometry                 = 0
   epsilon-surface                = 0
   implicit-solvent               = No
   gb-algorithm                   = Still
   nstgbradii                     = 1
   rgbradii                       = 1
   gb-epsilon-solvent             = 80
   gb-saltconc                    = 0
   gb-obc-alpha                   = 1
   gb-obc-beta                    = 0.8
   gb-obc-gamma                   = 4.85
   gb-dielectric-offset           = 0.009
   sa-algorithm                   = Ace-approximation
   sa-surface-tension             = 2.05016
   tcoupl                         = Berendsen
   nsttcouple                     = 5
   nh-chain-length                = 0
   print-nose-hoover-chain-variables = false
   pcoupl                         = No
   pcoupltype                     = Isotropic
   nstpcouple                     = -1
   tau-p                          = 1
   compressibility (3x3):
      compressibility[    0]={ 0.00000e+00,  0.00000e+00,  0.00000e+00}
      compressibility[    1]={ 0.00000e+00,  0.00000e+00,  0.00000e+00}
      compressibility[    2]={ 0.00000e+00,  0.00000e+00,  0.00000e+00}
   ref-p (3x3):
      ref-p[    0]={ 0.00000e+00,  0.00000e+00,  0.00000e+00}
      ref-p[    1]={ 0.00000e+00,  0.00000e+00,  0.00000e+00}
      ref-p[    2]={ 0.00000e+00,  0.00000e+00,  0.00000e+00}
   refcoord-scaling               = No
   posres-com (3):
      posres-com[0]= 0.00000e+00
      posres-com[1]= 0.00000e+00
      posres-com[2]= 0.00000e+00
   posres-comB (3):
      posres-comB[0]= 0.00000e+00
      posres-comB[1]= 0.00000e+00
      posres-comB[2]= 0.00000e+00
   QMMM                           = false
   QMconstraints                  = 0
   QMMMscheme                     = 0
   MMChargeScaleFactor            = 1
qm-opts:
   ngQM                           = 0
   constraint-algorithm           = Lincs
   continuation                   = true
   Shake-SOR                      = false
   shake-tol                      = 0.0001
   lincs-order                    = 4
   lincs-iter                     = 1
   lincs-warnangle                = 30
   nwall                          = 0
   wall-type                      = 9-3
   wall-r-linpot                  = -1
   wall-atomtype[0]               = -1
   wall-atomtype[1]               = -1
   wall-density[0]                = 0
   wall-density[1]                = 0
   wall-ewald-zfac                = 3
   pull                           = false
   rotation                       = false
   interactiveMD                  = false
   disre                          = No
   disre-weighting                = Conservative
   disre-mixed                    = false
   dr-fc                          = 1000
   dr-tau                         = 0
   nstdisreout                    = 100
   orire-fc                       = 0
   orire-tau                      = 0
   nstorireout                    = 100
   free-energy                    = no
   cos-acceleration               = 0
   deform (3x3):
      deform[    0]={ 0.00000e+00,  0.00000e+00,  0.00000e+00}
      deform[    1]={ 0.00000e+00,  0.00000e+00,  0.00000e+00}
      deform[    2]={ 0.00000e+00,  0.00000e+00,  0.00000e+00}
   simulated-tempering            = false
   E-x:
      n = 1
        a = 7.500000e-01
        phi = 0.000000e+00
   E-xt:
      n = 0
   E-y:
      n = 0
   E-yt:
      n = 0
   E-z:
      n = 0
   E-zt:
      n = 0
   swapcoords                     = no
   userint1                       = 0
   userint2                       = 0
   userint3                       = 0
   userint4                       = 0
   userreal1                      = 0
   userreal2                      = 0
   userreal3                      = 0
   userreal4                      = 0
grpopts:
   nrdf:       29997
   ref-t:       179.8
   tau-t:          20
annealing:          No
annealing-npoints:           0
   acc:	           0           0           0
   nfreeze:           N           N           N
   energygrp-flags[  0]: 0


Initializing Domain Decomposition on 32 ranks
Dynamic load balancing: auto
Guess for relative PME load: 0.52
Will use 16 particle-particle and 16 PME only ranks
This is a guess, check the performance at the end of the log file
Using 16 separate PME ranks, as guessed by mdrun
Scaling the initial minimum size with 1/0.8 (option -dds) = 1.25
Optimizing the DD grid for 16 cells with a minimum initial size of 0.000 nm
Domain decomposition grid 4 x 4 x 1, separate PME ranks 16
PME domain decomposition: 4 x 4 x 1
Interleaving PP and PME ranks
This rank does only particle-particle work.

Domain decomposition rank 0, coordinates 0 0 0

The initial number of communication pulses is: X 1 Y 1
The initial domain decomposition cell size is: X 2.20 nm Y 2.20 nm

When dynamic load balancing gets turned on, these settings will change to:
The maximum number of communication pulses is: X 1 Y 1
The minimum size for domain decomposition cells is 0.900 nm
The requested allowed shrink of DD cells (option -dds) is: 0.80
The allowed shrink of domain decomposition cells is: X 0.41 Y 0.41
Using two step summing over 2 groups of on average 8.0 ranks

Using 32 MPI processes


NOTE: This file uses the deprecated 'group' cutoff_scheme. This will be
removed in a future release when 'verlet' supports all interaction forms.

Table routines are used for coulomb: false
Table routines are used for vdw:     true
Will do PME sum in reciprocal space for electrostatic interactions.

++++ PLEASE READ AND CITE THE FOLLOWING REFERENCE ++++
U. Essmann, L. Perera, M. L. Berkowitz, T. Darden, H. Lee and L. G. Pedersen 
A smooth particle mesh Ewald method
J. Chem. Phys. 103 (1995) pp. 8577-8592
-------- -------- --- Thank You --- -------- --------

Will do ordinary reciprocal space Ewald sum.
Using a Gaussian width (1/beta) of 0.288146 nm for Ewald
Cut-off's:   NS: 0.9   Coulomb: 0.9   LJ: 0.3479
System total charge: 0.000
Read user tables from Table_HS_modif.xvg with 1501 data points.
Tabscale = 500 points/nm
Generated table with 950 data points for Ewald.
Tabscale = 500 points/nm
Potential shift: LJ r^-12: 0.000e+00 r^-6: 0.000e+00, Ewald -0.000e+00
Initialized non-bonded Ewald correction tables, spacing: 8.85e-04 size: 2148


Non-default thread affinity set probably by the OpenMP library,
disabling internal thread affinity

Initializing LINear Constraint Solver

++++ PLEASE READ AND CITE THE FOLLOWING REFERENCE ++++
B. Hess and H. Bekker and H. J. C. Berendsen and J. G. E. M. Fraaije
LINCS: A Linear Constraint Solver for molecular simulations
J. Comp. Chem. 18 (1997) pp. 1463-1472
-------- -------- --- Thank You --- -------- --------

The number of constraints is 6000

Linking all bonded interactions to atoms

Intra-simulation communication will occur every 5 steps.
Center of mass motion removal mode is Linear
We have the following groups for center of mass motion removal:
  0:  rest

++++ PLEASE READ AND CITE THE FOLLOWING REFERENCE ++++
H. J. C. Berendsen, J. P. M. Postma, A. DiNola and J. R. Haak
Molecular dynamics with coupling to an external bath
J. Chem. Phys. 81 (1984) pp. 3684-3690
-------- -------- --- Thank You --- -------- --------

There are: 12000 Atoms
There are: 18000 VSites
Atom distribution over 16 domains: av 1875 stddev 35 min 1805 max 1930
Grid: 3 x 3 x 10 cells
Initial temperature: 180.177 K

Started mdrun on rank 0 Wed Nov 18 09:42:05 2020
           Step           Time
              0        0.00000


   Energies (kJ/mol)
        LJ (SR)   Coulomb (SR)   Coul. recip.      Potential    Kinetic En.
    2.74993e+02   -5.32278e+05   -2.27528e+05   -7.59531e+05    2.24680e+04
   Total Energy    Temperature Pressure (bar)   Constr. rmsd
   -7.37063e+05    1.80170e+02    3.96298e+02    3.58707e-06

DD  step 4 load imb.: force  4.6%  pme mesh/force 13.092

step   20: timed with pme grid 56 56 56, coulomb cutoff 0.900: 6.0 M-cycles
step   30: timed with pme grid 48 48 48, coulomb cutoff 1.031: 5.5 M-cycles
step   40: timed with pme grid 44 44 44, coulomb cutoff 1.125: 5.3 M-cycles
step   50: timed with pme grid 40 40 40, coulomb cutoff 1.237: 5.0 M-cycles
step   60: timed with pme grid 36 36 36, coulomb cutoff 1.375: 4.9 M-cycles
step   70: timed with pme grid 32 32 32, coulomb cutoff 1.547: 4.6 M-cycles
step   80: timed with pme grid 28 28 28, coulomb cutoff 1.768: 4.5 M-cycles
step   90: timed with pme grid 25 25 25, coulomb cutoff 1.980: 4.6 M-cycles
step  100: timed with pme grid 20 20 20, coulomb cutoff 2.475: 4.3 M-cycles
step  110: timed with pme grid 16 16 16, coulomb cutoff 3.094: 4.3 M-cycles
step  120: timed with pme grid 12 12 12, coulomb cutoff 4.125: 4.3 M-cycles
step  120: the PME grid restriction limits the PME load balancing to a coulomb cut-off of 4.125
step  130: timed with pme grid 12 12 12, coulomb cutoff 4.125: 4.3 M-cycles
step  140: timed with pme grid 16 16 16, coulomb cutoff 3.094: 4.3 M-cycles
step  150: timed with pme grid 20 20 20, coulomb cutoff 2.475: 4.3 M-cycles
step  160: timed with pme grid 24 24 24, coulomb cutoff 2.062: 4.4 M-cycles
step  170: timed with pme grid 25 25 25, coulomb cutoff 1.980: 4.5 M-cycles
step  180: timed with pme grid 28 28 28, coulomb cutoff 1.768: 4.5 M-cycles
step  190: timed with pme grid 32 32 32, coulomb cutoff 1.547: 4.6 M-cycles
              optimal pme grid 12 12 12, coulomb cutoff 4.125

step 86500 Turning on dynamic load balancing, because the performance loss due to load imbalance is 2.0 %.


step 88700 Turning off dynamic load balancing, because it is degrading performance.

Atom distribution over 16 domains: av 1875 stddev 43 min 1825 max 1980

step 919000 Turning on dynamic load balancing, because the performance loss due to load imbalance is 2.0 %.


step 919100 Turning off dynamic load balancing, because it is degrading performance.

Atom distribution over 16 domains: av 1875 stddev 58 min 1750 max 1970

step 959000 Turning on dynamic load balancing, because the performance loss due to load imbalance is 2.0 %.


step 959100 Turning off dynamic load balancing, because it is degrading performance.

Atom distribution over 16 domains: av 1875 stddev 60 min 1720 max 1965

step 979000 Turning on dynamic load balancing, because the performance loss due to load imbalance is 2.0 %.


step 979100 Turning off dynamic load balancing, because it is degrading performance.

Atom distribution over 16 domains: av 1875 stddev 40 min 1805 max 1995
DD  step 999999 load imb.: force  6.8%  pme mesh/force 0.910

           Step           Time
        1000000     2000.00000

   Energies (kJ/mol)
        LJ (SR)   Coulomb (SR)   Coul. recip.      Potential    Kinetic En.
    3.13637e+02   -7.08852e+05   -5.03600e+04   -7.58898e+05    2.39615e+04
   Total Energy    Temperature Pressure (bar)   Constr. rmsd
   -7.34936e+05    1.92146e+02    4.57920e+02    3.65031e-06


step 1024000 Turning on dynamic load balancing, because the performance loss due to load imbalance is 2.0 %.


step 1024100 Turning off dynamic load balancing, because it is degrading performance.

Atom distribution over 16 domains: av 1875 stddev 44 min 1795 max 1970
Writing checkpoint, step 1043565 at Wed Nov 18 09:57:05 2020



step 1065500 Turning on dynamic load balancing, because the performance loss due to load imbalance is 2.0 %.


step 1065600 Turning off dynamic load balancing, because it is degrading performance.

Atom distribution over 16 domains: av 1875 stddev 54 min 1785 max 2020

step 1066500 Turning on dynamic load balancing, because the performance loss due to load imbalance is 2.0 %.


step 1066600 Turning off dynamic load balancing, because it is degrading performance.

Atom distribution over 16 domains: av 1875 stddev 59 min 1760 max 1980

step 1067000 Will no longer try dynamic load balancing, as it degraded performance.

DD  step 1999999 load imb.: force  8.2%  pme mesh/force 0.931

           Step           Time
        2000000     4000.00000

   Energies (kJ/mol)
        LJ (SR)   Coulomb (SR)   Coul. recip.      Potential    Kinetic En.
    2.69507e+02   -7.08703e+05   -5.03522e+04   -7.58786e+05    2.37469e+04
   Total Energy    Temperature Pressure (bar)   Constr. rmsd
   -7.35039e+05    1.90426e+02    4.25639e+02    3.64867e-06

Writing checkpoint, step 2086360 at Wed Nov 18 10:12:05 2020


DD  step 2999999 load imb.: force  9.3%  pme mesh/force 0.901

           Step           Time
        3000000     6000.00000

   Energies (kJ/mol)
        LJ (SR)   Coulomb (SR)   Coul. recip.      Potential    Kinetic En.
    2.92383e+02   -7.08791e+05   -5.03640e+04   -7.58863e+05    2.38170e+04
   Total Energy    Temperature Pressure (bar)   Constr. rmsd
   -7.35046e+05    1.90987e+02    4.41308e+02    3.65590e-06

Writing checkpoint, step 3128125 at Wed Nov 18 10:27:05 2020


DD  step 3999999 load imb.: force  6.9%  pme mesh/force 0.913

           Step           Time
        4000000     8000.00000

   Energies (kJ/mol)
        LJ (SR)   Coulomb (SR)   Coul. recip.      Potential    Kinetic En.
    2.88320e+02   -7.08722e+05   -5.03609e+04   -7.58794e+05    2.36864e+04
   Total Energy    Temperature Pressure (bar)   Constr. rmsd
   -7.35108e+05    1.89940e+02    4.39892e+02    3.62192e-06

Writing checkpoint, step 4171285 at Wed Nov 18 10:42:05 2020


DD  step 4999999 load imb.: force  8.8%  pme mesh/force 0.896

           Step           Time
        5000000    10000.00000

   Energies (kJ/mol)
        LJ (SR)   Coulomb (SR)   Coul. recip.      Potential    Kinetic En.
    2.91300e+02   -7.08771e+05   -5.03649e+04   -7.58844e+05    2.38502e+04
   Total Energy    Temperature Pressure (bar)   Constr. rmsd
   -7.34994e+05    1.91254e+02    4.38966e+02    3.66864e-06

Writing checkpoint, step 5214085 at Wed Nov 18 10:57:05 2020


DD  step 5999999 load imb.: force  8.1%  pme mesh/force 0.925

           Step           Time
        6000000    12000.00000

   Energies (kJ/mol)
        LJ (SR)   Coulomb (SR)   Coul. recip.      Potential    Kinetic En.
    3.38353e+02   -7.08696e+05   -5.03614e+04   -7.58719e+05    2.38421e+04
   Total Energy    Temperature Pressure (bar)   Constr. rmsd
   -7.34877e+05    1.91189e+02    4.78947e+02    3.65693e-06

Writing checkpoint, step 6253335 at Wed Nov 18 11:12:05 2020


DD  step 6999999 load imb.: force  7.1%  pme mesh/force 0.894

           Step           Time
        7000000    14000.00000

   Energies (kJ/mol)
        LJ (SR)   Coulomb (SR)   Coul. recip.      Potential    Kinetic En.
    2.95543e+02   -7.08842e+05   -5.03649e+04   -7.58911e+05    2.38211e+04
   Total Energy    Temperature Pressure (bar)   Constr. rmsd
   -7.35090e+05    1.91020e+02    4.41285e+02    3.63118e-06

Writing checkpoint, step 7295380 at Wed Nov 18 11:27:05 2020


DD  step 7999999 load imb.: force  7.4%  pme mesh/force 0.897

           Step           Time
        8000000    16000.00000

   Energies (kJ/mol)
        LJ (SR)   Coulomb (SR)   Coul. recip.      Potential    Kinetic En.
    2.85081e+02   -7.08754e+05   -5.03613e+04   -7.58830e+05    2.39040e+04
   Total Energy    Temperature Pressure (bar)   Constr. rmsd
   -7.34926e+05    1.91686e+02    4.33317e+02    3.66835e-06

Writing checkpoint, step 8338065 at Wed Nov 18 11:42:05 2020


DD  step 8999999 load imb.: force  6.5%  pme mesh/force 0.889

           Step           Time
        9000000    18000.00000

   Energies (kJ/mol)
        LJ (SR)   Coulomb (SR)   Coul. recip.      Potential    Kinetic En.
    2.56311e+02   -7.08764e+05   -5.03598e+04   -7.58868e+05    2.37881e+04
   Total Energy    Temperature Pressure (bar)   Constr. rmsd
   -7.35080e+05    1.90756e+02    4.11883e+02    3.64048e-06

Writing checkpoint, step 9379040 at Wed Nov 18 11:57:05 2020


DD  step 9999999 load imb.: force  5.3%  pme mesh/force 0.896

           Step           Time
       10000000    20000.00000

   Energies (kJ/mol)
        LJ (SR)   Coulomb (SR)   Coul. recip.      Potential    Kinetic En.
    2.96400e+02   -7.08878e+05   -5.03621e+04   -7.58943e+05    2.40042e+04
   Total Energy    Temperature Pressure (bar)   Constr. rmsd
   -7.34939e+05    1.92489e+02    4.46521e+02    3.69013e-06

Writing checkpoint, step 10419910 at Wed Nov 18 12:12:05 2020


DD  step 10999999 load imb.: force  5.1%  pme mesh/force 0.914

           Step           Time
       11000000    22000.00000

   Energies (kJ/mol)
        LJ (SR)   Coulomb (SR)   Coul. recip.      Potential    Kinetic En.
    2.62974e+02   -7.08657e+05   -5.03634e+04   -7.58757e+05    2.37830e+04
   Total Energy    Temperature Pressure (bar)   Constr. rmsd
   -7.34974e+05    1.90715e+02    4.12360e+02    3.59943e-06

Writing checkpoint, step 11460325 at Wed Nov 18 12:27:05 2020


DD  step 11999999 load imb.: force  6.0%  pme mesh/force 0.933

           Step           Time
       12000000    24000.00000

   Energies (kJ/mol)
        LJ (SR)   Coulomb (SR)   Coul. recip.      Potential    Kinetic En.
    3.00823e+02   -7.08623e+05   -5.03637e+04   -7.58686e+05    2.38002e+04
   Total Energy    Temperature Pressure (bar)   Constr. rmsd
   -7.34886e+05    1.90853e+02    4.49797e+02    3.63897e-06

Writing checkpoint, step 12499755 at Wed Nov 18 12:42:05 2020


DD  step 12999999 load imb.: force  9.9%  pme mesh/force 0.918

           Step           Time
       13000000    26000.00000

   Energies (kJ/mol)
        LJ (SR)   Coulomb (SR)   Coul. recip.      Potential    Kinetic En.
    2.99504e+02   -7.08785e+05   -5.03649e+04   -7.58851e+05    2.37409e+04
   Total Energy    Temperature Pressure (bar)   Constr. rmsd
   -7.35110e+05    1.90377e+02    4.35826e+02    3.71250e-06

Writing checkpoint, step 13540775 at Wed Nov 18 12:57:05 2020


DD  step 13999999 load imb.: force  6.3%  pme mesh/force 0.906

           Step           Time
       14000000    28000.00000

   Energies (kJ/mol)
        LJ (SR)   Coulomb (SR)   Coul. recip.      Potential    Kinetic En.
    2.59508e+02   -7.08764e+05   -5.03645e+04   -7.58869e+05    2.38601e+04
   Total Energy    Temperature Pressure (bar)   Constr. rmsd
   -7.35009e+05    1.91333e+02    4.11301e+02    3.60735e-06

Writing checkpoint, step 14582310 at Wed Nov 18 13:12:05 2020


DD  step 14999999 load imb.: force  5.7%  pme mesh/force 0.915

           Step           Time
       15000000    30000.00000

   Energies (kJ/mol)
        LJ (SR)   Coulomb (SR)   Coul. recip.      Potential    Kinetic En.
    3.16204e+02   -7.08843e+05   -5.03604e+04   -7.58887e+05    2.39405e+04
   Total Energy    Temperature Pressure (bar)   Constr. rmsd
   -7.34946e+05    1.91978e+02    4.59767e+02    3.60838e-06

Writing checkpoint, step 15623620 at Wed Nov 18 13:27:05 2020


DD  step 15999999 load imb.: force  8.2%  pme mesh/force 0.911

           Step           Time
       16000000    32000.00000

   Energies (kJ/mol)
        LJ (SR)   Coulomb (SR)   Coul. recip.      Potential    Kinetic En.
    3.50508e+02   -7.08838e+05   -5.03681e+04   -7.58856e+05    2.38314e+04
   Total Energy    Temperature Pressure (bar)   Constr. rmsd
   -7.35025e+05    1.91103e+02    4.93270e+02    3.65054e-06

Writing checkpoint, step 16662350 at Wed Nov 18 13:42:05 2020


DD  step 16999999 load imb.: force  7.3%  pme mesh/force 0.912

           Step           Time
       17000000    34000.00000

   Energies (kJ/mol)
        LJ (SR)   Coulomb (SR)   Coul. recip.      Potential    Kinetic En.
    3.16949e+02   -7.08769e+05   -5.03618e+04   -7.58814e+05    2.36701e+04
   Total Energy    Temperature Pressure (bar)   Constr. rmsd
   -7.35144e+05    1.89809e+02    4.66445e+02    3.63890e-06

Writing checkpoint, step 17705085 at Wed Nov 18 13:57:05 2020


DD  step 17999999 load imb.: force  5.8%  pme mesh/force 0.913

           Step           Time
       18000000    36000.00000

   Energies (kJ/mol)
        LJ (SR)   Coulomb (SR)   Coul. recip.      Potential    Kinetic En.
    3.03680e+02   -7.08681e+05   -5.03586e+04   -7.58736e+05    2.37912e+04
   Total Energy    Temperature Pressure (bar)   Constr. rmsd
   -7.34945e+05    1.90780e+02    4.49182e+02    3.68924e-06

Writing checkpoint, step 18746770 at Wed Nov 18 14:12:05 2020


DD  step 18999999 load imb.: force  9.4%  pme mesh/force 0.875

           Step           Time
       19000000    38000.00000

   Energies (kJ/mol)
        LJ (SR)   Coulomb (SR)   Coul. recip.      Potential    Kinetic En.
    2.91536e+02   -7.08759e+05   -5.03654e+04   -7.58833e+05    2.38646e+04
   Total Energy    Temperature Pressure (bar)   Constr. rmsd
   -7.34969e+05    1.91369e+02    4.42770e+02    3.62378e-06

Writing checkpoint, step 19789475 at Wed Nov 18 14:27:05 2020


DD  step 19999999 load imb.: force  6.7%  pme mesh/force 0.903

           Step           Time
       20000000    40000.00000

   Energies (kJ/mol)
        LJ (SR)   Coulomb (SR)   Coul. recip.      Potential    Kinetic En.
    3.11877e+02   -7.08846e+05   -5.03607e+04   -7.58894e+05    2.39426e+04
   Total Energy    Temperature Pressure (bar)   Constr. rmsd
   -7.34952e+05    1.91995e+02    4.53977e+02    3.64817e-06

Writing checkpoint, step 20831965 at Wed Nov 18 14:42:05 2020


DD  step 20999999 load imb.: force  8.0%  pme mesh/force 0.946

           Step           Time
       21000000    42000.00000

   Energies (kJ/mol)
        LJ (SR)   Coulomb (SR)   Coul. recip.      Potential    Kinetic En.
    3.15941e+02   -7.08751e+05   -5.03631e+04   -7.58798e+05    2.38892e+04
   Total Energy    Temperature Pressure (bar)   Constr. rmsd
   -7.34909e+05    1.91566e+02    4.62918e+02    3.64452e-06

Writing checkpoint, step 21875165 at Wed Nov 18 14:57:05 2020


DD  step 21999999 load imb.: force  7.7%  pme mesh/force 0.908

           Step           Time
       22000000    44000.00000

   Energies (kJ/mol)
        LJ (SR)   Coulomb (SR)   Coul. recip.      Potential    Kinetic En.
    2.66476e+02   -7.08675e+05   -5.03561e+04   -7.58765e+05    2.35944e+04
   Total Energy    Temperature Pressure (bar)   Constr. rmsd
   -7.35171e+05    1.89202e+02    4.23357e+02    3.71146e-06

Writing checkpoint, step 22916885 at Wed Nov 18 15:12:05 2020


DD  step 22999999 load imb.: force 10.4%  pme mesh/force 0.915

           Step           Time
       23000000    46000.00000

   Energies (kJ/mol)
        LJ (SR)   Coulomb (SR)   Coul. recip.      Potential    Kinetic En.
    2.93026e+02   -7.08741e+05   -5.03662e+04   -7.58815e+05    2.37780e+04
   Total Energy    Temperature Pressure (bar)   Constr. rmsd
   -7.35037e+05    1.90675e+02    4.41195e+02    3.60096e-06

Writing checkpoint, step 23959660 at Wed Nov 18 15:27:05 2020


DD  step 23999999 load imb.: force  8.2%  pme mesh/force 0.903

           Step           Time
       24000000    48000.00000

   Energies (kJ/mol)
        LJ (SR)   Coulomb (SR)   Coul. recip.      Potential    Kinetic En.
    2.86762e+02   -7.08696e+05   -5.03610e+04   -7.58770e+05    2.37777e+04
   Total Energy    Temperature Pressure (bar)   Constr. rmsd
   -7.34993e+05    1.90672e+02    4.39090e+02    3.65169e-06

DD  step 24999999 load imb.: force 10.8%  pme mesh/force 0.909

           Step           Time
       25000000    50000.00000

   Energies (kJ/mol)
        LJ (SR)   Coulomb (SR)   Coul. recip.      Potential    Kinetic En.
    2.94119e+02   -7.08758e+05   -5.03634e+04   -7.58828e+05    2.38246e+04
   Total Energy    Temperature Pressure (bar)   Constr. rmsd
   -7.35003e+05    1.91049e+02    4.36137e+02    3.66810e-06

Writing checkpoint, step 25002295 at Wed Nov 18 15:42:05 2020


DD  step 25999999 load imb.: force  8.8%  pme mesh/force 0.893

           Step           Time
       26000000    52000.00000

   Energies (kJ/mol)
        LJ (SR)   Coulomb (SR)   Coul. recip.      Potential    Kinetic En.
    2.90618e+02   -7.08703e+05   -5.03592e+04   -7.58771e+05    2.36836e+04
   Total Energy    Temperature Pressure (bar)   Constr. rmsd
   -7.35088e+05    1.89918e+02    4.36069e+02    3.69029e-06

Writing checkpoint, step 26045075 at Wed Nov 18 15:57:05 2020


DD  step 26999999 load imb.: force  4.9%  pme mesh/force 0.935

           Step           Time
       27000000    54000.00000

   Energies (kJ/mol)
        LJ (SR)   Coulomb (SR)   Coul. recip.      Potential    Kinetic En.
    3.23021e+02   -7.08811e+05   -5.03620e+04   -7.58850e+05    2.39352e+04
   Total Energy    Temperature Pressure (bar)   Constr. rmsd
   -7.34914e+05    1.91935e+02    4.67803e+02    3.68273e-06

Writing checkpoint, step 27088515 at Wed Nov 18 16:12:05 2020


DD  step 27999999 load imb.: force  7.6%  pme mesh/force 0.925

           Step           Time
       28000000    56000.00000

   Energies (kJ/mol)
        LJ (SR)   Coulomb (SR)   Coul. recip.      Potential    Kinetic En.
    2.89509e+02   -7.08779e+05   -5.03696e+04   -7.58859e+05    2.39212e+04
   Total Energy    Temperature Pressure (bar)   Constr. rmsd
   -7.34938e+05    1.91824e+02    4.43339e+02    3.61023e-06

Writing checkpoint, step 28131220 at Wed Nov 18 16:27:05 2020


DD  step 28999999 load imb.: force  8.6%  pme mesh/force 0.940

           Step           Time
       29000000    58000.00000

   Energies (kJ/mol)
        LJ (SR)   Coulomb (SR)   Coul. recip.      Potential    Kinetic En.
    3.20192e+02   -7.08827e+05   -5.03614e+04   -7.58868e+05    2.39552e+04
   Total Energy    Temperature Pressure (bar)   Constr. rmsd
   -7.34913e+05    1.92096e+02    4.67704e+02    3.67937e-06

Writing checkpoint, step 29172725 at Wed Nov 18 16:42:05 2020


DD  step 29999999 load imb.: force  9.6%  pme mesh/force 0.879

           Step           Time
       30000000    60000.00000

Writing checkpoint, step 30000000 at Wed Nov 18 16:54:01 2020


   Energies (kJ/mol)
        LJ (SR)   Coulomb (SR)   Coul. recip.      Potential    Kinetic En.
    2.90528e+02   -7.08809e+05   -5.03592e+04   -7.58878e+05    2.39508e+04
   Total Energy    Temperature Pressure (bar)   Constr. rmsd
   -7.34927e+05    1.92061e+02    4.42423e+02    3.68167e-06

	<======  ###############  ==>
	<====  A V E R A G E S  ====>
	<==  ###############  ======>

	Statistics over 30000001 steps using 300001 frames

   Energies (kJ/mol)
        LJ (SR)   Coulomb (SR)   Coul. recip.      Potential    Kinetic En.
    2.92840e+02   -7.08739e+05   -5.03636e+04   -7.58810e+05    2.38234e+04
   Total Energy    Temperature Pressure (bar)   Constr. rmsd
   -7.34987e+05    1.91039e+02    4.41356e+02    0.00000e+00

   Total Virial (kJ/mol)
   -6.29542e+02    1.68588e+00   -1.76394e-01
    1.68597e+00   -1.35805e+03   -1.24661e-01
   -1.76425e-01   -1.24627e-01   -1.35837e+03

   Pressure (bar)
    4.10023e+02   -1.04138e-01    1.17887e-02
   -1.04142e-01    4.57011e+02    1.24932e-02
    1.17901e-02    1.24916e-02    4.57034e+02


       P P   -   P M E   L O A D   B A L A N C I N G

 NOTE: The PP/PME load balancing was limited by the PME grid restriction,
       you might not have reached a good load balance.

 PP/PME load balancing changed the cut-off and PME settings:
           particle-particle                    PME
            rcoulomb  rlist            grid      spacing   1/beta
   initial  0.900 nm  0.900 nm      56  56  56   0.157 nm  0.288 nm
   final    4.125 nm  0.900 nm      12  12  12   0.733 nm  1.321 nm
 cost-ratio           1.00             0.01
 (note that these numbers concern only part of the total PP and PME load)


	M E G A - F L O P S   A C C O U N T I N G

 NB=Group-cutoff nonbonded kernels    NxN=N-by-N cluster Verlet kernels
 RF=Reaction-Field  VdW=Van der Waals  QSTab=quadratic-spline table
 W3=SPC/TIP3p  W4=TIP4p (single or pairs)
 V&F=Potential and force  V=Potential only  F=Force only

 Computing:                               M-Number         M-Flops  % Flops
-----------------------------------------------------------------------------
 NB VdW [V&F]                       1820938.460796     1820938.461     0.1
 NB VdW [F]                       154967007.999114   154967007.999    10.6
 NB Elec. [V&F]                     9502010.958968     9502010.959     0.7
 NB Elec. [F]                     631512509.544063   631512509.544    43.4
 Calc Weights                       2700000.090000    97200003.240     6.7
 Spread Q Bspline                  57600001.920000   115200003.840     7.9
 Gather F Bspline                  57600001.920000   345600011.520    23.7
 3D-FFT                             1115306.923228     8922455.386     0.6
 Solve PME                            17280.709136     1105965.385     0.1
 NS-Pairs                           2539041.304039    53319867.385     3.7
 Reset In Box                         35999.958000      107999.874     0.0
 CG-CoM                              180000.030000      540000.090     0.0
 Virial                                9216.030720      165888.553     0.0
 Stop-CM                               9000.030000       90000.300     0.0
 Calc-Ekin                           360000.060000     9720001.620     0.7
 Lincs                               180000.006000    10800000.360     0.7
 Constraint-V                        360000.012000     2880000.096     0.2
 Constraint-Vir                        1800.006000       43200.144     0.0
 Virtual Site 2                      545400.036000    12544200.828     0.9
-----------------------------------------------------------------------------
 Total                                              1456042065.583   100.0
-----------------------------------------------------------------------------


    D O M A I N   D E C O M P O S I T I O N   S T A T I S T I C S

 av. #atoms communicated per step for force:  2 x 28490.1

 Average load imbalance: 6.9 %
 Part of the total run time spent waiting due to load imbalance: 2.0 %
 Average PME mesh/force load: 0.925
 Part of the total run time spent waiting due to PP/PME imbalance: 1.7 %


     R E A L   C Y C L E   A N D   T I M E   A C C O U N T I N G

On 16 MPI ranks doing PP, and
on 16 MPI ranks doing PME

 Computing:          Num   Num      Call    Wall time         Giga-Cycles
                     Ranks Threads  Count      (s)         total sum    %
-----------------------------------------------------------------------------
 Domain decomp.        16    1    6000000    2305.970      95927.765   4.4
 DD comm. load         16    1       2721       0.018          0.755   0.0
 DD comm. bounds       16    1        560       0.023          0.976   0.0
 Vsite constr.         16    1   30000001     425.723      17709.951   0.8
 Send X to PME         16    1   30000001     127.172       5290.318   0.2
 Neighbor search       16    1    6000001    5106.290     212420.366   9.9
 Comm. coord.          16    1   30000001     781.154      32495.804   1.5
 Force                 16    1   30000001    7975.724     331788.059  15.4
 Wait + Comm. F        16    1   30000001    1228.427      51102.237   2.4
 PME mesh *            16    1   30000001    8929.043     371445.916  17.2
 PME wait for PP *                          16986.567     706636.835  32.8
 Wait + Recv. PME F    16    1   30000001     290.956      12103.682   0.6
 Vsite spread          16    1   30300002     436.997      18178.960   0.8
 Write traj.           16    1     750027     607.874      25287.407   1.2
 Update                16    1   30000001     544.274      22641.658   1.1
 Constraints           16    1   30000001     636.036      26458.946   1.2
 Comm. energies        16    1    6000001    5054.536     210267.383   9.8
 Rest                                         394.480      16410.246   0.8
-----------------------------------------------------------------------------
 Total                                      25915.653    2156169.025 100.0
-----------------------------------------------------------------------------
(*) Note that with separate PME ranks, the walltime column actually sums to
    twice the total reported, but the cycle count total and % are correct.
-----------------------------------------------------------------------------
 Breakdown of PME mesh computation
-----------------------------------------------------------------------------
 PME redist. X/F       16    1   60000002    2914.180     121229.133   5.6
 PME spread/gather     16    1   60000002    4457.278     185421.619   8.6
 PME 3D-FFT            16    1   60000002     252.061      10485.665   0.5
 PME 3D-FFT Comm.      16    1  120000004    1174.701      48867.258   2.3
 PME solve Elec        16    1   30000001      63.289       2632.809   0.1
-----------------------------------------------------------------------------

NOTE: 10 % of the run time was spent communicating energies,
      you might want to use the -gcom option of mdrun


               Core t (s)   Wall t (s)        (%)
       Time:   829300.896    25915.653     3200.0
                         7h11:55
                 (ns/day)    (hour/ns)
Performance:      200.034        0.120
Finished mdrun on rank 0 Wed Nov 18 16:54:01 2020
