Log file opened on Wed Jun 10 07:22:29 2020
Host: r5i6n15  pid: 23304  rank ID: 0  number of ranks:  32
                        :-) GROMACS - mdrun, 2016.1 (-:

                            GROMACS is written by:
     Emile Apol      Rossen Apostolov  Herman J.C. Berendsen    Par Bjelkmar   
 Aldert van Buuren   Rudi van Drunen     Anton Feenstra    Gerrit Groenhof  
 Christoph Junghans   Anca Hamuraru    Vincent Hindriksen Dimitrios Karkoulis
    Peter Kasson        Jiri Kraus      Carsten Kutzner      Per Larsson    
  Justin A. Lemkul   Magnus Lundborg   Pieter Meulenhoff    Erik Marklund   
   Teemu Murtola       Szilard Pall       Sander Pronk      Roland Schulz   
  Alexey Shvetsov     Michael Shirts     Alfons Sijbers     Peter Tieleman  
  Teemu Virolainen  Christian Wennberg    Maarten Wolf   
                           and the project leaders:
        Mark Abraham, Berk Hess, Erik Lindahl, and David van der Spoel

Copyright (c) 1991-2000, University of Groningen, The Netherlands.
Copyright (c) 2001-2015, The GROMACS development team at
Uppsala University, Stockholm University and
the Royal Institute of Technology, Sweden.
check out http://www.gromacs.org for more information.

GROMACS is free software; you can redistribute it and/or modify it
under the terms of the GNU Lesser General Public License
as published by the Free Software Foundation; either version 2.1
of the License, or (at your option) any later version.

GROMACS:      mdrun, version 2016.1
Executable:   /sw/sdev/Modules/gromacs/gromacs-2016.1/bin/mdrun
Data prefix:  /sw/sdev/Modules/gromacs/gromacs-2016.1
Working dir:  /work/pousaneh/Field-Big/0.266/a1/V7
Command line:
  mdrun -s NVT.tpr -deffnm NVT -table Table_HS_modif.xvg

GROMACS version:    2016.1
Precision:          single
Memory model:       64 bit
MPI library:        MPI
OpenMP support:     enabled (GMX_OPENMP_MAX_THREADS = 32)
GPU support:        disabled
SIMD instructions:  AVX_256
FFT library:        Intel MKL
RDTSCP usage:       disabled
TNG support:        enabled
Hwloc support:      disabled
Tracing support:    disabled
Built on:           Thu Jan 12 07:55:47 CET 2017
Built by:           vegarde@service0 [CMAKE]
Build OS/arch:      Linux 3.0.101-84-default x86_64
Build CPU vendor:   Unknown
Build CPU brand:    Unknown
Build CPU family:   0   Model: 0   Stepping: 0
Build CPU features: Unknown
C compiler:         /sw/sdev/Modules/intelcomp/17.0/bin/icc Intel 17.0.0.20160721
C compiler flags:    -mavx   -mkl=sequential  -std=gnu99  -O3 -xHost -DNDEBUG -ip -funroll-all-loops -alias-const -ansi-alias  
C++ compiler:       /sw/sdev/Modules/intelcomp/17.0/bin/icpc Intel 17.0.0.20160721
C++ compiler flags:  -mavx    -std=c++0x   -O3 -xHost -DNDEBUG -ip -funroll-all-loops -alias-const -ansi-alias  


Running on 2 nodes with total 32 cores, 64 logical cores
  Cores per node:           16
  Logical cores per node:   32
Hardware detected on host r5i6n15 (the node of MPI rank 0):
  CPU info:
    Vendor: Intel
    Brand:  Intel(R) Xeon(R) CPU E5-2670 0 @ 2.60GHz
    Family: 6   Model: 45   Stepping: 6
    Features: aes apic avx clfsh cmov cx8 cx16 htt lahf mmx msr nonstop_tsc pcid pclmuldq pdcm pdpe1gb popcnt pse rdtscp sse2 sse3 sse4.1 sse4.2 ssse3 tdt x2apic
    SIMD instructions most likely to fit this hardware: AVX_256
    SIMD instructions selected at GROMACS compile time: AVX_256

  Hardware topology: Basic
    Sockets, cores, and logical processors:
      Socket  0: [   0  16] [   1  17] [   2  18] [   3  19] [   4  20] [   5  21] [   6  22] [   7  23]
      Socket  1: [   8  24] [   9  25] [  10  26] [  11  27] [  12  28] [  13  29] [  14  30] [  15  31]


The current CPU can measure timings more accurately than the code in
mdrun was configured to use. This might affect your simulation
speed as accurate timings are needed for load-balancing.
Please consider rebuilding mdrun with the GMX_USE_RDTSCP=ON CMake option.


++++ PLEASE READ AND CITE THE FOLLOWING REFERENCE ++++
M. J. Abraham, T. Murtola, R. Schulz, S. Páll, J. C. Smith, B. Hess, E.
Lindahl
GROMACS: High performance molecular simulations through multi-level
parallelism from laptops to supercomputers
SoftwareX 1 (2015) pp. 19-25
-------- -------- --- Thank You --- -------- --------


++++ PLEASE READ AND CITE THE FOLLOWING REFERENCE ++++
S. Páll, M. J. Abraham, C. Kutzner, B. Hess, E. Lindahl
Tackling Exascale Software Challenges in Molecular Dynamics Simulations with
GROMACS
In S. Markidis & E. Laure (Eds.), Solving Software Challenges for Exascale 8759 (2015) pp. 3-27
-------- -------- --- Thank You --- -------- --------


++++ PLEASE READ AND CITE THE FOLLOWING REFERENCE ++++
S. Pronk, S. Páll, R. Schulz, P. Larsson, P. Bjelkmar, R. Apostolov, M. R.
Shirts, J. C. Smith, P. M. Kasson, D. van der Spoel, B. Hess, and E. Lindahl
GROMACS 4.5: a high-throughput and highly parallel open source molecular
simulation toolkit
Bioinformatics 29 (2013) pp. 845-54
-------- -------- --- Thank You --- -------- --------


++++ PLEASE READ AND CITE THE FOLLOWING REFERENCE ++++
B. Hess and C. Kutzner and D. van der Spoel and E. Lindahl
GROMACS 4: Algorithms for highly efficient, load-balanced, and scalable
molecular simulation
J. Chem. Theory Comput. 4 (2008) pp. 435-447
-------- -------- --- Thank You --- -------- --------


++++ PLEASE READ AND CITE THE FOLLOWING REFERENCE ++++
D. van der Spoel, E. Lindahl, B. Hess, G. Groenhof, A. E. Mark and H. J. C.
Berendsen
GROMACS: Fast, Flexible and Free
J. Comp. Chem. 26 (2005) pp. 1701-1719
-------- -------- --- Thank You --- -------- --------


++++ PLEASE READ AND CITE THE FOLLOWING REFERENCE ++++
E. Lindahl and B. Hess and D. van der Spoel
GROMACS 3.0: A package for molecular simulation and trajectory analysis
J. Mol. Mod. 7 (2001) pp. 306-317
-------- -------- --- Thank You --- -------- --------


++++ PLEASE READ AND CITE THE FOLLOWING REFERENCE ++++
H. J. C. Berendsen, D. van der Spoel and R. van Drunen
GROMACS: A message-passing parallel molecular dynamics implementation
Comp. Phys. Comm. 91 (1995) pp. 43-56
-------- -------- --- Thank You --- -------- --------

Input Parameters:
   integrator                     = md
   tinit                          = 0
   dt                             = 0.002
   nsteps                         = 200000000
   init-step                      = 0
   simulation-part                = 1
   comm-mode                      = Linear
   nstcomm                        = 100
   bd-fric                        = 0
   ld-seed                        = -1948153663
   emtol                          = 10
   emstep                         = 0.01
   niter                          = 20
   fcstep                         = 0
   nstcgsteep                     = 1000
   nbfgscorr                      = 10
   rtpi                           = 0.05
   nstxout                        = 10000000
   nstvout                        = 10000000
   nstfout                        = 0
   nstlog                         = 10000000
   nstcalcenergy                  = 100
   nstenergy                      = 1000000
   nstxout-compressed             = 10000000
   compressed-x-precision         = 1000
   cutoff-scheme                  = Group
   nstlist                        = 10
   ns-type                        = Grid
   pbc                            = xyz
   periodic-molecules             = false
   verlet-buffer-tolerance        = 0.005
   rlist                          = 0.9
   coulombtype                    = PME
   coulomb-modifier               = None
   rcoulomb-switch                = 0
   rcoulomb                       = 0.9
   epsilon-r                      = 1
   epsilon-rf                     = inf
   vdw-type                       = User
   vdw-modifier                   = None
   rvdw-switch                    = 0
   rvdw                           = 0.3479
   DispCorr                       = No
   table-extension                = 1
   fourierspacing                 = 0.16
   fourier-nx                     = 56
   fourier-ny                     = 56
   fourier-nz                     = 56
   pme-order                      = 4
   ewald-rtol                     = 1e-05
   ewald-rtol-lj                  = 0.001
   lj-pme-comb-rule               = Geometric
   ewald-geometry                 = 0
   epsilon-surface                = 0
   implicit-solvent               = No
   gb-algorithm                   = Still
   nstgbradii                     = 1
   rgbradii                       = 1
   gb-epsilon-solvent             = 80
   gb-saltconc                    = 0
   gb-obc-alpha                   = 1
   gb-obc-beta                    = 0.8
   gb-obc-gamma                   = 4.85
   gb-dielectric-offset           = 0.009
   sa-algorithm                   = Ace-approximation
   sa-surface-tension             = 2.05016
   tcoupl                         = V-rescale
   nsttcouple                     = 10
   nh-chain-length                = 0
   print-nose-hoover-chain-variables = false
   pcoupl                         = No
   pcoupltype                     = Isotropic
   nstpcouple                     = -1
   tau-p                          = 1
   compressibility (3x3):
      compressibility[    0]={ 0.00000e+00,  0.00000e+00,  0.00000e+00}
      compressibility[    1]={ 0.00000e+00,  0.00000e+00,  0.00000e+00}
      compressibility[    2]={ 0.00000e+00,  0.00000e+00,  0.00000e+00}
   ref-p (3x3):
      ref-p[    0]={ 0.00000e+00,  0.00000e+00,  0.00000e+00}
      ref-p[    1]={ 0.00000e+00,  0.00000e+00,  0.00000e+00}
      ref-p[    2]={ 0.00000e+00,  0.00000e+00,  0.00000e+00}
   refcoord-scaling               = No
   posres-com (3):
      posres-com[0]= 0.00000e+00
      posres-com[1]= 0.00000e+00
      posres-com[2]= 0.00000e+00
   posres-comB (3):
      posres-comB[0]= 0.00000e+00
      posres-comB[1]= 0.00000e+00
      posres-comB[2]= 0.00000e+00
   QMMM                           = false
   QMconstraints                  = 0
   QMMMscheme                     = 0
   MMChargeScaleFactor            = 1
qm-opts:
   ngQM                           = 0
   constraint-algorithm           = Lincs
   continuation                   = true
   Shake-SOR                      = false
   shake-tol                      = 0.0001
   lincs-order                    = 4
   lincs-iter                     = 1
   lincs-warnangle                = 30
   nwall                          = 0
   wall-type                      = 9-3
   wall-r-linpot                  = -1
   wall-atomtype[0]               = -1
   wall-atomtype[1]               = -1
   wall-density[0]                = 0
   wall-density[1]                = 0
   wall-ewald-zfac                = 3
   pull                           = false
   rotation                       = false
   interactiveMD                  = false
   disre                          = No
   disre-weighting                = Conservative
   disre-mixed                    = false
   dr-fc                          = 1000
   dr-tau                         = 0
   nstdisreout                    = 100
   orire-fc                       = 0
   orire-tau                      = 0
   nstorireout                    = 100
   free-energy                    = no
   cos-acceleration               = 0
   deform (3x3):
      deform[    0]={ 0.00000e+00,  0.00000e+00,  0.00000e+00}
      deform[    1]={ 0.00000e+00,  0.00000e+00,  0.00000e+00}
      deform[    2]={ 0.00000e+00,  0.00000e+00,  0.00000e+00}
   simulated-tempering            = false
   E-x:
      n = 0
   E-xt:
      n = 0
   E-y:
      n = 0
   E-yt:
      n = 0
   E-z:
      n = 0
   E-zt:
      n = 0
   swapcoords                     = no
   userint1                       = 0
   userint2                       = 0
   userint3                       = 0
   userint4                       = 0
   userreal1                      = 0
   userreal2                      = 0
   userreal3                      = 0
   userreal4                      = 0
grpopts:
   nrdf:       29997
   ref-t:       179.8
   tau-t:         0.1
annealing:          No
annealing-npoints:           0
   acc:	           0           0           0
   nfreeze:           N           N           N
   energygrp-flags[  0]: 0


Initializing Domain Decomposition on 32 ranks
Dynamic load balancing: auto
Guess for relative PME load: 0.50
Will use 16 particle-particle and 16 PME only ranks
This is a guess, check the performance at the end of the log file
Using 16 separate PME ranks, as guessed by mdrun
Scaling the initial minimum size with 1/0.8 (option -dds) = 1.25
Optimizing the DD grid for 16 cells with a minimum initial size of 0.000 nm
Domain decomposition grid 4 x 4 x 1, separate PME ranks 16
PME domain decomposition: 4 x 4 x 1
Interleaving PP and PME ranks
This rank does only particle-particle work.

Domain decomposition rank 0, coordinates 0 0 0

The initial number of communication pulses is: X 1 Y 1
The initial domain decomposition cell size is: X 2.12 nm Y 2.12 nm

When dynamic load balancing gets turned on, these settings will change to:
The maximum number of communication pulses is: X 1 Y 1
The minimum size for domain decomposition cells is 0.900 nm
The requested allowed shrink of DD cells (option -dds) is: 0.80
The allowed shrink of domain decomposition cells is: X 0.42 Y 0.42
Using two step summing over 2 groups of on average 8.0 ranks

Using 32 MPI processes


NOTE: This file uses the deprecated 'group' cutoff_scheme. This will be
removed in a future release when 'verlet' supports all interaction forms.

Table routines are used for coulomb: false
Table routines are used for vdw:     true
Will do PME sum in reciprocal space for electrostatic interactions.

++++ PLEASE READ AND CITE THE FOLLOWING REFERENCE ++++
U. Essmann, L. Perera, M. L. Berkowitz, T. Darden, H. Lee and L. G. Pedersen 
A smooth particle mesh Ewald method
J. Chem. Phys. 103 (1995) pp. 8577-8592
-------- -------- --- Thank You --- -------- --------

Will do ordinary reciprocal space Ewald sum.
Using a Gaussian width (1/beta) of 0.288146 nm for Ewald
Cut-off's:   NS: 0.9   Coulomb: 0.9   LJ: 0.3479
System total charge: 0.000
Read user tables from Table_HS_modif.xvg with 1501 data points.
Tabscale = 500 points/nm
Generated table with 950 data points for Ewald.
Tabscale = 500 points/nm
Potential shift: LJ r^-12: 0.000e+00 r^-6: 0.000e+00, Ewald -0.000e+00
Initialized non-bonded Ewald correction tables, spacing: 8.85e-04 size: 2148


Non-default thread affinity set probably by the OpenMP library,
disabling internal thread affinity

Initializing LINear Constraint Solver

++++ PLEASE READ AND CITE THE FOLLOWING REFERENCE ++++
B. Hess and H. Bekker and H. J. C. Berendsen and J. G. E. M. Fraaije
LINCS: A Linear Constraint Solver for molecular simulations
J. Comp. Chem. 18 (1997) pp. 1463-1472
-------- -------- --- Thank You --- -------- --------

The number of constraints is 6000

Linking all bonded interactions to atoms

Intra-simulation communication will occur every 10 steps.
Center of mass motion removal mode is Linear
We have the following groups for center of mass motion removal:
  0:  rest

++++ PLEASE READ AND CITE THE FOLLOWING REFERENCE ++++
G. Bussi, D. Donadio and M. Parrinello
Canonical sampling through velocity rescaling
J. Chem. Phys. 126 (2007) pp. 014101
-------- -------- --- Thank You --- -------- --------

There are: 12000 Atoms
There are: 18000 VSites
Atom distribution over 16 domains: av 1875 stddev 55 min 1770 max 1970
Grid: 3 x 3 x 9 cells
Initial temperature: 179.584 K

Started mdrun on rank 0 Wed Jun 10 07:22:29 2020
           Step           Time
              0        0.00000


   Energies (kJ/mol)
        LJ (SR)   Coulomb (SR)   Coul. recip.      Potential    Kinetic En.
    3.36783e+02   -5.32384e+05   -2.27670e+05   -7.59716e+05    2.23942e+04
   Total Energy  Conserved En.    Temperature Pressure (bar)   Constr. rmsd
   -7.37322e+05   -7.37322e+05    1.79578e+02    5.33845e+02    3.43643e-06

DD  step 9 load imb.: force  6.5%  pme mesh/force 1.880

step   40: timed with pme grid 56 56 56, coulomb cutoff 0.900: 10.8 M-cycles
step   60: timed with pme grid 48 48 48, coulomb cutoff 0.996: 9.7 M-cycles
step   80: timed with pme grid 44 44 44, coulomb cutoff 1.087: 9.3 M-cycles
step  100: timed with pme grid 40 40 40, coulomb cutoff 1.195: 8.6 M-cycles
step  120: timed with pme grid 36 36 36, coulomb cutoff 1.328: 8.4 M-cycles
step  140: timed with pme grid 32 32 32, coulomb cutoff 1.494: 7.7 M-cycles
step  160: timed with pme grid 28 28 28, coulomb cutoff 1.708: 7.5 M-cycles
step  180: timed with pme grid 25 25 25, coulomb cutoff 1.913: 7.5 M-cycles
step  200: timed with pme grid 20 20 20, coulomb cutoff 2.391: 7.4 M-cycles
step  220: timed with pme grid 16 16 16, coulomb cutoff 2.988: 7.4 M-cycles
step  240: timed with pme grid 12 12 12, coulomb cutoff 3.984: 7.4 M-cycles
step  240: the PME grid restriction limits the PME load balancing to a coulomb cut-off of 3.984
step  260: timed with pme grid 12 12 12, coulomb cutoff 3.984: 7.4 M-cycles
step  280: timed with pme grid 16 16 16, coulomb cutoff 2.988: 7.4 M-cycles
step  300: timed with pme grid 20 20 20, coulomb cutoff 2.391: 7.3 M-cycles
step  320: timed with pme grid 24 24 24, coulomb cutoff 1.992: 7.3 M-cycles
step  340: timed with pme grid 25 25 25, coulomb cutoff 1.913: 7.5 M-cycles
step  360: timed with pme grid 28 28 28, coulomb cutoff 1.708: 7.5 M-cycles
step  380: timed with pme grid 32 32 32, coulomb cutoff 1.494: 7.6 M-cycles
              optimal pme grid 20 20 20, coulomb cutoff 2.391

step 10000 Turning on dynamic load balancing, because the performance loss due to load imbalance is 3.3 %.

Grid: 5 x 4 x 9 cells
Writing checkpoint, step 1588120 at Wed Jun 10 07:37:29 2020



step 1588200 Turning off dynamic load balancing, because it is degrading performance.

Atom distribution over 16 domains: av 1875 stddev 44 min 1795 max 1940
Writing checkpoint, step 3111120 at Wed Jun 10 07:52:29 2020


Writing checkpoint, step 4651470 at Wed Jun 10 08:07:29 2020


Writing checkpoint, step 6192420 at Wed Jun 10 08:22:29 2020


Writing checkpoint, step 7720880 at Wed Jun 10 08:37:29 2020


Writing checkpoint, step 9254380 at Wed Jun 10 08:52:29 2020


DD  step 9999999 load imb.: force  5.5%  pme mesh/force 1.004

           Step           Time
       10000000    20000.00000

   Energies (kJ/mol)
        LJ (SR)   Coulomb (SR)   Coul. recip.      Potential    Kinetic En.
    3.07072e+02   -6.73178e+05   -8.68001e+04   -7.59671e+05    2.21385e+04
   Total Energy  Conserved En.    Temperature Pressure (bar)   Constr. rmsd
   -7.37533e+05    2.37043e+05    1.77528e+02    4.90485e+02    3.44590e-06

Writing checkpoint, step 10792540 at Wed Jun 10 09:07:29 2020


Writing checkpoint, step 12343000 at Wed Jun 10 09:22:29 2020


Writing checkpoint, step 13888820 at Wed Jun 10 09:37:29 2020


Writing checkpoint, step 15440480 at Wed Jun 10 09:52:29 2020


Writing checkpoint, step 16987900 at Wed Jun 10 10:07:29 2020


Writing checkpoint, step 18538100 at Wed Jun 10 10:22:29 2020


DD  step 19999999 load imb.: force 10.5%  pme mesh/force 0.999

           Step           Time
       20000000    40000.00000

   Energies (kJ/mol)
        LJ (SR)   Coulomb (SR)   Coul. recip.      Potential    Kinetic En.
    3.31006e+02   -6.73175e+05   -8.68122e+04   -7.59656e+05    2.22763e+04
   Total Energy  Conserved En.    Temperature Pressure (bar)   Constr. rmsd
   -7.37379e+05    1.21241e+06    1.78633e+02    5.21232e+02    3.33775e-06

Writing checkpoint, step 20092710 at Wed Jun 10 10:37:29 2020


Writing checkpoint, step 21649350 at Wed Jun 10 10:52:29 2020


Writing checkpoint, step 23215340 at Wed Jun 10 11:07:29 2020


Writing checkpoint, step 24780150 at Wed Jun 10 11:22:29 2020


Writing checkpoint, step 26337130 at Wed Jun 10 11:37:29 2020


Writing checkpoint, step 27901010 at Wed Jun 10 11:52:29 2020


Writing checkpoint, step 29450600 at Wed Jun 10 12:07:29 2020


DD  step 29999999 load imb.: force  4.2%  pme mesh/force 0.983

           Step           Time
       30000000    60000.00000

   Energies (kJ/mol)
        LJ (SR)   Coulomb (SR)   Coul. recip.      Potential    Kinetic En.
    3.38950e+02   -6.73076e+05   -8.68043e+04   -7.59541e+05    2.22585e+04
   Total Energy  Conserved En.    Temperature Pressure (bar)   Constr. rmsd
   -7.37283e+05    2.18584e+06    1.78490e+02    5.32789e+02    3.47415e-06

Writing checkpoint, step 30999780 at Wed Jun 10 12:22:29 2020


Writing checkpoint, step 32549730 at Wed Jun 10 12:37:29 2020


Writing checkpoint, step 34093590 at Wed Jun 10 12:52:29 2020


Writing checkpoint, step 35641190 at Wed Jun 10 13:07:29 2020


Writing checkpoint, step 37184480 at Wed Jun 10 13:22:29 2020


Writing checkpoint, step 38727710 at Wed Jun 10 13:37:29 2020


DD  step 39999999 load imb.: force 11.3%  pme mesh/force 0.993

           Step           Time
       40000000    80000.00000

   Energies (kJ/mol)
        LJ (SR)   Coulomb (SR)   Coul. recip.      Potential    Kinetic En.
    3.38346e+02   -6.73041e+05   -8.68080e+04   -7.59511e+05    2.22568e+04
   Total Energy  Conserved En.    Temperature Pressure (bar)   Constr. rmsd
   -7.37254e+05    3.16266e+06    1.78476e+02    5.33768e+02    3.32639e-06

Writing checkpoint, step 40268580 at Wed Jun 10 13:52:29 2020


Writing checkpoint, step 41816860 at Wed Jun 10 14:07:29 2020


Writing checkpoint, step 43363560 at Wed Jun 10 14:22:29 2020


Writing checkpoint, step 44909080 at Wed Jun 10 14:37:29 2020


Writing checkpoint, step 46453030 at Wed Jun 10 14:52:29 2020


Writing checkpoint, step 48009240 at Wed Jun 10 15:07:29 2020


Writing checkpoint, step 49556720 at Wed Jun 10 15:22:29 2020


DD  step 49999999 load imb.: force  8.3%  pme mesh/force 0.962

           Step           Time
       50000000   100000.00000

   Energies (kJ/mol)
        LJ (SR)   Coulomb (SR)   Coul. recip.      Potential    Kinetic En.
    3.18134e+02   -6.73189e+05   -8.68095e+04   -7.59681e+05    2.21966e+04
   Total Energy  Conserved En.    Temperature Pressure (bar)   Constr. rmsd
   -7.37484e+05    4.13837e+06    1.77994e+02    5.10728e+02    3.37131e-06

Writing checkpoint, step 51093810 at Wed Jun 10 15:37:29 2020


Writing checkpoint, step 52635940 at Wed Jun 10 15:52:29 2020


Writing checkpoint, step 54192720 at Wed Jun 10 16:07:29 2020


Writing checkpoint, step 55724460 at Wed Jun 10 16:22:29 2020


Writing checkpoint, step 57256770 at Wed Jun 10 16:37:29 2020


Writing checkpoint, step 58785080 at Wed Jun 10 16:52:29 2020


DD  step 59999999 load imb.: force  6.1%  pme mesh/force 0.984

           Step           Time
       60000000   120000.00000

   Energies (kJ/mol)
        LJ (SR)   Coulomb (SR)   Coul. recip.      Potential    Kinetic En.
    2.75391e+02   -6.73054e+05   -8.68015e+04   -7.59580e+05    2.25286e+04
   Total Energy  Conserved En.    Temperature Pressure (bar)   Constr. rmsd
   -7.37052e+05    5.11383e+06    1.80656e+02    4.70622e+02    3.35304e-06

Writing checkpoint, step 60321580 at Wed Jun 10 17:07:29 2020


Writing checkpoint, step 61851290 at Wed Jun 10 17:22:29 2020


Writing checkpoint, step 63380470 at Wed Jun 10 17:37:29 2020


Writing checkpoint, step 64921180 at Wed Jun 10 17:52:29 2020


Writing checkpoint, step 66456100 at Wed Jun 10 18:07:29 2020


Writing checkpoint, step 68005460 at Wed Jun 10 18:22:29 2020


Writing checkpoint, step 69553100 at Wed Jun 10 18:37:29 2020


DD  step 69999999 load imb.: force  5.0%  pme mesh/force 1.026

           Step           Time
       70000000   140000.00000

   Energies (kJ/mol)
        LJ (SR)   Coulomb (SR)   Coul. recip.      Potential    Kinetic En.
    3.32724e+02   -6.73194e+05   -8.68060e+04   -7.59667e+05    2.25088e+04
   Total Energy  Conserved En.    Temperature Pressure (bar)   Constr. rmsd
   -7.37158e+05    6.08552e+06    1.80497e+02    5.30742e+02    3.44147e-06

Writing checkpoint, step 71111110 at Wed Jun 10 18:52:29 2020


Writing checkpoint, step 72677330 at Wed Jun 10 19:07:29 2020


Writing checkpoint, step 74237730 at Wed Jun 10 19:22:29 2020


Writing checkpoint, step 75801450 at Wed Jun 10 19:37:29 2020


Writing checkpoint, step 77366550 at Wed Jun 10 19:52:29 2020


Writing checkpoint, step 78919690 at Wed Jun 10 20:07:29 2020


DD  step 79999999 load imb.: force  4.6%  pme mesh/force 1.001

           Step           Time
       80000000   160000.00000

   Energies (kJ/mol)
        LJ (SR)   Coulomb (SR)   Coul. recip.      Potential    Kinetic En.
    3.30337e+02   -6.73159e+05   -8.68095e+04   -7.59638e+05    2.25105e+04
   Total Energy  Conserved En.    Temperature Pressure (bar)   Constr. rmsd
   -7.37128e+05    7.06201e+06    1.80511e+02    5.25891e+02    3.42487e-06

Writing checkpoint, step 80469960 at Wed Jun 10 20:22:29 2020


Writing checkpoint, step 82033690 at Wed Jun 10 20:37:29 2020


Writing checkpoint, step 83590790 at Wed Jun 10 20:52:29 2020


Writing checkpoint, step 85149690 at Wed Jun 10 21:07:29 2020


Writing checkpoint, step 86700880 at Wed Jun 10 21:22:29 2020


Writing checkpoint, step 88249620 at Wed Jun 10 21:37:29 2020


Writing checkpoint, step 89788440 at Wed Jun 10 21:52:29 2020


DD  step 89999999 load imb.: force  5.7%  pme mesh/force 1.000

           Step           Time
       90000000   180000.00000

   Energies (kJ/mol)
        LJ (SR)   Coulomb (SR)   Coul. recip.      Potential    Kinetic En.
    3.51124e+02   -6.73050e+05   -8.68164e+04   -7.59515e+05    2.21018e+04
   Total Energy  Conserved En.    Temperature Pressure (bar)   Constr. rmsd
   -7.37413e+05    8.03747e+06    1.77233e+02    5.43388e+02    3.38479e-06


step 90682000 Turning on dynamic load balancing, because the performance loss due to load imbalance is 2.0 %.

Writing checkpoint, step 91354780 at Wed Jun 10 22:07:29 2020



step 91354800 Turning off dynamic load balancing, because it is degrading performance.

Atom distribution over 16 domains: av 1875 stddev 39 min 1820 max 1980
Writing checkpoint, step 92901950 at Wed Jun 10 22:22:29 2020


Writing checkpoint, step 94449070 at Wed Jun 10 22:37:29 2020


Writing checkpoint, step 95996590 at Wed Jun 10 22:52:29 2020


Writing checkpoint, step 97538660 at Wed Jun 10 23:07:29 2020


Writing checkpoint, step 99088970 at Wed Jun 10 23:22:29 2020


DD  step 99999999 load imb.: force  4.6%  pme mesh/force 0.982

           Step           Time
      100000000   200000.00000

   Energies (kJ/mol)
        LJ (SR)   Coulomb (SR)   Coul. recip.      Potential    Kinetic En.
    3.08703e+02   -6.73199e+05   -8.67972e+04   -7.59687e+05    2.23252e+04
   Total Energy  Conserved En.    Temperature Pressure (bar)   Constr. rmsd
   -7.37362e+05    9.01000e+06    1.79025e+02    4.98220e+02    3.41599e-06

Writing checkpoint, step 100633910 at Wed Jun 10 23:37:29 2020


Writing checkpoint, step 102177290 at Wed Jun 10 23:52:29 2020


Writing checkpoint, step 103720780 at Thu Jun 11 00:07:29 2020


Writing checkpoint, step 105276750 at Thu Jun 11 00:22:29 2020


Writing checkpoint, step 106813140 at Thu Jun 11 00:37:29 2020


Writing checkpoint, step 108349890 at Thu Jun 11 00:52:29 2020


Writing checkpoint, step 109883090 at Thu Jun 11 01:07:29 2020


DD  step 109999999 load imb.: force  4.6%  pme mesh/force 0.987

           Step           Time
      110000000   220000.00000

   Energies (kJ/mol)
        LJ (SR)   Coulomb (SR)   Coul. recip.      Potential    Kinetic En.
    3.10947e+02   -6.73145e+05   -8.68157e+04   -7.59650e+05    2.23594e+04
   Total Energy  Conserved En.    Temperature Pressure (bar)   Constr. rmsd
   -7.37290e+05    9.98250e+06    1.79299e+02    4.97838e+02    3.42461e-06

Writing checkpoint, step 111417550 at Thu Jun 11 01:22:29 2020


Writing checkpoint, step 112944790 at Thu Jun 11 01:37:29 2020


Writing checkpoint, step 114471470 at Thu Jun 11 01:52:29 2020


Writing checkpoint, step 116006860 at Thu Jun 11 02:07:29 2020


Writing checkpoint, step 117555270 at Thu Jun 11 02:22:29 2020


Writing checkpoint, step 119099630 at Thu Jun 11 02:37:29 2020


DD  step 119999999 load imb.: force 25.7%  pme mesh/force 0.901

           Step           Time
      120000000   240000.00000

   Energies (kJ/mol)
        LJ (SR)   Coulomb (SR)   Coul. recip.      Potential    Kinetic En.
    3.44059e+02   -6.73158e+05   -8.68143e+04   -7.59629e+05    2.22224e+04
   Total Energy  Conserved En.    Temperature Pressure (bar)   Constr. rmsd
   -7.37406e+05    1.09574e+07    1.78201e+02    5.41828e+02    3.36068e-06

Writing checkpoint, step 120639590 at Thu Jun 11 02:52:29 2020


Writing checkpoint, step 122177240 at Thu Jun 11 03:07:29 2020


Writing checkpoint, step 123715070 at Thu Jun 11 03:22:29 2020


Writing checkpoint, step 125256370 at Thu Jun 11 03:37:29 2020


Writing checkpoint, step 126815450 at Thu Jun 11 03:52:29 2020



step 127791000 Turning on dynamic load balancing, because the performance loss due to load imbalance is 2.0 %.


step 127791200 Turning off dynamic load balancing, because it is degrading performance.

Atom distribution over 16 domains: av 1875 stddev 57 min 1780 max 1970

step 127808000 Turning on dynamic load balancing, because the performance loss due to load imbalance is 2.0 %.

Writing checkpoint, step 128390820 at Thu Jun 11 04:07:29 2020


Writing checkpoint, step 129987120 at Thu Jun 11 04:22:29 2020



step 129987200 Turning off dynamic load balancing, because it is degrading performance.

Atom distribution over 16 domains: av 1875 stddev 43 min 1820 max 1990
DD  step 129999999 load imb.: force 44.5%  pme mesh/force 0.856

           Step           Time
      130000000   260000.00000

   Energies (kJ/mol)
        LJ (SR)   Coulomb (SR)   Coul. recip.      Potential    Kinetic En.
    3.15403e+02   -6.73096e+05   -8.68174e+04   -7.59598e+05    2.25258e+04
   Total Energy  Conserved En.    Temperature Pressure (bar)   Constr. rmsd
   -7.37072e+05    1.19350e+07    1.80633e+02    5.10375e+02    3.37999e-06

Writing checkpoint, step 131521010 at Thu Jun 11 04:37:29 2020


Writing checkpoint, step 133052820 at Thu Jun 11 04:52:29 2020


Writing checkpoint, step 134582260 at Thu Jun 11 05:07:29 2020


Writing checkpoint, step 136129230 at Thu Jun 11 05:22:29 2020


Writing checkpoint, step 137671830 at Thu Jun 11 05:37:29 2020


Writing checkpoint, step 139207110 at Thu Jun 11 05:52:29 2020


DD  step 139999999 load imb.: force  4.9%  pme mesh/force 1.003

           Step           Time
      140000000   280000.00000

   Energies (kJ/mol)
        LJ (SR)   Coulomb (SR)   Coul. recip.      Potential    Kinetic En.
    3.44006e+02   -6.73117e+05   -8.68163e+04   -7.59590e+05    2.27026e+04
   Total Energy  Conserved En.    Temperature Pressure (bar)   Constr. rmsd
   -7.36887e+05    1.29104e+07    1.82051e+02    5.43103e+02    3.45061e-06

Writing checkpoint, step 140748240 at Thu Jun 11 06:07:29 2020


Writing checkpoint, step 142294990 at Thu Jun 11 06:22:29 2020


Writing checkpoint, step 143840190 at Thu Jun 11 06:37:29 2020


Writing checkpoint, step 145382870 at Thu Jun 11 06:52:29 2020


Writing checkpoint, step 146929940 at Thu Jun 11 07:07:29 2020


Writing checkpoint, step 148456280 at Thu Jun 11 07:22:29 2020


Writing checkpoint, step 149985460 at Thu Jun 11 07:37:29 2020


DD  step 149999999 load imb.: force  7.2%  pme mesh/force 0.985

           Step           Time
      150000000   300000.00000

   Energies (kJ/mol)
        LJ (SR)   Coulomb (SR)   Coul. recip.      Potential    Kinetic En.
    2.75106e+02   -6.73091e+05   -8.68116e+04   -7.59628e+05    2.22331e+04
   Total Energy  Conserved En.    Temperature Pressure (bar)   Constr. rmsd
   -7.37395e+05    1.38864e+07    1.78286e+02    4.62630e+02    3.47037e-06

Writing checkpoint, step 151537140 at Thu Jun 11 07:52:29 2020


Writing checkpoint, step 153071590 at Thu Jun 11 08:07:29 2020


Writing checkpoint, step 154614620 at Thu Jun 11 08:22:29 2020


Writing checkpoint, step 156151680 at Thu Jun 11 08:37:29 2020


Writing checkpoint, step 157699650 at Thu Jun 11 08:52:29 2020


Writing checkpoint, step 159238260 at Thu Jun 11 09:07:29 2020


DD  step 159999999 load imb.: force  6.4%  pme mesh/force 1.002

           Step           Time
      160000000   320000.00000

   Energies (kJ/mol)
        LJ (SR)   Coulomb (SR)   Coul. recip.      Potential    Kinetic En.
    3.44246e+02   -6.73042e+05   -8.68051e+04   -7.59503e+05    2.24251e+04
   Total Energy  Conserved En.    Temperature Pressure (bar)   Constr. rmsd
   -7.37078e+05    1.48622e+07    1.79826e+02    5.40058e+02    3.41195e-06

Writing checkpoint, step 160781400 at Thu Jun 11 09:22:29 2020


Writing checkpoint, step 162320180 at Thu Jun 11 09:37:29 2020


Writing checkpoint, step 163855500 at Thu Jun 11 09:52:29 2020


Writing checkpoint, step 165389660 at Thu Jun 11 10:07:29 2020


Writing checkpoint, step 166939240 at Thu Jun 11 10:22:29 2020


Writing checkpoint, step 168470900 at Thu Jun 11 10:37:29 2020


DD  step 169999999 load imb.: force  6.5%  pme mesh/force 0.991

           Step           Time
      170000000   340000.00000

   Energies (kJ/mol)
        LJ (SR)   Coulomb (SR)   Coul. recip.      Potential    Kinetic En.
    3.44914e+02   -6.73153e+05   -8.68172e+04   -7.59626e+05    2.24680e+04
   Total Energy  Conserved En.    Temperature Pressure (bar)   Constr. rmsd
   -7.37158e+05    1.58410e+07    1.80170e+02    5.38542e+02    3.45098e-06

Writing checkpoint, step 170016850 at Thu Jun 11 10:52:29 2020


Writing checkpoint, step 171580210 at Thu Jun 11 11:07:29 2020


Writing checkpoint, step 173121710 at Thu Jun 11 11:22:29 2020


Writing checkpoint, step 174656400 at Thu Jun 11 11:37:29 2020


Writing checkpoint, step 176203060 at Thu Jun 11 11:52:29 2020


Writing checkpoint, step 177745710 at Thu Jun 11 12:07:29 2020


Writing checkpoint, step 179305580 at Thu Jun 11 12:22:29 2020


DD  step 179999999 load imb.: force  8.4%  pme mesh/force 0.950

           Step           Time
      180000000   360000.00000

   Energies (kJ/mol)
        LJ (SR)   Coulomb (SR)   Coul. recip.      Potential    Kinetic En.
    3.32214e+02   -6.73163e+05   -8.68121e+04   -7.59643e+05    2.22243e+04
   Total Energy  Conserved En.    Temperature Pressure (bar)   Constr. rmsd
   -7.37419e+05    1.68156e+07    1.78216e+02    5.12929e+02    3.37969e-06

Writing checkpoint, step 180850640 at Thu Jun 11 12:37:29 2020


Writing checkpoint, step 182376070 at Thu Jun 11 12:52:29 2020


Writing checkpoint, step 183928200 at Thu Jun 11 13:07:29 2020


Writing checkpoint, step 185471500 at Thu Jun 11 13:22:29 2020


Writing checkpoint, step 187007780 at Thu Jun 11 13:37:29 2020


Writing checkpoint, step 188566190 at Thu Jun 11 13:52:29 2020


DD  step 189999999 load imb.: force  7.0%  pme mesh/force 0.974

           Step           Time
      190000000   380000.00000

   Energies (kJ/mol)
        LJ (SR)   Coulomb (SR)   Coul. recip.      Potential    Kinetic En.
    3.00595e+02   -6.73213e+05   -8.68227e+04   -7.59735e+05    2.22816e+04
   Total Energy  Conserved En.    Temperature Pressure (bar)   Constr. rmsd
   -7.37453e+05    1.77880e+07    1.78676e+02    4.88110e+02    3.45430e-06

Writing checkpoint, step 190115190 at Thu Jun 11 14:07:29 2020


Writing checkpoint, step 191660530 at Thu Jun 11 14:22:29 2020


Writing checkpoint, step 193203800 at Thu Jun 11 14:37:29 2020


Writing checkpoint, step 194750540 at Thu Jun 11 14:52:29 2020


Writing checkpoint, step 196290440 at Thu Jun 11 15:07:29 2020


Writing checkpoint, step 197840270 at Thu Jun 11 15:22:29 2020


Writing checkpoint, step 199389590 at Thu Jun 11 15:37:29 2020


DD  step 199999999 load imb.: force  5.4%  pme mesh/force 0.984

           Step           Time
      200000000   400000.00000

Writing checkpoint, step 200000000 at Thu Jun 11 15:43:21 2020




-----------------------------------------------------------
Restarting from checkpoint, appending to previous log file.

Log file opened on Tue Jun 23 13:36:03 2020
Host: r1i4n2  pid: 5127  rank ID: 0  number of ranks:  32
                        :-) GROMACS - mdrun, 2016.1 (-:

Executable:   /sw/sdev/Modules/gromacs/gromacs-2016.1/bin/mdrun
Data prefix:  /sw/sdev/Modules/gromacs/gromacs-2016.1
Working dir:  /work/pousaneh/Field-Big/0.266/a1/V7
Command line:
  mdrun -s NVT.tpr -deffnm NVT -append -cpi NVT.cpt -table Table_HS_modif.xvg

GROMACS version:    2016.1
Precision:          single
Memory model:       64 bit
MPI library:        MPI
OpenMP support:     enabled (GMX_OPENMP_MAX_THREADS = 32)
GPU support:        disabled
SIMD instructions:  AVX_256
FFT library:        Intel MKL
RDTSCP usage:       disabled
TNG support:        enabled
Hwloc support:      disabled
Tracing support:    disabled
Built on:           Thu Jan 12 07:55:47 CET 2017
Built by:           vegarde@service0 [CMAKE]
Build OS/arch:      Linux 3.0.101-84-default x86_64
Build CPU vendor:   Unknown
Build CPU brand:    Unknown
Build CPU family:   0   Model: 0   Stepping: 0
Build CPU features: Unknown
C compiler:         /sw/sdev/Modules/intelcomp/17.0/bin/icc Intel 17.0.0.20160721
C compiler flags:    -mavx   -mkl=sequential  -std=gnu99  -O3 -xHost -DNDEBUG -ip -funroll-all-loops -alias-const -ansi-alias  
C++ compiler:       /sw/sdev/Modules/intelcomp/17.0/bin/icpc Intel 17.0.0.20160721
C++ compiler flags:  -mavx    -std=c++0x   -O3 -xHost -DNDEBUG -ip -funroll-all-loops -alias-const -ansi-alias  


Initializing Domain Decomposition on 32 ranks
Dynamic load balancing: auto
Domain decomposition grid 4 x 4 x 1, separate PME ranks 16
PME domain decomposition: 4 x 4 x 1
Interleaving PP and PME ranks
This rank does only particle-particle work.

Domain decomposition rank 0, coordinates 0 0 0

The initial number of communication pulses is: X 1 Y 1
The initial domain decomposition cell size is: X 2.12 nm Y 2.12 nm

When dynamic load balancing gets turned on, these settings will change to:
The maximum number of communication pulses is: X 1 Y 1
The minimum size for domain decomposition cells is 0.900 nm
The requested allowed shrink of DD cells (option -dds) is: 0.80
The allowed shrink of domain decomposition cells is: X 0.42 Y 0.42
Using two step summing over 2 groups of on average 8.0 ranks

Using 32 MPI processes


NOTE: This file uses the deprecated 'group' cutoff_scheme. This will be
removed in a future release when 'verlet' supports all interaction forms.

Table routines are used for coulomb: false
Table routines are used for vdw:     true
Will do PME sum in reciprocal space for electrostatic interactions.

++++ PLEASE READ AND CITE THE FOLLOWING REFERENCE ++++
U. Essmann, L. Perera, M. L. Berkowitz, T. Darden, H. Lee and L. G. Pedersen 
A smooth particle mesh Ewald method
J. Chem. Phys. 103 (1995) pp. 8577-8592
-------- -------- --- Thank You --- -------- --------

Will do ordinary reciprocal space Ewald sum.
Using a Gaussian width (1/beta) of 0.288146 nm for Ewald
Cut-off's:   NS: 0.9   Coulomb: 0.9   LJ: 0.3479
System total charge: 0.000
Read user tables from Table_HS_modif.xvg with 1501 data points.
Tabscale = 500 points/nm
Generated table with 950 data points for Ewald.
Tabscale = 500 points/nm
Potential shift: LJ r^-12: 0.000e+00 r^-6: 0.000e+00, Ewald -0.000e+00
Initialized non-bonded Ewald correction tables, spacing: 8.85e-04 size: 2148


Non-default thread affinity set probably by the OpenMP library,
disabling internal thread affinity

Initializing LINear Constraint Solver

++++ PLEASE READ AND CITE THE FOLLOWING REFERENCE ++++
B. Hess and H. Bekker and H. J. C. Berendsen and J. G. E. M. Fraaije
LINCS: A Linear Constraint Solver for molecular simulations
J. Comp. Chem. 18 (1997) pp. 1463-1472
-------- -------- --- Thank You --- -------- --------

The number of constraints is 6000

Linking all bonded interactions to atoms

Intra-simulation communication will occur every 10 steps.
Center of mass motion removal mode is Linear
We have the following groups for center of mass motion removal:
  0:  rest
There are: 12000 Atoms
There are: 18000 VSites
Atom distribution over 16 domains: av 1875 stddev 41 min 1810 max 1950
Grid: 3 x 3 x 9 cells
Initial temperature: 182.406 K

Started mdrun on rank 0 Tue Jun 23 13:36:04 2020
           Step           Time
      200000000   400000.00000


   Energies (kJ/mol)
        LJ (SR)   Coulomb (SR)   Coul. recip.      Potential    Kinetic En.
    3.32821e+02   -5.32418e+05   -2.27634e+05   -7.59719e+05    2.27436e+04
   Total Energy  Conserved En.    Temperature Pressure (bar)   Constr. rmsd
   -7.36976e+05    1.87631e+07    1.82380e+02    5.36786e+02    3.38225e-06

DD  step 200000009 load imb.: force  6.0%  pme mesh/force 7.072

step 200000040: timed with pme grid 56 56 56, coulomb cutoff 0.900: 13.8 M-cycles
step 200000060: timed with pme grid 48 48 48, coulomb cutoff 0.996: 9.7 M-cycles
step 200000080: timed with pme grid 44 44 44, coulomb cutoff 1.087: 9.3 M-cycles
step 200000100: timed with pme grid 40 40 40, coulomb cutoff 1.195: 8.6 M-cycles
step 200000120: timed with pme grid 36 36 36, coulomb cutoff 1.328: 8.3 M-cycles
step 200000140: timed with pme grid 32 32 32, coulomb cutoff 1.494: 7.7 M-cycles
step 200000160: timed with pme grid 28 28 28, coulomb cutoff 1.708: 7.5 M-cycles
step 200000180: timed with pme grid 25 25 25, coulomb cutoff 1.913: 7.5 M-cycles
step 200000200: timed with pme grid 20 20 20, coulomb cutoff 2.391: 7.3 M-cycles
step 200000220: timed with pme grid 16 16 16, coulomb cutoff 2.988: 7.3 M-cycles
step 200000240: timed with pme grid 12 12 12, coulomb cutoff 3.984: 7.3 M-cycles
step 200000240: the PME grid restriction limits the PME load balancing to a coulomb cut-off of 3.984
step 200000260: timed with pme grid 12 12 12, coulomb cutoff 3.984: 7.3 M-cycles
step 200000280: timed with pme grid 16 16 16, coulomb cutoff 2.988: 7.4 M-cycles
step 200000300: timed with pme grid 20 20 20, coulomb cutoff 2.391: 7.3 M-cycles
step 200000320: timed with pme grid 24 24 24, coulomb cutoff 1.992: 7.4 M-cycles
step 200000340: timed with pme grid 25 25 25, coulomb cutoff 1.913: 7.5 M-cycles
step 200000360: timed with pme grid 28 28 28, coulomb cutoff 1.708: 7.6 M-cycles
step 200000380: timed with pme grid 32 32 32, coulomb cutoff 1.494: 7.7 M-cycles
              optimal pme grid 20 20 20, coulomb cutoff 2.391

step 200023000 Turning on dynamic load balancing, because the performance loss due to load imbalance is 2.0 %.


step 200024800 Turning off dynamic load balancing, because it is degrading performance.

Atom distribution over 16 domains: av 1875 stddev 39 min 1785 max 1950

step 200186000 Turning on dynamic load balancing, because the performance loss due to load imbalance is 2.0 %.


step 200186200 Turning off dynamic load balancing, because it is degrading performance.

Atom distribution over 16 domains: av 1875 stddev 44 min 1780 max 1975

step 200218000 Turning on dynamic load balancing, because the performance loss due to load imbalance is 2.0 %.


step 200219000 Turning off dynamic load balancing, because it is degrading performance.

Atom distribution over 16 domains: av 1875 stddev 50 min 1795 max 1955

step 200300000 Turning on dynamic load balancing, because the performance loss due to load imbalance is 2.0 %.


step 200303200 Turning off dynamic load balancing, because it is degrading performance.

Atom distribution over 16 domains: av 1875 stddev 50 min 1775 max 1975

step 200634000 Turning on dynamic load balancing, because the performance loss due to load imbalance is 2.0 %.


step 200636200 Turning off dynamic load balancing, because it is degrading performance.

Atom distribution over 16 domains: av 1875 stddev 65 min 1775 max 2045

step 200859000 Turning on dynamic load balancing, because the performance loss due to load imbalance is 2.0 %.


step 200859200 Turning off dynamic load balancing, because it is degrading performance.

Atom distribution over 16 domains: av 1875 stddev 43 min 1775 max 1940

step 200869000 Turning on dynamic load balancing, because the performance loss due to load imbalance is 2.0 %.


step 200870000 Turning off dynamic load balancing, because it is degrading performance.

Atom distribution over 16 domains: av 1875 stddev 49 min 1750 max 1965

step 200897000 Turning on dynamic load balancing, because the performance loss due to load imbalance is 2.0 %.


step 200898400 Turning off dynamic load balancing, because it is degrading performance.

Atom distribution over 16 domains: av 1875 stddev 47 min 1785 max 1970

step 201019000 Turning on dynamic load balancing, because the performance loss due to load imbalance is 2.0 %.


step 201058600 Turning off dynamic load balancing, because it is degrading performance.

Atom distribution over 16 domains: av 1875 stddev 37 min 1790 max 1920
Writing checkpoint, step 201583430 at Tue Jun 23 13:51:04 2020


Writing checkpoint, step 203153030 at Tue Jun 23 14:06:04 2020



step 204286000 Turning on dynamic load balancing, because the performance loss due to load imbalance is 2.0 %.


step 204297600 Turning off dynamic load balancing, because it is degrading performance.

Atom distribution over 16 domains: av 1875 stddev 57 min 1800 max 2035
Writing checkpoint, step 204723770 at Tue Jun 23 14:21:04 2020



step 205379000 Turning on dynamic load balancing, because the performance loss due to load imbalance is 2.0 %.

Grid: 5 x 4 x 9 cells
Writing checkpoint, step 206320150 at Tue Jun 23 14:36:04 2020



step 206320200 Turning off dynamic load balancing, because it is degrading performance.

Atom distribution over 16 domains: av 1875 stddev 50 min 1785 max 1945
Writing checkpoint, step 207901830 at Tue Jun 23 14:51:04 2020


Writing checkpoint, step 209483440 at Tue Jun 23 15:06:04 2020


DD  step 209999999 load imb.: force 10.1%  pme mesh/force 0.968

           Step           Time
      210000000   420000.00000

   Energies (kJ/mol)
        LJ (SR)   Coulomb (SR)   Coul. recip.      Potential    Kinetic En.
    3.19432e+02   -6.73140e+05   -8.68201e+04   -7.59641e+05    2.24119e+04
   Total Energy  Conserved En.    Temperature Pressure (bar)   Constr. rmsd
   -7.37229e+05    1.97378e+07    1.79720e+02    5.10645e+02    3.40282e-06

Writing checkpoint, step 211063800 at Tue Jun 23 15:21:04 2020


Writing checkpoint, step 212646960 at Tue Jun 23 15:36:04 2020


Writing checkpoint, step 214227510 at Tue Jun 23 15:51:04 2020


Writing checkpoint, step 215809000 at Tue Jun 23 16:06:04 2020


Writing checkpoint, step 217390490 at Tue Jun 23 16:21:04 2020


Writing checkpoint, step 218969100 at Tue Jun 23 16:36:04 2020


DD  step 219999999 load imb.: force  7.1%  pme mesh/force 0.984

           Step           Time
      220000000   440000.00000

   Energies (kJ/mol)
        LJ (SR)   Coulomb (SR)   Coul. recip.      Potential    Kinetic En.
    2.75448e+02   -6.73119e+05   -8.68076e+04   -7.59651e+05    2.23771e+04
   Total Energy  Conserved En.    Temperature Pressure (bar)   Constr. rmsd
   -7.37274e+05    2.07127e+07    1.79441e+02    4.72176e+02    3.45341e-06

Writing checkpoint, step 220548580 at Tue Jun 23 16:51:04 2020


Writing checkpoint, step 222130130 at Tue Jun 23 17:06:04 2020


Writing checkpoint, step 223709760 at Tue Jun 23 17:21:04 2020


Writing checkpoint, step 225288080 at Tue Jun 23 17:36:04 2020


Writing checkpoint, step 226866060 at Tue Jun 23 17:51:04 2020


Writing checkpoint, step 228445950 at Tue Jun 23 18:06:04 2020


DD  step 229999999 load imb.: force  6.9%  pme mesh/force 0.994

           Step           Time
      230000000   460000.00000

   Energies (kJ/mol)
        LJ (SR)   Coulomb (SR)   Coul. recip.      Potential    Kinetic En.
    3.04543e+02   -6.73101e+05   -8.67941e+04   -7.59590e+05    2.23327e+04
   Total Energy  Conserved En.    Temperature Pressure (bar)   Constr. rmsd
   -7.37258e+05    2.16861e+07    1.79085e+02    4.96717e+02    3.43787e-06

Writing checkpoint, step 230024730 at Tue Jun 23 18:21:04 2020


Writing checkpoint, step 231606080 at Tue Jun 23 18:36:04 2020


Writing checkpoint, step 233185600 at Tue Jun 23 18:51:04 2020


Writing checkpoint, step 234754590 at Tue Jun 23 19:06:04 2020


Writing checkpoint, step 236322330 at Tue Jun 23 19:21:04 2020


Writing checkpoint, step 237903550 at Tue Jun 23 19:36:04 2020


Writing checkpoint, step 239484760 at Tue Jun 23 19:51:04 2020


DD  step 239999999 load imb.: force  4.9%  pme mesh/force 0.988

           Step           Time
      240000000   480000.00000

   Energies (kJ/mol)
        LJ (SR)   Coulomb (SR)   Coul. recip.      Potential    Kinetic En.
    2.97285e+02   -6.72996e+05   -8.68061e+04   -7.59505e+05    2.27592e+04
   Total Energy  Conserved En.    Temperature Pressure (bar)   Constr. rmsd
   -7.36745e+05    2.26604e+07    1.82505e+02    5.05740e+02    3.36328e-06

Writing checkpoint, step 241066660 at Tue Jun 23 20:06:04 2020


Writing checkpoint, step 242649480 at Tue Jun 23 20:21:04 2020


Writing checkpoint, step 244232300 at Tue Jun 23 20:36:04 2020


Writing checkpoint, step 245812180 at Tue Jun 23 20:51:04 2020


Writing checkpoint, step 247391940 at Tue Jun 23 21:06:04 2020


Writing checkpoint, step 248971180 at Tue Jun 23 21:21:04 2020


DD  step 249999999 load imb.: force  8.3%  pme mesh/force 0.989

           Step           Time
      250000000   500000.00000

   Energies (kJ/mol)
        LJ (SR)   Coulomb (SR)   Coul. recip.      Potential    Kinetic En.
    2.73090e+02   -6.73089e+05   -8.68198e+04   -7.59636e+05    2.23672e+04
   Total Energy  Conserved En.    Temperature Pressure (bar)   Constr. rmsd
   -7.37269e+05    2.36348e+07    1.79361e+02    4.71537e+02    3.35126e-06

Writing checkpoint, step 250549710 at Tue Jun 23 21:36:04 2020


Writing checkpoint, step 252131100 at Tue Jun 23 21:51:04 2020


Writing checkpoint, step 253713970 at Tue Jun 23 22:06:04 2020


Writing checkpoint, step 255292290 at Tue Jun 23 22:21:04 2020


Writing checkpoint, step 256872320 at Tue Jun 23 22:36:04 2020


Writing checkpoint, step 258452970 at Tue Jun 23 22:51:04 2020


DD  step 259999999 load imb.: force  6.0%  pme mesh/force 1.017

           Step           Time
      260000000   520000.00000

   Energies (kJ/mol)
        LJ (SR)   Coulomb (SR)   Coul. recip.      Potential    Kinetic En.
    3.43217e+02   -6.73169e+05   -8.68100e+04   -7.59635e+05    2.23639e+04
   Total Energy  Conserved En.    Temperature Pressure (bar)   Constr. rmsd
   -7.37272e+05    2.46080e+07    1.79335e+02    5.37678e+02    3.42662e-06

Writing checkpoint, step 260031230 at Tue Jun 23 23:06:04 2020


Writing checkpoint, step 261610370 at Tue Jun 23 23:21:04 2020


Writing checkpoint, step 263190400 at Tue Jun 23 23:36:04 2020


Writing checkpoint, step 264769060 at Tue Jun 23 23:51:04 2020


Writing checkpoint, step 266348260 at Wed Jun 24 00:06:04 2020


Writing checkpoint, step 267924580 at Wed Jun 24 00:21:04 2020


Writing checkpoint, step 269501780 at Wed Jun 24 00:36:04 2020


DD  step 269999999 load imb.: force  6.0%  pme mesh/force 1.012

           Step           Time
      270000000   540000.00000

   Energies (kJ/mol)
        LJ (SR)   Coulomb (SR)   Coul. recip.      Potential    Kinetic En.
    3.21298e+02   -6.73058e+05   -8.68082e+04   -7.59545e+05    2.22592e+04
   Total Energy  Conserved En.    Temperature Pressure (bar)   Constr. rmsd
   -7.37286e+05    2.55849e+07    1.78495e+02    5.13294e+02    3.42339e-06

Writing checkpoint, step 271083100 at Wed Jun 24 00:51:04 2020


Writing checkpoint, step 272660610 at Wed Jun 24 01:06:04 2020


Writing checkpoint, step 274240280 at Wed Jun 24 01:21:04 2020


Writing checkpoint, step 275820700 at Wed Jun 24 01:36:04 2020


Writing checkpoint, step 277399240 at Wed Jun 24 01:51:04 2020


Writing checkpoint, step 278981490 at Wed Jun 24 02:06:04 2020


DD  step 279999999 load imb.: force  6.9%  pme mesh/force 1.018

           Step           Time
      280000000   560000.00000

   Energies (kJ/mol)
        LJ (SR)   Coulomb (SR)   Coul. recip.      Potential    Kinetic En.
    3.31268e+02   -6.73119e+05   -8.68038e+04   -7.59591e+05    2.25279e+04
   Total Energy  Conserved En.    Temperature Pressure (bar)   Constr. rmsd
   -7.37063e+05    2.65615e+07    1.80651e+02    5.21906e+02    3.41784e-06

Writing checkpoint, step 280562540 at Wed Jun 24 02:21:04 2020


Writing checkpoint, step 282143030 at Wed Jun 24 02:36:04 2020


Writing checkpoint, step 283723900 at Wed Jun 24 02:51:04 2020


Writing checkpoint, step 285302000 at Wed Jun 24 03:06:04 2020


Writing checkpoint, step 286883130 at Wed Jun 24 03:21:04 2020


Writing checkpoint, step 288465380 at Wed Jun 24 03:36:04 2020


DD  step 289999999 load imb.: force  6.4%  pme mesh/force 0.993

           Step           Time
      290000000   580000.00000

   Energies (kJ/mol)
        LJ (SR)   Coulomb (SR)   Coul. recip.      Potential    Kinetic En.
    3.75938e+02   -6.73101e+05   -8.68048e+04   -7.59530e+05    2.23094e+04
   Total Energy  Conserved En.    Temperature Pressure (bar)   Constr. rmsd
   -7.37220e+05    2.75356e+07    1.78898e+02    5.66205e+02    3.41545e-06

Writing checkpoint, step 290048090 at Wed Jun 24 03:51:04 2020


Writing checkpoint, step 291629890 at Wed Jun 24 04:06:04 2020


Writing checkpoint, step 293211690 at Wed Jun 24 04:21:04 2020


Writing checkpoint, step 294785430 at Wed Jun 24 04:36:04 2020



step 295973000 Turning on dynamic load balancing, because the performance loss due to load imbalance is 2.0 %.


step 295973200 Turning off dynamic load balancing, because it is degrading performance.

Atom distribution over 16 domains: av 1875 stddev 60 min 1795 max 2005

step 295991000 Turning on dynamic load balancing, because the performance loss due to load imbalance is 2.0 %.


step 295992600 Turning off dynamic load balancing, because it is degrading performance.

Atom distribution over 16 domains: av 1875 stddev 41 min 1810 max 1955

step 296127000 Turning on dynamic load balancing, because the performance loss due to load imbalance is 2.0 %.


step 296128800 Turning off dynamic load balancing, because it is degrading performance.

Atom distribution over 16 domains: av 1875 stddev 46 min 1765 max 1930

step 296309000 Turning on dynamic load balancing, because the performance loss due to load imbalance is 2.0 %.


step 296309200 Turning off dynamic load balancing, because it is degrading performance.

Atom distribution over 16 domains: av 1875 stddev 60 min 1775 max 1985

step 296315000 Turning on dynamic load balancing, because the performance loss due to load imbalance is 2.0 %.


step 296315200 Turning off dynamic load balancing, because it is degrading performance.

Atom distribution over 16 domains: av 1875 stddev 45 min 1795 max 1950

step 296316000 Will no longer try dynamic load balancing, as it degraded performance.

Writing checkpoint, step 296368070 at Wed Jun 24 04:51:04 2020


Writing checkpoint, step 297949660 at Wed Jun 24 05:06:04 2020


Writing checkpoint, step 299533480 at Wed Jun 24 05:21:04 2020


DD  step 299999999 load imb.: force  7.4%  pme mesh/force 0.999

           Step           Time
      300000000   600000.00000

   Energies (kJ/mol)
        LJ (SR)   Coulomb (SR)   Coul. recip.      Potential    Kinetic En.
    2.86905e+02   -6.73039e+05   -8.67967e+04   -7.59549e+05    2.27234e+04
   Total Energy  Conserved En.    Temperature Pressure (bar)   Constr. rmsd
   -7.36826e+05    2.85081e+07    1.82218e+02    4.85434e+02    3.43342e-06

Writing checkpoint, step 301112510 at Wed Jun 24 05:36:04 2020


Writing checkpoint, step 302694050 at Wed Jun 24 05:51:04 2020


Writing checkpoint, step 304272350 at Wed Jun 24 06:06:04 2020


Writing checkpoint, step 305851110 at Wed Jun 24 06:21:04 2020


Writing checkpoint, step 307429190 at Wed Jun 24 06:36:04 2020


Writing checkpoint, step 309009060 at Wed Jun 24 06:51:04 2020


DD  step 309999999 load imb.: force 13.1%  pme mesh/force 0.963

           Step           Time
      310000000   620000.00000

   Energies (kJ/mol)
        LJ (SR)   Coulomb (SR)   Coul. recip.      Potential    Kinetic En.
    3.86053e+02   -6.73136e+05   -8.68058e+04   -7.59556e+05    2.25336e+04
   Total Energy  Conserved En.    Temperature Pressure (bar)   Constr. rmsd
   -7.37023e+05    2.94865e+07    1.80696e+02    5.79335e+02    3.38068e-06

Writing checkpoint, step 310587280 at Wed Jun 24 07:06:04 2020


Writing checkpoint, step 312165780 at Wed Jun 24 07:21:04 2020


Writing checkpoint, step 313746080 at Wed Jun 24 07:36:04 2020


Writing checkpoint, step 315326770 at Wed Jun 24 07:51:04 2020


Writing checkpoint, step 316908010 at Wed Jun 24 08:06:04 2020


Writing checkpoint, step 318486900 at Wed Jun 24 08:21:04 2020


DD  step 319999999 load imb.: force  8.1%  pme mesh/force 0.986

           Step           Time
      320000000   640000.00000

   Energies (kJ/mol)
        LJ (SR)   Coulomb (SR)   Coul. recip.      Potential    Kinetic En.
    3.35488e+02   -6.73163e+05   -8.68142e+04   -7.59642e+05    2.21810e+04
   Total Energy  Conserved En.    Temperature Pressure (bar)   Constr. rmsd
   -7.37461e+05    3.04554e+07    1.77869e+02    5.18163e+02    3.41563e-06

Writing checkpoint, step 320068040 at Wed Jun 24 08:36:04 2020


Writing checkpoint, step 321647880 at Wed Jun 24 08:51:04 2020


Writing checkpoint, step 323226320 at Wed Jun 24 09:06:04 2020


Writing checkpoint, step 324802230 at Wed Jun 24 09:21:04 2020


Writing checkpoint, step 326380450 at Wed Jun 24 09:36:04 2020


Writing checkpoint, step 327958740 at Wed Jun 24 09:51:04 2020


Writing checkpoint, step 329537940 at Wed Jun 24 10:06:04 2020


DD  step 329999999 load imb.: force  9.5%  pme mesh/force 0.993

           Step           Time
      330000000   660000.00000

   Energies (kJ/mol)
        LJ (SR)   Coulomb (SR)   Coul. recip.      Potential    Kinetic En.
    2.86351e+02   -6.73113e+05   -8.67997e+04   -7.59627e+05    2.22736e+04
   Total Energy  Conserved En.    Temperature Pressure (bar)   Constr. rmsd
   -7.37353e+05    3.14301e+07    1.78611e+02    4.74507e+02    3.47626e-06

Writing checkpoint, step 331116280 at Wed Jun 24 10:21:04 2020


Writing checkpoint, step 332697360 at Wed Jun 24 10:36:04 2020


Writing checkpoint, step 334278270 at Wed Jun 24 10:51:04 2020


Writing checkpoint, step 335857140 at Wed Jun 24 11:06:04 2020


Writing checkpoint, step 337435320 at Wed Jun 24 11:21:04 2020


Writing checkpoint, step 339014820 at Wed Jun 24 11:36:04 2020


DD  step 339999999 load imb.: force  7.6%  pme mesh/force 1.007

           Step           Time
      340000000   680000.00000

   Energies (kJ/mol)
        LJ (SR)   Coulomb (SR)   Coul. recip.      Potential    Kinetic En.
    3.38435e+02   -6.73207e+05   -8.67952e+04   -7.59664e+05    2.26688e+04
   Total Energy  Conserved En.    Temperature Pressure (bar)   Constr. rmsd
   -7.36995e+05    3.24055e+07    1.81780e+02    5.36452e+02    3.43362e-06

Writing checkpoint, step 340597070 at Wed Jun 24 11:51:04 2020


Writing checkpoint, step 342178580 at Wed Jun 24 12:06:04 2020


Writing checkpoint, step 343759280 at Wed Jun 24 12:21:04 2020


Writing checkpoint, step 345342930 at Wed Jun 24 12:36:04 2020


Writing checkpoint, step 346924260 at Wed Jun 24 12:51:04 2020


Writing checkpoint, step 348505130 at Wed Jun 24 13:06:04 2020


DD  step 349999999 load imb.: force 11.2%  pme mesh/force 0.967

           Step           Time
      350000000   700000.00000

Writing checkpoint, step 350000000 at Wed Jun 24 13:20:15 2020




-----------------------------------------------------------
Restarting from checkpoint, appending to previous log file.

Log file opened on Sat Jul  4 00:54:09 2020
Host: r4i6n9  pid: 9333  rank ID: 0  number of ranks:  32
                        :-) GROMACS - mdrun, 2016.1 (-:

Executable:   /sw/sdev/Modules/gromacs/gromacs-2016.1/bin/mdrun
Data prefix:  /sw/sdev/Modules/gromacs/gromacs-2016.1
Working dir:  /work/pousaneh/Field-Big/0.266/a1/V7
Command line:
  mdrun -s NVT.tpr -deffnm NVT -append -cpi NVT.cpt -table Table_HS_modif.xvg

GROMACS version:    2016.1
Precision:          single
Memory model:       64 bit
MPI library:        MPI
OpenMP support:     enabled (GMX_OPENMP_MAX_THREADS = 32)
GPU support:        disabled
SIMD instructions:  AVX_256
FFT library:        Intel MKL
RDTSCP usage:       disabled
TNG support:        enabled
Hwloc support:      disabled
Tracing support:    disabled
Built on:           Thu Jan 12 07:55:47 CET 2017
Built by:           vegarde@service0 [CMAKE]
Build OS/arch:      Linux 3.0.101-84-default x86_64
Build CPU vendor:   Unknown
Build CPU brand:    Unknown
Build CPU family:   0   Model: 0   Stepping: 0
Build CPU features: Unknown
C compiler:         /sw/sdev/Modules/intelcomp/17.0/bin/icc Intel 17.0.0.20160721
C compiler flags:    -mavx   -mkl=sequential  -std=gnu99  -O3 -xHost -DNDEBUG -ip -funroll-all-loops -alias-const -ansi-alias  
C++ compiler:       /sw/sdev/Modules/intelcomp/17.0/bin/icpc Intel 17.0.0.20160721
C++ compiler flags:  -mavx    -std=c++0x   -O3 -xHost -DNDEBUG -ip -funroll-all-loops -alias-const -ansi-alias  


Initializing Domain Decomposition on 32 ranks
Dynamic load balancing: auto
Domain decomposition grid 4 x 4 x 1, separate PME ranks 16
PME domain decomposition: 4 x 4 x 1
Interleaving PP and PME ranks
This rank does only particle-particle work.

Domain decomposition rank 0, coordinates 0 0 0

The initial number of communication pulses is: X 1 Y 1
The initial domain decomposition cell size is: X 2.12 nm Y 2.12 nm

When dynamic load balancing gets turned on, these settings will change to:
The maximum number of communication pulses is: X 1 Y 1
The minimum size for domain decomposition cells is 0.900 nm
The requested allowed shrink of DD cells (option -dds) is: 0.80
The allowed shrink of domain decomposition cells is: X 0.42 Y 0.42
Using two step summing over 2 groups of on average 8.0 ranks

Using 32 MPI processes


NOTE: This file uses the deprecated 'group' cutoff_scheme. This will be
removed in a future release when 'verlet' supports all interaction forms.

Table routines are used for coulomb: false
Table routines are used for vdw:     true
Will do PME sum in reciprocal space for electrostatic interactions.

++++ PLEASE READ AND CITE THE FOLLOWING REFERENCE ++++
U. Essmann, L. Perera, M. L. Berkowitz, T. Darden, H. Lee and L. G. Pedersen 
A smooth particle mesh Ewald method
J. Chem. Phys. 103 (1995) pp. 8577-8592
-------- -------- --- Thank You --- -------- --------

Will do ordinary reciprocal space Ewald sum.
Using a Gaussian width (1/beta) of 0.288146 nm for Ewald
Cut-off's:   NS: 0.9   Coulomb: 0.9   LJ: 0.3479
System total charge: 0.000
Read user tables from Table_HS_modif.xvg with 1501 data points.
Tabscale = 500 points/nm
Generated table with 950 data points for Ewald.
Tabscale = 500 points/nm
Potential shift: LJ r^-12: 0.000e+00 r^-6: 0.000e+00, Ewald -0.000e+00
Initialized non-bonded Ewald correction tables, spacing: 8.85e-04 size: 2148


Non-default thread affinity set probably by the OpenMP library,
disabling internal thread affinity

Initializing LINear Constraint Solver

++++ PLEASE READ AND CITE THE FOLLOWING REFERENCE ++++
B. Hess and H. Bekker and H. J. C. Berendsen and J. G. E. M. Fraaije
LINCS: A Linear Constraint Solver for molecular simulations
J. Comp. Chem. 18 (1997) pp. 1463-1472
-------- -------- --- Thank You --- -------- --------

The number of constraints is 6000

Linking all bonded interactions to atoms

Intra-simulation communication will occur every 10 steps.
Center of mass motion removal mode is Linear
We have the following groups for center of mass motion removal:
  0:  rest
There are: 12000 Atoms
There are: 18000 VSites
Atom distribution over 16 domains: av 1875 stddev 64 min 1720 max 2015
Grid: 3 x 3 x 9 cells
Initial temperature: 178.248 K

Started mdrun on rank 0 Sat Jul  4 00:54:09 2020
           Step           Time
      350000000   700000.00000


   Energies (kJ/mol)
        LJ (SR)   Coulomb (SR)   Coul. recip.      Potential    Kinetic En.
    3.18532e+02   -5.32401e+05   -2.27691e+05   -7.59774e+05    2.22303e+04
   Total Energy  Conserved En.    Temperature Pressure (bar)   Constr. rmsd
   -7.37544e+05    3.33801e+07    1.78264e+02    5.10851e+02    3.36514e-06

DD  step 350000009 load imb.: force 11.1%  pme mesh/force 14.384

step 350000040: timed with pme grid 56 56 56, coulomb cutoff 0.900: 11.0 M-cycles
step 350000060: timed with pme grid 48 48 48, coulomb cutoff 0.996: 9.8 M-cycles
step 350000080: timed with pme grid 44 44 44, coulomb cutoff 1.087: 9.4 M-cycles
step 350000100: timed with pme grid 40 40 40, coulomb cutoff 1.195: 8.7 M-cycles
step 350000120: timed with pme grid 36 36 36, coulomb cutoff 1.328: 8.4 M-cycles
step 350000140: timed with pme grid 32 32 32, coulomb cutoff 1.494: 7.8 M-cycles
step 350000160: timed with pme grid 28 28 28, coulomb cutoff 1.708: 7.7 M-cycles
step 350000180: timed with pme grid 25 25 25, coulomb cutoff 1.913: 7.6 M-cycles
step 350000200: timed with pme grid 20 20 20, coulomb cutoff 2.391: 7.5 M-cycles
step 350000220: timed with pme grid 16 16 16, coulomb cutoff 2.988: 7.5 M-cycles
step 350000240: timed with pme grid 12 12 12, coulomb cutoff 3.984: 7.5 M-cycles
step 350000240: the PME grid restriction limits the PME load balancing to a coulomb cut-off of 3.984
step 350000260: timed with pme grid 12 12 12, coulomb cutoff 3.984: 7.5 M-cycles
step 350000280: timed with pme grid 16 16 16, coulomb cutoff 2.988: 7.5 M-cycles
step 350000300: timed with pme grid 20 20 20, coulomb cutoff 2.391: 7.5 M-cycles
step 350000320: timed with pme grid 24 24 24, coulomb cutoff 1.992: 7.5 M-cycles
step 350000340: timed with pme grid 25 25 25, coulomb cutoff 1.913: 7.6 M-cycles
step 350000360: timed with pme grid 28 28 28, coulomb cutoff 1.708: 7.7 M-cycles
step 350000380: timed with pme grid 32 32 32, coulomb cutoff 1.494: 7.8 M-cycles
step 350000400: timed with pme grid 36 36 36, coulomb cutoff 1.328: 8.3 M-cycles
              optimal pme grid 16 16 16, coulomb cutoff 2.988

step 350021000 Turning on dynamic load balancing, because the performance loss due to load imbalance is 2.0 %.


step 350023200 Turning off dynamic load balancing, because it is degrading performance.

Atom distribution over 16 domains: av 1875 stddev 55 min 1755 max 1990

step 350267000 Turning on dynamic load balancing, because the performance loss due to load imbalance is 2.0 %.


step 350269200 Turning off dynamic load balancing, because it is degrading performance.

Atom distribution over 16 domains: av 1875 stddev 46 min 1780 max 1955

step 350481000 Turning on dynamic load balancing, because the performance loss due to load imbalance is 2.0 %.


step 350481200 Turning off dynamic load balancing, because it is degrading performance.

Atom distribution over 16 domains: av 1875 stddev 42 min 1810 max 1955

step 350509000 Turning on dynamic load balancing, because the performance loss due to load imbalance is 2.0 %.


step 350509200 Turning off dynamic load balancing, because it is degrading performance.

Atom distribution over 16 domains: av 1875 stddev 53 min 1765 max 1970

step 350516000 Turning on dynamic load balancing, because the performance loss due to load imbalance is 2.0 %.


step 350516400 Turning off dynamic load balancing, because it is degrading performance.

Atom distribution over 16 domains: av 1875 stddev 44 min 1790 max 1955

step 350517000 Will no longer try dynamic load balancing, as it degraded performance.

Writing checkpoint, step 351576610 at Sat Jul  4 01:09:09 2020


Writing checkpoint, step 353152930 at Sat Jul  4 01:24:09 2020


Writing checkpoint, step 354729490 at Sat Jul  4 01:39:09 2020


Writing checkpoint, step 356305830 at Sat Jul  4 01:54:09 2020


Writing checkpoint, step 357880060 at Sat Jul  4 02:09:09 2020


Writing checkpoint, step 359454320 at Sat Jul  4 02:24:09 2020


DD  step 359999999 load imb.: force  5.3%  pme mesh/force 0.964

           Step           Time
      360000000   720000.00000

   Energies (kJ/mol)
        LJ (SR)   Coulomb (SR)   Coul. recip.      Potential    Kinetic En.
    3.56999e+02   -6.90393e+05   -6.94792e+04   -7.59516e+05    2.24795e+04
   Total Energy  Conserved En.    Temperature Pressure (bar)   Constr. rmsd
   -7.37036e+05    3.47240e+07    1.80263e+02    5.61591e+02    3.39090e-06

Writing checkpoint, step 361030160 at Sat Jul  4 02:39:09 2020


Writing checkpoint, step 362605550 at Sat Jul  4 02:54:09 2020


Writing checkpoint, step 364179700 at Sat Jul  4 03:09:09 2020


Writing checkpoint, step 365753830 at Sat Jul  4 03:24:09 2020


Writing checkpoint, step 367327180 at Sat Jul  4 03:39:09 2020


Writing checkpoint, step 368900340 at Sat Jul  4 03:54:09 2020


DD  step 369999999 load imb.: force  3.4%  pme mesh/force 0.948

           Step           Time
      370000000   740000.00000

   Energies (kJ/mol)
        LJ (SR)   Coulomb (SR)   Coul. recip.      Potential    Kinetic En.
    3.76370e+02   -6.90519e+05   -6.94819e+04   -7.59624e+05    2.23998e+04
   Total Energy  Conserved En.    Temperature Pressure (bar)   Constr. rmsd
   -7.37224e+05    3.60663e+07    1.79623e+02    5.69512e+02    3.36381e-06

Writing checkpoint, step 370474450 at Sat Jul  4 04:09:09 2020


Writing checkpoint, step 372048260 at Sat Jul  4 04:24:09 2020


Writing checkpoint, step 373621880 at Sat Jul  4 04:39:09 2020


Writing checkpoint, step 375194690 at Sat Jul  4 04:54:09 2020


Writing checkpoint, step 376768320 at Sat Jul  4 05:09:09 2020


Writing checkpoint, step 378341410 at Sat Jul  4 05:24:09 2020


Writing checkpoint, step 379913350 at Sat Jul  4 05:39:09 2020


DD  step 379999999 load imb.: force  6.4%  pme mesh/force 0.956

           Step           Time
      380000000   760000.00000

   Energies (kJ/mol)
        LJ (SR)   Coulomb (SR)   Coul. recip.      Potential    Kinetic En.
    3.37458e+02   -6.90364e+05   -6.94814e+04   -7.59508e+05    2.24828e+04
   Total Energy  Conserved En.    Temperature Pressure (bar)   Constr. rmsd
   -7.37026e+05    3.74125e+07    1.80289e+02    5.38824e+02    3.42894e-06

Writing checkpoint, step 381485900 at Sat Jul  4 05:54:09 2020


Writing checkpoint, step 383058440 at Sat Jul  4 06:09:09 2020


Writing checkpoint, step 384629340 at Sat Jul  4 06:24:09 2020


Writing checkpoint, step 386201080 at Sat Jul  4 06:39:09 2020


Writing checkpoint, step 387774120 at Sat Jul  4 06:54:09 2020


Writing checkpoint, step 389347130 at Sat Jul  4 07:09:09 2020


DD  step 389999999 load imb.: force  6.6%  pme mesh/force 0.987

           Step           Time
      390000000   780000.00000

   Energies (kJ/mol)
        LJ (SR)   Coulomb (SR)   Coul. recip.      Potential    Kinetic En.
    2.70002e+02   -6.90420e+05   -6.94869e+04   -7.59637e+05    2.24335e+04
   Total Energy  Conserved En.    Temperature Pressure (bar)   Constr. rmsd
   -7.37203e+05    3.87561e+07    1.79893e+02    4.73767e+02    3.39811e-06

Writing checkpoint, step 390917590 at Sat Jul  4 07:24:09 2020


Writing checkpoint, step 392489200 at Sat Jul  4 07:39:09 2020


Writing checkpoint, step 394060150 at Sat Jul  4 07:54:09 2020


Writing checkpoint, step 395632150 at Sat Jul  4 08:09:09 2020


Writing checkpoint, step 397204060 at Sat Jul  4 08:24:09 2020


Writing checkpoint, step 398775310 at Sat Jul  4 08:39:09 2020


DD  step 399999999 load imb.: force  5.5%  pme mesh/force 0.968

           Step           Time
      400000000   800000.00000

   Energies (kJ/mol)
        LJ (SR)   Coulomb (SR)   Coul. recip.      Potential    Kinetic En.
    2.92806e+02   -6.90531e+05   -6.94899e+04   -7.59728e+05    2.23250e+04
   Total Energy  Conserved En.    Temperature Pressure (bar)   Constr. rmsd
   -7.37403e+05    4.00991e+07    1.79024e+02    4.79929e+02    3.41808e-06

Writing checkpoint, step 400346960 at Sat Jul  4 08:54:09 2020


Writing checkpoint, step 401919950 at Sat Jul  4 09:09:09 2020


Writing checkpoint, step 403494620 at Sat Jul  4 09:24:09 2020


Writing checkpoint, step 405069970 at Sat Jul  4 09:39:09 2020


Writing checkpoint, step 406645190 at Sat Jul  4 09:54:09 2020


Writing checkpoint, step 408221460 at Sat Jul  4 10:09:09 2020


Writing checkpoint, step 409796320 at Sat Jul  4 10:24:09 2020


DD  step 409999999 load imb.: force  6.4%  pme mesh/force 0.947

           Step           Time
      410000000   820000.00000

   Energies (kJ/mol)
        LJ (SR)   Coulomb (SR)   Coul. recip.      Potential    Kinetic En.
    3.18815e+02   -6.90408e+05   -6.94833e+04   -7.59573e+05    2.26266e+04
   Total Energy  Conserved En.    Temperature Pressure (bar)   Constr. rmsd
   -7.36946e+05    4.14441e+07    1.81442e+02    5.12484e+02    3.41624e-06

Writing checkpoint, step 411371320 at Sat Jul  4 10:39:09 2020


Writing checkpoint, step 412947030 at Sat Jul  4 10:54:09 2020


Writing checkpoint, step 414522240 at Sat Jul  4 11:09:09 2020


Writing checkpoint, step 416097660 at Sat Jul  4 11:24:09 2020


Writing checkpoint, step 417672860 at Sat Jul  4 11:39:09 2020


Writing checkpoint, step 419249100 at Sat Jul  4 11:54:09 2020


DD  step 419999999 load imb.: force  3.1%  pme mesh/force 0.960

           Step           Time
      420000000   840000.00000

   Energies (kJ/mol)
        LJ (SR)   Coulomb (SR)   Coul. recip.      Potential    Kinetic En.
    2.97158e+02   -6.90402e+05   -6.94886e+04   -7.59594e+05    2.22992e+04
   Total Energy  Conserved En.    Temperature Pressure (bar)   Constr. rmsd
   -7.37295e+05    4.27865e+07    1.78816e+02    4.87447e+02    3.45212e-06

Writing checkpoint, step 420823230 at Sat Jul  4 12:09:09 2020


Writing checkpoint, step 422398010 at Sat Jul  4 12:24:09 2020


Writing checkpoint, step 423973060 at Sat Jul  4 12:39:09 2020


Writing checkpoint, step 425548860 at Sat Jul  4 12:54:09 2020


Writing checkpoint, step 427124310 at Sat Jul  4 13:09:09 2020


Writing checkpoint, step 428697960 at Sat Jul  4 13:24:09 2020


DD  step 429999999 load imb.: force  6.8%  pme mesh/force 0.958

           Step           Time
      430000000   860000.00000

   Energies (kJ/mol)
        LJ (SR)   Coulomb (SR)   Coul. recip.      Potential    Kinetic En.
    3.15950e+02   -6.90428e+05   -6.94966e+04   -7.59609e+05    2.26116e+04
   Total Energy  Conserved En.    Temperature Pressure (bar)   Constr. rmsd
   -7.36998e+05    4.41306e+07    1.81321e+02    5.08371e+02    3.39791e-06

Writing checkpoint, step 430271680 at Sat Jul  4 13:39:09 2020


Writing checkpoint, step 431845230 at Sat Jul  4 13:54:09 2020


Writing checkpoint, step 433419150 at Sat Jul  4 14:09:09 2020


Writing checkpoint, step 434991840 at Sat Jul  4 14:24:09 2020


Writing checkpoint, step 436564880 at Sat Jul  4 14:39:09 2020


Writing checkpoint, step 438138670 at Sat Jul  4 14:54:09 2020


Writing checkpoint, step 439712630 at Sat Jul  4 15:09:09 2020


DD  step 439999999 load imb.: force  9.5%  pme mesh/force 0.981

           Step           Time
      440000000   880000.00000

   Energies (kJ/mol)
        LJ (SR)   Coulomb (SR)   Coul. recip.      Potential    Kinetic En.
    3.15418e+02   -6.90356e+05   -6.94909e+04   -7.59531e+05    2.24622e+04
   Total Energy  Conserved En.    Temperature Pressure (bar)   Constr. rmsd
   -7.37069e+05    4.54744e+07    1.80123e+02    5.14793e+02    3.43269e-06

Writing checkpoint, step 441286320 at Sat Jul  4 15:24:09 2020


Writing checkpoint, step 442861110 at Sat Jul  4 15:39:09 2020


Writing checkpoint, step 444435190 at Sat Jul  4 15:54:09 2020


Writing checkpoint, step 446008910 at Sat Jul  4 16:09:09 2020


Writing checkpoint, step 447581960 at Sat Jul  4 16:24:09 2020


Writing checkpoint, step 449155360 at Sat Jul  4 16:39:09 2020


DD  step 449999999 load imb.: force  7.6%  pme mesh/force 0.955

           Step           Time
      450000000   900000.00000

   Energies (kJ/mol)
        LJ (SR)   Coulomb (SR)   Coul. recip.      Potential    Kinetic En.
    3.05292e+02   -6.90448e+05   -6.94910e+04   -7.59633e+05    2.24975e+04
   Total Energy  Conserved En.    Temperature Pressure (bar)   Constr. rmsd
   -7.37136e+05    4.68199e+07    1.80407e+02    5.00847e+02    3.40531e-06

Writing checkpoint, step 450729010 at Sat Jul  4 16:54:09 2020


Writing checkpoint, step 452302290 at Sat Jul  4 17:09:09 2020


Writing checkpoint, step 453876570 at Sat Jul  4 17:24:09 2020


Writing checkpoint, step 455450030 at Sat Jul  4 17:39:09 2020


Writing checkpoint, step 457025080 at Sat Jul  4 17:54:09 2020


Writing checkpoint, step 458599600 at Sat Jul  4 18:09:09 2020


DD  step 459999999 load imb.: force  4.2%  pme mesh/force 0.954

           Step           Time
      460000000   920000.00000

   Energies (kJ/mol)
        LJ (SR)   Coulomb (SR)   Coul. recip.      Potential    Kinetic En.
    3.65847e+02   -6.90499e+05   -6.94870e+04   -7.59620e+05    2.23167e+04
   Total Energy  Conserved En.    Temperature Pressure (bar)   Constr. rmsd
   -7.37303e+05    4.81627e+07    1.78956e+02    5.54400e+02    3.43509e-06

Writing checkpoint, step 460172520 at Sat Jul  4 18:24:09 2020


Writing checkpoint, step 461746120 at Sat Jul  4 18:39:09 2020


Writing checkpoint, step 463320030 at Sat Jul  4 18:54:09 2020


Writing checkpoint, step 464894920 at Sat Jul  4 19:09:09 2020


Writing checkpoint, step 466467870 at Sat Jul  4 19:24:09 2020


Writing checkpoint, step 468041220 at Sat Jul  4 19:39:09 2020


Writing checkpoint, step 469615160 at Sat Jul  4 19:54:09 2020


DD  step 469999999 load imb.: force  7.4%  pme mesh/force 0.967

           Step           Time
      470000000   940000.00000

   Energies (kJ/mol)
        LJ (SR)   Coulomb (SR)   Coul. recip.      Potential    Kinetic En.
    3.51566e+02   -6.90422e+05   -6.94845e+04   -7.59555e+05    2.24523e+04
   Total Energy  Conserved En.    Temperature Pressure (bar)   Constr. rmsd
   -7.37102e+05    4.95086e+07    1.80044e+02    5.44250e+02    3.40980e-06

Writing checkpoint, step 471189760 at Sat Jul  4 20:09:09 2020


Writing checkpoint, step 472762860 at Sat Jul  4 20:24:09 2020


Writing checkpoint, step 474337790 at Sat Jul  4 20:39:09 2020


Writing checkpoint, step 475911160 at Sat Jul  4 20:54:09 2020


Writing checkpoint, step 477484750 at Sat Jul  4 21:09:09 2020


Writing checkpoint, step 479059030 at Sat Jul  4 21:24:09 2020


DD  step 479999999 load imb.: force  5.2%  pme mesh/force 0.938

           Step           Time
      480000000   960000.00000

   Energies (kJ/mol)
        LJ (SR)   Coulomb (SR)   Coul. recip.      Potential    Kinetic En.
    3.14901e+02   -6.90388e+05   -6.94954e+04   -7.59568e+05    2.23016e+04
   Total Energy  Conserved En.    Temperature Pressure (bar)   Constr. rmsd
   -7.37267e+05    5.08527e+07    1.78835e+02    5.14827e+02    3.40959e-06

Writing checkpoint, step 480633340 at Sat Jul  4 21:39:09 2020


Writing checkpoint, step 482206640 at Sat Jul  4 21:54:09 2020


Writing checkpoint, step 483781320 at Sat Jul  4 22:09:09 2020


Writing checkpoint, step 485354260 at Sat Jul  4 22:24:09 2020


Writing checkpoint, step 486928120 at Sat Jul  4 22:39:09 2020


Writing checkpoint, step 488501350 at Sat Jul  4 22:54:09 2020


DD  step 489999999 load imb.: force  7.0%  pme mesh/force 0.955

           Step           Time
      490000000   980000.00000

   Energies (kJ/mol)
        LJ (SR)   Coulomb (SR)   Coul. recip.      Potential    Kinetic En.
    2.69072e+02   -6.90468e+05   -6.94913e+04   -7.59690e+05    2.22863e+04
   Total Energy  Conserved En.    Temperature Pressure (bar)   Constr. rmsd
   -7.37404e+05    5.21964e+07    1.78713e+02    4.55340e+02    3.43895e-06

Writing checkpoint, step 490075580 at Sat Jul  4 23:09:09 2020


Writing checkpoint, step 491649360 at Sat Jul  4 23:24:09 2020


Writing checkpoint, step 493223340 at Sat Jul  4 23:39:09 2020


Writing checkpoint, step 494797440 at Sat Jul  4 23:54:09 2020


Writing checkpoint, step 496370580 at Sun Jul  5 00:09:09 2020


Writing checkpoint, step 497943390 at Sun Jul  5 00:24:09 2020


Writing checkpoint, step 499517910 at Sun Jul  5 00:39:09 2020


DD  step 499999999 load imb.: force  7.6%  pme mesh/force 0.957

           Step           Time
      500000000   1000000.00000

Writing checkpoint, step 500000000 at Sun Jul  5 00:43:45 2020




-----------------------------------------------------------
Restarting from checkpoint, appending to previous log file.

Log file opened on Sat Oct  3 22:51:24 2020
Host: r1i3n2  pid: 14618  rank ID: 0  number of ranks:  32
                        :-) GROMACS - mdrun, 2016.1 (-:

Executable:   /sw/sdev/Modules/gromacs/gromacs-2016.1/bin/mdrun
Data prefix:  /sw/sdev/Modules/gromacs/gromacs-2016.1
Working dir:  /work/pousaneh/Field-Big/0.266/a1/V7
Command line:
  mdrun -s NVT.tpr -deffnm NVT -append -cpi NVT.cpt -table Table_HS_modif.xvg

GROMACS version:    2016.1
Precision:          single
Memory model:       64 bit
MPI library:        MPI
OpenMP support:     enabled (GMX_OPENMP_MAX_THREADS = 32)
GPU support:        disabled
SIMD instructions:  AVX_256
FFT library:        Intel MKL
RDTSCP usage:       disabled
TNG support:        enabled
Hwloc support:      disabled
Tracing support:    disabled
Built on:           Thu Jan 12 07:55:47 CET 2017
Built by:           vegarde@service0 [CMAKE]
Build OS/arch:      Linux 3.0.101-84-default x86_64
Build CPU vendor:   Unknown
Build CPU brand:    Unknown
Build CPU family:   0   Model: 0   Stepping: 0
Build CPU features: Unknown
C compiler:         /sw/sdev/Modules/intelcomp/17.0/bin/icc Intel 17.0.0.20160721
C compiler flags:    -mavx   -mkl=sequential  -std=gnu99  -O3 -xHost -DNDEBUG -ip -funroll-all-loops -alias-const -ansi-alias  
C++ compiler:       /sw/sdev/Modules/intelcomp/17.0/bin/icpc Intel 17.0.0.20160721
C++ compiler flags:  -mavx    -std=c++0x   -O3 -xHost -DNDEBUG -ip -funroll-all-loops -alias-const -ansi-alias  


Initializing Domain Decomposition on 32 ranks
Dynamic load balancing: auto
Domain decomposition grid 4 x 4 x 1, separate PME ranks 16
PME domain decomposition: 4 x 4 x 1
Interleaving PP and PME ranks
This rank does only particle-particle work.

Domain decomposition rank 0, coordinates 0 0 0

The initial number of communication pulses is: X 1 Y 1
The initial domain decomposition cell size is: X 2.12 nm Y 2.12 nm

When dynamic load balancing gets turned on, these settings will change to:
The maximum number of communication pulses is: X 1 Y 1
The minimum size for domain decomposition cells is 0.900 nm
The requested allowed shrink of DD cells (option -dds) is: 0.80
The allowed shrink of domain decomposition cells is: X 0.42 Y 0.42
Using two step summing over 2 groups of on average 8.0 ranks

Using 32 MPI processes


NOTE: This file uses the deprecated 'group' cutoff_scheme. This will be
removed in a future release when 'verlet' supports all interaction forms.

Table routines are used for coulomb: false
Table routines are used for vdw:     true
Will do PME sum in reciprocal space for electrostatic interactions.

++++ PLEASE READ AND CITE THE FOLLOWING REFERENCE ++++
U. Essmann, L. Perera, M. L. Berkowitz, T. Darden, H. Lee and L. G. Pedersen 
A smooth particle mesh Ewald method
J. Chem. Phys. 103 (1995) pp. 8577-8592
-------- -------- --- Thank You --- -------- --------

Will do ordinary reciprocal space Ewald sum.
Using a Gaussian width (1/beta) of 0.288146 nm for Ewald
Cut-off's:   NS: 0.9   Coulomb: 0.9   LJ: 0.3479
System total charge: 0.000
Read user tables from Table_HS_modif.xvg with 1501 data points.
Tabscale = 500 points/nm
Generated table with 950 data points for Ewald.
Tabscale = 500 points/nm
Potential shift: LJ r^-12: 0.000e+00 r^-6: 0.000e+00, Ewald -0.000e+00
Initialized non-bonded Ewald correction tables, spacing: 8.85e-04 size: 2148


Non-default thread affinity set probably by the OpenMP library,
disabling internal thread affinity

Initializing LINear Constraint Solver

++++ PLEASE READ AND CITE THE FOLLOWING REFERENCE ++++
B. Hess and H. Bekker and H. J. C. Berendsen and J. G. E. M. Fraaije
LINCS: A Linear Constraint Solver for molecular simulations
J. Comp. Chem. 18 (1997) pp. 1463-1472
-------- -------- --- Thank You --- -------- --------

The number of constraints is 6000

Linking all bonded interactions to atoms

Intra-simulation communication will occur every 10 steps.
Center of mass motion removal mode is Linear
We have the following groups for center of mass motion removal:
  0:  rest
There are: 12000 Atoms
There are: 18000 VSites
Atom distribution over 16 domains: av 1875 stddev 39 min 1785 max 1935
Grid: 3 x 3 x 9 cells
Initial temperature: 181.977 K

Started mdrun on rank 0 Sat Oct  3 22:51:24 2020
           Step           Time
      500000000   1000000.00000


   Energies (kJ/mol)
        LJ (SR)   Coulomb (SR)   Coul. recip.      Potential    Kinetic En.
    3.25309e+02   -5.32379e+05   -2.27677e+05   -7.59731e+05    2.26928e+04
   Total Energy  Conserved En.    Temperature Pressure (bar)   Constr. rmsd
   -7.37038e+05    5.35413e+07    1.81973e+02    5.20511e+02    3.41628e-06

DD  step 500000009 load imb.: force  4.6%  pme mesh/force 4.042

step 500000040: timed with pme grid 56 56 56, coulomb cutoff 0.900: 10.8 M-cycles
step 500000060: timed with pme grid 48 48 48, coulomb cutoff 0.996: 9.7 M-cycles
step 500000080: timed with pme grid 44 44 44, coulomb cutoff 1.087: 9.3 M-cycles
step 500000100: timed with pme grid 40 40 40, coulomb cutoff 1.195: 8.6 M-cycles
step 500000120: timed with pme grid 36 36 36, coulomb cutoff 1.328: 8.3 M-cycles
step 500000140: timed with pme grid 32 32 32, coulomb cutoff 1.494: 7.6 M-cycles
step 500000160: timed with pme grid 28 28 28, coulomb cutoff 1.708: 7.5 M-cycles
step 500000180: timed with pme grid 25 25 25, coulomb cutoff 1.913: 7.5 M-cycles
step 500000200: timed with pme grid 20 20 20, coulomb cutoff 2.391: 7.3 M-cycles
step 500000220: timed with pme grid 16 16 16, coulomb cutoff 2.988: 7.3 M-cycles
step 500000240: timed with pme grid 12 12 12, coulomb cutoff 3.984: 7.3 M-cycles
step 500000240: the PME grid restriction limits the PME load balancing to a coulomb cut-off of 3.984
step 500000260: timed with pme grid 12 12 12, coulomb cutoff 3.984: 7.3 M-cycles
step 500000280: timed with pme grid 16 16 16, coulomb cutoff 2.988: 7.3 M-cycles
step 500000300: timed with pme grid 20 20 20, coulomb cutoff 2.391: 7.3 M-cycles
step 500000320: timed with pme grid 24 24 24, coulomb cutoff 1.992: 7.3 M-cycles
step 500000340: timed with pme grid 25 25 25, coulomb cutoff 1.913: 7.5 M-cycles
step 500000360: timed with pme grid 28 28 28, coulomb cutoff 1.708: 7.5 M-cycles
step 500000380: timed with pme grid 32 32 32, coulomb cutoff 1.494: 7.6 M-cycles
              optimal pme grid 12 12 12, coulomb cutoff 3.984

step 500025000 Turning on dynamic load balancing, because the performance loss due to load imbalance is 2.0 %.


step 500026800 Turning off dynamic load balancing, because it is degrading performance.

Atom distribution over 16 domains: av 1875 stddev 48 min 1795 max 1965

step 500180000 Turning on dynamic load balancing, because the performance loss due to load imbalance is 2.0 %.


step 500183600 Turning off dynamic load balancing, because it is degrading performance.

Atom distribution over 16 domains: av 1875 stddev 42 min 1815 max 1940

step 500520000 Turning on dynamic load balancing, because the performance loss due to load imbalance is 2.0 %.


step 500520200 Turning off dynamic load balancing, because it is degrading performance.

Atom distribution over 16 domains: av 1875 stddev 37 min 1810 max 1935

step 500544000 Turning on dynamic load balancing, because the performance loss due to load imbalance is 2.0 %.


step 500544400 Turning off dynamic load balancing, because it is degrading performance.

Atom distribution over 16 domains: av 1875 stddev 46 min 1795 max 1970

step 500570000 Turning on dynamic load balancing, because the performance loss due to load imbalance is 2.0 %.


step 500571600 Turning off dynamic load balancing, because it is degrading performance.

Atom distribution over 16 domains: av 1875 stddev 38 min 1805 max 1955

step 500704000 Turning on dynamic load balancing, because the performance loss due to load imbalance is 2.0 %.


step 500704400 Turning off dynamic load balancing, because it is degrading performance.

Atom distribution over 16 domains: av 1875 stddev 68 min 1740 max 2000

step 500721000 Turning on dynamic load balancing, because the performance loss due to load imbalance is 2.0 %.

Grid: 5 x 4 x 9 cells

step 500746600 Turning off dynamic load balancing, because it is degrading performance.

Atom distribution over 16 domains: av 1875 stddev 46 min 1815 max 1995
Writing checkpoint, step 501582440 at Sat Oct  3 23:06:24 2020


DD  step 502777499 load imb.: force  7.3%  pme mesh/force 0.936

           Step           Time
      502777500   1005555.00000

Writing checkpoint, step 502777500 at Sat Oct  3 23:17:44 2020


   Energies (kJ/mol)
        LJ (SR)   Coulomb (SR)   Coul. recip.      Potential    Kinetic En.
    2.98648e+02   -7.07677e+05   -5.21357e+04   -7.59514e+05    2.26601e+04
   Total Energy  Conserved En.    Temperature Pressure (bar)   Constr. rmsd
   -7.36854e+05    5.39783e+07    1.81710e+02    4.94191e+02    3.34565e-06

	<======  ###############  ==>
	<====  A V E R A G E S  ====>
	<==  ###############  ======>

	Statistics over 502777501 steps using 5027776 frames

   Energies (kJ/mol)
        LJ (SR)   Coulomb (SR)   Coul. recip.      Potential    Kinetic En.
    3.24073e+02   -6.78481e+05   -8.14509e+04   -7.59608e+05    2.24280e+04
   Total Energy  Conserved En.    Temperature Pressure (bar)   Constr. rmsd
   -7.37180e+05    2.46261e+07    1.79849e+02    5.18445e+02    0.00000e+00

   Total Virial (kJ/mol)
   -2.11104e+03    2.69992e-01    4.42553e-01
    2.70013e-01   -2.11103e+03   -9.23024e-03
    4.42572e-01   -9.21703e-03   -2.11081e+03

   Pressure (bar)
    5.18453e+02   -2.51393e-02   -2.35067e-02
   -2.51405e-02    5.18454e+02   -2.89988e-03
   -2.35077e-02   -2.90059e-03    5.18428e+02


       P P   -   P M E   L O A D   B A L A N C I N G

 NOTE: The PP/PME load balancing was limited by the PME grid restriction,
       you might not have reached a good load balance.

 PP/PME load balancing changed the cut-off and PME settings:
           particle-particle                    PME
            rcoulomb  rlist            grid      spacing   1/beta
   initial  0.900 nm  0.900 nm      56  56  56   0.152 nm  0.288 nm
   final    3.984 nm  0.900 nm      12  12  12   0.708 nm  1.276 nm
 cost-ratio           1.00             0.01
 (note that these numbers concern only part of the total PP and PME load)


	M E G A - F L O P S   A C C O U N T I N G

 NB=Group-cutoff nonbonded kernels    NxN=N-by-N cluster Verlet kernels
 RF=Reaction-Field  VdW=Van der Waals  QSTab=quadratic-spline table
 W3=SPC/TIP3p  W4=TIP4p (single or pairs)
 V&F=Potential and force  V=Potential only  F=Force only

 Computing:                               M-Number         M-Flops  % Flops
-----------------------------------------------------------------------------
 NB VdW [V&F]                        183147.013004      183147.013     0.1
 NB VdW [F]                        15585853.137568    15585853.138    11.2
 NB Elec. [V&F]                      964335.687856      964335.688     0.7
 NB Elec. [F]                      64083509.665622    64083509.666    46.1
 Calc Weights                        249975.090000     8999103.240     6.5
 Spread Q Bspline                   5332801.920000    10665603.840     7.7
 Gather F Bspline                   5332801.920000    31996811.520    23.0
 3D-FFT                              103767.929288      830143.434     0.6
 Solve PME                             1601.257696      102480.493     0.1
 NS-Pairs                            131833.222177     2768497.666     2.0
 Reset In Box                          1666.458000        4999.374     0.0
 CG-CoM                                8332.530000       24997.590     0.0
 Virial                                 853.278720       15359.017     0.0
 Stop-CM                                833.280000        8332.800     0.0
 Calc-Ekin                            16665.060000      449956.620     0.3
 Lincs                                16665.006000      999900.360     0.7
 Constraint-V                         33330.012000      266640.096     0.2
 Constraint-Vir                         166.656000        3999.744     0.0
 Virtual Site 2                       50494.986000     1161384.678     0.8
-----------------------------------------------------------------------------
 Total                                               139115055.976   100.0
-----------------------------------------------------------------------------


    D O M A I N   D E C O M P O S I T I O N   S T A T I S T I C S

 av. #atoms communicated per step for force:  2 x 29641.5

 Average load imbalance: 4.3 %
 Part of the total run time spent waiting due to load imbalance: 1.9 %
 Average PME mesh/force load: 0.924
 Part of the total run time spent waiting due to PP/PME imbalance: 2.2 %


     R E A L   C Y C L E   A N D   T I M E   A C C O U N T I N G

On 16 MPI ranks doing PP, and
on 16 MPI ranks doing PME

 Computing:          Num   Num      Call    Wall time         Giga-Cycles
                     Ranks Threads  Count      (s)         total sum    %
-----------------------------------------------------------------------------
 Domain decomp.        16    1     277750     107.426       4468.940   3.4
 DD comm. load         16    1       6110       0.034          1.400   0.0
 DD comm. bounds       16    1       3360       0.149          6.217   0.0
 Vsite constr.         16    1    2777501      39.220       1631.552   1.2
 Send X to PME         16    1    2777501      11.709        487.079   0.4
 Neighbor search       16    1     277751     251.591      10466.241   8.0
 Comm. coord.          16    1    2777501      74.767       3110.332   2.4
 Force                 16    1    2777501     783.846      32608.110  24.8
 Wait + Comm. F        16    1    2777501     102.187       4251.013   3.2
 PME mesh *            16    1    2777501     822.833      34229.996  26.0
 PME wait for PP *                            756.846      31484.923  24.0
 Wait + Recv. PME F    16    1    2777501      20.313        845.040   0.6
 Vsite spread          16    1    2805277      40.449       1682.695   1.3
 Write traj.           16    1          3       0.015          0.642   0.0
 Update                16    1    2777501      49.804       2071.833   1.6
 Constraints           16    1    2777501      58.289       2424.838   1.8
 Comm. energies        16    1     277751      19.031        791.712   0.6
 Rest                                          20.886        868.849   0.7
-----------------------------------------------------------------------------
 Total                                       1579.718     131432.987 100.0
-----------------------------------------------------------------------------
(*) Note that with separate PME ranks, the walltime column actually sums to
    twice the total reported, but the cycle count total and % are correct.
-----------------------------------------------------------------------------
 Breakdown of PME mesh computation
-----------------------------------------------------------------------------
 PME redist. X/F       16    1    5555002     269.560      11213.726   8.5
 PME spread/gather     16    1    5555002     412.813      17173.099  13.1
 PME 3D-FFT            16    1    5555002      23.286        968.714   0.7
 PME 3D-FFT Comm.      16    1   11110004     105.124       4373.178   3.3
 PME solve Elec        16    1    2777501       5.835        242.743   0.2
-----------------------------------------------------------------------------

               Core t (s)   Wall t (s)        (%)
       Time:    50550.969     1579.718     3200.0
                 (ns/day)    (hour/ns)
Performance:      303.821        0.079
Finished mdrun on rank 0 Sat Oct  3 23:17:44 2020
