Log file opened on Sat Oct  3 23:17:46 2020
Host: r1i3n2  pid: 14733  rank ID: 0  number of ranks:  32
                        :-) GROMACS - mdrun, 2016.1 (-:

                            GROMACS is written by:
     Emile Apol      Rossen Apostolov  Herman J.C. Berendsen    Par Bjelkmar   
 Aldert van Buuren   Rudi van Drunen     Anton Feenstra    Gerrit Groenhof  
 Christoph Junghans   Anca Hamuraru    Vincent Hindriksen Dimitrios Karkoulis
    Peter Kasson        Jiri Kraus      Carsten Kutzner      Per Larsson    
  Justin A. Lemkul   Magnus Lundborg   Pieter Meulenhoff    Erik Marklund   
   Teemu Murtola       Szilard Pall       Sander Pronk      Roland Schulz   
  Alexey Shvetsov     Michael Shirts     Alfons Sijbers     Peter Tieleman  
  Teemu Virolainen  Christian Wennberg    Maarten Wolf   
                           and the project leaders:
        Mark Abraham, Berk Hess, Erik Lindahl, and David van der Spoel

Copyright (c) 1991-2000, University of Groningen, The Netherlands.
Copyright (c) 2001-2015, The GROMACS development team at
Uppsala University, Stockholm University and
the Royal Institute of Technology, Sweden.
check out http://www.gromacs.org for more information.

GROMACS is free software; you can redistribute it and/or modify it
under the terms of the GNU Lesser General Public License
as published by the Free Software Foundation; either version 2.1
of the License, or (at your option) any later version.

GROMACS:      mdrun, version 2016.1
Executable:   /sw/sdev/Modules/gromacs/gromacs-2016.1/bin/mdrun
Data prefix:  /sw/sdev/Modules/gromacs/gromacs-2016.1
Working dir:  /work/pousaneh/Field-Big/0.266/a1/V7
Command line:
  mdrun -s NVT_F.tpr -deffnm NVT_F -table Table_HS_modif.xvg

GROMACS version:    2016.1
Precision:          single
Memory model:       64 bit
MPI library:        MPI
OpenMP support:     enabled (GMX_OPENMP_MAX_THREADS = 32)
GPU support:        disabled
SIMD instructions:  AVX_256
FFT library:        Intel MKL
RDTSCP usage:       disabled
TNG support:        enabled
Hwloc support:      disabled
Tracing support:    disabled
Built on:           Thu Jan 12 07:55:47 CET 2017
Built by:           vegarde@service0 [CMAKE]
Build OS/arch:      Linux 3.0.101-84-default x86_64
Build CPU vendor:   Unknown
Build CPU brand:    Unknown
Build CPU family:   0   Model: 0   Stepping: 0
Build CPU features: Unknown
C compiler:         /sw/sdev/Modules/intelcomp/17.0/bin/icc Intel 17.0.0.20160721
C compiler flags:    -mavx   -mkl=sequential  -std=gnu99  -O3 -xHost -DNDEBUG -ip -funroll-all-loops -alias-const -ansi-alias  
C++ compiler:       /sw/sdev/Modules/intelcomp/17.0/bin/icpc Intel 17.0.0.20160721
C++ compiler flags:  -mavx    -std=c++0x   -O3 -xHost -DNDEBUG -ip -funroll-all-loops -alias-const -ansi-alias  


Running on 2 nodes with total 32 cores, 64 logical cores
  Cores per node:           16
  Logical cores per node:   32
Hardware detected on host r1i3n2 (the node of MPI rank 0):
  CPU info:
    Vendor: Intel
    Brand:  Intel(R) Xeon(R) CPU E5-2670 0 @ 2.60GHz
    Family: 6   Model: 45   Stepping: 6
    Features: aes apic avx clfsh cmov cx8 cx16 htt lahf mmx msr nonstop_tsc pcid pclmuldq pdcm pdpe1gb popcnt pse rdtscp sse2 sse3 sse4.1 sse4.2 ssse3 tdt x2apic
    SIMD instructions most likely to fit this hardware: AVX_256
    SIMD instructions selected at GROMACS compile time: AVX_256

  Hardware topology: Basic
    Sockets, cores, and logical processors:
      Socket  0: [   0  16] [   1  17] [   2  18] [   3  19] [   4  20] [   5  21] [   6  22] [   7  23]
      Socket  1: [   8  24] [   9  25] [  10  26] [  11  27] [  12  28] [  13  29] [  14  30] [  15  31]


The current CPU can measure timings more accurately than the code in
mdrun was configured to use. This might affect your simulation
speed as accurate timings are needed for load-balancing.
Please consider rebuilding mdrun with the GMX_USE_RDTSCP=ON CMake option.


++++ PLEASE READ AND CITE THE FOLLOWING REFERENCE ++++
M. J. Abraham, T. Murtola, R. Schulz, S. Páll, J. C. Smith, B. Hess, E.
Lindahl
GROMACS: High performance molecular simulations through multi-level
parallelism from laptops to supercomputers
SoftwareX 1 (2015) pp. 19-25
-------- -------- --- Thank You --- -------- --------


++++ PLEASE READ AND CITE THE FOLLOWING REFERENCE ++++
S. Páll, M. J. Abraham, C. Kutzner, B. Hess, E. Lindahl
Tackling Exascale Software Challenges in Molecular Dynamics Simulations with
GROMACS
In S. Markidis & E. Laure (Eds.), Solving Software Challenges for Exascale 8759 (2015) pp. 3-27
-------- -------- --- Thank You --- -------- --------


++++ PLEASE READ AND CITE THE FOLLOWING REFERENCE ++++
S. Pronk, S. Páll, R. Schulz, P. Larsson, P. Bjelkmar, R. Apostolov, M. R.
Shirts, J. C. Smith, P. M. Kasson, D. van der Spoel, B. Hess, and E. Lindahl
GROMACS 4.5: a high-throughput and highly parallel open source molecular
simulation toolkit
Bioinformatics 29 (2013) pp. 845-54
-------- -------- --- Thank You --- -------- --------


++++ PLEASE READ AND CITE THE FOLLOWING REFERENCE ++++
B. Hess and C. Kutzner and D. van der Spoel and E. Lindahl
GROMACS 4: Algorithms for highly efficient, load-balanced, and scalable
molecular simulation
J. Chem. Theory Comput. 4 (2008) pp. 435-447
-------- -------- --- Thank You --- -------- --------


++++ PLEASE READ AND CITE THE FOLLOWING REFERENCE ++++
D. van der Spoel, E. Lindahl, B. Hess, G. Groenhof, A. E. Mark and H. J. C.
Berendsen
GROMACS: Fast, Flexible and Free
J. Comp. Chem. 26 (2005) pp. 1701-1719
-------- -------- --- Thank You --- -------- --------


++++ PLEASE READ AND CITE THE FOLLOWING REFERENCE ++++
E. Lindahl and B. Hess and D. van der Spoel
GROMACS 3.0: A package for molecular simulation and trajectory analysis
J. Mol. Mod. 7 (2001) pp. 306-317
-------- -------- --- Thank You --- -------- --------


++++ PLEASE READ AND CITE THE FOLLOWING REFERENCE ++++
H. J. C. Berendsen, D. van der Spoel and R. van Drunen
GROMACS: A message-passing parallel molecular dynamics implementation
Comp. Phys. Comm. 91 (1995) pp. 43-56
-------- -------- --- Thank You --- -------- --------

Input Parameters:
   integrator                     = md
   tinit                          = 0
   dt                             = 0.002
   nsteps                         = 400000000
   init-step                      = 0
   simulation-part                = 1
   comm-mode                      = Linear
   nstcomm                        = 100
   bd-fric                        = 0
   ld-seed                        = 1138229400
   emtol                          = 10
   emstep                         = 0.01
   niter                          = 20
   fcstep                         = 0
   nstcgsteep                     = 1000
   nbfgscorr                      = 10
   rtpi                           = 0.05
   nstxout                        = 10000000
   nstvout                        = 10000000
   nstfout                        = 0
   nstlog                         = 10000000
   nstcalcenergy                  = 100
   nstenergy                      = 1000000
   nstxout-compressed             = 10000000
   compressed-x-precision         = 1000
   cutoff-scheme                  = Group
   nstlist                        = 10
   ns-type                        = Grid
   pbc                            = xyz
   periodic-molecules             = false
   verlet-buffer-tolerance        = 0.005
   rlist                          = 0.9
   coulombtype                    = PME
   coulomb-modifier               = None
   rcoulomb-switch                = 0
   rcoulomb                       = 0.9
   epsilon-r                      = 1
   epsilon-rf                     = inf
   vdw-type                       = User
   vdw-modifier                   = None
   rvdw-switch                    = 0
   rvdw                           = 0.3479
   DispCorr                       = No
   table-extension                = 1
   fourierspacing                 = 0.16
   fourier-nx                     = 56
   fourier-ny                     = 56
   fourier-nz                     = 56
   pme-order                      = 4
   ewald-rtol                     = 1e-05
   ewald-rtol-lj                  = 0.001
   lj-pme-comb-rule               = Geometric
   ewald-geometry                 = 0
   epsilon-surface                = 0
   implicit-solvent               = No
   gb-algorithm                   = Still
   nstgbradii                     = 1
   rgbradii                       = 1
   gb-epsilon-solvent             = 80
   gb-saltconc                    = 0
   gb-obc-alpha                   = 1
   gb-obc-beta                    = 0.8
   gb-obc-gamma                   = 4.85
   gb-dielectric-offset           = 0.009
   sa-algorithm                   = Ace-approximation
   sa-surface-tension             = 2.05016
   tcoupl                         = V-rescale
   nsttcouple                     = 10
   nh-chain-length                = 0
   print-nose-hoover-chain-variables = false
   pcoupl                         = No
   pcoupltype                     = Isotropic
   nstpcouple                     = -1
   tau-p                          = 1
   compressibility (3x3):
      compressibility[    0]={ 0.00000e+00,  0.00000e+00,  0.00000e+00}
      compressibility[    1]={ 0.00000e+00,  0.00000e+00,  0.00000e+00}
      compressibility[    2]={ 0.00000e+00,  0.00000e+00,  0.00000e+00}
   ref-p (3x3):
      ref-p[    0]={ 0.00000e+00,  0.00000e+00,  0.00000e+00}
      ref-p[    1]={ 0.00000e+00,  0.00000e+00,  0.00000e+00}
      ref-p[    2]={ 0.00000e+00,  0.00000e+00,  0.00000e+00}
   refcoord-scaling               = No
   posres-com (3):
      posres-com[0]= 0.00000e+00
      posres-com[1]= 0.00000e+00
      posres-com[2]= 0.00000e+00
   posres-comB (3):
      posres-comB[0]= 0.00000e+00
      posres-comB[1]= 0.00000e+00
      posres-comB[2]= 0.00000e+00
   QMMM                           = false
   QMconstraints                  = 0
   QMMMscheme                     = 0
   MMChargeScaleFactor            = 1
qm-opts:
   ngQM                           = 0
   constraint-algorithm           = Lincs
   continuation                   = true
   Shake-SOR                      = false
   shake-tol                      = 0.0001
   lincs-order                    = 4
   lincs-iter                     = 1
   lincs-warnangle                = 30
   nwall                          = 0
   wall-type                      = 9-3
   wall-r-linpot                  = -1
   wall-atomtype[0]               = -1
   wall-atomtype[1]               = -1
   wall-density[0]                = 0
   wall-density[1]                = 0
   wall-ewald-zfac                = 3
   pull                           = false
   rotation                       = false
   interactiveMD                  = false
   disre                          = No
   disre-weighting                = Conservative
   disre-mixed                    = false
   dr-fc                          = 1000
   dr-tau                         = 0
   nstdisreout                    = 100
   orire-fc                       = 0
   orire-tau                      = 0
   nstorireout                    = 100
   free-energy                    = no
   cos-acceleration               = 0
   deform (3x3):
      deform[    0]={ 0.00000e+00,  0.00000e+00,  0.00000e+00}
      deform[    1]={ 0.00000e+00,  0.00000e+00,  0.00000e+00}
      deform[    2]={ 0.00000e+00,  0.00000e+00,  0.00000e+00}
   simulated-tempering            = false
   E-x:
      n = 1
        a = 7.500000e-01
        phi = 0.000000e+00
   E-xt:
      n = 0
   E-y:
      n = 0
   E-yt:
      n = 0
   E-z:
      n = 0
   E-zt:
      n = 0
   swapcoords                     = no
   userint1                       = 0
   userint2                       = 0
   userint3                       = 0
   userint4                       = 0
   userreal1                      = 0
   userreal2                      = 0
   userreal3                      = 0
   userreal4                      = 0
grpopts:
   nrdf:       29997
   ref-t:       179.8
   tau-t:         0.1
annealing:          No
annealing-npoints:           0
   acc:	           0           0           0
   nfreeze:           N           N           N
   energygrp-flags[  0]: 0


Initializing Domain Decomposition on 32 ranks
Dynamic load balancing: auto
Guess for relative PME load: 0.50
Will use 16 particle-particle and 16 PME only ranks
This is a guess, check the performance at the end of the log file
Using 16 separate PME ranks, as guessed by mdrun
Scaling the initial minimum size with 1/0.8 (option -dds) = 1.25
Optimizing the DD grid for 16 cells with a minimum initial size of 0.000 nm
Domain decomposition grid 4 x 4 x 1, separate PME ranks 16
PME domain decomposition: 4 x 4 x 1
Interleaving PP and PME ranks
This rank does only particle-particle work.

Domain decomposition rank 0, coordinates 0 0 0

The initial number of communication pulses is: X 1 Y 1
The initial domain decomposition cell size is: X 2.12 nm Y 2.12 nm

When dynamic load balancing gets turned on, these settings will change to:
The maximum number of communication pulses is: X 1 Y 1
The minimum size for domain decomposition cells is 0.900 nm
The requested allowed shrink of DD cells (option -dds) is: 0.80
The allowed shrink of domain decomposition cells is: X 0.42 Y 0.42
Using two step summing over 2 groups of on average 8.0 ranks

Using 32 MPI processes


NOTE: This file uses the deprecated 'group' cutoff_scheme. This will be
removed in a future release when 'verlet' supports all interaction forms.

Table routines are used for coulomb: false
Table routines are used for vdw:     true
Will do PME sum in reciprocal space for electrostatic interactions.

++++ PLEASE READ AND CITE THE FOLLOWING REFERENCE ++++
U. Essmann, L. Perera, M. L. Berkowitz, T. Darden, H. Lee and L. G. Pedersen 
A smooth particle mesh Ewald method
J. Chem. Phys. 103 (1995) pp. 8577-8592
-------- -------- --- Thank You --- -------- --------

Will do ordinary reciprocal space Ewald sum.
Using a Gaussian width (1/beta) of 0.288146 nm for Ewald
Cut-off's:   NS: 0.9   Coulomb: 0.9   LJ: 0.3479
System total charge: 0.000
Read user tables from Table_HS_modif.xvg with 1501 data points.
Tabscale = 500 points/nm
Generated table with 950 data points for Ewald.
Tabscale = 500 points/nm
Potential shift: LJ r^-12: 0.000e+00 r^-6: 0.000e+00, Ewald -0.000e+00
Initialized non-bonded Ewald correction tables, spacing: 8.85e-04 size: 2148


Non-default thread affinity set probably by the OpenMP library,
disabling internal thread affinity

Initializing LINear Constraint Solver

++++ PLEASE READ AND CITE THE FOLLOWING REFERENCE ++++
B. Hess and H. Bekker and H. J. C. Berendsen and J. G. E. M. Fraaije
LINCS: A Linear Constraint Solver for molecular simulations
J. Comp. Chem. 18 (1997) pp. 1463-1472
-------- -------- --- Thank You --- -------- --------

The number of constraints is 6000

Linking all bonded interactions to atoms

Intra-simulation communication will occur every 10 steps.
Center of mass motion removal mode is Linear
We have the following groups for center of mass motion removal:
  0:  rest

++++ PLEASE READ AND CITE THE FOLLOWING REFERENCE ++++
G. Bussi, D. Donadio and M. Parrinello
Canonical sampling through velocity rescaling
J. Chem. Phys. 126 (2007) pp. 014101
-------- -------- --- Thank You --- -------- --------

There are: 12000 Atoms
There are: 18000 VSites
Atom distribution over 16 domains: av 1875 stddev 45 min 1810 max 1965
Grid: 3 x 3 x 9 cells
Initial temperature: 181.687 K

Started mdrun on rank 0 Sat Oct  3 23:17:46 2020
           Step           Time
              0        0.00000


   Energies (kJ/mol)
        LJ (SR)   Coulomb (SR)   Coul. recip.      Potential    Kinetic En.
    2.98648e+02   -5.32270e+05   -2.27607e+05   -7.59579e+05    2.26605e+04
   Total Energy  Conserved En.    Temperature Pressure (bar)   Constr. rmsd
   -7.36918e+05   -7.36918e+05    1.81714e+02    4.97082e+02    3.37787e-06

DD  step 9 load imb.: force  8.0%  pme mesh/force 1.899

step   40: timed with pme grid 56 56 56, coulomb cutoff 0.900: 10.9 M-cycles
step   60: timed with pme grid 48 48 48, coulomb cutoff 0.996: 9.7 M-cycles
step   80: timed with pme grid 44 44 44, coulomb cutoff 1.087: 9.3 M-cycles
step  100: timed with pme grid 40 40 40, coulomb cutoff 1.195: 8.6 M-cycles
step  120: timed with pme grid 36 36 36, coulomb cutoff 1.328: 8.2 M-cycles
step  140: timed with pme grid 32 32 32, coulomb cutoff 1.494: 7.7 M-cycles
step  160: timed with pme grid 28 28 28, coulomb cutoff 1.708: 7.6 M-cycles
step  180: timed with pme grid 25 25 25, coulomb cutoff 1.913: 7.5 M-cycles
step  200: timed with pme grid 20 20 20, coulomb cutoff 2.391: 7.4 M-cycles
step  220: timed with pme grid 16 16 16, coulomb cutoff 2.988: 7.4 M-cycles
step  240: timed with pme grid 12 12 12, coulomb cutoff 3.984: 7.4 M-cycles
step  240: the PME grid restriction limits the PME load balancing to a coulomb cut-off of 3.984
step  260: timed with pme grid 12 12 12, coulomb cutoff 3.984: 7.3 M-cycles
step  280: timed with pme grid 16 16 16, coulomb cutoff 2.988: 7.3 M-cycles
step  300: timed with pme grid 20 20 20, coulomb cutoff 2.391: 7.3 M-cycles
step  320: timed with pme grid 24 24 24, coulomb cutoff 1.992: 7.4 M-cycles
step  340: timed with pme grid 25 25 25, coulomb cutoff 1.913: 7.6 M-cycles
step  360: timed with pme grid 28 28 28, coulomb cutoff 1.708: 7.6 M-cycles
step  380: timed with pme grid 32 32 32, coulomb cutoff 1.494: 7.7 M-cycles
              optimal pme grid 12 12 12, coulomb cutoff 3.984

step 3000 Turning on dynamic load balancing, because the performance loss due to load imbalance is 3.8 %.

Grid: 5 x 4 x 9 cells
Writing checkpoint, step 1596050 at Sat Oct  3 23:32:46 2020


Writing checkpoint, step 3190300 at Sat Oct  3 23:47:46 2020


Writing checkpoint, step 4785240 at Sun Oct  4 00:02:46 2020


Writing checkpoint, step 6380190 at Sun Oct  4 00:17:46 2020



step 6380200 Turning off dynamic load balancing, because it is degrading performance.

Atom distribution over 16 domains: av 1875 stddev 50 min 1810 max 1995
Writing checkpoint, step 7953540 at Sun Oct  4 00:32:46 2020


Writing checkpoint, step 9528850 at Sun Oct  4 00:47:46 2020


DD  step 9999999 load imb.: force  3.9%  pme mesh/force 0.930

           Step           Time
       10000000    20000.00000

   Energies (kJ/mol)
        LJ (SR)   Coulomb (SR)   Coul. recip.      Potential    Kinetic En.
    3.25068e+02   -7.07632e+05   -5.21410e+04   -7.59448e+05    2.27150e+04
   Total Energy  Conserved En.    Temperature Pressure (bar)   Constr. rmsd
   -7.36733e+05    8.18848e+05    1.82150e+02    4.99284e+02    3.38295e-06

Writing checkpoint, step 11104090 at Sun Oct  4 01:02:46 2020


Writing checkpoint, step 12678320 at Sun Oct  4 01:17:46 2020


Writing checkpoint, step 14256440 at Sun Oct  4 01:32:46 2020


Writing checkpoint, step 15834300 at Sun Oct  4 01:47:46 2020


Writing checkpoint, step 17411170 at Sun Oct  4 02:02:46 2020


Writing checkpoint, step 18989510 at Sun Oct  4 02:17:46 2020


DD  step 19999999 load imb.: force  5.0%  pme mesh/force 0.905

           Step           Time
       20000000    40000.00000

   Energies (kJ/mol)
        LJ (SR)   Coulomb (SR)   Coul. recip.      Potential    Kinetic En.
    2.99910e+02   -7.07499e+05   -5.21447e+04   -7.59344e+05    2.26240e+04
   Total Energy  Conserved En.    Temperature Pressure (bar)   Constr. rmsd
   -7.36720e+05    2.36999e+06    1.81421e+02    4.79691e+02    3.43510e-06

Writing checkpoint, step 20566650 at Sun Oct  4 02:32:46 2020


Writing checkpoint, step 22144050 at Sun Oct  4 02:47:46 2020


Writing checkpoint, step 23722190 at Sun Oct  4 03:02:46 2020


Writing checkpoint, step 25298170 at Sun Oct  4 03:17:46 2020


Writing checkpoint, step 26874890 at Sun Oct  4 03:32:46 2020


Writing checkpoint, step 28452850 at Sun Oct  4 03:47:46 2020


DD  step 29999999 load imb.: force  5.8%  pme mesh/force 0.892

           Step           Time
       30000000    60000.00000

   Energies (kJ/mol)
        LJ (SR)   Coulomb (SR)   Coul. recip.      Potential    Kinetic En.
    3.13611e+02   -7.07600e+05   -5.21402e+04   -7.59426e+05    2.27203e+04
   Total Energy  Conserved En.    Temperature Pressure (bar)   Constr. rmsd
   -7.36706e+05    3.91695e+06    1.82193e+02    4.93760e+02    3.41345e-06

Writing checkpoint, step 30029540 at Sun Oct  4 04:02:46 2020


Writing checkpoint, step 31605270 at Sun Oct  4 04:17:46 2020


Writing checkpoint, step 33181100 at Sun Oct  4 04:32:46 2020


Writing checkpoint, step 34757800 at Sun Oct  4 04:47:46 2020


Writing checkpoint, step 36335160 at Sun Oct  4 05:02:46 2020


Writing checkpoint, step 37910850 at Sun Oct  4 05:17:46 2020


Writing checkpoint, step 39488760 at Sun Oct  4 05:32:46 2020


DD  step 39999999 load imb.: force  5.7%  pme mesh/force 0.919

           Step           Time
       40000000    80000.00000

   Energies (kJ/mol)
        LJ (SR)   Coulomb (SR)   Coul. recip.      Potential    Kinetic En.
    3.33113e+02   -7.07482e+05   -5.21472e+04   -7.59296e+05    2.24609e+04
   Total Energy  Conserved En.    Temperature Pressure (bar)   Constr. rmsd
   -7.36835e+05    5.46830e+06    1.80113e+02    5.08736e+02    3.36644e-06

Writing checkpoint, step 41066690 at Sun Oct  4 05:47:46 2020


Writing checkpoint, step 42642690 at Sun Oct  4 06:02:46 2020


Writing checkpoint, step 44198320 at Sun Oct  4 06:17:46 2020


Writing checkpoint, step 45776560 at Sun Oct  4 06:32:46 2020


Writing checkpoint, step 47354660 at Sun Oct  4 06:47:46 2020


Writing checkpoint, step 48931400 at Sun Oct  4 07:02:46 2020


DD  step 49999999 load imb.: force  7.8%  pme mesh/force 0.883

           Step           Time
       50000000   100000.00000

   Energies (kJ/mol)
        LJ (SR)   Coulomb (SR)   Coul. recip.      Potential    Kinetic En.
    2.82735e+02   -7.07507e+05   -5.21459e+04   -7.59370e+05    2.23377e+04
   Total Energy  Conserved En.    Temperature Pressure (bar)   Constr. rmsd
   -7.37032e+05    7.01850e+06    1.79125e+02    4.64812e+02    3.44425e-06

Writing checkpoint, step 50507950 at Sun Oct  4 07:17:46 2020


Writing checkpoint, step 52084740 at Sun Oct  4 07:32:46 2020


Writing checkpoint, step 53661830 at Sun Oct  4 07:47:46 2020


Writing checkpoint, step 55238780 at Sun Oct  4 08:02:46 2020


Writing checkpoint, step 56815640 at Sun Oct  4 08:17:46 2020


Writing checkpoint, step 58389540 at Sun Oct  4 08:32:46 2020


Writing checkpoint, step 59964940 at Sun Oct  4 08:47:46 2020


DD  step 59999999 load imb.: force  3.4%  pme mesh/force 0.912

           Step           Time
       60000000   120000.00000

   Energies (kJ/mol)
        LJ (SR)   Coulomb (SR)   Coul. recip.      Potential    Kinetic En.
    3.26324e+02   -7.07486e+05   -5.21370e+04   -7.59297e+05    2.25014e+04
   Total Energy  Conserved En.    Temperature Pressure (bar)   Constr. rmsd
   -7.36795e+05    8.56795e+06    1.80438e+02    5.14642e+02    3.36283e-06

Writing checkpoint, step 61541110 at Sun Oct  4 09:02:46 2020


Writing checkpoint, step 63115820 at Sun Oct  4 09:17:46 2020


Writing checkpoint, step 64691550 at Sun Oct  4 09:32:46 2020


Writing checkpoint, step 66266240 at Sun Oct  4 09:47:46 2020


Writing checkpoint, step 67842270 at Sun Oct  4 10:02:46 2020


Writing checkpoint, step 69415620 at Sun Oct  4 10:17:46 2020


DD  step 69999999 load imb.: force  7.4%  pme mesh/force 0.881

           Step           Time
       70000000   140000.00000

   Energies (kJ/mol)
        LJ (SR)   Coulomb (SR)   Coul. recip.      Potential    Kinetic En.
    2.97510e+02   -7.07494e+05   -5.21360e+04   -7.59332e+05    2.27120e+04
   Total Energy  Conserved En.    Temperature Pressure (bar)   Constr. rmsd
   -7.36620e+05    1.01195e+07    1.82127e+02    4.80360e+02    3.34446e-06

Writing checkpoint, step 70991350 at Sun Oct  4 10:32:46 2020


Writing checkpoint, step 72568780 at Sun Oct  4 10:47:46 2020


Writing checkpoint, step 74145190 at Sun Oct  4 11:02:46 2020


Writing checkpoint, step 75720040 at Sun Oct  4 11:17:46 2020


Writing checkpoint, step 77295390 at Sun Oct  4 11:32:46 2020


Writing checkpoint, step 78846240 at Sun Oct  4 11:47:46 2020


DD  step 79999999 load imb.: force  6.3%  pme mesh/force 0.934

           Step           Time
       80000000   160000.00000

   Energies (kJ/mol)
        LJ (SR)   Coulomb (SR)   Coul. recip.      Potential    Kinetic En.
    3.47398e+02   -7.07680e+05   -5.21422e+04   -7.59475e+05    2.23178e+04
   Total Energy  Conserved En.    Temperature Pressure (bar)   Constr. rmsd
   -7.37157e+05    1.16680e+07    1.78966e+02    5.15226e+02    3.43378e-06

Writing checkpoint, step 80412850 at Sun Oct  4 12:02:46 2020


Writing checkpoint, step 81987620 at Sun Oct  4 12:17:46 2020


Writing checkpoint, step 83562020 at Sun Oct  4 12:32:46 2020


Writing checkpoint, step 85138190 at Sun Oct  4 12:47:46 2020


Writing checkpoint, step 86714010 at Sun Oct  4 13:02:46 2020


Writing checkpoint, step 88286900 at Sun Oct  4 13:17:46 2020


Writing checkpoint, step 89860690 at Sun Oct  4 13:32:46 2020


DD  step 89999999 load imb.: force  5.7%  pme mesh/force 0.926

           Step           Time
       90000000   180000.00000

   Energies (kJ/mol)
        LJ (SR)   Coulomb (SR)   Coul. recip.      Potential    Kinetic En.
    3.27708e+02   -7.07291e+05   -5.21354e+04   -7.59099e+05    2.24321e+04
   Total Energy  Conserved En.    Temperature Pressure (bar)   Constr. rmsd
   -7.36667e+05    1.32243e+07    1.79882e+02    5.08896e+02    3.41486e-06

Writing checkpoint, step 91434540 at Sun Oct  4 13:47:46 2020


Writing checkpoint, step 93008380 at Sun Oct  4 14:02:46 2020


Writing checkpoint, step 94581630 at Sun Oct  4 14:17:46 2020


Writing checkpoint, step 96157600 at Sun Oct  4 14:32:46 2020


Writing checkpoint, step 97733760 at Sun Oct  4 14:47:46 2020


Writing checkpoint, step 99308550 at Sun Oct  4 15:02:46 2020


DD  step 99999999 load imb.: force  2.8%  pme mesh/force 0.928

           Step           Time
      100000000   200000.00000

   Energies (kJ/mol)
        LJ (SR)   Coulomb (SR)   Coul. recip.      Potential    Kinetic En.
    3.02187e+02   -7.07529e+05   -5.21449e+04   -7.59372e+05    2.24177e+04
   Total Energy  Conserved En.    Temperature Pressure (bar)   Constr. rmsd
   -7.36954e+05    1.47747e+07    1.79767e+02    4.79666e+02    3.43218e-06

Writing checkpoint, step 100881980 at Sun Oct  4 15:17:46 2020


Writing checkpoint, step 102456850 at Sun Oct  4 15:32:46 2020


Writing checkpoint, step 104031310 at Sun Oct  4 15:47:46 2020


Writing checkpoint, step 105604120 at Sun Oct  4 16:02:46 2020


Writing checkpoint, step 107174390 at Sun Oct  4 16:17:46 2020


Writing checkpoint, step 108747530 at Sun Oct  4 16:32:46 2020


DD  step 109999999 load imb.: force  7.8%  pme mesh/force 0.892

           Step           Time
      110000000   220000.00000

   Energies (kJ/mol)
        LJ (SR)   Coulomb (SR)   Coul. recip.      Potential    Kinetic En.
    2.92451e+02   -7.07516e+05   -5.21415e+04   -7.59365e+05    2.25222e+04
   Total Energy  Conserved En.    Temperature Pressure (bar)   Constr. rmsd
   -7.36843e+05    1.63281e+07    1.80605e+02    4.69988e+02    3.39298e-06

Writing checkpoint, step 110320490 at Sun Oct  4 16:47:46 2020


Writing checkpoint, step 111893170 at Sun Oct  4 17:02:46 2020


Writing checkpoint, step 113465730 at Sun Oct  4 17:17:46 2020


Writing checkpoint, step 115037690 at Sun Oct  4 17:32:46 2020


Writing checkpoint, step 116611900 at Sun Oct  4 17:47:46 2020


Writing checkpoint, step 118186180 at Sun Oct  4 18:02:46 2020


Writing checkpoint, step 119761450 at Sun Oct  4 18:17:46 2020


DD  step 119999999 load imb.: force 10.9%  pme mesh/force 0.916

           Step           Time
      120000000   240000.00000

   Energies (kJ/mol)
        LJ (SR)   Coulomb (SR)   Coul. recip.      Potential    Kinetic En.
    3.43822e+02   -7.07595e+05   -5.21389e+04   -7.59390e+05    2.27171e+04
   Total Energy  Conserved En.    Temperature Pressure (bar)   Constr. rmsd
   -7.36673e+05    1.78784e+07    1.82167e+02    5.17635e+02    3.38739e-06

Writing checkpoint, step 121336570 at Sun Oct  4 18:32:46 2020


Writing checkpoint, step 122910610 at Sun Oct  4 18:47:46 2020


Writing checkpoint, step 124485140 at Sun Oct  4 19:02:46 2020


Writing checkpoint, step 126058710 at Sun Oct  4 19:17:46 2020


Writing checkpoint, step 127632470 at Sun Oct  4 19:32:46 2020


Writing checkpoint, step 129205080 at Sun Oct  4 19:47:46 2020


DD  step 129999999 load imb.: force  8.2%  pme mesh/force 0.896

           Step           Time
      130000000   260000.00000

   Energies (kJ/mol)
        LJ (SR)   Coulomb (SR)   Coul. recip.      Potential    Kinetic En.
    3.12734e+02   -7.07612e+05   -5.21426e+04   -7.59442e+05    2.27302e+04
   Total Energy  Conserved En.    Temperature Pressure (bar)   Constr. rmsd
   -7.36712e+05    1.94286e+07    1.82273e+02    4.90477e+02    3.38555e-06

Writing checkpoint, step 130779410 at Sun Oct  4 20:02:46 2020


Writing checkpoint, step 132354930 at Sun Oct  4 20:17:46 2020


Writing checkpoint, step 133925400 at Sun Oct  4 20:32:46 2020


Writing checkpoint, step 135499250 at Sun Oct  4 20:47:46 2020


Writing checkpoint, step 137069590 at Sun Oct  4 21:02:46 2020


Writing checkpoint, step 138641610 at Sun Oct  4 21:17:46 2020


DD  step 139999999 load imb.: force  8.8%  pme mesh/force 0.910

           Step           Time
      140000000   280000.00000

   Energies (kJ/mol)
        LJ (SR)   Coulomb (SR)   Coul. recip.      Potential    Kinetic En.
    3.19685e+02   -7.07483e+05   -5.21382e+04   -7.59302e+05    2.24409e+04
   Total Energy  Conserved En.    Temperature Pressure (bar)   Constr. rmsd
   -7.36861e+05    2.09809e+07    1.79952e+02    5.02638e+02    3.35921e-06

Writing checkpoint, step 140214420 at Sun Oct  4 21:32:46 2020


Writing checkpoint, step 141789040 at Sun Oct  4 21:47:46 2020


Writing checkpoint, step 143360670 at Sun Oct  4 22:02:46 2020


Writing checkpoint, step 144934520 at Sun Oct  4 22:17:46 2020


Writing checkpoint, step 146508500 at Sun Oct  4 22:32:46 2020


Writing checkpoint, step 148082050 at Sun Oct  4 22:47:46 2020


Writing checkpoint, step 149650340 at Sun Oct  4 23:02:46 2020


DD  step 149999999 load imb.: force  6.0%  pme mesh/force 0.899

           Step           Time
      150000000   300000.00000

   Energies (kJ/mol)
        LJ (SR)   Coulomb (SR)   Coul. recip.      Potential    Kinetic En.
    3.25088e+02   -7.07529e+05   -5.21448e+04   -7.59349e+05    2.27161e+04
   Total Energy  Conserved En.    Temperature Pressure (bar)   Constr. rmsd
   -7.36633e+05    2.25287e+07    1.82159e+02    5.07649e+02    3.40422e-06

Writing checkpoint, step 151222380 at Sun Oct  4 23:17:46 2020


Writing checkpoint, step 152795090 at Sun Oct  4 23:32:46 2020


Writing checkpoint, step 154366660 at Sun Oct  4 23:47:46 2020


Writing checkpoint, step 155932630 at Mon Oct  5 00:02:46 2020


Writing checkpoint, step 157504070 at Mon Oct  5 00:17:46 2020


Writing checkpoint, step 159077170 at Mon Oct  5 00:32:46 2020


DD  step 159999999 load imb.: force  5.5%  pme mesh/force 0.914

           Step           Time
      160000000   320000.00000

   Energies (kJ/mol)
        LJ (SR)   Coulomb (SR)   Coul. recip.      Potential    Kinetic En.
    3.32396e+02   -7.07485e+05   -5.21423e+04   -7.59295e+05    2.27612e+04
   Total Energy  Conserved En.    Temperature Pressure (bar)   Constr. rmsd
   -7.36533e+05    2.40753e+07    1.82521e+02    5.14665e+02    3.44822e-06

Writing checkpoint, step 160650560 at Mon Oct  5 00:47:46 2020


Writing checkpoint, step 162221410 at Mon Oct  5 01:02:46 2020


Writing checkpoint, step 163790670 at Mon Oct  5 01:17:46 2020


Writing checkpoint, step 165360050 at Mon Oct  5 01:32:46 2020


Writing checkpoint, step 166931090 at Mon Oct  5 01:47:46 2020


Writing checkpoint, step 168502220 at Mon Oct  5 02:02:46 2020


DD  step 169999999 load imb.: force  7.6%  pme mesh/force 0.894

           Step           Time
      170000000   340000.00000

   Energies (kJ/mol)
        LJ (SR)   Coulomb (SR)   Coul. recip.      Potential    Kinetic En.
    2.97385e+02   -7.07394e+05   -5.21422e+04   -7.59239e+05    2.26701e+04
   Total Energy  Conserved En.    Temperature Pressure (bar)   Constr. rmsd
   -7.36569e+05    2.56235e+07    1.81791e+02    4.75421e+02    3.38478e-06

Writing checkpoint, step 170073580 at Mon Oct  5 02:17:46 2020


Writing checkpoint, step 171643940 at Mon Oct  5 02:32:46 2020


Writing checkpoint, step 173214720 at Mon Oct  5 02:47:46 2020


Writing checkpoint, step 174786150 at Mon Oct  5 03:02:46 2020


Writing checkpoint, step 176357090 at Mon Oct  5 03:17:46 2020


Writing checkpoint, step 177927190 at Mon Oct  5 03:32:46 2020


Writing checkpoint, step 179497780 at Mon Oct  5 03:47:46 2020


DD  step 179999999 load imb.: force  3.6%  pme mesh/force 0.898

           Step           Time
      180000000   360000.00000

   Energies (kJ/mol)
        LJ (SR)   Coulomb (SR)   Coul. recip.      Potential    Kinetic En.
    2.89242e+02   -7.07548e+05   -5.21423e+04   -7.59401e+05    2.22364e+04
   Total Energy  Conserved En.    Temperature Pressure (bar)   Constr. rmsd
   -7.37165e+05    2.71759e+07    1.78313e+02    4.67665e+02    3.36742e-06

Writing checkpoint, step 181070520 at Mon Oct  5 04:02:46 2020


Writing checkpoint, step 182640140 at Mon Oct  5 04:17:46 2020


Writing checkpoint, step 184210590 at Mon Oct  5 04:32:46 2020


Writing checkpoint, step 185780300 at Mon Oct  5 04:47:46 2020


Writing checkpoint, step 187351350 at Mon Oct  5 05:02:46 2020


Writing checkpoint, step 188922480 at Mon Oct  5 05:17:46 2020


DD  step 189999999 load imb.: force  2.8%  pme mesh/force 0.904

           Step           Time
      190000000   380000.00000

   Energies (kJ/mol)
        LJ (SR)   Coulomb (SR)   Coul. recip.      Potential    Kinetic En.
    3.17033e+02   -7.07519e+05   -5.21391e+04   -7.59341e+05    2.23839e+04
   Total Energy  Conserved En.    Temperature Pressure (bar)   Constr. rmsd
   -7.36957e+05    2.87279e+07    1.79496e+02    5.00792e+02    3.34542e-06

Writing checkpoint, step 190494510 at Mon Oct  5 05:32:46 2020


Writing checkpoint, step 192068520 at Mon Oct  5 05:47:46 2020


Writing checkpoint, step 193639840 at Mon Oct  5 06:02:46 2020


Writing checkpoint, step 195209600 at Mon Oct  5 06:17:46 2020


Writing checkpoint, step 196782510 at Mon Oct  5 06:32:46 2020


Writing checkpoint, step 198354840 at Mon Oct  5 06:47:46 2020


Writing checkpoint, step 199927860 at Mon Oct  5 07:02:46 2020


DD  step 199999999 load imb.: force  7.8%  pme mesh/force 0.903

           Step           Time
      200000000   400000.00000

   Energies (kJ/mol)
        LJ (SR)   Coulomb (SR)   Coul. recip.      Potential    Kinetic En.
    3.24127e+02   -7.07531e+05   -5.21496e+04   -7.59357e+05    2.23190e+04
   Total Energy  Conserved En.    Temperature Pressure (bar)   Constr. rmsd
   -7.37038e+05    3.02782e+07    1.78975e+02    4.95705e+02    3.37914e-06

Writing checkpoint, step 201499390 at Mon Oct  5 07:17:46 2020


Writing checkpoint, step 203070980 at Mon Oct  5 07:32:46 2020


Writing checkpoint, step 204641870 at Mon Oct  5 07:47:46 2020


Writing checkpoint, step 206213920 at Mon Oct  5 08:02:46 2020


Writing checkpoint, step 207784020 at Mon Oct  5 08:17:46 2020


Writing checkpoint, step 209356120 at Mon Oct  5 08:32:46 2020


DD  step 209999999 load imb.: force  5.1%  pme mesh/force 0.890

           Step           Time
      210000000   420000.00000

   Energies (kJ/mol)
        LJ (SR)   Coulomb (SR)   Coul. recip.      Potential    Kinetic En.
    3.56544e+02   -7.07698e+05   -5.21394e+04   -7.59481e+05    2.25713e+04
   Total Energy  Conserved En.    Temperature Pressure (bar)   Constr. rmsd
   -7.36909e+05    3.18308e+07    1.80998e+02    5.37617e+02    3.36394e-06

Writing checkpoint, step 210929380 at Mon Oct  5 08:47:46 2020


Writing checkpoint, step 212501560 at Mon Oct  5 09:02:46 2020


Writing checkpoint, step 214073570 at Mon Oct  5 09:17:46 2020


Writing checkpoint, step 215645310 at Mon Oct  5 09:32:46 2020


Writing checkpoint, step 217216180 at Mon Oct  5 09:47:46 2020


Writing checkpoint, step 218788650 at Mon Oct  5 10:02:46 2020


DD  step 219999999 load imb.: force  7.3%  pme mesh/force 0.910

           Step           Time
      220000000   440000.00000

   Energies (kJ/mol)
        LJ (SR)   Coulomb (SR)   Coul. recip.      Potential    Kinetic En.
    3.29720e+02   -7.07484e+05   -5.21454e+04   -7.59300e+05    2.23846e+04
   Total Energy  Conserved En.    Temperature Pressure (bar)   Constr. rmsd
   -7.36915e+05    3.33818e+07    1.79502e+02    5.06193e+02    3.39709e-06

Writing checkpoint, step 220360670 at Mon Oct  5 10:17:46 2020


Writing checkpoint, step 221934240 at Mon Oct  5 10:32:46 2020


Writing checkpoint, step 223506670 at Mon Oct  5 10:47:46 2020


Writing checkpoint, step 225079600 at Mon Oct  5 11:02:46 2020


Writing checkpoint, step 226652390 at Mon Oct  5 11:17:46 2020


Writing checkpoint, step 228225900 at Mon Oct  5 11:32:46 2020


Writing checkpoint, step 229799050 at Mon Oct  5 11:47:46 2020


DD  step 229999999 load imb.: force  7.3%  pme mesh/force 0.905

           Step           Time
      230000000   460000.00000

   Energies (kJ/mol)
        LJ (SR)   Coulomb (SR)   Coul. recip.      Potential    Kinetic En.
    3.54399e+02   -7.07632e+05   -5.21412e+04   -7.59419e+05    2.22515e+04
   Total Energy  Conserved En.    Temperature Pressure (bar)   Constr. rmsd
   -7.37168e+05    3.49348e+07    1.78434e+02    5.23971e+02    3.41359e-06

Writing checkpoint, step 231372610 at Mon Oct  5 12:02:46 2020


Writing checkpoint, step 232946250 at Mon Oct  5 12:17:46 2020


Writing checkpoint, step 234521070 at Mon Oct  5 12:32:46 2020


Writing checkpoint, step 236093870 at Mon Oct  5 12:47:46 2020


Writing checkpoint, step 237669460 at Mon Oct  5 13:02:46 2020


Writing checkpoint, step 239241800 at Mon Oct  5 13:17:46 2020


DD  step 239999999 load imb.: force  7.7%  pme mesh/force 0.926

           Step           Time
      240000000   480000.00000

   Energies (kJ/mol)
        LJ (SR)   Coulomb (SR)   Coul. recip.      Potential    Kinetic En.
    3.11396e+02   -7.07503e+05   -5.21382e+04   -7.59330e+05    2.23033e+04
   Total Energy  Conserved En.    Temperature Pressure (bar)   Constr. rmsd
   -7.37027e+05    3.64837e+07    1.78849e+02    4.87644e+02    3.46746e-06

Writing checkpoint, step 240815150 at Mon Oct  5 13:32:46 2020


Writing checkpoint, step 242389780 at Mon Oct  5 13:47:46 2020


Writing checkpoint, step 243966620 at Mon Oct  5 14:02:46 2020


Writing checkpoint, step 245541500 at Mon Oct  5 14:17:46 2020


Writing checkpoint, step 247116120 at Mon Oct  5 14:32:46 2020


Writing checkpoint, step 248691200 at Mon Oct  5 14:47:46 2020


DD  step 249999999 load imb.: force  5.3%  pme mesh/force 0.928

           Step           Time
      250000000   500000.00000

   Energies (kJ/mol)
        LJ (SR)   Coulomb (SR)   Coul. recip.      Potential    Kinetic En.
    3.08119e+02   -7.07572e+05   -5.21465e+04   -7.59411e+05    2.21998e+04
   Total Energy  Conserved En.    Temperature Pressure (bar)   Constr. rmsd
   -7.37211e+05    3.80334e+07    1.78019e+02    4.86485e+02    3.37689e-06

Writing checkpoint, step 250266480 at Mon Oct  5 15:02:46 2020


Writing checkpoint, step 251838450 at Mon Oct  5 15:17:46 2020


Writing checkpoint, step 253413780 at Mon Oct  5 15:32:46 2020


Writing checkpoint, step 254990320 at Mon Oct  5 15:47:46 2020


Writing checkpoint, step 256564020 at Mon Oct  5 16:02:46 2020


Writing checkpoint, step 258137030 at Mon Oct  5 16:17:46 2020


Writing checkpoint, step 259713000 at Mon Oct  5 16:32:46 2020


DD  step 259999999 load imb.: force  8.2%  pme mesh/force 0.896

           Step           Time
      260000000   520000.00000

   Energies (kJ/mol)
        LJ (SR)   Coulomb (SR)   Coul. recip.      Potential    Kinetic En.
    3.35999e+02   -7.07469e+05   -5.21412e+04   -7.59275e+05    2.26856e+04
   Total Energy  Conserved En.    Temperature Pressure (bar)   Constr. rmsd
   -7.36589e+05    3.95807e+07    1.81915e+02    5.17893e+02    3.38245e-06

Writing checkpoint, step 261288130 at Mon Oct  5 16:47:46 2020


Writing checkpoint, step 262863290 at Mon Oct  5 17:02:46 2020


Writing checkpoint, step 264437890 at Mon Oct  5 17:17:46 2020


Writing checkpoint, step 266012490 at Mon Oct  5 17:32:46 2020


Writing checkpoint, step 267588930 at Mon Oct  5 17:47:46 2020


Writing checkpoint, step 269164290 at Mon Oct  5 18:02:46 2020


DD  step 269999999 load imb.: force  4.6%  pme mesh/force 0.918

           Step           Time
      270000000   540000.00000

   Energies (kJ/mol)
        LJ (SR)   Coulomb (SR)   Coul. recip.      Potential    Kinetic En.
    3.11315e+02   -7.07432e+05   -5.21466e+04   -7.59267e+05    2.25349e+04
   Total Energy  Conserved En.    Temperature Pressure (bar)   Constr. rmsd
   -7.36732e+05    4.11329e+07    1.80707e+02    4.94983e+02    3.36614e-06

Writing checkpoint, step 270739130 at Mon Oct  5 18:17:46 2020


Writing checkpoint, step 272316530 at Mon Oct  5 18:32:46 2020


Writing checkpoint, step 273893500 at Mon Oct  5 18:47:46 2020


Writing checkpoint, step 275470020 at Mon Oct  5 19:02:46 2020


Writing checkpoint, step 277046530 at Mon Oct  5 19:17:46 2020


Writing checkpoint, step 278623940 at Mon Oct  5 19:32:46 2020


DD  step 279999999 load imb.: force  8.3%  pme mesh/force 0.899

           Step           Time
      280000000   560000.00000

   Energies (kJ/mol)
        LJ (SR)   Coulomb (SR)   Coul. recip.      Potential    Kinetic En.
    3.42156e+02   -7.07541e+05   -5.21360e+04   -7.59335e+05    2.26284e+04
   Total Energy  Conserved En.    Temperature Pressure (bar)   Constr. rmsd
   -7.36706e+05    4.26821e+07    1.81457e+02    5.26250e+02    3.38185e-06

Writing checkpoint, step 280201010 at Mon Oct  5 19:47:46 2020


Writing checkpoint, step 281778770 at Mon Oct  5 20:02:46 2020


Writing checkpoint, step 283356190 at Mon Oct  5 20:17:46 2020


Writing checkpoint, step 284931460 at Mon Oct  5 20:32:46 2020


Writing checkpoint, step 286505730 at Mon Oct  5 20:47:46 2020


Writing checkpoint, step 288083350 at Mon Oct  5 21:02:46 2020


Writing checkpoint, step 289657730 at Mon Oct  5 21:17:46 2020


DD  step 289999999 load imb.: force  4.9%  pme mesh/force 0.911

           Step           Time
      290000000   580000.00000

   Energies (kJ/mol)
        LJ (SR)   Coulomb (SR)   Coul. recip.      Potential    Kinetic En.
    2.78469e+02   -7.07578e+05   -5.21488e+04   -7.59448e+05    2.23809e+04
   Total Energy  Conserved En.    Temperature Pressure (bar)   Constr. rmsd
   -7.37067e+05    4.42352e+07    1.79471e+02    4.54901e+02    3.43255e-06

Writing checkpoint, step 291231480 at Mon Oct  5 21:32:46 2020


Writing checkpoint, step 292805630 at Mon Oct  5 21:47:46 2020


Writing checkpoint, step 294382260 at Mon Oct  5 22:02:46 2020


Writing checkpoint, step 295959070 at Mon Oct  5 22:17:46 2020


Writing checkpoint, step 297534360 at Mon Oct  5 22:32:46 2020


Writing checkpoint, step 299111290 at Mon Oct  5 22:47:46 2020


DD  step 299999999 load imb.: force  8.0%  pme mesh/force 0.890

           Step           Time
      300000000   600000.00000

   Energies (kJ/mol)
        LJ (SR)   Coulomb (SR)   Coul. recip.      Potential    Kinetic En.
    3.14456e+02   -7.07503e+05   -5.21425e+04   -7.59331e+05    2.21635e+04
   Total Energy  Conserved En.    Temperature Pressure (bar)   Constr. rmsd
   -7.37167e+05    4.57893e+07    1.77729e+02    4.85442e+02    3.45970e-06

Writing checkpoint, step 300687640 at Mon Oct  5 23:02:46 2020


Writing checkpoint, step 302263970 at Mon Oct  5 23:17:46 2020


Writing checkpoint, step 303842010 at Mon Oct  5 23:32:46 2020


Writing checkpoint, step 305416890 at Mon Oct  5 23:47:46 2020


Writing checkpoint, step 306993830 at Tue Oct  6 00:02:46 2020


Writing checkpoint, step 308569770 at Tue Oct  6 00:17:46 2020


DD  step 309999999 load imb.: force  8.8%  pme mesh/force 0.878

           Step           Time
      310000000   620000.00000

   Energies (kJ/mol)
        LJ (SR)   Coulomb (SR)   Coul. recip.      Potential    Kinetic En.
    3.21414e+02   -7.07520e+05   -5.21373e+04   -7.59336e+05    2.25319e+04
   Total Energy  Conserved En.    Temperature Pressure (bar)   Constr. rmsd
   -7.36804e+05    4.73401e+07    1.80682e+02    4.97812e+02    3.36855e-06

Writing checkpoint, step 310145510 at Tue Oct  6 00:32:46 2020


Writing checkpoint, step 311720090 at Tue Oct  6 00:47:46 2020


Writing checkpoint, step 313295300 at Tue Oct  6 01:02:46 2020


Writing checkpoint, step 314870740 at Tue Oct  6 01:17:46 2020


Writing checkpoint, step 316446530 at Tue Oct  6 01:32:46 2020


Writing checkpoint, step 318023590 at Tue Oct  6 01:47:46 2020


Writing checkpoint, step 319599810 at Tue Oct  6 02:02:46 2020


DD  step 319999999 load imb.: force  8.4%  pme mesh/force 0.918

           Step           Time
      320000000   640000.00000

   Energies (kJ/mol)
        LJ (SR)   Coulomb (SR)   Coul. recip.      Potential    Kinetic En.
    2.71231e+02   -7.07428e+05   -5.21448e+04   -7.59302e+05    2.25117e+04
   Total Energy  Conserved En.    Temperature Pressure (bar)   Constr. rmsd
   -7.36790e+05    4.88932e+07    1.80520e+02    4.54994e+02    3.40223e-06

Writing checkpoint, step 321175740 at Tue Oct  6 02:17:46 2020


Writing checkpoint, step 322752380 at Tue Oct  6 02:32:46 2020


Writing checkpoint, step 324327440 at Tue Oct  6 02:47:46 2020


Writing checkpoint, step 325905410 at Tue Oct  6 03:02:46 2020


Writing checkpoint, step 327481690 at Tue Oct  6 03:17:46 2020


Writing checkpoint, step 329057300 at Tue Oct  6 03:32:46 2020


DD  step 329999999 load imb.: force  7.9%  pme mesh/force 0.899

           Step           Time
      330000000   660000.00000

   Energies (kJ/mol)
        LJ (SR)   Coulomb (SR)   Coul. recip.      Potential    Kinetic En.
    2.99866e+02   -7.07428e+05   -5.21379e+04   -7.59266e+05    2.21388e+04
   Total Energy  Conserved En.    Temperature Pressure (bar)   Constr. rmsd
   -7.37127e+05    5.04429e+07    1.77531e+02    4.73985e+02    3.41149e-06

Writing checkpoint, step 330631210 at Tue Oct  6 03:47:46 2020


Writing checkpoint, step 332206830 at Tue Oct  6 04:02:46 2020


Writing checkpoint, step 333781310 at Tue Oct  6 04:17:46 2020


Writing checkpoint, step 335356710 at Tue Oct  6 04:32:46 2020


Writing checkpoint, step 336931810 at Tue Oct  6 04:47:46 2020


Writing checkpoint, step 338507330 at Tue Oct  6 05:02:46 2020


DD  step 339999999 load imb.: force  5.5%  pme mesh/force 0.881

           Step           Time
      340000000   680000.00000

   Energies (kJ/mol)
        LJ (SR)   Coulomb (SR)   Coul. recip.      Potential    Kinetic En.
    3.00432e+02   -7.07560e+05   -5.21437e+04   -7.59404e+05    2.26392e+04
   Total Energy  Conserved En.    Temperature Pressure (bar)   Constr. rmsd
   -7.36764e+05    5.19926e+07    1.81543e+02    4.74972e+02    3.38579e-06

Writing checkpoint, step 340084060 at Tue Oct  6 05:17:46 2020


Writing checkpoint, step 341659590 at Tue Oct  6 05:32:46 2020


Writing checkpoint, step 343236480 at Tue Oct  6 05:47:46 2020


Writing checkpoint, step 344812900 at Tue Oct  6 06:02:46 2020


Writing checkpoint, step 346388550 at Tue Oct  6 06:17:46 2020


Writing checkpoint, step 347966050 at Tue Oct  6 06:32:46 2020


Writing checkpoint, step 349539630 at Tue Oct  6 06:47:46 2020


DD  step 349999999 load imb.: force  5.5%  pme mesh/force 0.908

           Step           Time
      350000000   700000.00000

   Energies (kJ/mol)
        LJ (SR)   Coulomb (SR)   Coul. recip.      Potential    Kinetic En.
    3.14366e+02   -7.07545e+05   -5.21354e+04   -7.59366e+05    2.27256e+04
   Total Energy  Conserved En.    Temperature Pressure (bar)   Constr. rmsd
   -7.36641e+05    5.35407e+07    1.82236e+02    4.97923e+02    3.40945e-06

Writing checkpoint, step 351115720 at Tue Oct  6 07:02:46 2020


Writing checkpoint, step 352688960 at Tue Oct  6 07:17:46 2020


Writing checkpoint, step 354262000 at Tue Oct  6 07:32:46 2020


Writing checkpoint, step 355837200 at Tue Oct  6 07:47:46 2020


Writing checkpoint, step 357412060 at Tue Oct  6 08:02:46 2020


Writing checkpoint, step 358987580 at Tue Oct  6 08:17:46 2020


DD  step 359999999 load imb.: force  5.1%  pme mesh/force 0.909

           Step           Time
      360000000   720000.00000

   Energies (kJ/mol)
        LJ (SR)   Coulomb (SR)   Coul. recip.      Potential    Kinetic En.
    2.95371e+02   -7.07591e+05   -5.21391e+04   -7.59435e+05    2.27370e+04
   Total Energy  Conserved En.    Temperature Pressure (bar)   Constr. rmsd
   -7.36698e+05    5.50894e+07    1.82327e+02    4.76483e+02    3.41251e-06

Writing checkpoint, step 360561660 at Tue Oct  6 08:32:46 2020


Writing checkpoint, step 362137160 at Tue Oct  6 08:47:46 2020


Writing checkpoint, step 363712030 at Tue Oct  6 09:02:46 2020


Writing checkpoint, step 365287170 at Tue Oct  6 09:17:46 2020


Writing checkpoint, step 366861090 at Tue Oct  6 09:32:46 2020


Writing checkpoint, step 368436020 at Tue Oct  6 09:47:46 2020


DD  step 369999999 load imb.: force  5.8%  pme mesh/force 0.950

           Step           Time
      370000000   740000.00000

   Energies (kJ/mol)
        LJ (SR)   Coulomb (SR)   Coul. recip.      Potential    Kinetic En.
    3.06272e+02   -7.07455e+05   -5.21392e+04   -7.59288e+05    2.26681e+04
   Total Energy  Conserved En.    Temperature Pressure (bar)   Constr. rmsd
   -7.36620e+05    5.66347e+07    1.81775e+02    4.87754e+02    3.37722e-06

Writing checkpoint, step 370007820 at Tue Oct  6 10:02:46 2020


Writing checkpoint, step 371581350 at Tue Oct  6 10:17:46 2020


Writing checkpoint, step 373156400 at Tue Oct  6 10:32:46 2020


Writing checkpoint, step 374731320 at Tue Oct  6 10:47:46 2020


Writing checkpoint, step 376306460 at Tue Oct  6 11:02:46 2020


Writing checkpoint, step 377880690 at Tue Oct  6 11:17:46 2020


Writing checkpoint, step 379454880 at Tue Oct  6 11:32:46 2020


DD  step 379999999 load imb.: force  7.1%  pme mesh/force 0.921

           Step           Time
      380000000   760000.00000

   Energies (kJ/mol)
        LJ (SR)   Coulomb (SR)   Coul. recip.      Potential    Kinetic En.
    3.52496e+02   -7.07531e+05   -5.21409e+04   -7.59320e+05    2.27417e+04
   Total Energy  Conserved En.    Temperature Pressure (bar)   Constr. rmsd
   -7.36578e+05    5.81832e+07    1.82365e+02    5.38754e+02    3.37373e-06

Writing checkpoint, step 381026390 at Tue Oct  6 11:47:46 2020


Writing checkpoint, step 382601210 at Tue Oct  6 12:02:46 2020


Writing checkpoint, step 384177010 at Tue Oct  6 12:17:46 2020


Writing checkpoint, step 385754240 at Tue Oct  6 12:32:46 2020


Writing checkpoint, step 387330970 at Tue Oct  6 12:47:46 2020


Writing checkpoint, step 388908020 at Tue Oct  6 13:02:46 2020


DD  step 389999999 load imb.: force  7.0%  pme mesh/force 0.876

           Step           Time
      390000000   780000.00000

   Energies (kJ/mol)
        LJ (SR)   Coulomb (SR)   Coul. recip.      Potential    Kinetic En.
    3.29535e+02   -7.07577e+05   -5.21393e+04   -7.59387e+05    2.23844e+04
   Total Energy  Conserved En.    Temperature Pressure (bar)   Constr. rmsd
   -7.37003e+05    5.97370e+07    1.79500e+02    5.03218e+02    3.39776e-06

Writing checkpoint, step 390482470 at Tue Oct  6 13:17:46 2020


Writing checkpoint, step 392059330 at Tue Oct  6 13:32:46 2020


Writing checkpoint, step 393636410 at Tue Oct  6 13:47:46 2020


Writing checkpoint, step 395212710 at Tue Oct  6 14:02:46 2020


Writing checkpoint, step 396786790 at Tue Oct  6 14:17:46 2020


Writing checkpoint, step 398362450 at Tue Oct  6 14:32:46 2020


Writing checkpoint, step 399938370 at Tue Oct  6 14:47:46 2020


DD  step 399999999 load imb.: force  4.5%  pme mesh/force 0.915

           Step           Time
      400000000   800000.00000

Writing checkpoint, step 400000000 at Tue Oct  6 14:48:22 2020


   Energies (kJ/mol)
        LJ (SR)   Coulomb (SR)   Coul. recip.      Potential    Kinetic En.
    3.64205e+02   -7.07526e+05   -5.21367e+04   -7.59298e+05    2.23750e+04
   Total Energy  Conserved En.    Temperature Pressure (bar)   Constr. rmsd
   -7.36924e+05    6.12846e+07    1.79424e+02    5.42117e+02    3.42173e-06

	<======  ###############  ==>
	<====  A V E R A G E S  ====>
	<==  ###############  ======>

	Statistics over 400000001 steps using 4000001 frames

   Energies (kJ/mol)
        LJ (SR)   Coulomb (SR)   Coul. recip.      Potential    Kinetic En.
    3.23127e+02   -7.07535e+05   -5.21412e+04   -7.59353e+05    2.24303e+04
   Total Energy  Conserved En.    Temperature Pressure (bar)   Constr. rmsd
   -7.36923e+05    3.02798e+07    1.79867e+02    5.02047e+02    0.00000e+00

   Total Virial (kJ/mol)
   -1.32841e+03    1.76292e-02   -1.53522e-01
    1.76901e-02   -2.04597e+03    3.56847e-01
   -1.53471e-01    3.56849e-01   -2.04651e+03

   Pressure (bar)
    4.67459e+02    5.14324e-04    7.09881e-03
    5.11033e-04    5.19329e+02   -2.55770e-02
    7.09609e-03   -2.55771e-02    5.19353e+02


       P P   -   P M E   L O A D   B A L A N C I N G

 NOTE: The PP/PME load balancing was limited by the PME grid restriction,
       you might not have reached a good load balance.

 PP/PME load balancing changed the cut-off and PME settings:
           particle-particle                    PME
            rcoulomb  rlist            grid      spacing   1/beta
   initial  0.900 nm  0.900 nm      56  56  56   0.152 nm  0.288 nm
   final    3.984 nm  0.900 nm      12  12  12   0.708 nm  1.276 nm
 cost-ratio           1.00             0.01
 (note that these numbers concern only part of the total PP and PME load)


	M E G A - F L O P S   A C C O U N T I N G

 NB=Group-cutoff nonbonded kernels    NxN=N-by-N cluster Verlet kernels
 RF=Reaction-Field  VdW=Van der Waals  QSTab=quadratic-spline table
 W3=SPC/TIP3p  W4=TIP4p (single or pairs)
 V&F=Potential and force  V=Potential only  F=Force only

 Computing:                               M-Number         M-Flops  % Flops
-----------------------------------------------------------------------------
 NB VdW [V&F]                      26371875.111168    26371875.111     0.1
 NB VdW [F]                       2244335346.693436  2244335346.693    11.2
 NB Elec. [V&F]                   138857992.229688   138857992.230     0.7
 NB Elec. [F]                     9227911593.739960  9227911593.740    46.1
 Calc Weights                      36000000.090000  1296000003.240     6.5
 Spread Q Bspline                 768000001.920000  1536000003.840     7.7
 Gather F Bspline                 768000001.920000  4608000011.520    23.0
 3D-FFT                            14867733.809288   118941870.474     0.6
 Solve PME                           230401.417696    14745690.733     0.1
 NS-Pairs                          18982806.358027   398638933.519     2.0
 Reset In Box                        239999.994000      719999.982     0.0
 CG-CoM                             1200000.030000     3600000.090     0.0
 Virial                              122880.030720     2211840.553     0.0
 Stop-CM                             120000.030000     1200000.300     0.0
 Calc-Ekin                          2400000.060000    64800001.620     0.3
 Lincs                              2400000.006000   144000000.360     0.7
 Constraint-V                       4800000.012000    38400000.096     0.2
 Constraint-Vir                       24000.006000      576000.144     0.0
 Virtual Site 2                     7272000.036000   167256000.828     0.8
-----------------------------------------------------------------------------
 Total                                             20032567165.073   100.0
-----------------------------------------------------------------------------


    D O M A I N   D E C O M P O S I T I O N   S T A T I S T I C S

 av. #atoms communicated per step for force:  2 x 29647.3

 Average load imbalance: 3.9 %
 Part of the total run time spent waiting due to load imbalance: 1.7 %
 Average PME mesh/force load: 0.909
 Part of the total run time spent waiting due to PP/PME imbalance: 2.6 %


     R E A L   C Y C L E   A N D   T I M E   A C C O U N T I N G

On 16 MPI ranks doing PP, and
on 16 MPI ranks doing PME

 Computing:          Num   Num      Call    Wall time         Giga-Cycles
                     Ranks Threads  Count      (s)         total sum    %
-----------------------------------------------------------------------------
 Domain decomp.        16    1   40000000   15485.655     644202.843   3.4
 DD comm. load         16    1    1031345       5.666        235.716   0.0
 DD comm. bounds       16    1     637720      27.013       1123.726   0.0
 Vsite constr.         16    1  400000001    5649.625     235024.270   1.2
 Send X to PME         16    1  400000001    1681.954      69969.248   0.4
 Neighbor search       16    1   40000001   36270.822    1508865.255   7.9
 Comm. coord.          16    1  400000001   10772.578     448138.954   2.4
 Force                 16    1  400000001  113213.597    4709682.757  24.8
 Wait + Comm. F        16    1  400000001   14744.096     613354.026   3.2
 PME mesh *            16    1  400000001  118176.615    4916144.178  25.8
 PME wait for PP *                         110458.905    4595087.622  24.2
 Wait + Recv. PME F    16    1  400000001    2874.567     119581.932   0.6
 Vsite spread          16    1  404000002    5819.928     242108.839   1.3
 Write traj.           16    1        295       1.124         46.742   0.0
 Update                16    1  400000001    7188.760     299052.226   1.6
 Constraints           16    1  400000001    8368.502     348129.459   1.8
 Comm. energies        16    1   40000001    2753.721     114554.712   0.6
 Rest                                        3777.911     157161.004   0.8
-----------------------------------------------------------------------------
 Total                                     228635.518   19022463.423 100.0
-----------------------------------------------------------------------------
(*) Note that with separate PME ranks, the walltime column actually sums to
    twice the total reported, but the cycle count total and % are correct.
-----------------------------------------------------------------------------
 Breakdown of PME mesh computation
-----------------------------------------------------------------------------
 PME redist. X/F       16    1  800000002   38805.557    1614310.166   8.5
 PME spread/gather     16    1  800000002   59231.024    2464009.089  13.0
 PME 3D-FFT            16    1  800000002    3353.703     139513.943   0.7
 PME 3D-FFT Comm.      16    1 1600000004   15044.691     625858.769   3.3
 PME solve Elec        16    1  400000001     840.192      34951.982   0.2
-----------------------------------------------------------------------------

               Core t (s)   Wall t (s)        (%)
       Time:  7316336.570   228635.518     3200.0
                         2d15h30:35
                 (ns/day)    (hour/ns)
Performance:      302.315        0.079
Finished mdrun on rank 0 Tue Oct  6 14:48:22 2020
