Log file opened on Wed Nov 18 09:41:43 2020
Host: r3i4n6  pid: 26779  rank ID: 0  number of ranks:  32
                        :-) GROMACS - mdrun, 2016.1 (-:

                            GROMACS is written by:
     Emile Apol      Rossen Apostolov  Herman J.C. Berendsen    Par Bjelkmar   
 Aldert van Buuren   Rudi van Drunen     Anton Feenstra    Gerrit Groenhof  
 Christoph Junghans   Anca Hamuraru    Vincent Hindriksen Dimitrios Karkoulis
    Peter Kasson        Jiri Kraus      Carsten Kutzner      Per Larsson    
  Justin A. Lemkul   Magnus Lundborg   Pieter Meulenhoff    Erik Marklund   
   Teemu Murtola       Szilard Pall       Sander Pronk      Roland Schulz   
  Alexey Shvetsov     Michael Shirts     Alfons Sijbers     Peter Tieleman  
  Teemu Virolainen  Christian Wennberg    Maarten Wolf   
                           and the project leaders:
        Mark Abraham, Berk Hess, Erik Lindahl, and David van der Spoel

Copyright (c) 1991-2000, University of Groningen, The Netherlands.
Copyright (c) 2001-2015, The GROMACS development team at
Uppsala University, Stockholm University and
the Royal Institute of Technology, Sweden.
check out http://www.gromacs.org for more information.

GROMACS is free software; you can redistribute it and/or modify it
under the terms of the GNU Lesser General Public License
as published by the Free Software Foundation; either version 2.1
of the License, or (at your option) any later version.

GROMACS:      mdrun, version 2016.1
Executable:   /sw/sdev/Modules/gromacs/gromacs-2016.1/bin/mdrun
Data prefix:  /sw/sdev/Modules/gromacs/gromacs-2016.1
Working dir:  /work/pousaneh/Field-Big/0.266/a1/V7
Command line:
  mdrun -s NVT_vis.tpr -deffnm NVT_vis -table Table_HS_modif.xvg

GROMACS version:    2016.1
Precision:          single
Memory model:       64 bit
MPI library:        MPI
OpenMP support:     enabled (GMX_OPENMP_MAX_THREADS = 32)
GPU support:        disabled
SIMD instructions:  AVX_256
FFT library:        Intel MKL
RDTSCP usage:       disabled
TNG support:        enabled
Hwloc support:      disabled
Tracing support:    disabled
Built on:           Thu Jan 12 07:55:47 CET 2017
Built by:           vegarde@service0 [CMAKE]
Build OS/arch:      Linux 3.0.101-84-default x86_64
Build CPU vendor:   Unknown
Build CPU brand:    Unknown
Build CPU family:   0   Model: 0   Stepping: 0
Build CPU features: Unknown
C compiler:         /sw/sdev/Modules/intelcomp/17.0/bin/icc Intel 17.0.0.20160721
C compiler flags:    -mavx   -mkl=sequential  -std=gnu99  -O3 -xHost -DNDEBUG -ip -funroll-all-loops -alias-const -ansi-alias  
C++ compiler:       /sw/sdev/Modules/intelcomp/17.0/bin/icpc Intel 17.0.0.20160721
C++ compiler flags:  -mavx    -std=c++0x   -O3 -xHost -DNDEBUG -ip -funroll-all-loops -alias-const -ansi-alias  


Running on 2 nodes with total 32 cores, 64 logical cores
  Cores per node:           16
  Logical cores per node:   32
Hardware detected on host r3i4n6 (the node of MPI rank 0):
  CPU info:
    Vendor: Intel
    Brand:  Intel(R) Xeon(R) CPU E5-2670 0 @ 2.60GHz
    Family: 6   Model: 45   Stepping: 6
    Features: aes apic avx clfsh cmov cx8 cx16 htt lahf mmx msr nonstop_tsc pcid pclmuldq pdcm pdpe1gb popcnt pse rdtscp sse2 sse3 sse4.1 sse4.2 ssse3 tdt x2apic
    SIMD instructions most likely to fit this hardware: AVX_256
    SIMD instructions selected at GROMACS compile time: AVX_256

  Hardware topology: Basic
    Sockets, cores, and logical processors:
      Socket  0: [   0  16] [   1  17] [   2  18] [   3  19] [   4  20] [   5  21] [   6  22] [   7  23]
      Socket  1: [   8  24] [   9  25] [  10  26] [  11  27] [  12  28] [  13  29] [  14  30] [  15  31]


The current CPU can measure timings more accurately than the code in
mdrun was configured to use. This might affect your simulation
speed as accurate timings are needed for load-balancing.
Please consider rebuilding mdrun with the GMX_USE_RDTSCP=ON CMake option.


++++ PLEASE READ AND CITE THE FOLLOWING REFERENCE ++++
M. J. Abraham, T. Murtola, R. Schulz, S. Páll, J. C. Smith, B. Hess, E.
Lindahl
GROMACS: High performance molecular simulations through multi-level
parallelism from laptops to supercomputers
SoftwareX 1 (2015) pp. 19-25
-------- -------- --- Thank You --- -------- --------


++++ PLEASE READ AND CITE THE FOLLOWING REFERENCE ++++
S. Páll, M. J. Abraham, C. Kutzner, B. Hess, E. Lindahl
Tackling Exascale Software Challenges in Molecular Dynamics Simulations with
GROMACS
In S. Markidis & E. Laure (Eds.), Solving Software Challenges for Exascale 8759 (2015) pp. 3-27
-------- -------- --- Thank You --- -------- --------


++++ PLEASE READ AND CITE THE FOLLOWING REFERENCE ++++
S. Pronk, S. Páll, R. Schulz, P. Larsson, P. Bjelkmar, R. Apostolov, M. R.
Shirts, J. C. Smith, P. M. Kasson, D. van der Spoel, B. Hess, and E. Lindahl
GROMACS 4.5: a high-throughput and highly parallel open source molecular
simulation toolkit
Bioinformatics 29 (2013) pp. 845-54
-------- -------- --- Thank You --- -------- --------


++++ PLEASE READ AND CITE THE FOLLOWING REFERENCE ++++
B. Hess and C. Kutzner and D. van der Spoel and E. Lindahl
GROMACS 4: Algorithms for highly efficient, load-balanced, and scalable
molecular simulation
J. Chem. Theory Comput. 4 (2008) pp. 435-447
-------- -------- --- Thank You --- -------- --------


++++ PLEASE READ AND CITE THE FOLLOWING REFERENCE ++++
D. van der Spoel, E. Lindahl, B. Hess, G. Groenhof, A. E. Mark and H. J. C.
Berendsen
GROMACS: Fast, Flexible and Free
J. Comp. Chem. 26 (2005) pp. 1701-1719
-------- -------- --- Thank You --- -------- --------


++++ PLEASE READ AND CITE THE FOLLOWING REFERENCE ++++
E. Lindahl and B. Hess and D. van der Spoel
GROMACS 3.0: A package for molecular simulation and trajectory analysis
J. Mol. Mod. 7 (2001) pp. 306-317
-------- -------- --- Thank You --- -------- --------


++++ PLEASE READ AND CITE THE FOLLOWING REFERENCE ++++
H. J. C. Berendsen, D. van der Spoel and R. van Drunen
GROMACS: A message-passing parallel molecular dynamics implementation
Comp. Phys. Comm. 91 (1995) pp. 43-56
-------- -------- --- Thank You --- -------- --------

Input Parameters:
   integrator                     = md
   tinit                          = 0
   dt                             = 0.002
   nsteps                         = 30000000
   init-step                      = 0
   simulation-part                = 1
   comm-mode                      = Linear
   nstcomm                        = 100
   bd-fric                        = 0
   ld-seed                        = -1883059393
   emtol                          = 10
   emstep                         = 0.01
   niter                          = 20
   fcstep                         = 0
   nstcgsteep                     = 1000
   nbfgscorr                      = 10
   rtpi                           = 0.05
   nstxout                        = 40
   nstvout                        = 40
   nstfout                        = 0
   nstlog                         = 1000000
   nstcalcenergy                  = 100
   nstenergy                      = 100000
   nstxout-compressed             = 1000000
   compressed-x-precision         = 1000
   cutoff-scheme                  = Group
   nstlist                        = 5
   ns-type                        = Grid
   pbc                            = xyz
   periodic-molecules             = false
   verlet-buffer-tolerance        = 0.005
   rlist                          = 0.9
   coulombtype                    = PME
   coulomb-modifier               = None
   rcoulomb-switch                = 0
   rcoulomb                       = 0.9
   epsilon-r                      = 1
   epsilon-rf                     = inf
   vdw-type                       = User
   vdw-modifier                   = None
   rvdw-switch                    = 0
   rvdw                           = 0.3479
   DispCorr                       = No
   table-extension                = 1
   fourierspacing                 = 0.16
   fourier-nx                     = 56
   fourier-ny                     = 56
   fourier-nz                     = 56
   pme-order                      = 4
   ewald-rtol                     = 1e-05
   ewald-rtol-lj                  = 0.001
   lj-pme-comb-rule               = Geometric
   ewald-geometry                 = 0
   epsilon-surface                = 0
   implicit-solvent               = No
   gb-algorithm                   = Still
   nstgbradii                     = 1
   rgbradii                       = 1
   gb-epsilon-solvent             = 80
   gb-saltconc                    = 0
   gb-obc-alpha                   = 1
   gb-obc-beta                    = 0.8
   gb-obc-gamma                   = 4.85
   gb-dielectric-offset           = 0.009
   sa-algorithm                   = Ace-approximation
   sa-surface-tension             = 2.05016
   tcoupl                         = Berendsen
   nsttcouple                     = 5
   nh-chain-length                = 0
   print-nose-hoover-chain-variables = false
   pcoupl                         = No
   pcoupltype                     = Isotropic
   nstpcouple                     = -1
   tau-p                          = 1
   compressibility (3x3):
      compressibility[    0]={ 0.00000e+00,  0.00000e+00,  0.00000e+00}
      compressibility[    1]={ 0.00000e+00,  0.00000e+00,  0.00000e+00}
      compressibility[    2]={ 0.00000e+00,  0.00000e+00,  0.00000e+00}
   ref-p (3x3):
      ref-p[    0]={ 0.00000e+00,  0.00000e+00,  0.00000e+00}
      ref-p[    1]={ 0.00000e+00,  0.00000e+00,  0.00000e+00}
      ref-p[    2]={ 0.00000e+00,  0.00000e+00,  0.00000e+00}
   refcoord-scaling               = No
   posres-com (3):
      posres-com[0]= 0.00000e+00
      posres-com[1]= 0.00000e+00
      posres-com[2]= 0.00000e+00
   posres-comB (3):
      posres-comB[0]= 0.00000e+00
      posres-comB[1]= 0.00000e+00
      posres-comB[2]= 0.00000e+00
   QMMM                           = false
   QMconstraints                  = 0
   QMMMscheme                     = 0
   MMChargeScaleFactor            = 1
qm-opts:
   ngQM                           = 0
   constraint-algorithm           = Lincs
   continuation                   = true
   Shake-SOR                      = false
   shake-tol                      = 0.0001
   lincs-order                    = 4
   lincs-iter                     = 1
   lincs-warnangle                = 30
   nwall                          = 0
   wall-type                      = 9-3
   wall-r-linpot                  = -1
   wall-atomtype[0]               = -1
   wall-atomtype[1]               = -1
   wall-density[0]                = 0
   wall-density[1]                = 0
   wall-ewald-zfac                = 3
   pull                           = false
   rotation                       = false
   interactiveMD                  = false
   disre                          = No
   disre-weighting                = Conservative
   disre-mixed                    = false
   dr-fc                          = 1000
   dr-tau                         = 0
   nstdisreout                    = 100
   orire-fc                       = 0
   orire-tau                      = 0
   nstorireout                    = 100
   free-energy                    = no
   cos-acceleration               = 0
   deform (3x3):
      deform[    0]={ 0.00000e+00,  0.00000e+00,  0.00000e+00}
      deform[    1]={ 0.00000e+00,  0.00000e+00,  0.00000e+00}
      deform[    2]={ 0.00000e+00,  0.00000e+00,  0.00000e+00}
   simulated-tempering            = false
   E-x:
      n = 1
        a = 7.500000e-01
        phi = 0.000000e+00
   E-xt:
      n = 0
   E-y:
      n = 0
   E-yt:
      n = 0
   E-z:
      n = 0
   E-zt:
      n = 0
   swapcoords                     = no
   userint1                       = 0
   userint2                       = 0
   userint3                       = 0
   userint4                       = 0
   userreal1                      = 0
   userreal2                      = 0
   userreal3                      = 0
   userreal4                      = 0
grpopts:
   nrdf:       29997
   ref-t:       179.8
   tau-t:          20
annealing:          No
annealing-npoints:           0
   acc:	           0           0           0
   nfreeze:           N           N           N
   energygrp-flags[  0]: 0


Initializing Domain Decomposition on 32 ranks
Dynamic load balancing: auto
Guess for relative PME load: 0.50
Will use 16 particle-particle and 16 PME only ranks
This is a guess, check the performance at the end of the log file
Using 16 separate PME ranks, as guessed by mdrun
Scaling the initial minimum size with 1/0.8 (option -dds) = 1.25
Optimizing the DD grid for 16 cells with a minimum initial size of 0.000 nm
Domain decomposition grid 4 x 4 x 1, separate PME ranks 16
PME domain decomposition: 4 x 4 x 1
Interleaving PP and PME ranks
This rank does only particle-particle work.

Domain decomposition rank 0, coordinates 0 0 0

The initial number of communication pulses is: X 1 Y 1
The initial domain decomposition cell size is: X 2.12 nm Y 2.12 nm

When dynamic load balancing gets turned on, these settings will change to:
The maximum number of communication pulses is: X 1 Y 1
The minimum size for domain decomposition cells is 0.900 nm
The requested allowed shrink of DD cells (option -dds) is: 0.80
The allowed shrink of domain decomposition cells is: X 0.42 Y 0.42
Using two step summing over 2 groups of on average 8.0 ranks

Using 32 MPI processes


NOTE: This file uses the deprecated 'group' cutoff_scheme. This will be
removed in a future release when 'verlet' supports all interaction forms.

Table routines are used for coulomb: false
Table routines are used for vdw:     true
Will do PME sum in reciprocal space for electrostatic interactions.

++++ PLEASE READ AND CITE THE FOLLOWING REFERENCE ++++
U. Essmann, L. Perera, M. L. Berkowitz, T. Darden, H. Lee and L. G. Pedersen 
A smooth particle mesh Ewald method
J. Chem. Phys. 103 (1995) pp. 8577-8592
-------- -------- --- Thank You --- -------- --------

Will do ordinary reciprocal space Ewald sum.
Using a Gaussian width (1/beta) of 0.288146 nm for Ewald
Cut-off's:   NS: 0.9   Coulomb: 0.9   LJ: 0.3479
System total charge: 0.000
Read user tables from Table_HS_modif.xvg with 1501 data points.
Tabscale = 500 points/nm
Generated table with 950 data points for Ewald.
Tabscale = 500 points/nm
Potential shift: LJ r^-12: 0.000e+00 r^-6: 0.000e+00, Ewald -0.000e+00
Initialized non-bonded Ewald correction tables, spacing: 8.85e-04 size: 2148


Non-default thread affinity set probably by the OpenMP library,
disabling internal thread affinity

Initializing LINear Constraint Solver

++++ PLEASE READ AND CITE THE FOLLOWING REFERENCE ++++
B. Hess and H. Bekker and H. J. C. Berendsen and J. G. E. M. Fraaije
LINCS: A Linear Constraint Solver for molecular simulations
J. Comp. Chem. 18 (1997) pp. 1463-1472
-------- -------- --- Thank You --- -------- --------

The number of constraints is 6000

Linking all bonded interactions to atoms

Intra-simulation communication will occur every 5 steps.
Center of mass motion removal mode is Linear
We have the following groups for center of mass motion removal:
  0:  rest

++++ PLEASE READ AND CITE THE FOLLOWING REFERENCE ++++
H. J. C. Berendsen, J. P. M. Postma, A. DiNola and J. R. Haak
Molecular dynamics with coupling to an external bath
J. Chem. Phys. 81 (1984) pp. 3684-3690
-------- -------- --- Thank You --- -------- --------

There are: 12000 Atoms
There are: 18000 VSites
Atom distribution over 16 domains: av 1875 stddev 39 min 1815 max 1950
Grid: 3 x 3 x 9 cells
Initial temperature: 179.44 K

Started mdrun on rank 0 Wed Nov 18 09:41:43 2020
           Step           Time
              0        0.00000


   Energies (kJ/mol)
        LJ (SR)   Coulomb (SR)   Coul. recip.      Potential    Kinetic En.
    3.64205e+02   -5.32535e+05   -2.27686e+05   -7.59857e+05    2.23752e+04
   Total Energy    Temperature Pressure (bar)   Constr. rmsd
   -7.37482e+05    1.79426e+02    5.28803e+02    3.42390e-06

DD  step 4 load imb.: force  6.5%  pme mesh/force 7.275

step   20: timed with pme grid 56 56 56, coulomb cutoff 0.900: 6.2 M-cycles
step   30: timed with pme grid 48 48 48, coulomb cutoff 0.996: 5.6 M-cycles
step   40: timed with pme grid 44 44 44, coulomb cutoff 1.087: 5.5 M-cycles
step   50: timed with pme grid 40 40 40, coulomb cutoff 1.195: 5.2 M-cycles
step   60: timed with pme grid 36 36 36, coulomb cutoff 1.328: 5.0 M-cycles
step   70: timed with pme grid 32 32 32, coulomb cutoff 1.494: 4.7 M-cycles
step   80: timed with pme grid 28 28 28, coulomb cutoff 1.708: 4.6 M-cycles
step   90: timed with pme grid 25 25 25, coulomb cutoff 1.913: 4.6 M-cycles
step  100: timed with pme grid 20 20 20, coulomb cutoff 2.391: 4.6 M-cycles
step  110: timed with pme grid 16 16 16, coulomb cutoff 2.988: 4.6 M-cycles
step  120: timed with pme grid 12 12 12, coulomb cutoff 3.984: 4.6 M-cycles
step  120: the PME grid restriction limits the PME load balancing to a coulomb cut-off of 3.984
step  130: timed with pme grid 12 12 12, coulomb cutoff 3.984: 4.6 M-cycles
step  140: timed with pme grid 16 16 16, coulomb cutoff 2.988: 4.6 M-cycles
step  150: timed with pme grid 20 20 20, coulomb cutoff 2.391: 4.5 M-cycles
step  160: timed with pme grid 24 24 24, coulomb cutoff 1.992: 4.6 M-cycles
step  170: timed with pme grid 25 25 25, coulomb cutoff 1.913: 4.6 M-cycles
step  180: timed with pme grid 28 28 28, coulomb cutoff 1.708: 4.7 M-cycles
step  190: timed with pme grid 32 32 32, coulomb cutoff 1.494: 4.7 M-cycles
step  200: timed with pme grid 36 36 36, coulomb cutoff 1.328: 5.0 M-cycles
              optimal pme grid 20 20 20, coulomb cutoff 2.391

step 60500 Turning on dynamic load balancing, because the performance loss due to load imbalance is 2.0 %.


step 60700 Turning off dynamic load balancing, because it is degrading performance.

Atom distribution over 16 domains: av 1875 stddev 54 min 1750 max 1995

step 132500 Turning on dynamic load balancing, because the performance loss due to load imbalance is 2.0 %.


step 139300 Turning off dynamic load balancing, because it is degrading performance.

Atom distribution over 16 domains: av 1875 stddev 43 min 1785 max 1935
DD  step 999999 load imb.: force  7.1%  pme mesh/force 0.966

           Step           Time
        1000000     2000.00000

   Energies (kJ/mol)
        LJ (SR)   Coulomb (SR)   Coul. recip.      Potential    Kinetic En.
    3.52629e+02   -6.72984e+05   -8.68157e+04   -7.59447e+05    2.34562e+04
   Total Energy    Temperature Pressure (bar)   Constr. rmsd
   -7.35991e+05    1.88094e+02    5.40427e+02    3.41908e-06

Writing checkpoint, step 1000525 at Wed Nov 18 09:56:43 2020



step 1994000 Turning on dynamic load balancing, because the performance loss due to load imbalance is 2.0 %.


step 1994100 Turning off dynamic load balancing, because it is degrading performance.

Atom distribution over 16 domains: av 1875 stddev 65 min 1755 max 1960
Writing checkpoint, step 1996885 at Wed Nov 18 10:11:43 2020


DD  step 1999999 load imb.: force  8.4%  pme mesh/force 0.929


step 2000000 Turning on dynamic load balancing, because the performance loss due to load imbalance is 2.0 %.

           Step           Time
        2000000     4000.00000

   Energies (kJ/mol)
        LJ (SR)   Coulomb (SR)   Coul. recip.      Potential    Kinetic En.
    3.11100e+02   -6.72982e+05   -8.68211e+04   -7.59492e+05    2.32738e+04
   Total Energy    Temperature Pressure (bar)   Constr. rmsd
   -7.36218e+05    1.86631e+02    5.03188e+02    3.44883e-06


step 2000100 Turning off dynamic load balancing, because it is degrading performance.

Atom distribution over 16 domains: av 1875 stddev 61 min 1800 max 2025

step 2050000 Turning on dynamic load balancing, because the performance loss due to load imbalance is 2.0 %.


step 2050100 Turning off dynamic load balancing, because it is degrading performance.

Atom distribution over 16 domains: av 1875 stddev 46 min 1810 max 1955

step 2080000 Turning on dynamic load balancing, because the performance loss due to load imbalance is 2.0 %.

Grid: 5 x 4 x 9 cells

step 2434700 Turning off dynamic load balancing, because it is degrading performance.

Atom distribution over 16 domains: av 1875 stddev 40 min 1795 max 1950
DD  step 2999999 load imb.: force  6.0%  pme mesh/force 0.952

           Step           Time
        3000000     6000.00000

   Energies (kJ/mol)
        LJ (SR)   Coulomb (SR)   Coul. recip.      Potential    Kinetic En.
    3.05241e+02   -6.73035e+05   -8.68059e+04   -7.59536e+05    2.34804e+04
   Total Energy    Temperature Pressure (bar)   Constr. rmsd
   -7.36055e+05    1.88288e+02    4.95968e+02    3.43937e-06

Writing checkpoint, step 3002515 at Wed Nov 18 10:26:43 2020


DD  step 3999999 load imb.: force 14.0%  pme mesh/force 0.935

           Step           Time
        4000000     8000.00000

   Energies (kJ/mol)
        LJ (SR)   Coulomb (SR)   Coul. recip.      Potential    Kinetic En.
    3.52036e+02   -6.73146e+05   -8.68222e+04   -7.59616e+05    2.34504e+04
   Total Energy    Temperature Pressure (bar)   Constr. rmsd
   -7.36166e+05    1.88048e+02    5.33146e+02    3.41408e-06

Writing checkpoint, step 4004580 at Wed Nov 18 10:41:43 2020


DD  step 4999999 load imb.: force  7.9%  pme mesh/force 0.940

           Step           Time
        5000000    10000.00000

   Energies (kJ/mol)
        LJ (SR)   Coulomb (SR)   Coul. recip.      Potential    Kinetic En.
    3.62978e+02   -6.72962e+05   -8.68091e+04   -7.59408e+05    2.32280e+04
   Total Energy    Temperature Pressure (bar)   Constr. rmsd
   -7.36180e+05    1.86265e+02    5.51965e+02    3.37039e-06

Writing checkpoint, step 5001385 at Wed Nov 18 10:56:43 2020


DD  step 5999999 load imb.: force  6.0%  pme mesh/force 0.952

           Step           Time
        6000000    12000.00000

   Energies (kJ/mol)
        LJ (SR)   Coulomb (SR)   Coul. recip.      Potential    Kinetic En.
    3.64176e+02   -6.73122e+05   -8.68177e+04   -7.59575e+05    2.34182e+04
   Total Energy    Temperature Pressure (bar)   Constr. rmsd
   -7.36157e+05    1.87790e+02    5.39946e+02    3.46576e-06

Writing checkpoint, step 6001965 at Wed Nov 18 11:11:43 2020


DD  step 6999999 load imb.: force 10.7%  pme mesh/force 0.899

           Step           Time
        7000000    14000.00000

   Energies (kJ/mol)
        LJ (SR)   Coulomb (SR)   Coul. recip.      Potential    Kinetic En.
    3.31432e+02   -6.72930e+05   -8.68043e+04   -7.59403e+05    2.32869e+04
   Total Energy    Temperature Pressure (bar)   Constr. rmsd
   -7.36116e+05    1.86737e+02    5.20769e+02    3.41641e-06

Writing checkpoint, step 7003875 at Wed Nov 18 11:26:43 2020


DD  step 7999999 load imb.: force  6.1%  pme mesh/force 0.971

           Step           Time
        8000000    16000.00000

   Energies (kJ/mol)
        LJ (SR)   Coulomb (SR)   Coul. recip.      Potential    Kinetic En.
    3.62571e+02   -6.73089e+05   -8.68072e+04   -7.59533e+05    2.35037e+04
   Total Energy    Temperature Pressure (bar)   Constr. rmsd
   -7.36030e+05    1.88475e+02    5.52807e+02    3.39142e-06

Writing checkpoint, step 8005660 at Wed Nov 18 11:41:43 2020


DD  step 8999999 load imb.: force  9.4%  pme mesh/force 0.937

           Step           Time
        9000000    18000.00000

   Energies (kJ/mol)
        LJ (SR)   Coulomb (SR)   Coul. recip.      Potential    Kinetic En.
    3.48965e+02   -6.72992e+05   -8.68120e+04   -7.59456e+05    2.33684e+04
   Total Energy    Temperature Pressure (bar)   Constr. rmsd
   -7.36087e+05    1.87390e+02    5.44071e+02    3.41513e-06

Writing checkpoint, step 9007495 at Wed Nov 18 11:56:43 2020


DD  step 9999999 load imb.: force  5.9%  pme mesh/force 0.965

           Step           Time
       10000000    20000.00000

   Energies (kJ/mol)
        LJ (SR)   Coulomb (SR)   Coul. recip.      Potential    Kinetic En.
    3.63348e+02   -6.72955e+05   -8.68216e+04   -7.59414e+05    2.32622e+04
   Total Energy    Temperature Pressure (bar)   Constr. rmsd
   -7.36151e+05    1.86539e+02    5.48409e+02    3.40744e-06

Writing checkpoint, step 10009925 at Wed Nov 18 12:11:43 2020


DD  step 10999999 load imb.: force  6.1%  pme mesh/force 0.968

           Step           Time
       11000000    22000.00000

   Energies (kJ/mol)
        LJ (SR)   Coulomb (SR)   Coul. recip.      Potential    Kinetic En.
    3.17907e+02   -6.73028e+05   -8.68003e+04   -7.59511e+05    2.34054e+04
   Total Energy    Temperature Pressure (bar)   Constr. rmsd
   -7.36106e+05    1.87687e+02    5.06436e+02    3.36763e-06

Writing checkpoint, step 11009865 at Wed Nov 18 12:26:43 2020


DD  step 11999999 load imb.: force  8.3%  pme mesh/force 0.927

           Step           Time
       12000000    24000.00000

   Energies (kJ/mol)
        LJ (SR)   Coulomb (SR)   Coul. recip.      Potential    Kinetic En.
    3.49071e+02   -6.73026e+05   -8.68107e+04   -7.59488e+05    2.32539e+04
   Total Energy    Temperature Pressure (bar)   Constr. rmsd
   -7.36234e+05    1.86472e+02    5.29656e+02    3.46049e-06

Writing checkpoint, step 12010525 at Wed Nov 18 12:41:43 2020


DD  step 12999999 load imb.: force  5.6%  pme mesh/force 0.960

           Step           Time
       13000000    26000.00000

   Energies (kJ/mol)
        LJ (SR)   Coulomb (SR)   Coul. recip.      Potential    Kinetic En.
    3.08641e+02   -6.72909e+05   -8.68146e+04   -7.59415e+05    2.32224e+04
   Total Energy    Temperature Pressure (bar)   Constr. rmsd
   -7.36193e+05    1.86219e+02    4.97375e+02    3.43721e-06

Writing checkpoint, step 13012100 at Wed Nov 18 12:56:43 2020


DD  step 13999999 load imb.: force  6.3%  pme mesh/force 0.942

           Step           Time
       14000000    28000.00000

   Energies (kJ/mol)
        LJ (SR)   Coulomb (SR)   Coul. recip.      Potential    Kinetic En.
    3.87193e+02   -6.73035e+05   -8.68211e+04   -7.59469e+05    2.34076e+04
   Total Energy    Temperature Pressure (bar)   Constr. rmsd
   -7.36062e+05    1.87704e+02    5.76723e+02    3.43346e-06

Writing checkpoint, step 14013945 at Wed Nov 18 13:11:43 2020


DD  step 14999999 load imb.: force  6.8%  pme mesh/force 0.983

           Step           Time
       15000000    30000.00000

   Energies (kJ/mol)
        LJ (SR)   Coulomb (SR)   Coul. recip.      Potential    Kinetic En.
    3.83816e+02   -6.72981e+05   -8.68143e+04   -7.59411e+05    2.32750e+04
   Total Energy    Temperature Pressure (bar)   Constr. rmsd
   -7.36136e+05    1.86641e+02    5.81768e+02    3.37712e-06

Writing checkpoint, step 15015790 at Wed Nov 18 13:26:43 2020


DD  step 15999999 load imb.: force  6.3%  pme mesh/force 0.943

           Step           Time
       16000000    32000.00000

   Energies (kJ/mol)
        LJ (SR)   Coulomb (SR)   Coul. recip.      Potential    Kinetic En.
    3.01917e+02   -6.73022e+05   -8.68261e+04   -7.59546e+05    2.34067e+04
   Total Energy    Temperature Pressure (bar)   Constr. rmsd
   -7.36140e+05    1.87697e+02    4.91910e+02    3.35834e-06

Writing checkpoint, step 16017630 at Wed Nov 18 13:41:43 2020


DD  step 16999999 load imb.: force 10.5%  pme mesh/force 0.893

           Step           Time
       17000000    34000.00000

   Energies (kJ/mol)
        LJ (SR)   Coulomb (SR)   Coul. recip.      Potential    Kinetic En.
    3.06981e+02   -6.72984e+05   -8.68064e+04   -7.59484e+05    2.33763e+04
   Total Energy    Temperature Pressure (bar)   Constr. rmsd
   -7.36108e+05    1.87454e+02    4.88306e+02    3.39100e-06

Writing checkpoint, step 17018655 at Wed Nov 18 13:56:43 2020


DD  step 17999999 load imb.: force  9.3%  pme mesh/force 0.966

           Step           Time
       18000000    36000.00000

   Energies (kJ/mol)
        LJ (SR)   Coulomb (SR)   Coul. recip.      Potential    Kinetic En.
    3.66088e+02   -6.73012e+05   -8.68107e+04   -7.59456e+05    2.33337e+04
   Total Energy    Temperature Pressure (bar)   Constr. rmsd
   -7.36123e+05    1.87112e+02    5.42789e+02    3.35894e-06

Writing checkpoint, step 18020390 at Wed Nov 18 14:11:43 2020


DD  step 18999999 load imb.: force  5.3%  pme mesh/force 0.963

           Step           Time
       19000000    38000.00000

   Energies (kJ/mol)
        LJ (SR)   Coulomb (SR)   Coul. recip.      Potential    Kinetic En.
    3.98591e+02   -6.73089e+05   -8.68146e+04   -7.59505e+05    2.33530e+04
   Total Energy    Temperature Pressure (bar)   Constr. rmsd
   -7.36152e+05    1.87266e+02    5.87907e+02    3.38758e-06

Writing checkpoint, step 19020655 at Wed Nov 18 14:26:43 2020


DD  step 19999999 load imb.: force  6.2%  pme mesh/force 0.970

           Step           Time
       20000000    40000.00000

   Energies (kJ/mol)
        LJ (SR)   Coulomb (SR)   Coul. recip.      Potential    Kinetic En.
    3.21147e+02   -6.73098e+05   -8.68073e+04   -7.59584e+05    2.33665e+04
   Total Energy    Temperature Pressure (bar)   Constr. rmsd
   -7.36218e+05    1.87375e+02    5.08646e+02    3.41543e-06

Writing checkpoint, step 20012125 at Wed Nov 18 14:41:43 2020


DD  step 20999999 load imb.: force  3.9%  pme mesh/force 0.946

           Step           Time
       21000000    42000.00000

   Energies (kJ/mol)
        LJ (SR)   Coulomb (SR)   Coul. recip.      Potential    Kinetic En.
    3.61434e+02   -6.73031e+05   -8.68229e+04   -7.59492e+05    2.33972e+04
   Total Energy    Temperature Pressure (bar)   Constr. rmsd
   -7.36095e+05    1.87622e+02    5.43330e+02    3.37796e-06

Writing checkpoint, step 21014825 at Wed Nov 18 14:56:43 2020


DD  step 21999999 load imb.: force 34.7%  pme mesh/force 0.765

           Step           Time
       22000000    44000.00000

   Energies (kJ/mol)
        LJ (SR)   Coulomb (SR)   Coul. recip.      Potential    Kinetic En.
    3.52634e+02   -6.73062e+05   -8.68126e+04   -7.59522e+05    2.33682e+04
   Total Energy    Temperature Pressure (bar)   Constr. rmsd
   -7.36154e+05    1.87389e+02    5.43059e+02    3.43956e-06

Writing checkpoint, step 22016360 at Wed Nov 18 15:11:43 2020


DD  step 22999999 load imb.: force  5.8%  pme mesh/force 0.950

           Step           Time
       23000000    46000.00000

   Energies (kJ/mol)
        LJ (SR)   Coulomb (SR)   Coul. recip.      Potential    Kinetic En.
    3.67753e+02   -6.73112e+05   -8.68119e+04   -7.59556e+05    2.33661e+04
   Total Energy    Temperature Pressure (bar)   Constr. rmsd
   -7.36190e+05    1.87372e+02    5.55633e+02    3.45820e-06

Writing checkpoint, step 23018965 at Wed Nov 18 15:26:43 2020


DD  step 23999999 load imb.: force  4.5%  pme mesh/force 0.935

           Step           Time
       24000000    48000.00000

   Energies (kJ/mol)
        LJ (SR)   Coulomb (SR)   Coul. recip.      Potential    Kinetic En.
    3.07593e+02   -6.72980e+05   -8.68046e+04   -7.59477e+05    2.32554e+04
   Total Energy    Temperature Pressure (bar)   Constr. rmsd
   -7.36222e+05    1.86484e+02    4.98333e+02    3.34024e-06

Writing checkpoint, step 24020570 at Wed Nov 18 15:41:43 2020


DD  step 24999999 load imb.: force  9.0%  pme mesh/force 0.939

           Step           Time
       25000000    50000.00000

   Energies (kJ/mol)
        LJ (SR)   Coulomb (SR)   Coul. recip.      Potential    Kinetic En.
    3.24663e+02   -6.72947e+05   -8.68093e+04   -7.59431e+05    2.33055e+04
   Total Energy    Temperature Pressure (bar)   Constr. rmsd
   -7.36126e+05    1.86886e+02    5.13821e+02    3.38296e-06

Writing checkpoint, step 25023090 at Wed Nov 18 15:56:43 2020


DD  step 25999999 load imb.: force  5.7%  pme mesh/force 0.948

           Step           Time
       26000000    52000.00000

   Energies (kJ/mol)
        LJ (SR)   Coulomb (SR)   Coul. recip.      Potential    Kinetic En.
    2.97358e+02   -6.73011e+05   -8.68198e+04   -7.59533e+05    2.34522e+04
   Total Energy    Temperature Pressure (bar)   Constr. rmsd
   -7.36081e+05    1.88062e+02    4.86440e+02    3.44040e-06

Writing checkpoint, step 26023325 at Wed Nov 18 16:11:43 2020


DD  step 26999999 load imb.: force  6.8%  pme mesh/force 0.966

           Step           Time
       27000000    54000.00000

   Energies (kJ/mol)
        LJ (SR)   Coulomb (SR)   Coul. recip.      Potential    Kinetic En.
    3.35308e+02   -6.73054e+05   -8.68161e+04   -7.59535e+05    2.34536e+04
   Total Energy    Temperature Pressure (bar)   Constr. rmsd
   -7.36082e+05    1.88073e+02    5.22230e+02    3.41206e-06

Writing checkpoint, step 27024955 at Wed Nov 18 16:26:43 2020


DD  step 27999999 load imb.: force  4.6%  pme mesh/force 0.934

           Step           Time
       28000000    56000.00000

   Energies (kJ/mol)
        LJ (SR)   Coulomb (SR)   Coul. recip.      Potential    Kinetic En.
    2.76406e+02   -6.72964e+05   -8.68026e+04   -7.59490e+05    2.35062e+04
   Total Energy    Temperature Pressure (bar)   Constr. rmsd
   -7.35984e+05    1.88495e+02    4.69589e+02    3.38394e-06

Writing checkpoint, step 28027085 at Wed Nov 18 16:41:43 2020


DD  step 28999999 load imb.: force  5.0%  pme mesh/force 0.992

           Step           Time
       29000000    58000.00000

   Energies (kJ/mol)
        LJ (SR)   Coulomb (SR)   Coul. recip.      Potential    Kinetic En.
    3.52007e+02   -6.72984e+05   -8.68173e+04   -7.59450e+05    2.32757e+04
   Total Energy    Temperature Pressure (bar)   Constr. rmsd
   -7.36174e+05    1.86647e+02    5.36933e+02    3.41515e-06

Writing checkpoint, step 29027445 at Wed Nov 18 16:56:43 2020


DD  step 29999999 load imb.: force  6.8%  pme mesh/force 0.934

           Step           Time
       30000000    60000.00000

Writing checkpoint, step 30000000 at Wed Nov 18 17:11:17 2020


   Energies (kJ/mol)
        LJ (SR)   Coulomb (SR)   Coul. recip.      Potential    Kinetic En.
    2.98038e+02   -6.73060e+05   -8.68210e+04   -7.59583e+05    2.33139e+04
   Total Energy    Temperature Pressure (bar)   Constr. rmsd
   -7.36269e+05    1.86953e+02    4.79505e+02    3.39641e-06

	<======  ###############  ==>
	<====  A V E R A G E S  ====>
	<==  ###############  ======>

	Statistics over 30000001 steps using 300001 frames

   Energies (kJ/mol)
        LJ (SR)   Coulomb (SR)   Coul. recip.      Potential    Kinetic En.
    3.37222e+02   -6.73024e+05   -8.68138e+04   -7.59501e+05    2.33530e+04
   Total Energy    Temperature Pressure (bar)   Constr. rmsd
   -7.36148e+05    1.87266e+02    5.22785e+02    0.00000e+00

   Total Virial (kJ/mol)
   -1.33505e+03    1.11575e-01   -3.74854e-01
    1.11597e-01   -2.15697e+03    2.37168e-01
   -3.74818e-01    2.37096e-01   -2.15662e+03

   Pressure (bar)
    4.81044e+02   -1.09783e-02    1.38886e-02
   -1.09795e-02    5.43658e+02   -4.23258e-02
    1.38867e-02   -4.23220e-02    5.43652e+02


       P P   -   P M E   L O A D   B A L A N C I N G

 PP/PME load balancing changed the cut-off and PME settings:
           particle-particle                    PME
            rcoulomb  rlist            grid      spacing   1/beta
   initial  0.900 nm  0.900 nm      56  56  56   0.152 nm  0.288 nm
   final    2.391 nm  0.900 nm      20  20  20   0.425 nm  0.765 nm
 cost-ratio           1.00             0.05
 (note that these numbers concern only part of the total PP and PME load)


	M E G A - F L O P S   A C C O U N T I N G

 NB=Group-cutoff nonbonded kernels    NxN=N-by-N cluster Verlet kernels
 RF=Reaction-Field  VdW=Van der Waals  QSTab=quadratic-spline table
 W3=SPC/TIP3p  W4=TIP4p (single or pairs)
 V&F=Potential and force  V=Potential only  F=Force only

 Computing:                               M-Number         M-Flops  % Flops
-----------------------------------------------------------------------------
 NB VdW [V&F]                       1977798.684761     1977798.685     0.1
 NB VdW [F]                       168317037.622692   168317037.623    10.7
 NB Elec. [V&F]                    10413835.225176    10413835.225     0.7
 NB Elec. [F]                     692058799.951716   692058799.952    43.8
 Calc Weights                       2700000.090000    97200003.240     6.2
 Spread Q Bspline                  57600001.920000   115200003.840     7.3
 Gather F Bspline                  57600001.920000   345600011.520    21.9
 3D-FFT                             6223807.137512    49790457.100     3.2
 Solve PME                            48000.551440     3072035.292     0.2
 NS-Pairs                           2847294.473628    59793183.946     3.8
 Reset In Box                         35999.964000      107999.892     0.0
 CG-CoM                              180000.030000      540000.090     0.0
 Virial                                9216.030720      165888.553     0.0
 Stop-CM                               9000.030000       90000.300     0.0
 Calc-Ekin                           360000.060000     9720001.620     0.6
 Lincs                               180000.006000    10800000.360     0.7
 Constraint-V                        360000.012000     2880000.096     0.2
 Constraint-Vir                        1800.006000       43200.144     0.0
 Virtual Site 2                      545400.036000    12544200.828     0.8
-----------------------------------------------------------------------------
 Total                                              1580314458.306   100.0
-----------------------------------------------------------------------------


    D O M A I N   D E C O M P O S I T I O N   S T A T I S T I C S

 av. #atoms communicated per step for force:  2 x 29645.4

 Average load imbalance: 4.7 %
 Part of the total run time spent waiting due to load imbalance: 1.3 %
 Average PME mesh/force load: 0.970
 Part of the total run time spent waiting due to PP/PME imbalance: 0.6 %


     R E A L   C Y C L E   A N D   T I M E   A C C O U N T I N G

On 16 MPI ranks doing PP, and
on 16 MPI ranks doing PME

 Computing:          Num   Num      Call    Wall time         Giga-Cycles
                     Ranks Threads  Count      (s)         total sum    %
-----------------------------------------------------------------------------
 Domain decomp.        16    1    6000000    2316.237      96355.656   4.3
 DD comm. load         16    1     131680       0.714         29.714   0.0
 DD comm. bounds       16    1      72400       2.957        123.009   0.0
 Vsite constr.         16    1   30000001     425.392      17696.333   0.8
 Send X to PME         16    1   30000001     127.152       5289.534   0.2
 Neighbor search       16    1    6000001    5457.554     227034.746  10.1
 Comm. coord.          16    1   30000001     791.300      32918.166   1.5
 Force                 16    1   30000001    8571.184     356562.045  15.9
 Wait + Comm. F        16    1   30000001    1263.228      52550.410   2.3
 PME mesh *            16    1   30000001    9931.037     413132.061  18.4
 PME wait for PP *                          17042.832     708983.369  31.6
 Wait + Recv. PME F    16    1   30000001     333.423      13870.427   0.6
 Vsite spread          16    1   30300002     437.046      18181.148   0.8
 Write traj.           16    1     750029     612.883      25496.006   1.1
 Update                16    1   30000001     541.202      22514.061   1.0
 Constraints           16    1   30000001     632.829      26325.757   1.2
 Comm. energies        16    1    6000001    5067.288     210799.646   9.4
 Rest                                         393.526      16370.714   0.7
-----------------------------------------------------------------------------
 Total                                      26973.916    2244234.743 100.0
-----------------------------------------------------------------------------
(*) Note that with separate PME ranks, the walltime column actually sums to
    twice the total reported, but the cycle count total and % are correct.
-----------------------------------------------------------------------------
 Breakdown of PME mesh computation
-----------------------------------------------------------------------------
 PME redist. X/F       16    1   60000002    2944.377     122486.360   5.5
 PME spread/gather     16    1   60000002    4623.053     192319.419   8.6
 PME 3D-FFT            16    1   60000002     651.364      27096.804   1.2
 PME 3D-FFT Comm.      16    1  120000004    1552.475      64583.097   2.9
 PME solve Elec        16    1   30000001      92.268       3838.358   0.2
-----------------------------------------------------------------------------

NOTE: 9 % of the run time was spent communicating energies,
      you might want to use the -gcom option of mdrun


               Core t (s)   Wall t (s)        (%)
       Time:   863165.318    26973.916     3200.0
                         7h29:33
                 (ns/day)    (hour/ns)
Performance:      192.186        0.125
Finished mdrun on rank 0 Wed Nov 18 17:11:17 2020
