

*******************************************************************************
Sun Dec 29 14:51:07 2019


FIT:    data read from "LL_4000.xvg" u 1:2
	x range restricted to [0.00100000 : 5.00000]
        #datapoints = 16
        residuals are weighted equally (unit weight)

function used for fitting: vai(x,a0,a1,a2)
fitted parameters initialized with current variable values



 Iteration 0
 WSSR        : 54295             delta(WSSR)/WSSR   : 0
 delta(WSSR) : 0                 limit for stopping : 1e-05
 lambda	  : 37.6404

initial set of free parameter values

a0              = 1
a1              = 1
a2              = 1

After 7 iterations the fit converged.
final sum of squares of residuals : 2.159e-06
rel. change during last iteration : -4.27644e-11

degrees of freedom    (FIT_NDF)                        : 13
rms of residuals      (FIT_STDFIT) = sqrt(WSSR/ndf)    : 0.000407525
variance of residuals (reduced chisquare) = WSSR/ndf   : 1.66077e-07

Final set of parameters            Asymptotic Standard Error
=======================            ==========================

a0              = 0.147271         +/- 0.0006255    (0.4247%)
a1              = 0.0134567        +/- 0.001289     (9.581%)
a2              = 3.35596e-05      +/- 1.409e-05    (41.98%)


correlation matrix of the fit parameters:

               a0     a1     a2     
a0              1.000 
a1              0.958  1.000 
a2              0.903  0.984  1.000 


*******************************************************************************
Sun Dec 29 14:51:07 2019


FIT:    data read from "LL_8000.xvg" u 1:2
	x range restricted to [0.00100000 : 5.00000]
        #datapoints = 16
        residuals are weighted equally (unit weight)

function used for fitting: vai(x,a0,a1,a2)
fitted parameters initialized with current variable values



 Iteration 0
 WSSR        : 54294.4           delta(WSSR)/WSSR   : 0
 delta(WSSR) : 0                 limit for stopping : 1e-05
 lambda	  : 37.6404

initial set of free parameter values

a0              = 1
a1              = 1
a2              = 1

After 7 iterations the fit converged.
final sum of squares of residuals : 2.97749e-06
rel. change during last iteration : -3.10569e-11

degrees of freedom    (FIT_NDF)                        : 13
rms of residuals      (FIT_STDFIT) = sqrt(WSSR/ndf)    : 0.000478579
variance of residuals (reduced chisquare) = WSSR/ndf   : 2.29038e-07

Final set of parameters            Asymptotic Standard Error
=======================            ==========================

a0              = 0.147638         +/- 0.0007345    (0.4975%)
a1              = 0.0136343        +/- 0.001509     (11.07%)
a2              = 3.69687e-05      +/- 1.655e-05    (44.76%)


correlation matrix of the fit parameters:

               a0     a1     a2     
a0              1.000 
a1              0.958  1.000 
a2              0.903  0.984  1.000 


*******************************************************************************
Sun Dec 29 14:51:07 2019


FIT:    data read from "LL_12000.xvg" u 1:2
	x range restricted to [0.00100000 : 5.00000]
        #datapoints = 16
        residuals are weighted equally (unit weight)

function used for fitting: vai(x,a0,a1,a2)
fitted parameters initialized with current variable values



 Iteration 0
 WSSR        : 54293.9           delta(WSSR)/WSSR   : 0
 delta(WSSR) : 0                 limit for stopping : 1e-05
 lambda	  : 37.6404

initial set of free parameter values

a0              = 1
a1              = 1
a2              = 1

After 7 iterations the fit converged.
final sum of squares of residuals : 3.4631e-06
rel. change during last iteration : -2.64614e-11

degrees of freedom    (FIT_NDF)                        : 13
rms of residuals      (FIT_STDFIT) = sqrt(WSSR/ndf)    : 0.000516132
variance of residuals (reduced chisquare) = WSSR/ndf   : 2.66392e-07

Final set of parameters            Asymptotic Standard Error
=======================            ==========================

a0              = 0.148831         +/- 0.0007922    (0.5323%)
a1              = 0.0149074        +/- 0.001608     (10.79%)
a2              = 4.9015e-05       +/- 1.784e-05    (36.41%)


correlation matrix of the fit parameters:

               a0     a1     a2     
a0              1.000 
a1              0.958  1.000 
a2              0.903  0.984  1.000 


*******************************************************************************
Sun Dec 29 14:51:07 2019


FIT:    data read from "LL_16000.xvg" u 1:2
	x range restricted to [0.00100000 : 5.00000]
        #datapoints = 16
        residuals are weighted equally (unit weight)

function used for fitting: vai(x,a0,a1,a2)
fitted parameters initialized with current variable values



 Iteration 0
 WSSR        : 54293.7           delta(WSSR)/WSSR   : 0
 delta(WSSR) : 0                 limit for stopping : 1e-05
 lambda	  : 37.6404

initial set of free parameter values

a0              = 1
a1              = 1
a2              = 1

After 7 iterations the fit converged.
final sum of squares of residuals : 3.62156e-06
rel. change during last iteration : -2.54169e-11

degrees of freedom    (FIT_NDF)                        : 13
rms of residuals      (FIT_STDFIT) = sqrt(WSSR/ndf)    : 0.000527808
variance of residuals (reduced chisquare) = WSSR/ndf   : 2.78582e-07

Final set of parameters            Asymptotic Standard Error
=======================            ==========================

a0              = 0.148941         +/- 0.0008101    (0.5439%)
a1              = 0.0147472        +/- 0.001644     (11.15%)
a2              = 4.64537e-05      +/- 1.825e-05    (39.28%)


correlation matrix of the fit parameters:

               a0     a1     a2     
a0              1.000 
a1              0.958  1.000 
a2              0.903  0.984  1.000 
