Log file opened on Mon Sep 16 12:23:54 2019
Host: r6i5n13  pid: 26218  rank ID: 0  number of ranks:  16
                        :-) GROMACS - mdrun, 2016.1 (-:

                            GROMACS is written by:
     Emile Apol      Rossen Apostolov  Herman J.C. Berendsen    Par Bjelkmar   
 Aldert van Buuren   Rudi van Drunen     Anton Feenstra    Gerrit Groenhof  
 Christoph Junghans   Anca Hamuraru    Vincent Hindriksen Dimitrios Karkoulis
    Peter Kasson        Jiri Kraus      Carsten Kutzner      Per Larsson    
  Justin A. Lemkul   Magnus Lundborg   Pieter Meulenhoff    Erik Marklund   
   Teemu Murtola       Szilard Pall       Sander Pronk      Roland Schulz   
  Alexey Shvetsov     Michael Shirts     Alfons Sijbers     Peter Tieleman  
  Teemu Virolainen  Christian Wennberg    Maarten Wolf   
                           and the project leaders:
        Mark Abraham, Berk Hess, Erik Lindahl, and David van der Spoel

Copyright (c) 1991-2000, University of Groningen, The Netherlands.
Copyright (c) 2001-2015, The GROMACS development team at
Uppsala University, Stockholm University and
the Royal Institute of Technology, Sweden.
check out http://www.gromacs.org for more information.

GROMACS is free software; you can redistribute it and/or modify it
under the terms of the GNU Lesser General Public License
as published by the Free Software Foundation; either version 2.1
of the License, or (at your option) any later version.

GROMACS:      mdrun, version 2016.1
Executable:   /sw/sdev/Modules/gromacs/gromacs-2016.1/bin/mdrun
Data prefix:  /sw/sdev/Modules/gromacs/gromacs-2016.1
Working dir:  /work/pousaneh/DHS/0.266/V1
Command line:
  mdrun -s NVT_vis.tpr -deffnm NVT_vis -table Table_HS_modif.xvg

GROMACS version:    2016.1
Precision:          single
Memory model:       64 bit
MPI library:        MPI
OpenMP support:     enabled (GMX_OPENMP_MAX_THREADS = 32)
GPU support:        disabled
SIMD instructions:  AVX_256
FFT library:        Intel MKL
RDTSCP usage:       disabled
TNG support:        enabled
Hwloc support:      disabled
Tracing support:    disabled
Built on:           Thu Jan 12 07:55:47 CET 2017
Built by:           vegarde@service0 [CMAKE]
Build OS/arch:      Linux 3.0.101-84-default x86_64
Build CPU vendor:   Unknown
Build CPU brand:    Unknown
Build CPU family:   0   Model: 0   Stepping: 0
Build CPU features: Unknown
C compiler:         /sw/sdev/Modules/intelcomp/17.0/bin/icc Intel 17.0.0.20160721
C compiler flags:    -mavx   -mkl=sequential  -std=gnu99  -O3 -xHost -DNDEBUG -ip -funroll-all-loops -alias-const -ansi-alias  
C++ compiler:       /sw/sdev/Modules/intelcomp/17.0/bin/icpc Intel 17.0.0.20160721
C++ compiler flags:  -mavx    -std=c++0x   -O3 -xHost -DNDEBUG -ip -funroll-all-loops -alias-const -ansi-alias  


Running on 1 node with total 16 cores, 32 logical cores
Hardware detected on host r6i5n13 (the node of MPI rank 0):
  CPU info:
    Vendor: Intel
    Brand:  Intel(R) Xeon(R) CPU E5-2670 0 @ 2.60GHz
    Family: 6   Model: 45   Stepping: 6
    Features: aes apic avx clfsh cmov cx8 cx16 htt lahf mmx msr nonstop_tsc pcid pclmuldq pdcm pdpe1gb popcnt pse rdtscp sse2 sse3 sse4.1 sse4.2 ssse3 tdt x2apic
    SIMD instructions most likely to fit this hardware: AVX_256
    SIMD instructions selected at GROMACS compile time: AVX_256

  Hardware topology: Basic
    Sockets, cores, and logical processors:
      Socket  0: [   0  16] [   1  17] [   2  18] [   3  19] [   4  20] [   5  21] [   6  22] [   7  23]
      Socket  1: [   8  24] [   9  25] [  10  26] [  11  27] [  12  28] [  13  29] [  14  30] [  15  31]


The current CPU can measure timings more accurately than the code in
mdrun was configured to use. This might affect your simulation
speed as accurate timings are needed for load-balancing.
Please consider rebuilding mdrun with the GMX_USE_RDTSCP=ON CMake option.


++++ PLEASE READ AND CITE THE FOLLOWING REFERENCE ++++
M. J. Abraham, T. Murtola, R. Schulz, S. Páll, J. C. Smith, B. Hess, E.
Lindahl
GROMACS: High performance molecular simulations through multi-level
parallelism from laptops to supercomputers
SoftwareX 1 (2015) pp. 19-25
-------- -------- --- Thank You --- -------- --------


++++ PLEASE READ AND CITE THE FOLLOWING REFERENCE ++++
S. Páll, M. J. Abraham, C. Kutzner, B. Hess, E. Lindahl
Tackling Exascale Software Challenges in Molecular Dynamics Simulations with
GROMACS
In S. Markidis & E. Laure (Eds.), Solving Software Challenges for Exascale 8759 (2015) pp. 3-27
-------- -------- --- Thank You --- -------- --------


++++ PLEASE READ AND CITE THE FOLLOWING REFERENCE ++++
S. Pronk, S. Páll, R. Schulz, P. Larsson, P. Bjelkmar, R. Apostolov, M. R.
Shirts, J. C. Smith, P. M. Kasson, D. van der Spoel, B. Hess, and E. Lindahl
GROMACS 4.5: a high-throughput and highly parallel open source molecular
simulation toolkit
Bioinformatics 29 (2013) pp. 845-54
-------- -------- --- Thank You --- -------- --------


++++ PLEASE READ AND CITE THE FOLLOWING REFERENCE ++++
B. Hess and C. Kutzner and D. van der Spoel and E. Lindahl
GROMACS 4: Algorithms for highly efficient, load-balanced, and scalable
molecular simulation
J. Chem. Theory Comput. 4 (2008) pp. 435-447
-------- -------- --- Thank You --- -------- --------


++++ PLEASE READ AND CITE THE FOLLOWING REFERENCE ++++
D. van der Spoel, E. Lindahl, B. Hess, G. Groenhof, A. E. Mark and H. J. C.
Berendsen
GROMACS: Fast, Flexible and Free
J. Comp. Chem. 26 (2005) pp. 1701-1719
-------- -------- --- Thank You --- -------- --------


++++ PLEASE READ AND CITE THE FOLLOWING REFERENCE ++++
E. Lindahl and B. Hess and D. van der Spoel
GROMACS 3.0: A package for molecular simulation and trajectory analysis
J. Mol. Mod. 7 (2001) pp. 306-317
-------- -------- --- Thank You --- -------- --------


++++ PLEASE READ AND CITE THE FOLLOWING REFERENCE ++++
H. J. C. Berendsen, D. van der Spoel and R. van Drunen
GROMACS: A message-passing parallel molecular dynamics implementation
Comp. Phys. Comm. 91 (1995) pp. 43-56
-------- -------- --- Thank You --- -------- --------

Input Parameters:
   integrator                     = md
   tinit                          = 0
   dt                             = 0.002
   nsteps                         = 80000000
   init-step                      = 0
   simulation-part                = 1
   comm-mode                      = Linear
   nstcomm                        = 100
   bd-fric                        = 0
   ld-seed                        = -626182962
   emtol                          = 10
   emstep                         = 0.01
   niter                          = 20
   fcstep                         = 0
   nstcgsteep                     = 1000
   nbfgscorr                      = 10
   rtpi                           = 0.05
   nstxout                        = 70
   nstvout                        = 70
   nstfout                        = 0
   nstlog                         = 1000000
   nstcalcenergy                  = 100
   nstenergy                      = 100000
   nstxout-compressed             = 1000000
   compressed-x-precision         = 1000
   cutoff-scheme                  = Group
   nstlist                        = 5
   ns-type                        = Grid
   pbc                            = xyz
   periodic-molecules             = false
   verlet-buffer-tolerance        = 0.005
   rlist                          = 0.9
   coulombtype                    = PME
   coulomb-modifier               = None
   rcoulomb-switch                = 0
   rcoulomb                       = 0.9
   epsilon-r                      = 1
   epsilon-rf                     = inf
   vdw-type                       = User
   vdw-modifier                   = None
   rvdw-switch                    = 0
   rvdw                           = 0.3479
   DispCorr                       = No
   table-extension                = 1
   fourierspacing                 = 0.16
   fourier-nx                     = 24
   fourier-ny                     = 24
   fourier-nz                     = 24
   pme-order                      = 4
   ewald-rtol                     = 1e-05
   ewald-rtol-lj                  = 0.001
   lj-pme-comb-rule               = Geometric
   ewald-geometry                 = 0
   epsilon-surface                = 0
   implicit-solvent               = No
   gb-algorithm                   = Still
   nstgbradii                     = 1
   rgbradii                       = 1
   gb-epsilon-solvent             = 80
   gb-saltconc                    = 0
   gb-obc-alpha                   = 1
   gb-obc-beta                    = 0.8
   gb-obc-gamma                   = 4.85
   gb-dielectric-offset           = 0.009
   sa-algorithm                   = Ace-approximation
   sa-surface-tension             = 2.05016
   tcoupl                         = Berendsen
   nsttcouple                     = 5
   nh-chain-length                = 0
   print-nose-hoover-chain-variables = false
   pcoupl                         = No
   pcoupltype                     = Isotropic
   nstpcouple                     = -1
   tau-p                          = 1
   compressibility (3x3):
      compressibility[    0]={ 0.00000e+00,  0.00000e+00,  0.00000e+00}
      compressibility[    1]={ 0.00000e+00,  0.00000e+00,  0.00000e+00}
      compressibility[    2]={ 0.00000e+00,  0.00000e+00,  0.00000e+00}
   ref-p (3x3):
      ref-p[    0]={ 0.00000e+00,  0.00000e+00,  0.00000e+00}
      ref-p[    1]={ 0.00000e+00,  0.00000e+00,  0.00000e+00}
      ref-p[    2]={ 0.00000e+00,  0.00000e+00,  0.00000e+00}
   refcoord-scaling               = No
   posres-com (3):
      posres-com[0]= 0.00000e+00
      posres-com[1]= 0.00000e+00
      posres-com[2]= 0.00000e+00
   posres-comB (3):
      posres-comB[0]= 0.00000e+00
      posres-comB[1]= 0.00000e+00
      posres-comB[2]= 0.00000e+00
   QMMM                           = false
   QMconstraints                  = 0
   QMMMscheme                     = 0
   MMChargeScaleFactor            = 1
qm-opts:
   ngQM                           = 0
   constraint-algorithm           = Lincs
   continuation                   = true
   Shake-SOR                      = false
   shake-tol                      = 0.0001
   lincs-order                    = 4
   lincs-iter                     = 1
   lincs-warnangle                = 30
   nwall                          = 0
   wall-type                      = 9-3
   wall-r-linpot                  = -1
   wall-atomtype[0]               = -1
   wall-atomtype[1]               = -1
   wall-density[0]                = 0
   wall-density[1]                = 0
   wall-ewald-zfac                = 3
   pull                           = false
   rotation                       = false
   interactiveMD                  = false
   disre                          = No
   disre-weighting                = Conservative
   disre-mixed                    = false
   dr-fc                          = 1000
   dr-tau                         = 0
   nstdisreout                    = 100
   orire-fc                       = 0
   orire-tau                      = 0
   nstorireout                    = 100
   free-energy                    = no
   cos-acceleration               = 0
   deform (3x3):
      deform[    0]={ 0.00000e+00,  0.00000e+00,  0.00000e+00}
      deform[    1]={ 0.00000e+00,  0.00000e+00,  0.00000e+00}
      deform[    2]={ 0.00000e+00,  0.00000e+00,  0.00000e+00}
   simulated-tempering            = false
   E-x:
      n = 0
   E-xt:
      n = 0
   E-y:
      n = 0
   E-yt:
      n = 0
   E-z:
      n = 0
   E-zt:
      n = 0
   swapcoords                     = no
   userint1                       = 0
   userint2                       = 0
   userint3                       = 0
   userint4                       = 0
   userreal1                      = 0
   userreal2                      = 0
   userreal3                      = 0
   userreal4                      = 0
grpopts:
   nrdf:        4997
   ref-t:       179.8
   tau-t:          20
annealing:          No
annealing-npoints:           0
   acc:	           0           0           0
   nfreeze:           N           N           N
   energygrp-flags[  0]: 0


Initializing Domain Decomposition on 16 ranks
Dynamic load balancing: auto
Using 0 separate PME ranks, as there are too few total
 ranks for efficient splitting
Scaling the initial minimum size with 1/0.8 (option -dds) = 1.25
Optimizing the DD grid for 16 cells with a minimum initial size of 0.000 nm
Domain decomposition grid 4 x 4 x 1, separate PME ranks 0
PME domain decomposition: 4 x 4 x 1
Domain decomposition rank 0, coordinates 0 0 0

The initial number of communication pulses is: X 1 Y 1
The initial domain decomposition cell size is: X 0.95 nm Y 0.95 nm

When dynamic load balancing gets turned on, these settings will change to:
The maximum number of communication pulses is: X 2 Y 2
The minimum size for domain decomposition cells is 0.450 nm
The requested allowed shrink of DD cells (option -dds) is: 0.80
The allowed shrink of domain decomposition cells is: X 0.47 Y 0.47
Using 16 MPI processes


NOTE: This file uses the deprecated 'group' cutoff_scheme. This will be
removed in a future release when 'verlet' supports all interaction forms.

Table routines are used for coulomb: false
Table routines are used for vdw:     true
Will do PME sum in reciprocal space for electrostatic interactions.

++++ PLEASE READ AND CITE THE FOLLOWING REFERENCE ++++
U. Essmann, L. Perera, M. L. Berkowitz, T. Darden, H. Lee and L. G. Pedersen 
A smooth particle mesh Ewald method
J. Chem. Phys. 103 (1995) pp. 8577-8592
-------- -------- --- Thank You --- -------- --------

Will do ordinary reciprocal space Ewald sum.
Using a Gaussian width (1/beta) of 0.288146 nm for Ewald
Cut-off's:   NS: 0.9   Coulomb: 0.9   LJ: 0.3479
System total charge: 0.000
Read user tables from Table_HS_modif.xvg with 1501 data points.
Tabscale = 500 points/nm
Generated table with 950 data points for Ewald.
Tabscale = 500 points/nm
Potential shift: LJ r^-12: 0.000e+00 r^-6: 0.000e+00, Ewald -0.000e+00
Initialized non-bonded Ewald correction tables, spacing: 8.85e-04 size: 2148


Non-default thread affinity set probably by the OpenMP library,
disabling internal thread affinity

Initializing LINear Constraint Solver

++++ PLEASE READ AND CITE THE FOLLOWING REFERENCE ++++
B. Hess and H. Bekker and H. J. C. Berendsen and J. G. E. M. Fraaije
LINCS: A Linear Constraint Solver for molecular simulations
J. Comp. Chem. 18 (1997) pp. 1463-1472
-------- -------- --- Thank You --- -------- --------

The number of constraints is 1000

Linking all bonded interactions to atoms

Intra-simulation communication will occur every 5 steps.
Center of mass motion removal mode is Linear
We have the following groups for center of mass motion removal:
  0:  rest

++++ PLEASE READ AND CITE THE FOLLOWING REFERENCE ++++
H. J. C. Berendsen, J. P. M. Postma, A. DiNola and J. R. Haak
Molecular dynamics with coupling to an external bath
J. Chem. Phys. 81 (1984) pp. 3684-3690
-------- -------- --- Thank You --- -------- --------

There are: 2000 Atoms
There are: 3000 VSites
Atom distribution over 16 domains: av 312 stddev 22 min 285 max 340
Grid: 4 x 4 x 5 cells
Initial temperature: 177.06 K

Started mdrun on rank 0 Mon Sep 16 12:23:54 2019
           Step           Time
              0        0.00000


   Energies (kJ/mol)
        LJ (SR)   Coulomb (SR)   Coul. recip.      Potential    Kinetic En.
    1.54523e+02   -8.91424e+04   -3.81371e+04   -1.27125e+05    3.67741e+03
   Total Energy    Temperature Pressure (bar)   Constr. rmsd
   -1.23448e+05    1.77022e+02    2.22062e+03    1.45680e-06

DD  step 4 load imb.: force  5.9%

DD  step 999999 load imb.: force  8.7%

           Step           Time
        1000000     2000.00000

   Energies (kJ/mol)
        LJ (SR)   Coulomb (SR)   Coul. recip.      Potential    Kinetic En.
    1.85570e+02   -8.92253e+04   -3.81454e+04   -1.27185e+05    3.81592e+03
   Total Energy    Temperature Pressure (bar)   Constr. rmsd
   -1.23369e+05    1.83690e+02    2.57762e+03    1.42621e-06

DD  step 1999999 load imb.: force 12.5%

           Step           Time
        2000000     4000.00000

   Energies (kJ/mol)
        LJ (SR)   Coulomb (SR)   Coul. recip.      Potential    Kinetic En.
    1.25530e+02   -8.91180e+04   -3.81227e+04   -1.27115e+05    3.74495e+03
   Total Energy    Temperature Pressure (bar)   Constr. rmsd
   -1.23370e+05    1.80274e+02    1.92001e+03    1.37397e-06

Writing checkpoint, step 2475765 at Mon Sep 16 12:38:54 2019


DD  step 2999999 load imb.: force  8.7%

           Step           Time
        3000000     6000.00000

   Energies (kJ/mol)
        LJ (SR)   Coulomb (SR)   Coul. recip.      Potential    Kinetic En.
    1.64874e+02   -8.91380e+04   -3.81044e+04   -1.27078e+05    3.71470e+03
   Total Energy    Temperature Pressure (bar)   Constr. rmsd
   -1.23363e+05    1.78818e+02    2.39122e+03    1.48855e-06

DD  step 3999999 load imb.: force 46.4%

           Step           Time
        4000000     8000.00000

   Energies (kJ/mol)
        LJ (SR)   Coulomb (SR)   Coul. recip.      Potential    Kinetic En.
    1.73715e+02   -8.91541e+04   -3.80951e+04   -1.27075e+05    3.70525e+03
   Total Energy    Temperature Pressure (bar)   Constr. rmsd
   -1.23370e+05    1.78363e+02    2.47094e+03    1.46598e-06

Writing checkpoint, step 4951230 at Mon Sep 16 12:53:54 2019


DD  step 4999999 load imb.: force  8.0%

           Step           Time
        5000000    10000.00000

   Energies (kJ/mol)
        LJ (SR)   Coulomb (SR)   Coul. recip.      Potential    Kinetic En.
    1.94842e+02   -8.91693e+04   -3.81299e+04   -1.27104e+05    3.72942e+03
   Total Energy    Temperature Pressure (bar)   Constr. rmsd
   -1.23375e+05    1.79526e+02    2.66007e+03    1.45362e-06

DD  step 5999999 load imb.: force 11.4%

           Step           Time
        6000000    12000.00000

   Energies (kJ/mol)
        LJ (SR)   Coulomb (SR)   Coul. recip.      Potential    Kinetic En.
    1.46355e+02   -8.91839e+04   -3.81319e+04   -1.27169e+05    3.79345e+03
   Total Energy    Temperature Pressure (bar)   Constr. rmsd
   -1.23376e+05    1.82608e+02    2.16749e+03    1.49767e-06

DD  step 6999999 load imb.: force 11.7%

           Step           Time
        7000000    14000.00000

   Energies (kJ/mol)
        LJ (SR)   Coulomb (SR)   Coul. recip.      Potential    Kinetic En.
    2.00975e+02   -8.91483e+04   -3.81406e+04   -1.27088e+05    3.71703e+03
   Total Energy    Temperature Pressure (bar)   Constr. rmsd
   -1.23371e+05    1.78930e+02    2.69585e+03    1.42163e-06

Writing checkpoint, step 7428025 at Mon Sep 16 13:08:54 2019


DD  step 7999999 load imb.: force 11.1%

           Step           Time
        8000000    16000.00000

   Energies (kJ/mol)
        LJ (SR)   Coulomb (SR)   Coul. recip.      Potential    Kinetic En.
    1.68321e+02   -8.91125e+04   -3.81052e+04   -1.27049e+05    3.68170e+03
   Total Energy    Temperature Pressure (bar)   Constr. rmsd
   -1.23368e+05    1.77229e+02    2.37760e+03    1.41993e-06

DD  step 8999999 load imb.: force  7.1%

           Step           Time
        9000000    18000.00000

   Energies (kJ/mol)
        LJ (SR)   Coulomb (SR)   Coul. recip.      Potential    Kinetic En.
    2.11313e+02   -8.91629e+04   -3.81560e+04   -1.27108e+05    3.74297e+03
   Total Energy    Temperature Pressure (bar)   Constr. rmsd
   -1.23365e+05    1.80178e+02    2.82603e+03    1.43172e-06

Writing checkpoint, step 9895280 at Mon Sep 16 13:23:54 2019


DD  step 9999999 load imb.: force  7.5%

           Step           Time
       10000000    20000.00000

   Energies (kJ/mol)
        LJ (SR)   Coulomb (SR)   Coul. recip.      Potential    Kinetic En.
    1.85382e+02   -8.91724e+04   -3.81380e+04   -1.27125e+05    3.75701e+03
   Total Energy    Temperature Pressure (bar)   Constr. rmsd
   -1.23368e+05    1.80854e+02    2.52656e+03    1.43763e-06

DD  step 10999999 load imb.: force  4.1%

           Step           Time
       11000000    22000.00000

   Energies (kJ/mol)
        LJ (SR)   Coulomb (SR)   Coul. recip.      Potential    Kinetic En.
    1.93427e+02   -8.91542e+04   -3.81293e+04   -1.27090e+05    3.71735e+03
   Total Energy    Temperature Pressure (bar)   Constr. rmsd
   -1.23373e+05    1.78945e+02    2.62667e+03    1.37815e-06

DD  step 11999999 load imb.: force  6.8%

           Step           Time
       12000000    24000.00000

   Energies (kJ/mol)
        LJ (SR)   Coulomb (SR)   Coul. recip.      Potential    Kinetic En.
    1.87818e+02   -8.91587e+04   -3.81215e+04   -1.27092e+05    3.72747e+03
   Total Energy    Temperature Pressure (bar)   Constr. rmsd
   -1.23365e+05    1.79432e+02    2.55341e+03    1.43361e-06

Writing checkpoint, step 12369355 at Mon Sep 16 13:38:54 2019


DD  step 12999999 load imb.: force  6.4%

           Step           Time
       13000000    26000.00000

   Energies (kJ/mol)
        LJ (SR)   Coulomb (SR)   Coul. recip.      Potential    Kinetic En.
    1.53955e+02   -8.91439e+04   -3.81415e+04   -1.27131e+05    3.76102e+03
   Total Energy    Temperature Pressure (bar)   Constr. rmsd
   -1.23370e+05    1.81047e+02    2.20470e+03    1.43712e-06

DD  step 13999999 load imb.: force  8.1%

           Step           Time
       14000000    28000.00000

   Energies (kJ/mol)
        LJ (SR)   Coulomb (SR)   Coul. recip.      Potential    Kinetic En.
    1.89230e+02   -8.91833e+04   -3.81363e+04   -1.27130e+05    3.76139e+03
   Total Energy    Temperature Pressure (bar)   Constr. rmsd
   -1.23369e+05    1.81065e+02    2.60047e+03    1.46019e-06

Writing checkpoint, step 14842720 at Mon Sep 16 13:53:54 2019


DD  step 14999999 load imb.: force 10.3%

           Step           Time
       15000000    30000.00000

   Energies (kJ/mol)
        LJ (SR)   Coulomb (SR)   Coul. recip.      Potential    Kinetic En.
    1.69351e+02   -8.91474e+04   -3.81017e+04   -1.27080e+05    3.71621e+03
   Total Energy    Temperature Pressure (bar)   Constr. rmsd
   -1.23364e+05    1.78890e+02    2.45446e+03    1.43895e-06

DD  step 15999999 load imb.: force 10.4%

           Step           Time
       16000000    32000.00000

   Energies (kJ/mol)
        LJ (SR)   Coulomb (SR)   Coul. recip.      Potential    Kinetic En.
    2.19541e+02   -8.91466e+04   -3.81123e+04   -1.27039e+05    3.67203e+03
   Total Energy    Temperature Pressure (bar)   Constr. rmsd
   -1.23367e+05    1.76764e+02    2.96150e+03    1.42565e-06

DD  step 16999999 load imb.: force  5.9%

           Step           Time
       17000000    34000.00000

   Energies (kJ/mol)
        LJ (SR)   Coulomb (SR)   Coul. recip.      Potential    Kinetic En.
    1.53820e+02   -8.91179e+04   -3.81376e+04   -1.27102e+05    3.73281e+03
   Total Energy    Temperature Pressure (bar)   Constr. rmsd
   -1.23369e+05    1.79689e+02    2.24045e+03    1.43942e-06

Writing checkpoint, step 17316765 at Mon Sep 16 14:08:54 2019


DD  step 17999999 load imb.: force 15.6%

           Step           Time
       18000000    36000.00000

   Energies (kJ/mol)
        LJ (SR)   Coulomb (SR)   Coul. recip.      Potential    Kinetic En.
    1.73996e+02   -8.91791e+04   -3.81040e+04   -1.27109e+05    3.73426e+03
   Total Energy    Temperature Pressure (bar)   Constr. rmsd
   -1.23375e+05    1.79759e+02    2.47711e+03    1.45909e-06

DD  step 18999999 load imb.: force  4.8%

           Step           Time
       19000000    38000.00000

   Energies (kJ/mol)
        LJ (SR)   Coulomb (SR)   Coul. recip.      Potential    Kinetic En.
    1.80849e+02   -8.91699e+04   -3.81247e+04   -1.27114e+05    3.74183e+03
   Total Energy    Temperature Pressure (bar)   Constr. rmsd
   -1.23372e+05    1.80123e+02    2.59108e+03    1.44609e-06

Writing checkpoint, step 19787605 at Mon Sep 16 14:23:54 2019


DD  step 19999999 load imb.: force  8.3%

           Step           Time
       20000000    40000.00000

   Energies (kJ/mol)
        LJ (SR)   Coulomb (SR)   Coul. recip.      Potential    Kinetic En.
    1.92727e+02   -8.91369e+04   -3.81407e+04   -1.27085e+05    3.72087e+03
   Total Energy    Temperature Pressure (bar)   Constr. rmsd
   -1.23364e+05    1.79115e+02    2.63286e+03    1.39633e-06

DD  step 20999999 load imb.: force  6.9%

           Step           Time
       21000000    42000.00000

   Energies (kJ/mol)
        LJ (SR)   Coulomb (SR)   Coul. recip.      Potential    Kinetic En.
    1.74037e+02   -8.91540e+04   -3.81233e+04   -1.27103e+05    3.73468e+03
   Total Energy    Temperature Pressure (bar)   Constr. rmsd
   -1.23369e+05    1.79779e+02    2.49671e+03    1.46103e-06

DD  step 21999999 load imb.: force  5.6%

           Step           Time
       22000000    44000.00000

   Energies (kJ/mol)
        LJ (SR)   Coulomb (SR)   Coul. recip.      Potential    Kinetic En.
    1.80636e+02   -8.91678e+04   -3.81327e+04   -1.27120e+05    3.74543e+03
   Total Energy    Temperature Pressure (bar)   Constr. rmsd
   -1.23374e+05    1.80297e+02    2.60783e+03    1.40512e-06

Writing checkpoint, step 22226055 at Mon Sep 16 14:38:54 2019


DD  step 22999999 load imb.: force 13.1%

           Step           Time
       23000000    46000.00000

   Energies (kJ/mol)
        LJ (SR)   Coulomb (SR)   Coul. recip.      Potential    Kinetic En.
    1.86196e+02   -8.92037e+04   -3.81544e+04   -1.27172e+05    3.79461e+03
   Total Energy    Temperature Pressure (bar)   Constr. rmsd
   -1.23377e+05    1.82664e+02    2.59165e+03    1.40908e-06

DD  step 23999999 load imb.: force  9.8%

           Step           Time
       24000000    48000.00000

   Energies (kJ/mol)
        LJ (SR)   Coulomb (SR)   Coul. recip.      Potential    Kinetic En.
    1.85147e+02   -8.91554e+04   -3.81462e+04   -1.27116e+05    3.74813e+03
   Total Energy    Temperature Pressure (bar)   Constr. rmsd
   -1.23368e+05    1.80427e+02    2.57600e+03    1.41972e-06

Writing checkpoint, step 24697735 at Mon Sep 16 14:53:54 2019


DD  step 24999999 load imb.: force  9.5%

           Step           Time
       25000000    50000.00000

   Energies (kJ/mol)
        LJ (SR)   Coulomb (SR)   Coul. recip.      Potential    Kinetic En.
    2.02200e+02   -8.92051e+04   -3.81611e+04   -1.27164e+05    3.79758e+03
   Total Energy    Temperature Pressure (bar)   Constr. rmsd
   -1.23366e+05    1.82807e+02    2.73651e+03    1.43449e-06

DD  step 25999999 load imb.: force  6.7%

           Step           Time
       26000000    52000.00000

   Energies (kJ/mol)
        LJ (SR)   Coulomb (SR)   Coul. recip.      Potential    Kinetic En.
    1.59174e+02   -8.91556e+04   -3.81405e+04   -1.27137e+05    3.76790e+03
   Total Energy    Temperature Pressure (bar)   Constr. rmsd
   -1.23369e+05    1.81378e+02    2.28393e+03    1.41819e-06

DD  step 26999999 load imb.: force  7.5%

           Step           Time
       27000000    54000.00000

   Energies (kJ/mol)
        LJ (SR)   Coulomb (SR)   Coul. recip.      Potential    Kinetic En.
    2.01458e+02   -8.91651e+04   -3.81320e+04   -1.27096e+05    3.72273e+03
   Total Energy    Temperature Pressure (bar)   Constr. rmsd
   -1.23373e+05    1.79204e+02    2.82917e+03    1.43747e-06

Writing checkpoint, step 27166980 at Mon Sep 16 15:08:54 2019


DD  step 27999999 load imb.: force  8.0%

           Step           Time
       28000000    56000.00000

   Energies (kJ/mol)
        LJ (SR)   Coulomb (SR)   Coul. recip.      Potential    Kinetic En.
    1.87938e+02   -8.91516e+04   -3.81162e+04   -1.27080e+05    3.71166e+03
   Total Energy    Temperature Pressure (bar)   Constr. rmsd
   -1.23368e+05    1.78671e+02    2.64324e+03    1.42224e-06

DD  step 28999999 load imb.: force  8.9%

           Step           Time
       29000000    58000.00000

   Energies (kJ/mol)
        LJ (SR)   Coulomb (SR)   Coul. recip.      Potential    Kinetic En.
    1.73836e+02   -8.91305e+04   -3.81103e+04   -1.27067e+05    3.69488e+03
   Total Energy    Temperature Pressure (bar)   Constr. rmsd
   -1.23372e+05    1.77864e+02    2.48151e+03    1.46886e-06

Writing checkpoint, step 29628315 at Mon Sep 16 15:23:54 2019


DD  step 29999999 load imb.: force  8.4%

           Step           Time
       30000000    60000.00000

   Energies (kJ/mol)
        LJ (SR)   Coulomb (SR)   Coul. recip.      Potential    Kinetic En.
    2.07582e+02   -8.92124e+04   -3.81443e+04   -1.27149e+05    3.77945e+03
   Total Energy    Temperature Pressure (bar)   Constr. rmsd
   -1.23370e+05    1.81935e+02    2.89522e+03    1.47212e-06

DD  step 30999999 load imb.: force  9.1%

           Step           Time
       31000000    62000.00000

   Energies (kJ/mol)
        LJ (SR)   Coulomb (SR)   Coul. recip.      Potential    Kinetic En.
    1.61008e+02   -8.91570e+04   -3.81318e+04   -1.27128e+05    3.75703e+03
   Total Energy    Temperature Pressure (bar)   Constr. rmsd
   -1.23371e+05    1.80855e+02    2.28011e+03    1.41130e-06

DD  step 31999999 load imb.: force  6.5%

           Step           Time
       32000000    64000.00000

   Energies (kJ/mol)
        LJ (SR)   Coulomb (SR)   Coul. recip.      Potential    Kinetic En.
    1.95567e+02   -8.91585e+04   -3.81271e+04   -1.27090e+05    3.71665e+03
   Total Energy    Temperature Pressure (bar)   Constr. rmsd
   -1.23373e+05    1.78911e+02    2.64059e+03    1.48703e-06

Writing checkpoint, step 32093325 at Mon Sep 16 15:38:54 2019


DD  step 32999999 load imb.: force 10.9%

           Step           Time
       33000000    66000.00000

   Energies (kJ/mol)
        LJ (SR)   Coulomb (SR)   Coul. recip.      Potential    Kinetic En.
    2.03697e+02   -8.91843e+04   -3.81476e+04   -1.27128e+05    3.75489e+03
   Total Energy    Temperature Pressure (bar)   Constr. rmsd
   -1.23373e+05    1.80752e+02    2.82259e+03    1.44079e-06

DD  step 33999999 load imb.: force  8.7%

           Step           Time
       34000000    68000.00000

   Energies (kJ/mol)
        LJ (SR)   Coulomb (SR)   Coul. recip.      Potential    Kinetic En.
    1.23478e+02   -8.91397e+04   -3.81368e+04   -1.27153e+05    3.78106e+03
   Total Energy    Temperature Pressure (bar)   Constr. rmsd
   -1.23372e+05    1.82012e+02    1.86797e+03    1.40734e-06

Writing checkpoint, step 34562535 at Mon Sep 16 15:53:54 2019


DD  step 34999999 load imb.: force  6.5%

           Step           Time
       35000000    70000.00000

   Energies (kJ/mol)
        LJ (SR)   Coulomb (SR)   Coul. recip.      Potential    Kinetic En.
    1.73088e+02   -8.91982e+04   -3.81404e+04   -1.27166e+05    3.79200e+03
   Total Energy    Temperature Pressure (bar)   Constr. rmsd
   -1.23374e+05    1.82539e+02    2.47216e+03    1.43722e-06

DD  step 35999999 load imb.: force  6.7%

           Step           Time
       36000000    72000.00000

   Energies (kJ/mol)
        LJ (SR)   Coulomb (SR)   Coul. recip.      Potential    Kinetic En.
    1.80291e+02   -8.91637e+04   -3.81351e+04   -1.27118e+05    3.75790e+03
   Total Energy    Temperature Pressure (bar)   Constr. rmsd
   -1.23361e+05    1.80897e+02    2.55376e+03    1.45760e-06

DD  step 36999999 load imb.: force 10.1%

           Step           Time
       37000000    74000.00000

   Energies (kJ/mol)
        LJ (SR)   Coulomb (SR)   Coul. recip.      Potential    Kinetic En.
    1.79425e+02   -8.91608e+04   -3.81494e+04   -1.27131e+05    3.75898e+03
   Total Energy    Temperature Pressure (bar)   Constr. rmsd
   -1.23372e+05    1.80949e+02    2.57088e+03    1.43896e-06

Writing checkpoint, step 37031670 at Mon Sep 16 16:08:54 2019


DD  step 37999999 load imb.: force  5.2%

           Step           Time
       38000000    76000.00000

   Energies (kJ/mol)
        LJ (SR)   Coulomb (SR)   Coul. recip.      Potential    Kinetic En.
    1.94506e+02   -8.91563e+04   -3.81115e+04   -1.27073e+05    3.70405e+03
   Total Energy    Temperature Pressure (bar)   Constr. rmsd
   -1.23369e+05    1.78305e+02    2.73222e+03    1.46956e-06

DD  step 38999999 load imb.: force  6.7%

           Step           Time
       39000000    78000.00000

   Energies (kJ/mol)
        LJ (SR)   Coulomb (SR)   Coul. recip.      Potential    Kinetic En.
    2.01632e+02   -8.91537e+04   -3.81342e+04   -1.27086e+05    3.71641e+03
   Total Energy    Temperature Pressure (bar)   Constr. rmsd
   -1.23370e+05    1.78900e+02    2.75181e+03    1.43940e-06

Writing checkpoint, step 39499350 at Mon Sep 16 16:23:54 2019


DD  step 39999999 load imb.: force  6.6%

           Step           Time
       40000000    80000.00000

   Energies (kJ/mol)
        LJ (SR)   Coulomb (SR)   Coul. recip.      Potential    Kinetic En.
    1.78490e+02   -8.91620e+04   -3.81122e+04   -1.27096e+05    3.72578e+03
   Total Energy    Temperature Pressure (bar)   Constr. rmsd
   -1.23370e+05    1.79351e+02    2.47747e+03    1.43584e-06

DD  step 40999999 load imb.: force  9.5%

           Step           Time
       41000000    82000.00000

   Energies (kJ/mol)
        LJ (SR)   Coulomb (SR)   Coul. recip.      Potential    Kinetic En.
    1.58498e+02   -8.91571e+04   -3.81200e+04   -1.27119e+05    3.75163e+03
   Total Energy    Temperature Pressure (bar)   Constr. rmsd
   -1.23367e+05    1.80596e+02    2.32826e+03    1.41900e-06

Writing checkpoint, step 41969710 at Mon Sep 16 16:38:54 2019


DD  step 41999999 load imb.: force  8.5%

           Step           Time
       42000000    84000.00000

   Energies (kJ/mol)
        LJ (SR)   Coulomb (SR)   Coul. recip.      Potential    Kinetic En.
    1.58722e+02   -8.91053e+04   -3.81141e+04   -1.27061e+05    3.68806e+03
   Total Energy    Temperature Pressure (bar)   Constr. rmsd
   -1.23373e+05    1.77535e+02    2.23933e+03    1.38066e-06

DD  step 42999999 load imb.: force 11.6%

           Step           Time
       43000000    86000.00000

   Energies (kJ/mol)
        LJ (SR)   Coulomb (SR)   Coul. recip.      Potential    Kinetic En.
    1.83449e+02   -8.91629e+04   -3.81391e+04   -1.27118e+05    3.74884e+03
   Total Energy    Temperature Pressure (bar)   Constr. rmsd
   -1.23370e+05    1.80461e+02    2.53157e+03    1.46995e-06

DD  step 43999999 load imb.: force  8.6%

           Step           Time
       44000000    88000.00000

   Energies (kJ/mol)
        LJ (SR)   Coulomb (SR)   Coul. recip.      Potential    Kinetic En.
    1.85331e+02   -8.91653e+04   -3.81460e+04   -1.27126e+05    3.75540e+03
   Total Energy    Temperature Pressure (bar)   Constr. rmsd
   -1.23371e+05    1.80777e+02    2.58009e+03    1.48002e-06

Writing checkpoint, step 44441300 at Mon Sep 16 16:53:54 2019


DD  step 44999999 load imb.: force 11.4%

           Step           Time
       45000000    90000.00000

   Energies (kJ/mol)
        LJ (SR)   Coulomb (SR)   Coul. recip.      Potential    Kinetic En.
    1.75920e+02   -8.91733e+04   -3.81346e+04   -1.27132e+05    3.75744e+03
   Total Energy    Temperature Pressure (bar)   Constr. rmsd
   -1.23374e+05    1.80875e+02    2.47833e+03    1.44863e-06

DD  step 45999999 load imb.: force  7.5%

           Step           Time
       46000000    92000.00000

   Energies (kJ/mol)
        LJ (SR)   Coulomb (SR)   Coul. recip.      Potential    Kinetic En.
    1.57585e+02   -8.91163e+04   -3.81218e+04   -1.27080e+05    3.71805e+03
   Total Energy    Temperature Pressure (bar)   Constr. rmsd
   -1.23362e+05    1.78979e+02    2.25789e+03    1.46268e-06

Writing checkpoint, step 46912425 at Mon Sep 16 17:08:54 2019


DD  step 46999999 load imb.: force  4.6%

           Step           Time
       47000000    94000.00000

   Energies (kJ/mol)
        LJ (SR)   Coulomb (SR)   Coul. recip.      Potential    Kinetic En.
    1.84818e+02   -8.91533e+04   -3.81364e+04   -1.27105e+05    3.73605e+03
   Total Energy    Temperature Pressure (bar)   Constr. rmsd
   -1.23369e+05    1.79845e+02    2.48396e+03    1.39097e-06

DD  step 47999999 load imb.: force 11.3%

           Step           Time
       48000000    96000.00000

   Energies (kJ/mol)
        LJ (SR)   Coulomb (SR)   Coul. recip.      Potential    Kinetic En.
    1.73918e+02   -8.90956e+04   -3.81312e+04   -1.27053e+05    3.68298e+03
   Total Energy    Temperature Pressure (bar)   Constr. rmsd
   -1.23370e+05    1.77291e+02    2.46678e+03    1.43595e-06

DD  step 48999999 load imb.: force  4.5%

           Step           Time
       49000000    98000.00000

   Energies (kJ/mol)
        LJ (SR)   Coulomb (SR)   Coul. recip.      Potential    Kinetic En.
    1.97083e+02   -8.92393e+04   -3.81440e+04   -1.27186e+05    3.81826e+03
   Total Energy    Temperature Pressure (bar)   Constr. rmsd
   -1.23368e+05    1.83803e+02    2.69503e+03    1.45660e-06

Writing checkpoint, step 49384720 at Mon Sep 16 17:23:54 2019


DD  step 49999999 load imb.: force  5.9%

           Step           Time
       50000000   100000.00000

   Energies (kJ/mol)
        LJ (SR)   Coulomb (SR)   Coul. recip.      Potential    Kinetic En.
    1.86985e+02   -8.91720e+04   -3.81252e+04   -1.27110e+05    3.73364e+03
   Total Energy    Temperature Pressure (bar)   Constr. rmsd
   -1.23377e+05    1.79729e+02    2.58231e+03    1.42580e-06

DD  step 50999999 load imb.: force  7.1%

           Step           Time
       51000000   102000.00000

   Energies (kJ/mol)
        LJ (SR)   Coulomb (SR)   Coul. recip.      Potential    Kinetic En.
    1.75710e+02   -8.91516e+04   -3.81141e+04   -1.27090e+05    3.71456e+03
   Total Energy    Temperature Pressure (bar)   Constr. rmsd
   -1.23376e+05    1.78811e+02    2.47522e+03    1.44258e-06

Writing checkpoint, step 51853695 at Mon Sep 16 17:38:54 2019


DD  step 51999999 load imb.: force  7.8%

           Step           Time
       52000000   104000.00000

   Energies (kJ/mol)
        LJ (SR)   Coulomb (SR)   Coul. recip.      Potential    Kinetic En.
    1.84057e+02   -8.91176e+04   -3.81298e+04   -1.27063e+05    3.69464e+03
   Total Energy    Temperature Pressure (bar)   Constr. rmsd
   -1.23369e+05    1.77852e+02    2.53256e+03    1.40719e-06

DD  step 52999999 load imb.: force  8.6%

           Step           Time
       53000000   106000.00000

   Energies (kJ/mol)
        LJ (SR)   Coulomb (SR)   Coul. recip.      Potential    Kinetic En.
    1.59041e+02   -8.91666e+04   -3.81337e+04   -1.27141e+05    3.77774e+03
   Total Energy    Temperature Pressure (bar)   Constr. rmsd
   -1.23364e+05    1.81852e+02    2.29383e+03    1.46043e-06

DD  step 53999999 load imb.: force  9.8%

           Step           Time
       54000000   108000.00000

   Energies (kJ/mol)
        LJ (SR)   Coulomb (SR)   Coul. recip.      Potential    Kinetic En.
    1.54066e+02   -8.91375e+04   -3.81284e+04   -1.27112e+05    3.74059e+03
   Total Energy    Temperature Pressure (bar)   Constr. rmsd
   -1.23371e+05    1.80064e+02    2.21591e+03    1.46672e-06

Writing checkpoint, step 54326725 at Mon Sep 16 17:53:54 2019


DD  step 54999999 load imb.: force 10.8%

           Step           Time
       55000000   110000.00000

   Energies (kJ/mol)
        LJ (SR)   Coulomb (SR)   Coul. recip.      Potential    Kinetic En.
    1.47403e+02   -8.91361e+04   -3.81196e+04   -1.27108e+05    3.73967e+03
   Total Energy    Temperature Pressure (bar)   Constr. rmsd
   -1.23369e+05    1.80019e+02    2.18705e+03    1.46313e-06

DD  step 55999999 load imb.: force  8.7%

           Step           Time
       56000000   112000.00000

   Energies (kJ/mol)
        LJ (SR)   Coulomb (SR)   Coul. recip.      Potential    Kinetic En.
    1.53021e+02   -8.91420e+04   -3.81118e+04   -1.27101e+05    3.73362e+03
   Total Energy    Temperature Pressure (bar)   Constr. rmsd
   -1.23367e+05    1.79728e+02    2.19584e+03    1.39625e-06

Writing checkpoint, step 56798515 at Mon Sep 16 18:08:54 2019


DD  step 56999999 load imb.: force  9.0%

           Step           Time
       57000000   114000.00000

   Energies (kJ/mol)
        LJ (SR)   Coulomb (SR)   Coul. recip.      Potential    Kinetic En.
    1.74157e+02   -8.90740e+04   -3.81206e+04   -1.27020e+05    3.65384e+03
   Total Energy    Temperature Pressure (bar)   Constr. rmsd
   -1.23367e+05    1.75888e+02    2.46465e+03    1.41807e-06

DD  step 57999999 load imb.: force 11.5%

           Step           Time
       58000000   116000.00000

   Energies (kJ/mol)
        LJ (SR)   Coulomb (SR)   Coul. recip.      Potential    Kinetic En.
    1.75606e+02   -8.91320e+04   -3.81226e+04   -1.27079e+05    3.71342e+03
   Total Energy    Temperature Pressure (bar)   Constr. rmsd
   -1.23366e+05    1.78756e+02    2.41954e+03    1.45272e-06

DD  step 58999999 load imb.: force 10.7%

           Step           Time
       59000000   118000.00000

   Energies (kJ/mol)
        LJ (SR)   Coulomb (SR)   Coul. recip.      Potential    Kinetic En.
    1.76915e+02   -8.91625e+04   -3.81315e+04   -1.27117e+05    3.74708e+03
   Total Energy    Temperature Pressure (bar)   Constr. rmsd
   -1.23370e+05    1.80376e+02    2.41031e+03    1.45191e-06

Writing checkpoint, step 59269200 at Mon Sep 16 18:23:54 2019


DD  step 59999999 load imb.: force 11.5%

           Step           Time
       60000000   120000.00000

   Energies (kJ/mol)
        LJ (SR)   Coulomb (SR)   Coul. recip.      Potential    Kinetic En.
    1.84781e+02   -8.91326e+04   -3.81252e+04   -1.27073e+05    3.70118e+03
   Total Energy    Temperature Pressure (bar)   Constr. rmsd
   -1.23372e+05    1.78167e+02    2.53380e+03    1.43493e-06

DD  step 60999999 load imb.: force 10.8%

           Step           Time
       61000000   122000.00000

   Energies (kJ/mol)
        LJ (SR)   Coulomb (SR)   Coul. recip.      Potential    Kinetic En.
    1.73183e+02   -8.91224e+04   -3.81059e+04   -1.27055e+05    3.69095e+03
   Total Energy    Temperature Pressure (bar)   Constr. rmsd
   -1.23364e+05    1.77674e+02    2.40140e+03    1.45929e-06

Writing checkpoint, step 61739515 at Mon Sep 16 18:38:54 2019


DD  step 61999999 load imb.: force  7.4%

           Step           Time
       62000000   124000.00000

   Energies (kJ/mol)
        LJ (SR)   Coulomb (SR)   Coul. recip.      Potential    Kinetic En.
    1.74981e+02   -8.91717e+04   -3.81363e+04   -1.27133e+05    3.76011e+03
   Total Energy    Temperature Pressure (bar)   Constr. rmsd
   -1.23373e+05    1.81004e+02    2.42668e+03    1.40239e-06

DD  step 62999999 load imb.: force  9.2%

           Step           Time
       63000000   126000.00000

   Energies (kJ/mol)
        LJ (SR)   Coulomb (SR)   Coul. recip.      Potential    Kinetic En.
    1.97670e+02   -8.91278e+04   -3.81225e+04   -1.27053e+05    3.68213e+03
   Total Energy    Temperature Pressure (bar)   Constr. rmsd
   -1.23370e+05    1.77250e+02    2.78278e+03    1.48999e-06

DD  step 63999999 load imb.: force 11.2%

           Step           Time
       64000000   128000.00000

   Energies (kJ/mol)
        LJ (SR)   Coulomb (SR)   Coul. recip.      Potential    Kinetic En.
    1.73490e+02   -8.91458e+04   -3.81272e+04   -1.27100e+05    3.73499e+03
   Total Energy    Temperature Pressure (bar)   Constr. rmsd
   -1.23365e+05    1.79794e+02    2.40940e+03    1.44460e-06

Writing checkpoint, step 64209015 at Mon Sep 16 18:53:54 2019


DD  step 64999999 load imb.: force 10.5%

           Step           Time
       65000000   130000.00000

   Energies (kJ/mol)
        LJ (SR)   Coulomb (SR)   Coul. recip.      Potential    Kinetic En.
    1.60389e+02   -8.91247e+04   -3.81256e+04   -1.27090e+05    3.72081e+03
   Total Energy    Temperature Pressure (bar)   Constr. rmsd
   -1.23369e+05    1.79112e+02    2.31339e+03    1.47635e-06

DD  step 65999999 load imb.: force  6.6%

           Step           Time
       66000000   132000.00000

   Energies (kJ/mol)
        LJ (SR)   Coulomb (SR)   Coul. recip.      Potential    Kinetic En.
    1.91325e+02   -8.91720e+04   -3.81314e+04   -1.27112e+05    3.73661e+03
   Total Energy    Temperature Pressure (bar)   Constr. rmsd
   -1.23375e+05    1.79872e+02    2.64458e+03    1.44840e-06

Writing checkpoint, step 66681580 at Mon Sep 16 19:08:54 2019


DD  step 66999999 load imb.: force  7.6%

           Step           Time
       67000000   134000.00000

   Energies (kJ/mol)
        LJ (SR)   Coulomb (SR)   Coul. recip.      Potential    Kinetic En.
    1.54077e+02   -8.91684e+04   -3.81300e+04   -1.27144e+05    3.77432e+03
   Total Energy    Temperature Pressure (bar)   Constr. rmsd
   -1.23370e+05    1.81688e+02    2.18206e+03    1.38237e-06

DD  step 67999999 load imb.: force 15.2%

           Step           Time
       68000000   136000.00000

   Energies (kJ/mol)
        LJ (SR)   Coulomb (SR)   Coul. recip.      Potential    Kinetic En.
    1.90451e+02   -8.91739e+04   -3.81313e+04   -1.27115e+05    3.75631e+03
   Total Energy    Temperature Pressure (bar)   Constr. rmsd
   -1.23358e+05    1.80821e+02    2.63324e+03    1.46657e-06

DD  step 68999999 load imb.: force  8.6%

           Step           Time
       69000000   138000.00000

   Energies (kJ/mol)
        LJ (SR)   Coulomb (SR)   Coul. recip.      Potential    Kinetic En.
    1.91279e+02   -8.91532e+04   -3.81283e+04   -1.27090e+05    3.72518e+03
   Total Energy    Temperature Pressure (bar)   Constr. rmsd
   -1.23365e+05    1.79322e+02    2.64389e+03    1.42539e-06

Writing checkpoint, step 69155095 at Mon Sep 16 19:23:54 2019


DD  step 69999999 load imb.: force  7.3%

           Step           Time
       70000000   140000.00000

   Energies (kJ/mol)
        LJ (SR)   Coulomb (SR)   Coul. recip.      Potential    Kinetic En.
    1.65874e+02   -8.91425e+04   -3.81236e+04   -1.27100e+05    3.73325e+03
   Total Energy    Temperature Pressure (bar)   Constr. rmsd
   -1.23367e+05    1.79710e+02    2.31531e+03    1.37630e-06

DD  step 70999999 load imb.: force  7.2%

           Step           Time
       71000000   142000.00000

   Energies (kJ/mol)
        LJ (SR)   Coulomb (SR)   Coul. recip.      Potential    Kinetic En.
    1.73747e+02   -8.91578e+04   -3.81412e+04   -1.27125e+05    3.75269e+03
   Total Energy    Temperature Pressure (bar)   Constr. rmsd
   -1.23373e+05    1.80647e+02    2.52491e+03    1.44777e-06

Writing checkpoint, step 71629205 at Mon Sep 16 19:38:54 2019


DD  step 71999999 load imb.: force  7.0%

           Step           Time
       72000000   144000.00000

   Energies (kJ/mol)
        LJ (SR)   Coulomb (SR)   Coul. recip.      Potential    Kinetic En.
    1.93413e+02   -8.91727e+04   -3.81279e+04   -1.27107e+05    3.74066e+03
   Total Energy    Temperature Pressure (bar)   Constr. rmsd
   -1.23367e+05    1.80067e+02    2.67010e+03    1.38900e-06

DD  step 72999999 load imb.: force  6.4%

           Step           Time
       73000000   146000.00000

   Energies (kJ/mol)
        LJ (SR)   Coulomb (SR)   Coul. recip.      Potential    Kinetic En.
    1.95341e+02   -8.91768e+04   -3.81238e+04   -1.27105e+05    3.73376e+03
   Total Energy    Temperature Pressure (bar)   Constr. rmsd
   -1.23371e+05    1.79735e+02    2.72147e+03    1.43019e-06

DD  step 73999999 load imb.: force  6.3%

           Step           Time
       74000000   148000.00000

   Energies (kJ/mol)
        LJ (SR)   Coulomb (SR)   Coul. recip.      Potential    Kinetic En.
    1.61195e+02   -8.91441e+04   -3.81260e+04   -1.27109e+05    3.74308e+03
   Total Energy    Temperature Pressure (bar)   Constr. rmsd
   -1.23366e+05    1.80184e+02    2.33004e+03    1.42942e-06

Writing checkpoint, step 74100150 at Mon Sep 16 19:53:54 2019


DD  step 74999999 load imb.: force  6.8%

           Step           Time
       75000000   150000.00000

   Energies (kJ/mol)
        LJ (SR)   Coulomb (SR)   Coul. recip.      Potential    Kinetic En.
    1.78439e+02   -8.91718e+04   -3.81253e+04   -1.27119e+05    3.75856e+03
   Total Energy    Temperature Pressure (bar)   Constr. rmsd
   -1.23360e+05    1.80929e+02    2.46393e+03    1.38951e-06

DD  step 75999999 load imb.: force  8.1%

           Step           Time
       76000000   152000.00000

   Energies (kJ/mol)
        LJ (SR)   Coulomb (SR)   Coul. recip.      Potential    Kinetic En.
    2.10898e+02   -8.91835e+04   -3.81438e+04   -1.27116e+05    3.75228e+03
   Total Energy    Temperature Pressure (bar)   Constr. rmsd
   -1.23364e+05    1.80627e+02    2.80715e+03    1.43636e-06

Writing checkpoint, step 76573160 at Mon Sep 16 20:08:54 2019


DD  step 76999999 load imb.: force 16.1%

           Step           Time
       77000000   154000.00000

   Energies (kJ/mol)
        LJ (SR)   Coulomb (SR)   Coul. recip.      Potential    Kinetic En.
    1.91372e+02   -8.91521e+04   -3.81251e+04   -1.27086e+05    3.71872e+03
   Total Energy    Temperature Pressure (bar)   Constr. rmsd
   -1.23367e+05    1.79011e+02    2.66182e+03    1.45666e-06

DD  step 77999999 load imb.: force 12.9%

           Step           Time
       78000000   156000.00000

   Energies (kJ/mol)
        LJ (SR)   Coulomb (SR)   Coul. recip.      Potential    Kinetic En.
    1.89326e+02   -8.91966e+04   -3.81429e+04   -1.27150e+05    3.77747e+03
   Total Energy    Temperature Pressure (bar)   Constr. rmsd
   -1.23373e+05    1.81839e+02    2.64185e+03    1.44240e-06

DD  step 78999999 load imb.: force  7.0%

           Step           Time
       79000000   158000.00000

   Energies (kJ/mol)
        LJ (SR)   Coulomb (SR)   Coul. recip.      Potential    Kinetic En.
    1.56318e+02   -8.91716e+04   -3.81214e+04   -1.27137e+05    3.76694e+03
   Total Energy    Temperature Pressure (bar)   Constr. rmsd
   -1.23370e+05    1.81332e+02    2.29568e+03    1.47498e-06

Writing checkpoint, step 79046160 at Mon Sep 16 20:23:54 2019


DD  step 79999999 load imb.: force  8.7%

           Step           Time
       80000000   160000.00000

Writing checkpoint, step 80000000 at Mon Sep 16 20:29:41 2019


   Energies (kJ/mol)
        LJ (SR)   Coulomb (SR)   Coul. recip.      Potential    Kinetic En.
    2.02350e+02   -8.91435e+04   -3.81309e+04   -1.27072e+05    3.70076e+03
   Total Energy    Temperature Pressure (bar)   Constr. rmsd
   -1.23371e+05    1.78147e+02    2.73435e+03    1.39647e-06

	<======  ###############  ==>
	<====  A V E R A G E S  ====>
	<==  ###############  ======>

	Statistics over 80000001 steps using 800001 frames

   Energies (kJ/mol)
        LJ (SR)   Coulomb (SR)   Coul. recip.      Potential    Kinetic En.
    1.78228e+02   -8.91544e+04   -3.81277e+04   -1.27104e+05    3.73505e+03
   Total Energy    Temperature Pressure (bar)   Constr. rmsd
   -1.23369e+05    1.79797e+02    2.50252e+03    0.00000e+00

   Total Virial (kJ/mol)
   -2.89045e+03    1.63528e-01   -5.09153e-02
    1.63519e-01   -2.88952e+03    6.12313e-01
   -5.09226e-02    6.12313e-01   -2.88923e+03

   Pressure (bar)
    2.50297e+03   -7.77813e-02    2.34619e-02
   -7.77761e-02    2.50235e+03   -3.43576e-01
    2.34663e-02   -3.43576e-01    2.50223e+03


	M E G A - F L O P S   A C C O U N T I N G

 NB=Group-cutoff nonbonded kernels    NxN=N-by-N cluster Verlet kernels
 RF=Reaction-Field  VdW=Van der Waals  QSTab=quadratic-spline table
 W3=SPC/TIP3p  W4=TIP4p (single or pairs)
 V&F=Potential and force  V=Potential only  F=Force only

 Computing:                               M-Number         M-Flops  % Flops
-----------------------------------------------------------------------------
 NB VdW [V&F]                       1605777.223439     1605777.223     0.1
 NB VdW [F]                       136656876.851114   136656876.851    10.9
 NB Elec. [V&F]                     8440333.008744     8440333.009     0.7
 NB Elec. [F]                     560820879.353057   560820879.353    44.7
 Calc Weights                       1200000.015000    43200000.540     3.4
 Spread Q Bspline                  25600000.320000    51200000.640     4.1
 Gather F Bspline                  25600000.320000   153600001.920    12.2
 3D-FFT                            30423520.380294   243388163.042    19.4
 Solve PME                           184320.002304    11796480.147     0.9
 NS-Pairs                           1324211.914264    27808450.200     2.2
 Reset In Box                         16000.000000       48000.000     0.0
 CG-CoM                               80000.005000      240000.015     0.0
 Virial                                4576.005720       82368.103     0.0
 Stop-CM                               4000.005000       40000.050     0.0
 Calc-Ekin                           160000.010000     4320000.270     0.3
 Lincs                                80000.001000     4800000.060     0.4
 Constraint-V                        160000.002000     1280000.016     0.1
 Constraint-Vir                         800.001000       19200.024     0.0
 Virtual Site 2                      242400.006000     5575200.138     0.4
-----------------------------------------------------------------------------
 Total                                              1254921731.602   100.0
-----------------------------------------------------------------------------


    D O M A I N   D E C O M P O S I T I O N   S T A T I S T I C S

 av. #atoms communicated per step for force:  2 x 12997.7

 Average load imbalance: 9.3 %
 Part of the total run time spent waiting due to load imbalance: 1.8 %


     R E A L   C Y C L E   A N D   T I M E   A C C O U N T I N G

On 16 MPI ranks

 Computing:          Num   Num      Call    Wall time         Giga-Cycles
                     Ranks Threads  Count      (s)         total sum    %
-----------------------------------------------------------------------------
 Domain decomp.        16    1   16000000    1685.905      70134.259   5.8
 DD comm. load         16    1     160002       0.273         11.357   0.0
 Vsite constr.         16    1   80000001     222.685       9263.766   0.8
 Neighbor search       16    1   16000001    4271.193     177683.197  14.7
 Comm. coord.          16    1   80000001     722.675      30063.562   2.5
 Force                 16    1   80000001    6903.272     287178.613  23.7
 Wait + Comm. F        16    1   80000001     676.647      28148.743   2.3
 PME mesh              16    1   80000001   11487.914     477901.393  39.4
 Vsite spread          16    1   80800002     239.457       9961.490   0.8
 Write traj.           16    1    1142957      91.917       3823.765   0.3
 Update                16    1   80000001     400.988      16681.230   1.4
 Constraints           16    1   80000001     456.277      18981.280   1.6
 Comm. energies        16    1   16000001    1514.162      62989.679   5.2
 Rest                                         474.188      19726.375   1.6
-----------------------------------------------------------------------------
 Total                                      29147.550    1212548.709 100.0
-----------------------------------------------------------------------------
 Breakdown of PME mesh computation
-----------------------------------------------------------------------------
 PME redist. X/F       16    1  160000002    2850.544     118583.653   9.8
 PME spread/gather     16    1  160000002    3473.212     144486.900  11.9
 PME 3D-FFT            16    1  160000002    1972.256      82046.585   6.8
 PME 3D-FFT Comm.      16    1  320000004    2725.882     113397.674   9.4
 PME solve Elec        16    1   80000001     333.623      13878.826   1.1
-----------------------------------------------------------------------------

NOTE: 5 % of the run time was spent communicating energies,
      you might want to use the -gcom option of mdrun


               Core t (s)   Wall t (s)        (%)
       Time:   466360.808    29147.550     1600.0
                         8h05:47
                 (ns/day)    (hour/ns)
Performance:      474.277        0.051
Finished mdrun on rank 0 Mon Sep 16 20:29:41 2019
