

*******************************************************************************
Sun Dec 29 14:51:07 2019


FIT:    data read from "LL_4000.xvg" u 1:2
	x range restricted to [0.00100000 : 5.00000]
        #datapoints = 16
        residuals are weighted equally (unit weight)

function used for fitting: vai(x,a0,a1,a2)
fitted parameters initialized with current variable values



 Iteration 0
 WSSR        : 28723.8           delta(WSSR)/WSSR   : 0
 delta(WSSR) : 0                 limit for stopping : 1e-05
 lambda	  : 27.8675

initial set of free parameter values

a0              = 1
a1              = 1
a2              = 1

After 7 iterations the fit converged.
final sum of squares of residuals : 1.55502e-06
rel. change during last iteration : -3.35721e-09

degrees of freedom    (FIT_NDF)                        : 13
rms of residuals      (FIT_STDFIT) = sqrt(WSSR/ndf)    : 0.000345857
variance of residuals (reduced chisquare) = WSSR/ndf   : 1.19617e-07

Final set of parameters            Asymptotic Standard Error
=======================            ==========================

a0              = 0.0782785        +/- 0.0005307    (0.678%)
a1              = 0.0191932        +/- 0.002373     (12.36%)
a2              = 4.44549e-05      +/- 1.62e-05     (36.44%)


correlation matrix of the fit parameters:

               a0     a1     a2     
a0              1.000 
a1              0.958  1.000 
a2              0.903  0.984  1.000 


*******************************************************************************
Sun Dec 29 14:51:07 2019


FIT:    data read from "LL_8000.xvg" u 1:2
	x range restricted to [0.00100000 : 5.00000]
        #datapoints = 16
        residuals are weighted equally (unit weight)

function used for fitting: vai(x,a0,a1,a2)
fitted parameters initialized with current variable values



 Iteration 0
 WSSR        : 28723.8           delta(WSSR)/WSSR   : 0
 delta(WSSR) : 0                 limit for stopping : 1e-05
 lambda	  : 27.8675

initial set of free parameter values

a0              = 1
a1              = 1
a2              = 1

After 7 iterations the fit converged.
final sum of squares of residuals : 2.16954e-06
rel. change during last iteration : -2.27924e-09

degrees of freedom    (FIT_NDF)                        : 13
rms of residuals      (FIT_STDFIT) = sqrt(WSSR/ndf)    : 0.000408519
variance of residuals (reduced chisquare) = WSSR/ndf   : 1.66888e-07

Final set of parameters            Asymptotic Standard Error
=======================            ==========================

a0              = 0.078771         +/- 0.0006269    (0.7958%)
a1              = 0.0208595        +/- 0.002773     (13.29%)
a2              = 5.35375e-05      +/- 1.914e-05    (35.74%)


correlation matrix of the fit parameters:

               a0     a1     a2     
a0              1.000 
a1              0.957  1.000 
a2              0.903  0.984  1.000 


*******************************************************************************
Sun Dec 29 14:51:07 2019


FIT:    data read from "LL_12000.xvg" u 1:2
	x range restricted to [0.00100000 : 5.00000]
        #datapoints = 16
        residuals are weighted equally (unit weight)

function used for fitting: vai(x,a0,a1,a2)
fitted parameters initialized with current variable values



 Iteration 0
 WSSR        : 28723.8           delta(WSSR)/WSSR   : 0
 delta(WSSR) : 0                 limit for stopping : 1e-05
 lambda	  : 27.8675

initial set of free parameter values

a0              = 1
a1              = 1
a2              = 1

After 7 iterations the fit converged.
final sum of squares of residuals : 1.86301e-06
rel. change during last iteration : -2.63603e-09

degrees of freedom    (FIT_NDF)                        : 13
rms of residuals      (FIT_STDFIT) = sqrt(WSSR/ndf)    : 0.000378561
variance of residuals (reduced chisquare) = WSSR/ndf   : 1.43309e-07

Final set of parameters            Asymptotic Standard Error
=======================            ==========================

a0              = 0.0788606        +/- 0.0005809    (0.7366%)
a1              = 0.0210598        +/- 0.002565     (12.18%)
a2              = 5.45443e-05      +/- 1.773e-05    (32.51%)


correlation matrix of the fit parameters:

               a0     a1     a2     
a0              1.000 
a1              0.957  1.000 
a2              0.903  0.984  1.000 


*******************************************************************************
Sun Dec 29 14:51:07 2019


FIT:    data read from "LL_16000.xvg" u 1:2
	x range restricted to [0.00100000 : 5.00000]
        #datapoints = 16
        residuals are weighted equally (unit weight)

function used for fitting: vai(x,a0,a1,a2)
fitted parameters initialized with current variable values



 Iteration 0
 WSSR        : 28723.9           delta(WSSR)/WSSR   : 0
 delta(WSSR) : 0                 limit for stopping : 1e-05
 lambda	  : 27.8675

initial set of free parameter values

a0              = 1
a1              = 1
a2              = 1

After 7 iterations the fit converged.
final sum of squares of residuals : 2.00412e-06
rel. change during last iteration : -2.42309e-09

degrees of freedom    (FIT_NDF)                        : 13
rms of residuals      (FIT_STDFIT) = sqrt(WSSR/ndf)    : 0.000392636
variance of residuals (reduced chisquare) = WSSR/ndf   : 1.54163e-07

Final set of parameters            Asymptotic Standard Error
=======================            ==========================

a0              = 0.0788911        +/- 0.0006025    (0.7637%)
a1              = 0.0214293        +/- 0.002657     (12.4%)
a2              = 5.66478e-05      +/- 1.839e-05    (32.47%)


correlation matrix of the fit parameters:

               a0     a1     a2     
a0              1.000 
a1              0.957  1.000 
a2              0.903  0.984  1.000 
